#
# There is insufficient memory for the Java Runtime Environment to continue.
# Native memory allocation (mmap) failed to map 85983232 bytes for Failed to commit area from 0x000000008db00000 to 0x0000000092d00000 of length 85983232.
# Possible reasons:
#   The system is out of physical RAM or swap space
#   The process is running with CompressedOops enabled, and the Java Heap may be blocking the growth of the native heap
# Possible solutions:
#   Reduce memory load on the system
#   Increase physical memory or swap space
#   Check if swap backing store is full
#   Decrease Java heap size (-Xmx/-Xms)
#   Decrease number of Java threads
#   Decrease Java thread stack sizes (-Xss)
#   Set larger code cache with -XX:ReservedCodeCacheSize=
#   JVM is running with Unscaled Compressed Oops mode in which the Java heap is
#     placed in the first 4GB address space. The Java Heap base address is the
#     maximum limit for the native heap growth. Please use -XX:HeapBaseMinAddress
#     to set the Java Heap base and to place the Java Heap above 4GB virtual address.
# This output file may be truncated or incomplete.
#
#  Out of Memory Error (./src/hotspot/os/windows/os_windows.cpp:3301), pid=10936, tid=3352
#
# JRE version: OpenJDK Runtime Environment (11.0.10) (build 11.0.10+0-b96-7249189)
# Java VM: OpenJDK 64-Bit Server VM (11.0.10+0-b96-7249189, mixed mode, tiered, compressed oops, g1 gc, windows-amd64)
# No core dump will be written. Minidumps are not enabled by default on client versions of Windows
#

---------------  S U M M A R Y ------------

Command Line: --add-opens=java.base/java.util=ALL-UNNAMED --add-opens=java.base/java.lang=ALL-UNNAMED --add-opens=java.base/java.lang.invoke=ALL-UNNAMED --add-opens=java.base/java.util=ALL-UNNAMED --add-opens=java.prefs/java.util.prefs=ALL-UNNAMED --add-opens=java.prefs/java.util.prefs=ALL-UNNAMED --add-opens=java.base/java.nio.charset=ALL-UNNAMED --add-opens=java.base/java.net=ALL-UNNAMED --add-opens=java.base/java.util.concurrent.atomic=ALL-UNNAMED -Xmx2048m -Dfile.encoding=UTF-8 -Duser.country=ID -Duser.language=en -Duser.variant org.gradle.launcher.daemon.bootstrap.GradleDaemon 7.0.2

Host: Intel(R) Core(TM) i5-7200U CPU @ 2.50GHz, 4 cores, 3G,  Windows 10 , 64 bit Build 19041 (10.0.19041.1503)
Time: Tue Mar  1 17:04:03 2022 SE Asia Standard Time elapsed time: 80.797231 seconds (0d 0h 1m 20s)

---------------  T H R E A D  ---------------

Current thread (0x00000204bc4a6800):  VMThread "VM Thread" [stack: 0x000000e77ae00000,0x000000e77af00000] [id=3352]

Stack: [0x000000e77ae00000,0x000000e77af00000]
[error occurred during error reporting (printing stack bounds), id 0xc0000005, EXCEPTION_ACCESS_VIOLATION (0xc0000005) at pc=0x00000204a5c70f2d]

Native frames: (J=compiled Java code, j=interpreted, Vv=VM code, C=native code)
V  [jvm.dll+0x5ecfaa]
V  [jvm.dll+0x722bd5]
V  [jvm.dll+0x72412d]
V  [jvm.dll+0x724745]
V  [jvm.dll+0x7246fb]
V  [jvm.dll+0x5ec348]
V  [jvm.dll+0x5ecad8]
C  [ntdll.dll+0xa20cf]
C  [ntdll.dll+0x51454]
C  [ntdll.dll+0xa0bfe]
C  0x00000204a5c70f2d

VM_Operation (0x000000e77d8f8890): G1CollectForAllocation, mode: safepoint, requested by thread 0x00000204c0f6e000


---------------  P R O C E S S  ---------------

Threads class SMR info:
_java_thread_list=0x00000204c9585330, length=50, elements={
0x00000204a216a800, 0x00000204bc4ac800, 0x00000204bc4ae000, 0x00000204bc505800,
0x00000204bc50a000, 0x00000204bc50b000, 0x00000204bc512000, 0x00000204bc516800,
0x00000204bc522000, 0x00000204bcf94800, 0x00000204be2c3800, 0x00000204bea3e000,
0x00000204bebcf800, 0x00000204bdefb000, 0x00000204bebd0800, 0x00000204bebf7800,
0x00000204bef89000, 0x00000204bea87000, 0x00000204bee1b800, 0x00000204bee1c000,
0x00000204bee1a800, 0x00000204bee1e000, 0x00000204bee1e800, 0x00000204bee21000,
0x00000204bee1d000, 0x00000204bee1f800, 0x00000204c0f64000, 0x00000204c0f61800,
0x00000204c0f62800, 0x00000204c0f5f000, 0x00000204c0f63800, 0x00000204c0f65800,
0x00000204c0f66800, 0x00000204c0f67800, 0x00000204c0f6b800, 0x00000204c0f68000,
0x00000204c0f6d000, 0x00000204c0f6e000, 0x00000204c0f69000, 0x00000204c0f6a000,
0x00000204c0f6a800, 0x00000204c335c800, 0x00000204c335b800, 0x00000204c335a000,
0x00000204c3357800, 0x00000204c335d800, 0x00000204c335e000, 0x00000204c335b000,
0x00000204c3358800, 0x00000204c3359800
}

Java Threads: ( => current thread )
  0x00000204a216a800 JavaThread "main" [_thread_blocked, id=2304, stack(0x000000e77a800000,0x000000e77a900000)]
  0x00000204bc4ac800 JavaThread "Reference Handler" daemon [_thread_blocked, id=8240, stack(0x000000e77af00000,0x000000e77b000000)]
  0x00000204bc4ae000 JavaThread "Finalizer" daemon [_thread_blocked, id=2144, stack(0x000000e77b000000,0x000000e77b100000)]
  0x00000204bc505800 JavaThread "Signal Dispatcher" daemon [_thread_blocked, id=9604, stack(0x000000e77b100000,0x000000e77b200000)]
  0x00000204bc50a000 JavaThread "Attach Listener" daemon [_thread_blocked, id=12200, stack(0x000000e77b200000,0x000000e77b300000)]
  0x00000204bc50b000 JavaThread "Service Thread" daemon [_thread_blocked, id=10316, stack(0x000000e77b300000,0x000000e77b400000)]
  0x00000204bc512000 JavaThread "C2 CompilerThread0" daemon [_thread_blocked, id=9956, stack(0x000000e77b400000,0x000000e77b500000)]
  0x00000204bc516800 JavaThread "C1 CompilerThread0" daemon [_thread_blocked, id=6100, stack(0x000000e77b500000,0x000000e77b600000)]
  0x00000204bc522000 JavaThread "Sweeper thread" daemon [_thread_blocked, id=3384, stack(0x000000e77b600000,0x000000e77b700000)]
  0x00000204bcf94800 JavaThread "Common-Cleaner" daemon [_thread_blocked, id=1408, stack(0x000000e77b700000,0x000000e77b800000)]
  0x00000204be2c3800 JavaThread "Daemon health stats" [_thread_blocked, id=2020, stack(0x000000e77ba00000,0x000000e77bb00000)]
  0x00000204bea3e000 JavaThread "Incoming local TCP Connector on port 52103" [_thread_in_native, id=7856, stack(0x000000e77bb00000,0x000000e77bc00000)]
  0x00000204bebcf800 JavaThread "Daemon periodic checks" [_thread_blocked, id=9524, stack(0x000000e77bc00000,0x000000e77bd00000)]
  0x00000204bdefb000 JavaThread "Daemon" [_thread_blocked, id=9840, stack(0x000000e77bd00000,0x000000e77be00000)]
  0x00000204bebd0800 JavaThread "Handler for socket connection from /127.0.0.1:52103 to /127.0.0.1:52104" [_thread_in_native, id=4784, stack(0x000000e77be00000,0x000000e77bf00000)]
  0x00000204bebf7800 JavaThread "Cancel handler" [_thread_blocked, id=10152, stack(0x000000e77bf00000,0x000000e77c000000)]
  0x00000204bef89000 JavaThread "Daemon worker" [_thread_blocked, id=5644, stack(0x000000e77c000000,0x000000e77c100000)]
  0x00000204bea87000 JavaThread "Asynchronous log dispatcher for DefaultDaemonConnection: socket connection from /127.0.0.1:52103 to /127.0.0.1:52104" [_thread_blocked, id=8252, stack(0x000000e77c100000,0x000000e77c200000)]
  0x00000204bee1b800 JavaThread "Daemon client event forwarder" [_thread_blocked, id=5224, stack(0x000000e77c300000,0x000000e77c400000)]
  0x00000204bee1c000 JavaThread "Cache worker for file hash cache (C:\Users\michi\.gradle\caches\7.0.2\fileHashes)" [_thread_blocked, id=12104, stack(0x000000e77c600000,0x000000e77c700000)]
  0x00000204bee1a800 JavaThread "File lock request listener" [_thread_in_native, id=10032, stack(0x000000e77c700000,0x000000e77c800000)]
  0x00000204bee1e000 JavaThread "Cache worker for journal cache (C:\Users\michi\.gradle\caches\journal-1)" [_thread_blocked, id=9136, stack(0x000000e77c800000,0x000000e77c900000)]
  0x00000204bee1e800 JavaThread "Cache worker for file hash cache (C:\Users\michi\AndroidStudioProjects\TukangTech\.gradle\7.0.2\fileHashes)" [_thread_blocked, id=10312, stack(0x000000e77c900000,0x000000e77ca00000)]
  0x00000204bee21000 JavaThread "File watcher server" daemon [_thread_blocked, id=12024, stack(0x000000e77ca00000,0x000000e77cb00000)]
  0x00000204bee1d000 JavaThread "File watcher consumer" daemon [_thread_blocked, id=7384, stack(0x000000e77cb00000,0x000000e77cc00000)]
  0x00000204bee1f800 JavaThread "Cache worker for checksums cache (C:\Users\michi\AndroidStudioProjects\TukangTech\.gradle\checksums)" [_thread_blocked, id=12220, stack(0x000000e77cc00000,0x000000e77cd00000)]
  0x00000204c0f64000 JavaThread "Cache worker for cache directory md-supplier (C:\Users\michi\.gradle\caches\7.0.2\md-supplier)" [_thread_blocked, id=11080, stack(0x000000e77cd00000,0x000000e77ce00000)]
  0x00000204c0f61800 JavaThread "Cache worker for cache directory md-rule (C:\Users\michi\.gradle\caches\7.0.2\md-rule)" [_thread_blocked, id=11312, stack(0x000000e77ce00000,0x000000e77cf00000)]
  0x00000204c0f62800 JavaThread "Cache worker for execution history cache (C:\Users\michi\.gradle\caches\7.0.2\executionHistory)" [_thread_blocked, id=10668, stack(0x000000e77cf00000,0x000000e77d000000)]
  0x00000204c0f5f000 JavaThread "jar transforms" [_thread_blocked, id=11624, stack(0x000000e77d000000,0x000000e77d100000)]
  0x00000204c0f63800 JavaThread "jar transforms Thread 2" [_thread_blocked, id=7744, stack(0x000000e77d100000,0x000000e77d200000)]
  0x00000204c0f65800 JavaThread "Cache worker for file content cache (C:\Users\michi\.gradle\caches\7.0.2\fileContent)" [_thread_blocked, id=1224, stack(0x000000e77d200000,0x000000e77d300000)]
  0x00000204c0f66800 JavaThread "Cache worker for dependencies-accessors (C:\Users\michi\AndroidStudioProjects\TukangTech\.gradle\7.0.2\dependencies-accessors)" [_thread_blocked, id=11284, stack(0x000000e77d300000,0x000000e77d400000)]
  0x00000204c0f67800 JavaThread "jar transforms Thread 3" [_thread_blocked, id=10656, stack(0x000000e77d400000,0x000000e77d500000)]
  0x00000204c0f6b800 JavaThread "Cache worker for Build Output Cleanup Cache (C:\Users\michi\AndroidStudioProjects\TukangTech\.gradle\buildOutputCleanup)" [_thread_blocked, id=9824, stack(0x000000e77d500000,0x000000e77d600000)]
  0x00000204c0f68000 JavaThread "Build operations" [_thread_blocked, id=9364, stack(0x000000e77d600000,0x000000e77d700000)]
  0x00000204c0f6d000 JavaThread "Build operations Thread 2" [_thread_blocked, id=9304, stack(0x000000e77d700000,0x000000e77d800000)]
  0x00000204c0f6e000 JavaThread "Build operations Thread 3" [_thread_blocked, id=8904, stack(0x000000e77d800000,0x000000e77d900000)]
  0x00000204c0f69000 JavaThread "Build operations Thread 4" [_thread_blocked, id=10020, stack(0x000000e77d900000,0x000000e77da00000)]
  0x00000204c0f6a000 JavaThread "jar transforms Thread 4" [_thread_blocked, id=7352, stack(0x000000e77da00000,0x000000e77db00000)]
  0x00000204c0f6a800 JavaThread "Memory manager" [_thread_blocked, id=11192, stack(0x000000e77dd00000,0x000000e77de00000)]
  0x00000204c335c800 JavaThread "build event listener" [_thread_blocked, id=11160, stack(0x000000e77de00000,0x000000e77df00000)]
  0x00000204c335b800 JavaThread "Execution worker for ':'" [_thread_blocked, id=9748, stack(0x000000e77df00000,0x000000e77e000000)]
  0x00000204c335a000 JavaThread "Execution worker for ':' Thread 2" [_thread_blocked, id=5216, stack(0x000000e77e000000,0x000000e77e100000)]
  0x00000204c3357800 JavaThread "Execution worker for ':' Thread 3" [_thread_blocked, id=7848, stack(0x000000e77e100000,0x000000e77e200000)]
  0x00000204c335d800 JavaThread "Cache worker for execution history cache (C:\Users\michi\AndroidStudioProjects\TukangTech\.gradle\7.0.2\executionHistory)" [_thread_blocked, id=10072, stack(0x000000e77e200000,0x000000e77e300000)]
  0x00000204c335e000 JavaThread "WorkerExecutor Queue" [_thread_blocked, id=11816, stack(0x000000e77a500000,0x000000e77a600000)]
  0x00000204c335b000 JavaThread "pool-3-thread-1" [_thread_blocked, id=11424, stack(0x000000e77a700000,0x000000e77a800000)]
  0x00000204c3358800 JavaThread "stderr" [_thread_in_native, id=10256, stack(0x000000e77a600000,0x000000e77a700000)]
  0x00000204c3359800 JavaThread "stdout" [_thread_in_native, id=4512, stack(0x000000e77c200000,0x000000e77c300000)]

Other Threads:
=>0x00000204bc4a6800 VMThread "VM Thread" [stack: 0x000000e77ae00000,0x000000e77af00000] [id=3352]
  0x00000204bcf9e000 WatcherThread [stack: 0x000000e77b800000,0x000000e77b900000] [id=8048]
  0x00000204a2184000 GCTaskThread "GC Thread#0" [stack: 0x000000e77a900000,0x000000e77aa00000] [id=9492]
  0x00000204bd23d000 GCTaskThread "GC Thread#1" [stack: 0x000000e77b900000,0x000000e77ba00000] [id=1600]
  0x00000204bf253000 GCTaskThread "GC Thread#2" [stack: 0x000000e77c400000,0x000000e77c500000] [id=11416]
  0x00000204bf285000 GCTaskThread "GC Thread#3" [stack: 0x000000e77c500000,0x000000e77c600000] [id=11972]
  0x00000204a21b7000 ConcurrentGCThread "G1 Main Marker" [stack: 0x000000e77aa00000,0x000000e77ab00000] [id=3028]
  0x00000204a21b8800 ConcurrentGCThread "G1 Conc#0" [stack: 0x000000e77ab00000,0x000000e77ac00000] [id=3084]
  0x00000204a2212000 ConcurrentGCThread "G1 Refine#0" [stack: 0x000000e77ac00000,0x000000e77ad00000] [id=9308]
  0x00000204a2213000 ConcurrentGCThread "G1 Young RemSet Sampling" [stack: 0x000000e77ad00000,0x000000e77ae00000] [id=8504]

Threads with active compile tasks:
C2 CompilerThread0  81915 13848       4       com.android.tools.r8.internal.W4::a (1165 bytes)

VM state:at safepoint (normal execution)

VM Mutex/Monitor currently owned by a thread:  ([mutex/lock_event])
[0x00000204a2168f50] Threads_lock - owner thread: 0x00000204bc4a6800
[0x00000204a2169850] Heap_lock - owner thread: 0x00000204c0f6e000

Heap address: 0x0000000080000000, size: 2048 MB, Compressed Oops mode: 32-bit
Narrow klass base: 0x0000000000000000, Narrow klass shift: 3
Compressed class space size: 1073741824 Address: 0x0000000100000000

Heap:
 garbage-first heap   total 308224K, used 119132K [0x0000000080000000, 0x0000000100000000)
  region size 1024K, 4 young (4096K), 4 survivors (4096K)
 Metaspace       used 96828K, capacity 99322K, committed 99584K, reserved 1134592K
  class space    used 12540K, capacity 13434K, committed 13568K, reserved 1048576K
Heap Regions: E=young(eden), S=young(survivor), O=old, HS=humongous(starts), HC=humongous(continues), CS=collection set, F=free, A=archive, TAMS=top-at-mark-start (previous, next)
|   0|0x0000000080000000, 0x0000000080100000, 0x0000000080100000|100%| O|  |TAMS 0x0000000080100000, 0x0000000080000000| Untracked 
|   1|0x0000000080100000, 0x0000000080200000, 0x0000000080200000|100%| O|  |TAMS 0x0000000080200000, 0x0000000080100000| Untracked 
|   2|0x0000000080200000, 0x0000000080300000, 0x0000000080300000|100%| O|  |TAMS 0x0000000080300000, 0x0000000080200000| Untracked 
|   3|0x0000000080300000, 0x0000000080400000, 0x0000000080400000|100%|HS|  |TAMS 0x0000000080400000, 0x0000000080300000| Complete 
|   4|0x0000000080400000, 0x0000000080500000, 0x0000000080500000|100%|HC|  |TAMS 0x0000000080500000, 0x0000000080400000| Complete 
|   5|0x0000000080500000, 0x0000000080600000, 0x0000000080600000|100%|HC|  |TAMS 0x0000000080600000, 0x0000000080500000| Complete 
|   6|0x0000000080600000, 0x0000000080700000, 0x0000000080700000|100%| O|  |TAMS 0x0000000080700000, 0x0000000080600000| Untracked 
|   7|0x0000000080700000, 0x0000000080800000, 0x0000000080800000|100%| O|  |TAMS 0x0000000080800000, 0x0000000080700000| Untracked 
|   8|0x0000000080800000, 0x0000000080900000, 0x0000000080900000|100%| O|  |TAMS 0x0000000080900000, 0x0000000080800000| Untracked 
|   9|0x0000000080900000, 0x0000000080a00000, 0x0000000080a00000|100%| O|  |TAMS 0x0000000080a00000, 0x0000000080900000| Untracked 
|  10|0x0000000080a00000, 0x0000000080b00000, 0x0000000080b00000|100%| O|  |TAMS 0x0000000080b00000, 0x0000000080a00000| Untracked 
|  11|0x0000000080b00000, 0x0000000080c00000, 0x0000000080c00000|100%| O|  |TAMS 0x0000000080c00000, 0x0000000080b00000| Untracked 
|  12|0x0000000080c00000, 0x0000000080d00000, 0x0000000080d00000|100%| O|  |TAMS 0x0000000080d00000, 0x0000000080c00000| Untracked 
|  13|0x0000000080d00000, 0x0000000080e00000, 0x0000000080e00000|100%| O|  |TAMS 0x0000000080e00000, 0x0000000080d00000| Untracked 
|  14|0x0000000080e00000, 0x0000000080f00000, 0x0000000080f00000|100%| O|  |TAMS 0x0000000080f00000, 0x0000000080e00000| Untracked 
|  15|0x0000000080f00000, 0x0000000081000000, 0x0000000081000000|100%| O|  |TAMS 0x0000000081000000, 0x0000000080f00000| Untracked 
|  16|0x0000000081000000, 0x0000000081100000, 0x0000000081100000|100%| O|  |TAMS 0x0000000081100000, 0x0000000081000000| Untracked 
|  17|0x0000000081100000, 0x0000000081200000, 0x0000000081200000|100%| O|  |TAMS 0x0000000081200000, 0x0000000081100000| Untracked 
|  18|0x0000000081200000, 0x0000000081300000, 0x0000000081300000|100%| O|  |TAMS 0x0000000081300000, 0x0000000081200000| Untracked 
|  19|0x0000000081300000, 0x0000000081400000, 0x0000000081400000|100%| O|  |TAMS 0x0000000081400000, 0x0000000081300000| Untracked 
|  20|0x0000000081400000, 0x0000000081500000, 0x0000000081500000|100%| O|  |TAMS 0x0000000081500000, 0x0000000081400000| Untracked 
|  21|0x0000000081500000, 0x0000000081600000, 0x0000000081600000|100%| O|  |TAMS 0x0000000081600000, 0x0000000081500000| Untracked 
|  22|0x0000000081600000, 0x0000000081700000, 0x0000000081700000|100%| O|  |TAMS 0x0000000081700000, 0x0000000081600000| Untracked 
|  23|0x0000000081700000, 0x0000000081800000, 0x0000000081800000|100%| O|  |TAMS 0x0000000081800000, 0x0000000081700000| Untracked 
|  24|0x0000000081800000, 0x0000000081900000, 0x0000000081900000|100%| O|  |TAMS 0x0000000081900000, 0x0000000081800000| Untracked 
|  25|0x0000000081900000, 0x0000000081a00000, 0x0000000081a00000|100%| O|  |TAMS 0x0000000081a00000, 0x0000000081900000| Untracked 
|  26|0x0000000081a00000, 0x0000000081b00000, 0x0000000081b00000|100%| O|  |TAMS 0x0000000081b00000, 0x0000000081a00000| Untracked 
|  27|0x0000000081b00000, 0x0000000081c00000, 0x0000000081c00000|100%|HS|  |TAMS 0x0000000081c00000, 0x0000000081b00000| Complete 
|  28|0x0000000081c00000, 0x0000000081d00000, 0x0000000081d00000|100%|HS|  |TAMS 0x0000000081d00000, 0x0000000081c00000| Complete 
|  29|0x0000000081d00000, 0x0000000081e00000, 0x0000000081e00000|100%|HS|  |TAMS 0x0000000081e00000, 0x0000000081d00000| Complete 
|  30|0x0000000081e00000, 0x0000000081f00000, 0x0000000081f00000|100%|HC|  |TAMS 0x0000000081f00000, 0x0000000081e00000| Complete 
|  31|0x0000000081f00000, 0x0000000082000000, 0x0000000082000000|100%| O|  |TAMS 0x0000000082000000, 0x0000000081f00000| Untracked 
|  32|0x0000000082000000, 0x0000000082100000, 0x0000000082100000|100%| O|  |TAMS 0x0000000082100000, 0x0000000082000000| Untracked 
|  33|0x0000000082100000, 0x0000000082200000, 0x0000000082200000|100%| O|  |TAMS 0x0000000082200000, 0x0000000082100000| Untracked 
|  34|0x0000000082200000, 0x0000000082300000, 0x0000000082300000|100%| O|  |TAMS 0x0000000082300000, 0x0000000082200000| Untracked 
|  35|0x0000000082300000, 0x0000000082400000, 0x0000000082400000|100%| O|  |TAMS 0x0000000082400000, 0x0000000082300000| Untracked 
|  36|0x0000000082400000, 0x0000000082500000, 0x0000000082500000|100%| O|  |TAMS 0x0000000082500000, 0x0000000082400000| Untracked 
|  37|0x0000000082500000, 0x0000000082600000, 0x0000000082600000|100%| O|  |TAMS 0x0000000082600000, 0x0000000082500000| Untracked 
|  38|0x0000000082600000, 0x0000000082700000, 0x0000000082700000|100%| O|  |TAMS 0x0000000082700000, 0x0000000082600000| Untracked 
|  39|0x0000000082700000, 0x0000000082800000, 0x0000000082800000|100%| O|  |TAMS 0x0000000082800000, 0x0000000082700000| Untracked 
|  40|0x0000000082800000, 0x0000000082900000, 0x0000000082900000|100%| O|  |TAMS 0x0000000082900000, 0x0000000082800000| Untracked 
|  41|0x0000000082900000, 0x0000000082a00000, 0x0000000082a00000|100%| O|  |TAMS 0x0000000082a00000, 0x0000000082900000| Untracked 
|  42|0x0000000082a00000, 0x0000000082b00000, 0x0000000082b00000|100%| O|  |TAMS 0x0000000082b00000, 0x0000000082a00000| Untracked 
|  43|0x0000000082b00000, 0x0000000082c00000, 0x0000000082c00000|100%| O|  |TAMS 0x0000000082c00000, 0x0000000082b00000| Untracked 
|  44|0x0000000082c00000, 0x0000000082d00000, 0x0000000082d00000|100%| O|  |TAMS 0x0000000082d00000, 0x0000000082c00000| Untracked 
|  45|0x0000000082d00000, 0x0000000082e00000, 0x0000000082e00000|100%| O|  |TAMS 0x0000000082e00000, 0x0000000082d00000| Untracked 
|  46|0x0000000082e00000, 0x0000000082f00000, 0x0000000082f00000|100%| O|  |TAMS 0x0000000082f00000, 0x0000000082e00000| Untracked 
|  47|0x0000000082f00000, 0x0000000083000000, 0x0000000083000000|100%| O|  |TAMS 0x0000000083000000, 0x0000000082f00000| Untracked 
|  48|0x0000000083000000, 0x0000000083100000, 0x0000000083100000|100%| O|  |TAMS 0x0000000083100000, 0x0000000083000000| Untracked 
|  49|0x0000000083100000, 0x0000000083200000, 0x0000000083200000|100%| O|  |TAMS 0x0000000083200000, 0x0000000083100000| Untracked 
|  50|0x0000000083200000, 0x0000000083300000, 0x0000000083300000|100%| O|  |TAMS 0x0000000083300000, 0x0000000083200000| Untracked 
|  51|0x0000000083300000, 0x0000000083400000, 0x0000000083400000|100%| O|  |TAMS 0x0000000083400000, 0x0000000083300000| Untracked 
|  52|0x0000000083400000, 0x0000000083500000, 0x0000000083500000|100%| O|  |TAMS 0x0000000083500000, 0x0000000083400000| Untracked 
|  53|0x0000000083500000, 0x0000000083600000, 0x0000000083600000|100%| O|  |TAMS 0x0000000083600000, 0x0000000083500000| Untracked 
|  54|0x0000000083600000, 0x0000000083700000, 0x0000000083700000|100%| O|  |TAMS 0x0000000083700000, 0x0000000083600000| Untracked 
|  55|0x0000000083700000, 0x0000000083800000, 0x0000000083800000|100%| O|  |TAMS 0x0000000083800000, 0x0000000083700000| Untracked 
|  56|0x0000000083800000, 0x0000000083900000, 0x0000000083900000|100%| O|  |TAMS 0x0000000083900000, 0x0000000083800000| Untracked 
|  57|0x0000000083900000, 0x0000000083a00000, 0x0000000083a00000|100%| O|  |TAMS 0x0000000083a00000, 0x0000000083900000| Untracked 
|  58|0x0000000083a00000, 0x0000000083b00000, 0x0000000083b00000|100%| O|  |TAMS 0x0000000083b00000, 0x0000000083a00000| Untracked 
|  59|0x0000000083b00000, 0x0000000083c00000, 0x0000000083c00000|100%| O|  |TAMS 0x0000000083c00000, 0x0000000083b00000| Untracked 
|  60|0x0000000083c00000, 0x0000000083d00000, 0x0000000083d00000|100%| O|  |TAMS 0x0000000083d00000, 0x0000000083c00000| Untracked 
|  61|0x0000000083d00000, 0x0000000083e00000, 0x0000000083e00000|100%| O|  |TAMS 0x0000000083e00000, 0x0000000083d00000| Untracked 
|  62|0x0000000083e00000, 0x0000000083f00000, 0x0000000083f00000|100%| O|  |TAMS 0x0000000083f00000, 0x0000000083e00000| Untracked 
|  63|0x0000000083f00000, 0x0000000084000000, 0x0000000084000000|100%| O|  |TAMS 0x0000000084000000, 0x0000000083f00000| Untracked 
|  64|0x0000000084000000, 0x0000000084100000, 0x0000000084100000|100%| O|  |TAMS 0x0000000084100000, 0x0000000084000000| Untracked 
|  65|0x0000000084100000, 0x0000000084200000, 0x0000000084200000|100%| O|  |TAMS 0x0000000084200000, 0x0000000084100000| Untracked 
|  66|0x0000000084200000, 0x0000000084300000, 0x0000000084300000|100%| O|  |TAMS 0x0000000084300000, 0x0000000084200000| Untracked 
|  67|0x0000000084300000, 0x0000000084400000, 0x0000000084400000|100%| O|  |TAMS 0x0000000084400000, 0x0000000084300000| Untracked 
|  68|0x0000000084400000, 0x0000000084500000, 0x0000000084500000|100%| O|  |TAMS 0x0000000084500000, 0x0000000084400000| Untracked 
|  69|0x0000000084500000, 0x0000000084600000, 0x0000000084600000|100%| O|  |TAMS 0x0000000084600000, 0x0000000084500000| Untracked 
|  70|0x0000000084600000, 0x0000000084700000, 0x0000000084700000|100%| O|  |TAMS 0x0000000084700000, 0x0000000084600000| Untracked 
|  71|0x0000000084700000, 0x0000000084800000, 0x0000000084800000|100%| O|  |TAMS 0x0000000084800000, 0x0000000084700000| Untracked 
|  72|0x0000000084800000, 0x0000000084900000, 0x0000000084900000|100%| O|  |TAMS 0x0000000084900000, 0x0000000084800000| Untracked 
|  73|0x0000000084900000, 0x0000000084a00000, 0x0000000084a00000|100%| O|  |TAMS 0x0000000084a00000, 0x0000000084900000| Untracked 
|  74|0x0000000084a00000, 0x0000000084b00000, 0x0000000084b00000|100%| O|  |TAMS 0x0000000084b00000, 0x0000000084a00000| Untracked 
|  75|0x0000000084b00000, 0x0000000084c00000, 0x0000000084c00000|100%| O|  |TAMS 0x0000000084c00000, 0x0000000084b00000| Untracked 
|  76|0x0000000084c00000, 0x0000000084d00000, 0x0000000084d00000|100%| O|  |TAMS 0x0000000084d00000, 0x0000000084c00000| Untracked 
|  77|0x0000000084d00000, 0x0000000084e00000, 0x0000000084e00000|100%|HS|  |TAMS 0x0000000084e00000, 0x0000000084d00000| Complete 
|  78|0x0000000084e00000, 0x0000000084f00000, 0x0000000084f00000|100%| O|  |TAMS 0x0000000084f00000, 0x0000000084e00000| Untracked 
|  79|0x0000000084f00000, 0x0000000085000000, 0x0000000085000000|100%| O|  |TAMS 0x0000000085000000, 0x0000000084f00000| Untracked 
|  80|0x0000000085000000, 0x0000000085100000, 0x0000000085100000|100%| O|  |TAMS 0x0000000085100000, 0x0000000085000000| Untracked 
|  81|0x0000000085100000, 0x0000000085200000, 0x0000000085200000|100%| O|  |TAMS 0x0000000085200000, 0x0000000085100000| Untracked 
|  82|0x0000000085200000, 0x0000000085300000, 0x0000000085300000|100%| O|  |TAMS 0x0000000085300000, 0x0000000085200000| Untracked 
|  83|0x0000000085300000, 0x0000000085400000, 0x0000000085400000|100%| O|  |TAMS 0x0000000085400000, 0x0000000085300000| Untracked 
|  84|0x0000000085400000, 0x0000000085500000, 0x0000000085500000|100%| O|  |TAMS 0x0000000085500000, 0x0000000085400000| Untracked 
|  85|0x0000000085500000, 0x0000000085600000, 0x0000000085600000|100%| O|  |TAMS 0x0000000085600000, 0x0000000085500000| Untracked 
|  86|0x0000000085600000, 0x0000000085700000, 0x0000000085700000|100%| O|  |TAMS 0x0000000085700000, 0x0000000085600000| Untracked 
|  87|0x0000000085700000, 0x0000000085800000, 0x0000000085800000|100%| O|  |TAMS 0x0000000085800000, 0x0000000085700000| Untracked 
|  88|0x0000000085800000, 0x0000000085900000, 0x0000000085900000|100%| O|  |TAMS 0x0000000085900000, 0x0000000085800000| Untracked 
|  89|0x0000000085900000, 0x0000000085a00000, 0x0000000085a00000|100%| O|  |TAMS 0x0000000085a00000, 0x0000000085900000| Untracked 
|  90|0x0000000085a00000, 0x0000000085b00000, 0x0000000085b00000|100%| O|  |TAMS 0x0000000085b00000, 0x0000000085a00000| Untracked 
|  91|0x0000000085b00000, 0x0000000085c00000, 0x0000000085c00000|100%| O|  |TAMS 0x0000000085c00000, 0x0000000085b00000| Untracked 
|  92|0x0000000085c00000, 0x0000000085d00000, 0x0000000085d00000|100%| O|  |TAMS 0x0000000085d00000, 0x0000000085c00000| Untracked 
|  93|0x0000000085d00000, 0x0000000085e00000, 0x0000000085e00000|100%| O|  |TAMS 0x0000000085e00000, 0x0000000085d00000| Untracked 
|  94|0x0000000085e00000, 0x0000000085f00000, 0x0000000085f00000|100%| O|  |TAMS 0x0000000085f00000, 0x0000000085e00000| Untracked 
|  95|0x0000000085f00000, 0x0000000086000000, 0x0000000086000000|100%| O|  |TAMS 0x0000000086000000, 0x0000000085f00000| Untracked 
|  96|0x0000000086000000, 0x0000000086100000, 0x0000000086100000|100%| O|  |TAMS 0x0000000086100000, 0x0000000086000000| Untracked 
|  97|0x0000000086100000, 0x0000000086200000, 0x0000000086200000|100%| O|  |TAMS 0x0000000086200000, 0x0000000086100000| Untracked 
|  98|0x0000000086200000, 0x0000000086300000, 0x0000000086300000|100%| O|  |TAMS 0x0000000086300000, 0x0000000086200000| Untracked 
|  99|0x0000000086300000, 0x0000000086400000, 0x0000000086400000|100%| O|  |TAMS 0x0000000086400000, 0x0000000086300000| Untracked 
| 100|0x0000000086400000, 0x0000000086500000, 0x0000000086500000|100%| O|  |TAMS 0x0000000086500000, 0x0000000086400000| Untracked 
| 101|0x0000000086500000, 0x0000000086600000, 0x0000000086600000|100%| O|  |TAMS 0x0000000086600000, 0x0000000086500000| Untracked 
| 102|0x0000000086600000, 0x0000000086700000, 0x0000000086700000|100%| O|  |TAMS 0x0000000086700000, 0x0000000086600000| Untracked 
| 103|0x0000000086700000, 0x0000000086800000, 0x0000000086800000|100%| O|  |TAMS 0x0000000086800000, 0x0000000086700000| Untracked 
| 104|0x0000000086800000, 0x0000000086900000, 0x0000000086900000|100%| O|  |TAMS 0x0000000086900000, 0x0000000086800000| Untracked 
| 105|0x0000000086900000, 0x0000000086a00000, 0x0000000086a00000|100%| O|  |TAMS 0x0000000086a00000, 0x0000000086900000| Untracked 
| 106|0x0000000086a00000, 0x0000000086b00000, 0x0000000086b00000|100%| O|  |TAMS 0x0000000086b00000, 0x0000000086a00000| Untracked 
| 107|0x0000000086b00000, 0x0000000086c00000, 0x0000000086c00000|100%| O|  |TAMS 0x0000000086c00000, 0x0000000086b00000| Untracked 
| 108|0x0000000086c00000, 0x0000000086d00000, 0x0000000086d00000|100%| O|  |TAMS 0x0000000086d00000, 0x0000000086c00000| Untracked 
| 109|0x0000000086d00000, 0x0000000086e00000, 0x0000000086e00000|100%| O|  |TAMS 0x0000000086e00000, 0x0000000086d00000| Untracked 
| 110|0x0000000086e00000, 0x0000000086f00000, 0x0000000086f00000|100%| O|  |TAMS 0x0000000086f00000, 0x0000000086e00000| Untracked 
| 111|0x0000000086f00000, 0x0000000087000000, 0x0000000087000000|100%| O|  |TAMS 0x0000000087000000, 0x0000000086f00000| Untracked 
| 112|0x0000000087000000, 0x000000008707ee00, 0x0000000087100000| 49%| O|  |TAMS 0x0000000087060a00, 0x0000000087000000| Untracked 
| 113|0x0000000087100000, 0x0000000087100000, 0x0000000087200000|  0%| F|  |TAMS 0x0000000087100000, 0x0000000087100000| Untracked 
| 114|0x0000000087200000, 0x0000000087200000, 0x0000000087300000|  0%| F|  |TAMS 0x0000000087200000, 0x0000000087200000| Untracked 
| 115|0x0000000087300000, 0x0000000087300000, 0x0000000087400000|  0%| F|  |TAMS 0x0000000087300000, 0x0000000087300000| Untracked 
| 116|0x0000000087400000, 0x0000000087400000, 0x0000000087500000|  0%| F|  |TAMS 0x0000000087400000, 0x0000000087400000| Untracked 
| 117|0x0000000087500000, 0x0000000087500000, 0x0000000087600000|  0%| F|  |TAMS 0x0000000087500000, 0x0000000087500000| Untracked 
| 118|0x0000000087600000, 0x0000000087600000, 0x0000000087700000|  0%| F|  |TAMS 0x0000000087600000, 0x0000000087600000| Untracked 
| 119|0x0000000087700000, 0x0000000087700000, 0x0000000087800000|  0%| F|  |TAMS 0x0000000087700000, 0x0000000087700000| Untracked 
| 120|0x0000000087800000, 0x0000000087800000, 0x0000000087900000|  0%| F|  |TAMS 0x0000000087800000, 0x0000000087800000| Untracked 
| 121|0x0000000087900000, 0x0000000087900000, 0x0000000087a00000|  0%| F|  |TAMS 0x0000000087900000, 0x0000000087900000| Untracked 
| 122|0x0000000087a00000, 0x0000000087a00000, 0x0000000087b00000|  0%| F|  |TAMS 0x0000000087a00000, 0x0000000087a00000| Untracked 
| 123|0x0000000087b00000, 0x0000000087b00000, 0x0000000087c00000|  0%| F|  |TAMS 0x0000000087b00000, 0x0000000087b00000| Untracked 
| 124|0x0000000087c00000, 0x0000000087c00000, 0x0000000087d00000|  0%| F|  |TAMS 0x0000000087c00000, 0x0000000087c00000| Untracked 
| 125|0x0000000087d00000, 0x0000000087d00000, 0x0000000087e00000|  0%| F|  |TAMS 0x0000000087d00000, 0x0000000087d00000| Untracked 
| 126|0x0000000087e00000, 0x0000000087e00000, 0x0000000087f00000|  0%| F|  |TAMS 0x0000000087e00000, 0x0000000087e00000| Untracked 
| 127|0x0000000087f00000, 0x0000000087f00000, 0x0000000088000000|  0%| F|  |TAMS 0x0000000087f00000, 0x0000000087f00000| Untracked 
| 128|0x0000000088000000, 0x0000000088000000, 0x0000000088100000|  0%| F|  |TAMS 0x0000000088000000, 0x0000000088000000| Untracked 
| 129|0x0000000088100000, 0x0000000088100000, 0x0000000088200000|  0%| F|  |TAMS 0x0000000088100000, 0x0000000088100000| Untracked 
| 130|0x0000000088200000, 0x0000000088200000, 0x0000000088300000|  0%| F|  |TAMS 0x0000000088200000, 0x0000000088200000| Untracked 
| 131|0x0000000088300000, 0x0000000088300000, 0x0000000088400000|  0%| F|  |TAMS 0x0000000088300000, 0x0000000088300000| Untracked 
| 132|0x0000000088400000, 0x0000000088400000, 0x0000000088500000|  0%| F|  |TAMS 0x0000000088400000, 0x0000000088400000| Untracked 
| 133|0x0000000088500000, 0x0000000088500000, 0x0000000088600000|  0%| F|  |TAMS 0x0000000088500000, 0x0000000088500000| Untracked 
| 134|0x0000000088600000, 0x0000000088600000, 0x0000000088700000|  0%| F|  |TAMS 0x0000000088600000, 0x0000000088600000| Untracked 
| 135|0x0000000088700000, 0x0000000088700000, 0x0000000088800000|  0%| F|  |TAMS 0x0000000088700000, 0x0000000088700000| Untracked 
| 136|0x0000000088800000, 0x0000000088800000, 0x0000000088900000|  0%| F|  |TAMS 0x0000000088800000, 0x0000000088800000| Untracked 
| 137|0x0000000088900000, 0x0000000088900000, 0x0000000088a00000|  0%| F|  |TAMS 0x0000000088900000, 0x0000000088900000| Untracked 
| 138|0x0000000088a00000, 0x0000000088a00000, 0x0000000088b00000|  0%| F|  |TAMS 0x0000000088a00000, 0x0000000088a00000| Untracked 
| 139|0x0000000088b00000, 0x0000000088b00000, 0x0000000088c00000|  0%| F|  |TAMS 0x0000000088b00000, 0x0000000088b00000| Untracked 
| 140|0x0000000088c00000, 0x0000000088c00000, 0x0000000088d00000|  0%| F|  |TAMS 0x0000000088c00000, 0x0000000088c00000| Untracked 
| 141|0x0000000088d00000, 0x0000000088d00000, 0x0000000088e00000|  0%| F|  |TAMS 0x0000000088d00000, 0x0000000088d00000| Untracked 
| 142|0x0000000088e00000, 0x0000000088e00000, 0x0000000088f00000|  0%| F|  |TAMS 0x0000000088e00000, 0x0000000088e00000| Untracked 
| 143|0x0000000088f00000, 0x0000000088f00000, 0x0000000089000000|  0%| F|  |TAMS 0x0000000088f00000, 0x0000000088f00000| Untracked 
| 144|0x0000000089000000, 0x00000000890d82a0, 0x0000000089100000| 84%| S|CS|TAMS 0x0000000089000000, 0x0000000089000000| Complete 
| 145|0x0000000089100000, 0x0000000089200000, 0x0000000089200000|100%| S|CS|TAMS 0x0000000089100000, 0x0000000089100000| Complete 
| 146|0x0000000089200000, 0x0000000089300000, 0x0000000089300000|100%| S|CS|TAMS 0x0000000089200000, 0x0000000089200000| Complete 
| 147|0x0000000089300000, 0x0000000089400000, 0x0000000089400000|100%| S|CS|TAMS 0x0000000089300000, 0x0000000089300000| Complete 
| 148|0x0000000089400000, 0x0000000089400000, 0x0000000089500000|  0%| F|  |TAMS 0x0000000089400000, 0x0000000089400000| Untracked 
| 149|0x0000000089500000, 0x0000000089500000, 0x0000000089600000|  0%| F|  |TAMS 0x0000000089500000, 0x0000000089500000| Untracked 
| 150|0x0000000089600000, 0x0000000089600000, 0x0000000089700000|  0%| F|  |TAMS 0x0000000089600000, 0x0000000089600000| Untracked 
| 151|0x0000000089700000, 0x0000000089700000, 0x0000000089800000|  0%| F|  |TAMS 0x0000000089700000, 0x0000000089700000| Untracked 
| 152|0x0000000089800000, 0x0000000089800000, 0x0000000089900000|  0%| F|  |TAMS 0x0000000089800000, 0x0000000089800000| Untracked 
| 153|0x0000000089900000, 0x0000000089900000, 0x0000000089a00000|  0%| F|  |TAMS 0x0000000089900000, 0x0000000089900000| Untracked 
| 154|0x0000000089a00000, 0x0000000089a00000, 0x0000000089b00000|  0%| F|  |TAMS 0x0000000089a00000, 0x0000000089a00000| Untracked 
| 155|0x0000000089b00000, 0x0000000089b00000, 0x0000000089c00000|  0%| F|  |TAMS 0x0000000089b00000, 0x0000000089b00000| Untracked 
| 156|0x0000000089c00000, 0x0000000089c00000, 0x0000000089d00000|  0%| F|  |TAMS 0x0000000089c00000, 0x0000000089c00000| Untracked 
| 157|0x0000000089d00000, 0x0000000089d00000, 0x0000000089e00000|  0%| F|  |TAMS 0x0000000089d00000, 0x0000000089d00000| Untracked 
| 158|0x0000000089e00000, 0x0000000089e00000, 0x0000000089f00000|  0%| F|  |TAMS 0x0000000089e00000, 0x0000000089e00000| Untracked 
| 159|0x0000000089f00000, 0x0000000089f00000, 0x000000008a000000|  0%| F|  |TAMS 0x0000000089f00000, 0x0000000089f00000| Untracked 
| 160|0x000000008a000000, 0x000000008a000000, 0x000000008a100000|  0%| F|  |TAMS 0x000000008a000000, 0x000000008a000000| Untracked 
| 161|0x000000008a100000, 0x000000008a100000, 0x000000008a200000|  0%| F|  |TAMS 0x000000008a100000, 0x000000008a100000| Untracked 
| 162|0x000000008a200000, 0x000000008a200000, 0x000000008a300000|  0%| F|  |TAMS 0x000000008a200000, 0x000000008a200000| Untracked 
| 163|0x000000008a300000, 0x000000008a300000, 0x000000008a400000|  0%| F|  |TAMS 0x000000008a300000, 0x000000008a300000| Untracked 
| 164|0x000000008a400000, 0x000000008a400000, 0x000000008a500000|  0%| F|  |TAMS 0x000000008a400000, 0x000000008a400000| Untracked 
| 165|0x000000008a500000, 0x000000008a500000, 0x000000008a600000|  0%| F|  |TAMS 0x000000008a500000, 0x000000008a500000| Untracked 
| 166|0x000000008a600000, 0x000000008a600000, 0x000000008a700000|  0%| F|  |TAMS 0x000000008a600000, 0x000000008a600000| Untracked 
| 167|0x000000008a700000, 0x000000008a700000, 0x000000008a800000|  0%| F|  |TAMS 0x000000008a700000, 0x000000008a700000| Untracked 
| 168|0x000000008a800000, 0x000000008a800000, 0x000000008a900000|  0%| F|  |TAMS 0x000000008a800000, 0x000000008a800000| Untracked 
| 169|0x000000008a900000, 0x000000008a900000, 0x000000008aa00000|  0%| F|  |TAMS 0x000000008a900000, 0x000000008a900000| Untracked 
| 170|0x000000008aa00000, 0x000000008aa00000, 0x000000008ab00000|  0%| F|  |TAMS 0x000000008aa00000, 0x000000008aa00000| Untracked 
| 171|0x000000008ab00000, 0x000000008ab00000, 0x000000008ac00000|  0%| F|  |TAMS 0x000000008ab00000, 0x000000008ab00000| Untracked 
| 172|0x000000008ac00000, 0x000000008ac00000, 0x000000008ad00000|  0%| F|  |TAMS 0x000000008ac00000, 0x000000008ac00000| Untracked 
| 173|0x000000008ad00000, 0x000000008ad00000, 0x000000008ae00000|  0%| F|  |TAMS 0x000000008ad00000, 0x000000008ad00000| Untracked 
| 174|0x000000008ae00000, 0x000000008ae00000, 0x000000008af00000|  0%| F|  |TAMS 0x000000008ae00000, 0x000000008ae00000| Untracked 
| 175|0x000000008af00000, 0x000000008af00000, 0x000000008b000000|  0%| F|  |TAMS 0x000000008af00000, 0x000000008af00000| Untracked 
| 176|0x000000008b000000, 0x000000008b000000, 0x000000008b100000|  0%| F|  |TAMS 0x000000008b000000, 0x000000008b000000| Untracked 
| 177|0x000000008b100000, 0x000000008b100000, 0x000000008b200000|  0%| F|  |TAMS 0x000000008b100000, 0x000000008b100000| Untracked 
| 178|0x000000008b200000, 0x000000008b200000, 0x000000008b300000|  0%| F|  |TAMS 0x000000008b200000, 0x000000008b200000| Untracked 
| 179|0x000000008b300000, 0x000000008b300000, 0x000000008b400000|  0%| F|  |TAMS 0x000000008b300000, 0x000000008b300000| Untracked 
| 180|0x000000008b400000, 0x000000008b400000, 0x000000008b500000|  0%| F|  |TAMS 0x000000008b400000, 0x000000008b400000| Untracked 
| 181|0x000000008b500000, 0x000000008b500000, 0x000000008b600000|  0%| F|  |TAMS 0x000000008b500000, 0x000000008b500000| Untracked 
| 182|0x000000008b600000, 0x000000008b600000, 0x000000008b700000|  0%| F|  |TAMS 0x000000008b600000, 0x000000008b600000| Untracked 
| 183|0x000000008b700000, 0x000000008b700000, 0x000000008b800000|  0%| F|  |TAMS 0x000000008b700000, 0x000000008b700000| Untracked 
| 184|0x000000008b800000, 0x000000008b800000, 0x000000008b900000|  0%| F|  |TAMS 0x000000008b800000, 0x000000008b800000| Untracked 
| 185|0x000000008b900000, 0x000000008b900000, 0x000000008ba00000|  0%| F|  |TAMS 0x000000008b900000, 0x000000008b900000| Untracked 
| 186|0x000000008ba00000, 0x000000008ba00000, 0x000000008bb00000|  0%| F|  |TAMS 0x000000008ba00000, 0x000000008ba00000| Untracked 
| 187|0x000000008bb00000, 0x000000008bb00000, 0x000000008bc00000|  0%| F|  |TAMS 0x000000008bb00000, 0x000000008bb00000| Untracked 
| 188|0x000000008bc00000, 0x000000008bc00000, 0x000000008bd00000|  0%| F|  |TAMS 0x000000008bc00000, 0x000000008bc00000| Untracked 
| 189|0x000000008bd00000, 0x000000008bd00000, 0x000000008be00000|  0%| F|  |TAMS 0x000000008bd00000, 0x000000008bd00000| Untracked 
| 190|0x000000008be00000, 0x000000008be00000, 0x000000008bf00000|  0%| F|  |TAMS 0x000000008be00000, 0x000000008be00000| Untracked 
| 191|0x000000008bf00000, 0x000000008bf00000, 0x000000008c000000|  0%| F|  |TAMS 0x000000008bf00000, 0x000000008bf00000| Untracked 
| 192|0x000000008c000000, 0x000000008c000000, 0x000000008c100000|  0%| F|  |TAMS 0x000000008c000000, 0x000000008c000000| Untracked 
| 193|0x000000008c100000, 0x000000008c100000, 0x000000008c200000|  0%| F|  |TAMS 0x000000008c100000, 0x000000008c100000| Untracked 
| 194|0x000000008c200000, 0x000000008c200000, 0x000000008c300000|  0%| F|  |TAMS 0x000000008c200000, 0x000000008c200000| Untracked 
| 195|0x000000008c300000, 0x000000008c300000, 0x000000008c400000|  0%| F|  |TAMS 0x000000008c300000, 0x000000008c300000| Untracked 
| 196|0x000000008c400000, 0x000000008c400000, 0x000000008c500000|  0%| F|  |TAMS 0x000000008c400000, 0x000000008c400000| Untracked 
| 197|0x000000008c500000, 0x000000008c500000, 0x000000008c600000|  0%| F|  |TAMS 0x000000008c500000, 0x000000008c500000| Untracked 
| 198|0x000000008c600000, 0x000000008c600000, 0x000000008c700000|  0%| F|  |TAMS 0x000000008c600000, 0x000000008c600000| Untracked 
| 199|0x000000008c700000, 0x000000008c700000, 0x000000008c800000|  0%| F|  |TAMS 0x000000008c700000, 0x000000008c700000| Untracked 
| 200|0x000000008c800000, 0x000000008c800000, 0x000000008c900000|  0%| F|  |TAMS 0x000000008c800000, 0x000000008c800000| Untracked 
| 201|0x000000008c900000, 0x000000008c900000, 0x000000008ca00000|  0%| F|  |TAMS 0x000000008c900000, 0x000000008c900000| Untracked 
| 202|0x000000008ca00000, 0x000000008ca00000, 0x000000008cb00000|  0%| F|  |TAMS 0x000000008ca00000, 0x000000008ca00000| Untracked 
| 203|0x000000008cb00000, 0x000000008cb00000, 0x000000008cc00000|  0%| F|  |TAMS 0x000000008cb00000, 0x000000008cb00000| Untracked 
| 204|0x000000008cc00000, 0x000000008cc00000, 0x000000008cd00000|  0%| F|  |TAMS 0x000000008cc00000, 0x000000008cc00000| Untracked 
| 205|0x000000008cd00000, 0x000000008cd00000, 0x000000008ce00000|  0%| F|  |TAMS 0x000000008cd00000, 0x000000008cd00000| Untracked 
| 206|0x000000008ce00000, 0x000000008ce00000, 0x000000008cf00000|  0%| F|  |TAMS 0x000000008ce00000, 0x000000008ce00000| Untracked 
| 207|0x000000008cf00000, 0x000000008cf00000, 0x000000008d000000|  0%| F|  |TAMS 0x000000008cf00000, 0x000000008cf00000| Untracked 
| 208|0x000000008d000000, 0x000000008d000000, 0x000000008d100000|  0%| F|  |TAMS 0x000000008d000000, 0x000000008d000000| Untracked 
| 209|0x000000008d100000, 0x000000008d100000, 0x000000008d200000|  0%| F|  |TAMS 0x000000008d100000, 0x000000008d100000| Untracked 
| 210|0x000000008d200000, 0x000000008d200000, 0x000000008d300000|  0%| F|  |TAMS 0x000000008d200000, 0x000000008d200000| Untracked 
| 211|0x000000008d300000, 0x000000008d300000, 0x000000008d400000|  0%| F|  |TAMS 0x000000008d300000, 0x000000008d300000| Untracked 
| 212|0x000000008d400000, 0x000000008d400000, 0x000000008d500000|  0%| F|  |TAMS 0x000000008d400000, 0x000000008d400000| Untracked 
| 213|0x000000008d500000, 0x000000008d500000, 0x000000008d600000|  0%| F|  |TAMS 0x000000008d500000, 0x000000008d500000| Untracked 
| 214|0x000000008d600000, 0x000000008d600000, 0x000000008d700000|  0%| F|  |TAMS 0x000000008d600000, 0x000000008d600000| Untracked 
| 215|0x000000008d700000, 0x000000008d700000, 0x000000008d800000|  0%| F|  |TAMS 0x000000008d700000, 0x000000008d700000| Untracked 
| 216|0x000000008d800000, 0x000000008d800000, 0x000000008d900000|  0%| F|  |TAMS 0x000000008d800000, 0x000000008d800000| Untracked 
| 217|0x000000008d900000, 0x000000008d900000, 0x000000008da00000|  0%| F|  |TAMS 0x000000008d900000, 0x000000008d900000| Untracked 
| 218|0x000000008da00000, 0x000000008da00000, 0x000000008db00000|  0%| F|  |TAMS 0x000000008da00000, 0x000000008da00000| Untracked 

Card table byte_map: [0x00000204b56a0000,0x00000204b5aa0000] _byte_map_base: 0x00000204b52a0000

Marking Bits (Prev, Next): (CMBitMap*) 0x00000204a21ae258, (CMBitMap*) 0x00000204a21ae290
 Prev Bits: [0x00000204b5ea0000, 0x00000204b7ea0000)
 Next Bits: [0x00000204b7ea0000, 0x00000204b9ea0000)

Polling page: 0x00000204a08a0000

Metaspace:

Usage:
  Non-class:     83.88 MB capacity,    82.31 MB ( 98%) used,     1.28 MB (  2%) free+waste,   286.75 KB ( <1%) overhead. 
      Class:     13.12 MB capacity,    12.25 MB ( 93%) used,   765.63 KB (  6%) free+waste,   127.81 KB ( <1%) overhead. 
       Both:     96.99 MB capacity,    94.56 MB ( 97%) used,     2.03 MB (  2%) free+waste,   414.56 KB ( <1%) overhead. 

Virtual space:
  Non-class space:       84.00 MB reserved,      84.00 MB (100%) committed 
      Class space:        1.00 GB reserved,      13.25 MB (  1%) committed 
             Both:        1.08 GB reserved,      97.25 MB (  9%) committed 

Chunk freelists:
   Non-Class:  128.00 KB
       Class:  102.00 KB
        Both:  230.00 KB

MaxMetaspaceSize: 17179869184.00 GB
CompressedClassSpaceSize: 1.00 GB

CodeHeap 'non-profiled nmethods': size=120064Kb used=8423Kb max_used=8423Kb free=111640Kb
 bounds [0x00000204ad730000, 0x00000204adf70000, 0x00000204b4c70000]
CodeHeap 'profiled nmethods': size=120000Kb used=32686Kb max_used=32686Kb free=87313Kb
 bounds [0x00000204a6200000, 0x00000204a81f0000, 0x00000204ad730000]
CodeHeap 'non-nmethods': size=5696Kb used=2306Kb max_used=2369Kb free=3390Kb
 bounds [0x00000204a5c70000, 0x00000204a5ee0000, 0x00000204a6200000]
 total_blobs=14652 nmethods=13740 adapters=822
 compilation: enabled
              stopped_count=0, restarted_count=0
 full_count=0

Compilation events (20 events):
Event: 80.154 Thread 0x00000204bc516800 13906       2       com.android.tools.r8.internal.Lv::b (12 bytes)
Event: 80.154 Thread 0x00000204bc516800 nmethod 13906 0x00000204a81e9490 code [0x00000204a81e9640, 0x00000204a81e9768]
Event: 80.168 Thread 0x00000204bc516800 13907       2       com.android.tools.r8.internal.rp::hasNext (10 bytes)
Event: 80.168 Thread 0x00000204bc516800 nmethod 13907 0x00000204a81e9810 code [0x00000204a81e99c0, 0x00000204a81e9ae8]
Event: 80.168 Thread 0x00000204bc516800 13908       2       com.android.tools.r8.internal.rp::next (35 bytes)
Event: 80.168 Thread 0x00000204bc516800 nmethod 13908 0x00000204a81e9b90 code [0x00000204a81e9d60, 0x00000204a81e9f68]
Event: 80.172 Thread 0x00000204bc516800 13909       1       com.android.tools.r8.internal.Ms::V0 (2 bytes)
Event: 80.172 Thread 0x00000204bc516800 nmethod 13909 0x00000204adf69990 code [0x00000204adf69b40, 0x00000204adf69bf8]
Event: 80.188 Thread 0x00000204bc516800 13910       2       com.android.tools.r8.internal.aG::f (4 bytes)
Event: 80.188 Thread 0x00000204bc516800 nmethod 13910 0x00000204a81ea090 code [0x00000204a81ea240, 0x00000204a81ea318]
Event: 80.189 Thread 0x00000204bc516800 13911       2       com.android.tools.r8.internal.l3::H (4 bytes)
Event: 80.190 Thread 0x00000204bc516800 nmethod 13911 0x00000204a81ea390 code [0x00000204a81ea540, 0x00000204a81ea618]
Event: 80.209 Thread 0x00000204bc516800 13913       2       com.android.tools.r8.internal.W0::<init> (10 bytes)
Event: 80.209 Thread 0x00000204bc516800 nmethod 13913 0x00000204a81ea690 code [0x00000204a81ea840, 0x00000204a81ea948]
Event: 80.241 Thread 0x00000204bc516800 13918       2       com.android.tools.r8.graph.Z::a (192 bytes)
Event: 80.242 Thread 0x00000204bc516800 nmethod 13918 0x00000204a81eaa10 code [0x00000204a81eac40, 0x00000204a81eafd8]
Event: 80.243 Thread 0x00000204bc516800 13919       2       com.android.tools.r8.graph.z$$Lambda$1264/0x0000000100cd5040::test (16 bytes)
Event: 80.243 Thread 0x00000204bc516800 nmethod 13919 0x00000204a81eb290 code [0x00000204a81eb460, 0x00000204a81eb628]
Event: 80.243 Thread 0x00000204bc516800 13920       2       com.android.tools.r8.graph.B::m (5 bytes)
Event: 80.243 Thread 0x00000204bc516800 nmethod 13920 0x00000204a81eb790 code [0x00000204a81eb940, 0x00000204a81eba38]

GC Heap History (20 events):
Event: 77.621 GC heap after
{Heap after GC invocations=85 (full 0):
 garbage-first heap   total 154624K, used 116602K [0x0000000080000000, 0x0000000100000000)
  region size 1024K, 2 young (2048K), 2 survivors (2048K)
 Metaspace       used 96379K, capacity 98869K, committed 99072K, reserved 1134592K
  class space    used 12564K, capacity 13475K, committed 13568K, reserved 1048576K
}
Event: 77.761 GC heap before
{Heap before GC invocations=85 (full 0):
 garbage-first heap   total 154624K, used 132986K [0x0000000080000000, 0x0000000100000000)
  region size 1024K, 18 young (18432K), 2 survivors (2048K)
 Metaspace       used 96447K, capacity 98946K, committed 99072K, reserved 1134592K
  class space    used 12565K, capacity 13478K, committed 13568K, reserved 1048576K
}
Event: 77.767 GC heap after
{Heap after GC invocations=86 (full 0):
 garbage-first heap   total 154624K, used 116684K [0x0000000080000000, 0x0000000100000000)
  region size 1024K, 2 young (2048K), 2 survivors (2048K)
 Metaspace       used 96447K, capacity 98946K, committed 99072K, reserved 1134592K
  class space    used 12565K, capacity 13478K, committed 13568K, reserved 1048576K
}
Event: 77.969 GC heap before
{Heap before GC invocations=86 (full 0):
 garbage-first heap   total 154624K, used 133068K [0x0000000080000000, 0x0000000100000000)
  region size 1024K, 18 young (18432K), 2 survivors (2048K)
 Metaspace       used 96560K, capacity 99079K, committed 99328K, reserved 1134592K
  class space    used 12566K, capacity 13479K, committed 13568K, reserved 1048576K
}
Event: 77.975 GC heap after
{Heap after GC invocations=87 (full 0):
 garbage-first heap   total 186368K, used 116947K [0x0000000080000000, 0x0000000100000000)
  region size 1024K, 2 young (2048K), 2 survivors (2048K)
 Metaspace       used 96560K, capacity 99079K, committed 99328K, reserved 1134592K
  class space    used 12566K, capacity 13479K, committed 13568K, reserved 1048576K
}
Event: 78.222 GC heap before
{Heap before GC invocations=87 (full 0):
 garbage-first heap   total 186368K, used 147667K [0x0000000080000000, 0x0000000100000000)
  region size 1024K, 32 young (32768K), 2 survivors (2048K)
 Metaspace       used 96559K, capacity 98992K, committed 99328K, reserved 1134592K
  class space    used 12531K, capacity 13416K, committed 13568K, reserved 1048576K
}
Event: 78.227 GC heap after
{Heap after GC invocations=88 (full 0):
 garbage-first heap   total 186368K, used 116664K [0x0000000080000000, 0x0000000100000000)
  region size 1024K, 2 young (2048K), 2 survivors (2048K)
 Metaspace       used 96559K, capacity 98992K, committed 99328K, reserved 1134592K
  class space    used 12531K, capacity 13416K, committed 13568K, reserved 1048576K
}
Event: 78.382 GC heap before
{Heap before GC invocations=89 (full 0):
 garbage-first heap   total 186368K, used 148408K [0x0000000080000000, 0x0000000100000000)
  region size 1024K, 33 young (33792K), 2 survivors (2048K)
 Metaspace       used 96593K, capacity 99058K, committed 99328K, reserved 1134592K
  class space    used 12531K, capacity 13416K, committed 13568K, reserved 1048576K
}
Event: 78.388 GC heap after
{Heap after GC invocations=90 (full 0):
 garbage-first heap   total 186368K, used 117420K [0x0000000080000000, 0x0000000100000000)
  region size 1024K, 3 young (3072K), 3 survivors (3072K)
 Metaspace       used 96593K, capacity 99058K, committed 99328K, reserved 1134592K
  class space    used 12531K, capacity 13416K, committed 13568K, reserved 1048576K
}
Event: 78.526 GC heap before
{Heap before GC invocations=90 (full 0):
 garbage-first heap   total 186368K, used 150188K [0x0000000080000000, 0x0000000100000000)
  region size 1024K, 35 young (35840K), 3 survivors (3072K)
 Metaspace       used 96677K, capacity 99156K, committed 99584K, reserved 1134592K
  class space    used 12547K, capacity 13448K, committed 13568K, reserved 1048576K
}
Event: 78.533 GC heap after
{Heap after GC invocations=91 (full 0):
 garbage-first heap   total 186368K, used 117711K [0x0000000080000000, 0x0000000100000000)
  region size 1024K, 3 young (3072K), 3 survivors (3072K)
 Metaspace       used 96677K, capacity 99156K, committed 99584K, reserved 1134592K
  class space    used 12547K, capacity 13448K, committed 13568K, reserved 1048576K
}
Event: 78.785 GC heap before
{Heap before GC invocations=91 (full 0):
 garbage-first heap   total 186368K, used 151503K [0x0000000080000000, 0x0000000100000000)
  region size 1024K, 37 young (37888K), 3 survivors (3072K)
 Metaspace       used 96705K, capacity 99221K, committed 99584K, reserved 1134592K
  class space    used 12547K, capacity 13448K, committed 13568K, reserved 1048576K
}
Event: 78.795 GC heap after
{Heap after GC invocations=92 (full 0):
 garbage-first heap   total 224256K, used 118493K [0x0000000080000000, 0x0000000100000000)
  region size 1024K, 4 young (4096K), 4 survivors (4096K)
 Metaspace       used 96705K, capacity 99221K, committed 99584K, reserved 1134592K
  class space    used 12547K, capacity 13448K, committed 13568K, reserved 1048576K
}
Event: 79.118 GC heap before
{Heap before GC invocations=93 (full 0):
 garbage-first heap   total 224256K, used 172765K [0x0000000080000000, 0x0000000100000000)
  region size 1024K, 57 young (58368K), 4 survivors (4096K)
 Metaspace       used 96716K, capacity 99180K, committed 99584K, reserved 1134592K
  class space    used 12538K, capacity 13431K, committed 13568K, reserved 1048576K
}
Event: 79.126 GC heap after
{Heap after GC invocations=94 (full 0):
 garbage-first heap   total 224256K, used 118014K [0x0000000080000000, 0x0000000100000000)
  region size 1024K, 3 young (3072K), 3 survivors (3072K)
 Metaspace       used 96716K, capacity 99180K, committed 99584K, reserved 1134592K
  class space    used 12538K, capacity 13431K, committed 13568K, reserved 1048576K
}
Event: 79.343 GC heap before
{Heap before GC invocations=94 (full 0):
 garbage-first heap   total 224256K, used 181502K [0x0000000080000000, 0x0000000100000000)
  region size 1024K, 65 young (66560K), 3 survivors (3072K)
 Metaspace       used 96746K, capacity 99252K, committed 99584K, reserved 1134592K
  class space    used 12539K, capacity 13433K, committed 13568K, reserved 1048576K
}
Event: 79.353 GC heap after
{Heap after GC invocations=95 (full 0):
 garbage-first heap   total 224256K, used 118414K [0x0000000080000000, 0x0000000100000000)
  region size 1024K, 4 young (4096K), 4 survivors (4096K)
 Metaspace       used 96746K, capacity 99252K, committed 99584K, reserved 1134592K
  class space    used 12539K, capacity 13433K, committed 13568K, reserved 1048576K
}
Event: 79.874 GC heap before
{Heap before GC invocations=95 (full 0):
 garbage-first heap   total 224256K, used 182926K [0x0000000080000000, 0x0000000100000000)
  region size 1024K, 67 young (68608K), 4 survivors (4096K)
 Metaspace       used 96807K, capacity 99256K, committed 99584K, reserved 1134592K
  class space    used 12540K, capacity 13434K, committed 13568K, reserved 1048576K
}
Event: 79.883 GC heap after
{Heap after GC invocations=96 (full 0):
 garbage-first heap   total 224256K, used 118146K [0x0000000080000000, 0x0000000100000000)
  region size 1024K, 3 young (3072K), 3 survivors (3072K)
 Metaspace       used 96807K, capacity 99256K, committed 99584K, reserved 1134592K
  class space    used 12540K, capacity 13434K, committed 13568K, reserved 1048576K
}
Event: 80.260 GC heap before
{Heap before GC invocations=97 (full 0):
 garbage-first heap   total 224256K, used 187778K [0x0000000080000000, 0x0000000100000000)
  region size 1024K, 71 young (72704K), 3 survivors (3072K)
 Metaspace       used 96828K, capacity 99322K, committed 99584K, reserved 1134592K
  class space    used 12540K, capacity 13434K, committed 13568K, reserved 1048576K
}

Deoptimization events (20 events):
Event: 79.146 Thread 0x00000204c0f6e000 DEOPT PACKING pc=0x00000204a7e15e36 sp=0x000000e77d8f9010
Event: 79.146 Thread 0x00000204c0f6e000 DEOPT UNPACKING pc=0x00000204a5c976ce sp=0x000000e77d8f86f0 mode 0
Event: 79.303 Thread 0x00000204c0f6e000 Uncommon trap: trap_request=0xffffff4d fr.pc=0x00000204adf55b00 relative=0x0000000000000da0
Event: 79.303 Thread 0x00000204c0f6e000 Uncommon trap: reason=unstable_if action=reinterpret pc=0x00000204adf55b00 method=com.android.tools.r8.internal.Nf.b(I[Ljava/lang/Object;)Lcom/android/tools/r8/internal/Nf; @ 185 c2
Event: 79.303 Thread 0x00000204c0f6e000 DEOPT PACKING pc=0x00000204adf55b00 sp=0x000000e77d8f91a0
Event: 79.303 Thread 0x00000204c0f6e000 DEOPT UNPACKING pc=0x00000204a5c978af sp=0x000000e77d8f90c8 mode 2
Event: 79.538 Thread 0x00000204c335a000 Uncommon trap: trap_request=0xffffff7e fr.pc=0x00000204adf594e4 relative=0x0000000000002624
Event: 79.538 Thread 0x00000204c335a000 Uncommon trap: reason=predicate action=maybe_recompile pc=0x00000204adf594e4 method=com.android.tools.r8.internal.Lv.a(Lcom/android/tools/r8/internal/Le;Ljava/util/Set;)Z @ 337 c2
Event: 79.538 Thread 0x00000204c335a000 DEOPT PACKING pc=0x00000204adf594e4 sp=0x000000e77e0f5d50
Event: 79.538 Thread 0x00000204c335a000 DEOPT UNPACKING pc=0x00000204a5c978af sp=0x000000e77e0f5da8 mode 2
Event: 79.598 Thread 0x00000204c335a000 DEOPT PACKING pc=0x00000204a7e2915d sp=0x000000e77e0f6840
Event: 79.598 Thread 0x00000204c335a000 DEOPT UNPACKING pc=0x00000204a5c976ce sp=0x000000e77e0f5da8 mode 0
Event: 79.682 Thread 0x00000204c335a000 DEOPT PACKING pc=0x00000204a7d6279c sp=0x000000e77e0f5ed0
Event: 79.682 Thread 0x00000204c335a000 DEOPT UNPACKING pc=0x00000204a5c976ce sp=0x000000e77e0f5440 mode 0
Event: 79.795 Thread 0x00000204c0f6e000 DEOPT PACKING pc=0x00000204a7d84681 sp=0x000000e77d8f94e0
Event: 79.795 Thread 0x00000204c0f6e000 DEOPT UNPACKING pc=0x00000204a5c976ce sp=0x000000e77d8f8be0 mode 0
Event: 80.024 Thread 0x00000204c0f6e000 DEOPT PACKING pc=0x00000204a79c5dce sp=0x000000e77d8f8d50
Event: 80.024 Thread 0x00000204c0f6e000 DEOPT UNPACKING pc=0x00000204a5c976ce sp=0x000000e77d8f84d8 mode 0
Event: 80.077 Thread 0x00000204c0f6e000 DEOPT PACKING pc=0x00000204a7e527a5 sp=0x000000e77d8f9490
Event: 80.077 Thread 0x00000204c0f6e000 DEOPT UNPACKING pc=0x00000204a5c976ce sp=0x000000e77d8f89b0 mode 0

Classes redefined (0 events):
No events

Internal exceptions (20 events):
Event: 74.908 Thread 0x00000204c0f6e000 Exception <a 'java/lang/IncompatibleClassChangeError'{0x0000000088a20dc8}: Found class java.lang.Object, but interface was expected> (0x0000000088a20dc8) thrown at [./src/hotspot/share/interpreter/linkResolver.cpp, line 839]
Event: 74.908 Thread 0x00000204c335a000 Exception <a 'java/lang/IncompatibleClassChangeError'{0x0000000088b9d260}: Found class java.lang.Object, but interface was expected> (0x0000000088b9d260) thrown at [./src/hotspot/share/interpreter/linkResolver.cpp, line 839]
Event: 74.933 Thread 0x00000204c335a000 Exception <a 'java/lang/NoSuchMethodError'{0x0000000088a5ee90}: 'int java.lang.invoke.DirectMethodHandle$Holder.invokeVirtual(java.lang.Object, java.lang.Object, java.lang.Object)'> (0x0000000088a5ee90) thrown at [./src/hotspot/share/interpreter/linkResolver.cpp, line 773]
Event: 74.936 Thread 0x00000204c0f6e000 Implicit null exception at 0x00000204ade4eb37 to 0x00000204ade4ee7c
Event: 74.936 Thread 0x00000204c335a000 Implicit null exception at 0x00000204ade4eb37 to 0x00000204ade4ee7c
Event: 74.936 Thread 0x00000204c335a000 Implicit null exception at 0x00000204ade4eb37 to 0x00000204ade4ee7c
Event: 74.936 Thread 0x00000204c0f6e000 Implicit null exception at 0x00000204ade4eb37 to 0x00000204ade4ee7c
Event: 75.587 Thread 0x00000204c0f6e000 Exception <a 'java/lang/NoSuchMethodError'{0x0000000088f3a268}: 'java.lang.Object java.lang.invoke.Invokers$Holder.linkToTargetMethod(java.lang.Object, java.lang.Object, java.lang.Object, java.lang.Object, java.lang.Object, java.lang.Object, java.lang.Object)'> (0x0000000088f3a268) thrown at [./src/hotspot/share/interpreter/linkResolver.cpp, line 773]
Event: 75.587 Thread 0x00000204c335a000 Exception <a 'java/lang/NoSuchMethodError'{0x00000000890ecc68}: 'java.lang.Object java.lang.invoke.Invokers$Holder.linkToTargetMethod(java.lang.Object, java.lang.Object, java.lang.Object, java.lang.Object, java.lang.Object, java.lang.Object, java.lang.Object)'> (0x00000000890ecc68) thrown at [./src/hotspot/share/interpreter/linkResolver.cpp, line 773]
Event: 75.659 Thread 0x00000204c0f6e000 Exception <a 'java/lang/NoSuchMethodError'{0x0000000088c1c918}: 'java.lang.Object java.lang.invoke.DirectMethodHandle$Holder.invokeVirtual(java.lang.Object, java.lang.Object, int, java.lang.Object)'> (0x0000000088c1c918) thrown at [./src/hotspot/share/interpreter/linkResolver.cpp, line 773]
Event: 75.659 Thread 0x00000204c335a000 Exception <a 'java/lang/NoSuchMethodError'{0x0000000088dff7a0}: 'java.lang.Object java.lang.invoke.DirectMethodHandle$Holder.invokeVirtual(java.lang.Object, java.lang.Object, int, java.lang.Object)'> (0x0000000088dff7a0) thrown at [./src/hotspot/share/interpreter/linkResolver.cpp, line 773]
Event: 75.860 Thread 0x00000204c335a000 Exception <a 'java/lang/IncompatibleClassChangeError'{0x0000000088bf1230}: Found class java.lang.Object, but interface was expected> (0x0000000088bf1230) thrown at [./src/hotspot/share/interpreter/linkResolver.cpp, line 839]
Event: 75.861 Thread 0x00000204c335a000 Exception <a 'java/lang/IncompatibleClassChangeError'{0x0000000088bfdbb8}: Found class java.lang.Object, but interface was expected> (0x0000000088bfdbb8) thrown at [./src/hotspot/share/interpreter/linkResolver.cpp, line 839]
Event: 75.875 Thread 0x00000204c0f6e000 Exception <a 'java/lang/NoSuchMethodError'{0x0000000088afd118}: 'void java.lang.invoke.DirectMethodHandle$Holder.invokeVirtual(java.lang.Object, java.lang.Object, int, java.lang.Object)'> (0x0000000088afd118) thrown at [./src/hotspot/share/interpreter/linkResolver.cpp, line 773]
Event: 76.042 Thread 0x00000204c0f6e000 Exception <a 'java/lang/NoSuchMethodError'{0x00000000894fb660}: 'java.lang.Object java.lang.invoke.DirectMethodHandle$Holder.newInvokeSpecial(java.lang.Object, int)'> (0x00000000894fb660) thrown at [./src/hotspot/share/interpreter/linkResolver.cpp, line 773]
Event: 76.042 Thread 0x00000204c335a000 Exception <a 'java/lang/NoSuchMethodError'{0x0000000089313080}: 'java.lang.Object java.lang.invoke.DirectMethodHandle$Holder.newInvokeSpecial(java.lang.Object, int)'> (0x0000000089313080) thrown at [./src/hotspot/share/interpreter/linkResolver.cpp, line 773]
Event: 76.158 Thread 0x00000204c0f6e000 Exception <a 'java/lang/NoSuchMethodError'{0x0000000088faab50}: 'java.lang.Object java.lang.invoke.DirectMethodHandle$Holder.invokeInterface(java.lang.Object, java.lang.Object, int)'> (0x0000000088faab50) thrown at [./src/hotspot/share/interpreter/linkResolver.cpp, line 773]
Event: 76.373 Thread 0x00000204c335a000 Implicit null exception at 0x00000204ada344eb to 0x00000204ada3450c
Event: 76.462 Thread 0x00000204c335e000 Exception <a 'java/lang/NoSuchMethodError'{0x0000000088eecb20}: 'int java.lang.invoke.DirectMethodHandle$Holder.invokeSpecialIFC(java.lang.Object, java.lang.Object, java.lang.Object)'> (0x0000000088eecb20) thrown at [./src/hotspot/share/interpreter/linkResolver.cpp, line 773]
Event: 76.777 Thread 0x00000204c0f6e000 Exception <a 'java/lang/NoSuchMethodError'{0x00000000895eee78}: 'int java.lang.invoke.DirectMethodHandle$Holder.invokeInterface(java.lang.Object, java.lang.Object, int)'> (0x00000000895eee78) thrown at [./src/hotspot/share/interpreter/linkResolver.cpp, line 773]

Events (20 events):
Event: 79.126 Executing VM operation: G1CollectForAllocation done
Event: 79.220 loading class com/android/tools/r8/internal/NG
Event: 79.220 loading class com/android/tools/r8/internal/NG done
Event: 79.220 loading class com/android/tools/r8/internal/Fg
Event: 79.220 loading class com/android/tools/r8/internal/Fg done
Event: 79.220 loading class com/android/tools/r8/internal/NG
Event: 79.220 loading class com/android/tools/r8/internal/NG done
Event: 79.343 Executing VM operation: G1CollectForAllocation
Event: 79.353 Executing VM operation: G1CollectForAllocation done
Event: 79.703 Executing VM operation: CGC_Operation
Event: 79.724 Executing VM operation: CGC_Operation done
Event: 79.807 loading class com/android/tools/r8/internal/X$i$a
Event: 79.807 loading class com/android/tools/r8/internal/X$i$a done
Event: 79.808 loading class com/android/tools/r8/internal/Lv
Event: 79.808 loading class com/android/tools/r8/internal/Lv done
Event: 79.873 Executing VM operation: G1CollectForAllocation
Event: 79.883 Executing VM operation: G1CollectForAllocation done
Event: 79.914 Executing VM operation: CGC_Operation
Event: 79.915 Executing VM operation: CGC_Operation done
Event: 80.260 Executing VM operation: G1CollectForAllocation


Dynamic libraries:
0x00007ff734090000 - 0x00007ff73409a000 	D:\Software\Android Studio\jre\bin\java.exe
0x00007ffdf6d10000 - 0x00007ffdf6f05000 	C:\Windows\SYSTEM32\ntdll.dll
0x00007ffdf6810000 - 0x00007ffdf68ce000 	C:\Windows\System32\KERNEL32.DLL
0x00007ffdf4740000 - 0x00007ffdf4a08000 	C:\Windows\System32\KERNELBASE.dll
0x00007ffdf45b0000 - 0x00007ffdf46b0000 	C:\Windows\System32\ucrtbase.dll
0x00007ffddba40000 - 0x00007ffddba57000 	D:\Software\Android Studio\jre\bin\VCRUNTIME140.dll
0x00007ffdece30000 - 0x00007ffdece49000 	D:\Software\Android Studio\jre\bin\jli.dll
0x00007ffdf69b0000 - 0x00007ffdf6b50000 	C:\Windows\System32\USER32.dll
0x00007ffddbfa0000 - 0x00007ffddc23a000 	C:\Windows\WinSxS\amd64_microsoft.windows.common-controls_6595b64144ccf1df_6.0.19041.1110_none_60b5254171f9507e\COMCTL32.dll
0x00007ffdf6b50000 - 0x00007ffdf6bee000 	C:\Windows\System32\msvcrt.dll
0x00007ffdf4be0000 - 0x00007ffdf4c02000 	C:\Windows\System32\win32u.dll
0x00007ffdf5410000 - 0x00007ffdf543b000 	C:\Windows\System32\GDI32.dll
0x00007ffdf4420000 - 0x00007ffdf452d000 	C:\Windows\System32\gdi32full.dll
0x00007ffdf4cc0000 - 0x00007ffdf4d5d000 	C:\Windows\System32\msvcp_win.dll
0x00007ffdf67e0000 - 0x00007ffdf6810000 	C:\Windows\System32\IMM32.DLL
0x00007ffdc0ec0000 - 0x00007ffdc0f5d000 	D:\Software\Android Studio\jre\bin\msvcp140.dll
0x00007ffd86c50000 - 0x00007ffd8771f000 	D:\Software\Android Studio\jre\bin\server\jvm.dll
0x00007ffdf6620000 - 0x00007ffdf66ce000 	C:\Windows\System32\ADVAPI32.dll
0x00007ffdf5440000 - 0x00007ffdf54dc000 	C:\Windows\System32\sechost.dll
0x00007ffdf4f80000 - 0x00007ffdf50a5000 	C:\Windows\System32\RPCRT4.dll
0x00007ffdf4e90000 - 0x00007ffdf4e98000 	C:\Windows\System32\PSAPI.DLL
0x00007ffdef480000 - 0x00007ffdef489000 	C:\Windows\SYSTEM32\WSOCK32.dll
0x00007ffdcfc10000 - 0x00007ffdcfc37000 	C:\Windows\SYSTEM32\WINMM.dll
0x00007ffdeb2b0000 - 0x00007ffdeb2ba000 	C:\Windows\SYSTEM32\VERSION.dll
0x00007ffdf5670000 - 0x00007ffdf56db000 	C:\Windows\System32\WS2_32.dll
0x00007ffdf2ca0000 - 0x00007ffdf2cb2000 	C:\Windows\SYSTEM32\kernel.appcore.dll
0x00007ffddaf50000 - 0x00007ffddaf61000 	D:\Software\Android Studio\jre\bin\verify.dll
0x00007ffdf2220000 - 0x00007ffdf2404000 	C:\Windows\SYSTEM32\DBGHELP.DLL
0x00007ffde34f0000 - 0x00007ffde351c000 	C:\Windows\SYSTEM32\dbgcore.DLL
0x00007ffdf46b0000 - 0x00007ffdf4732000 	C:\Windows\System32\bcryptPrimitives.dll
0x00007ffdd3140000 - 0x00007ffdd3169000 	D:\Software\Android Studio\jre\bin\java.dll
0x00007ffdef470000 - 0x00007ffdef47b000 	D:\Software\Android Studio\jre\bin\jimage.dll
0x00007ffdd30b0000 - 0x00007ffdd30c8000 	D:\Software\Android Studio\jre\bin\zip.dll
0x00007ffdf5790000 - 0x00007ffdf5ed4000 	C:\Windows\System32\SHELL32.dll
0x00007ffdf24f0000 - 0x00007ffdf2c84000 	C:\Windows\SYSTEM32\windows.storage.dll
0x00007ffdf50b0000 - 0x00007ffdf5405000 	C:\Windows\System32\combase.dll
0x00007ffdf3e70000 - 0x00007ffdf3e9e000 	C:\Windows\SYSTEM32\Wldp.dll
0x00007ffdf6570000 - 0x00007ffdf661d000 	C:\Windows\System32\SHCORE.dll
0x00007ffdf54e0000 - 0x00007ffdf5535000 	C:\Windows\System32\shlwapi.dll
0x00007ffdf4360000 - 0x00007ffdf437f000 	C:\Windows\SYSTEM32\profapi.dll
0x00007ffdd2d40000 - 0x00007ffdd2d5a000 	D:\Software\Android Studio\jre\bin\net.dll
0x00007ffde4330000 - 0x00007ffde443c000 	C:\Windows\SYSTEM32\WINHTTP.dll
0x00007ffdf3bd0000 - 0x00007ffdf3c3a000 	C:\Windows\system32\mswsock.dll
0x00007ffdd2d20000 - 0x00007ffdd2d34000 	D:\Software\Android Studio\jre\bin\nio.dll
0x00007ffdd78a0000 - 0x00007ffdd78c7000 	C:\Users\michi\.gradle\native\8bec1ad78214c89d9ad589b4d07fe93259594b29d510b10fafb7a158f7737e5d\windows-amd64\native-platform.dll
0x00007ffdb9db0000 - 0x00007ffdb9eed000 	C:\Users\michi\.gradle\native\53dbd7edfb1c66fb8903c78663c9afc45aea4f116125fa6feffd364cf09443e8\windows-amd64\native-platform-file-events.dll
0x00007ffdef390000 - 0x00007ffdef39a000 	D:\Software\Android Studio\jre\bin\management.dll
0x00007ffde2d20000 - 0x00007ffde2d2c000 	D:\Software\Android Studio\jre\bin\management_ext.dll
0x00007ffdf3dc0000 - 0x00007ffdf3dd8000 	C:\Windows\SYSTEM32\CRYPTSP.dll
0x00007ffdf34e0000 - 0x00007ffdf3514000 	C:\Windows\system32\rsaenh.dll
0x00007ffdf4530000 - 0x00007ffdf4557000 	C:\Windows\System32\bcrypt.dll
0x00007ffdf42e0000 - 0x00007ffdf430e000 	C:\Windows\SYSTEM32\USERENV.dll
0x00007ffdf3de0000 - 0x00007ffdf3dec000 	C:\Windows\SYSTEM32\CRYPTBASE.dll
0x00007ffdf3870000 - 0x00007ffdf38ab000 	C:\Windows\SYSTEM32\IPHLPAPI.DLL
0x00007ffdf6cc0000 - 0x00007ffdf6cc8000 	C:\Windows\System32\NSI.dll
0x00007ffde4b40000 - 0x00007ffde4b57000 	C:\Windows\SYSTEM32\dhcpcsvc6.DLL
0x00007ffde4e70000 - 0x00007ffde4e8d000 	C:\Windows\SYSTEM32\dhcpcsvc.DLL
0x00007ffdf3910000 - 0x00007ffdf39db000 	C:\Windows\SYSTEM32\DNSAPI.dll

dbghelp: loaded successfully - version: 4.0.5 - missing functions: none
symbol engine: initialized successfully - sym options: 0x614 - pdb path: .;D:\Software\Android Studio\jre\bin;C:\Windows\SYSTEM32;C:\Windows\WinSxS\amd64_microsoft.windows.common-controls_6595b64144ccf1df_6.0.19041.1110_none_60b5254171f9507e;D:\Software\Android Studio\jre\bin\server;C:\Users\michi\.gradle\native\8bec1ad78214c89d9ad589b4d07fe93259594b29d510b10fafb7a158f7737e5d\windows-amd64;C:\Users\michi\.gradle\native\53dbd7edfb1c66fb8903c78663c9afc45aea4f116125fa6feffd364cf09443e8\windows-amd64

VM Arguments:
jvm_args: --add-opens=java.base/java.util=ALL-UNNAMED --add-opens=java.base/java.lang=ALL-UNNAMED --add-opens=java.base/java.lang.invoke=ALL-UNNAMED --add-opens=java.base/java.util=ALL-UNNAMED --add-opens=java.prefs/java.util.prefs=ALL-UNNAMED --add-opens=java.prefs/java.util.prefs=ALL-UNNAMED --add-opens=java.base/java.nio.charset=ALL-UNNAMED --add-opens=java.base/java.net=ALL-UNNAMED --add-opens=java.base/java.util.concurrent.atomic=ALL-UNNAMED -Xmx2048m -Dfile.encoding=UTF-8 -Duser.country=ID -Duser.language=en -Duser.variant 
java_command: org.gradle.launcher.daemon.bootstrap.GradleDaemon 7.0.2
java_class_path (initial): C:\Users\michi\.gradle\wrapper\dists\gradle-7.0.2-bin\857tjihv64xamwrf0h14cai3r\gradle-7.0.2\lib\gradle-launcher-7.0.2.jar
Launcher Type: SUN_STANDARD

[Global flags]
     intx CICompilerCount                          = 3                                         {product} {ergonomic}
     uint ConcGCThreads                            = 1                                         {product} {ergonomic}
     uint G1ConcRefinementThreads                  = 4                                         {product} {ergonomic}
   size_t G1HeapRegionSize                         = 1048576                                   {product} {ergonomic}
    uintx GCDrainStackTargetSize                   = 64                                        {product} {ergonomic}
   size_t InitialHeapSize                          = 67108864                                  {product} {ergonomic}
   size_t MarkStackSize                            = 4194304                                   {product} {ergonomic}
   size_t MaxHeapSize                              = 2147483648                                {product} {command line}
   size_t MaxNewSize                               = 1287651328                                {product} {ergonomic}
   size_t MinHeapDeltaBytes                        = 1048576                                   {product} {ergonomic}
    uintx NonNMethodCodeHeapSize                   = 5830732                                {pd product} {ergonomic}
    uintx NonProfiledCodeHeapSize                  = 122913754                              {pd product} {ergonomic}
    uintx ProfiledCodeHeapSize                     = 122913754                              {pd product} {ergonomic}
    uintx ReservedCodeCacheSize                    = 251658240                              {pd product} {ergonomic}
     bool SegmentedCodeCache                       = true                                      {product} {ergonomic}
     bool UseCompressedClassPointers               = true                                 {lp64_product} {ergonomic}
     bool UseCompressedOops                        = true                                 {lp64_product} {ergonomic}
     bool UseG1GC                                  = true                                      {product} {ergonomic}
     bool UseLargePagesIndividualAllocation        = false                                  {pd product} {ergonomic}

Logging:
Log output configuration:
 #0: stdout all=warning uptime,level,tags
 #1: stderr all=off uptime,level,tags

Environment Variables:
PATH=C:\Program Files (x86)\Common Files\Oracle\Java\javapath;C:\Program Files\Common Files\Oracle\Java\javapath;C:\Windows\system32;C:\Windows;C:\Windows\System32\Wbem;C:\Windows\System32\WindowsPowerShell\v1.0\;C:\Windows\System32\OpenSSH\;D:\Software\MinGW\bin;D:\Software\Git\cmd;D:\Software\Git\bin;C:\Users\michi\AppData\Local\Programs\Python\Python310\Scripts\;C:\Users\michi\AppData\Local\Programs\Python\Python310\;C:\Users\michi\AppData\Local\Programs\Python\Python310\Scripts\;C:\Users\michi\AppData\Local\Programs\Python\Python310\;C:\Users\michi\AppData\Local\Microsoft\WindowsApps;D:\Software\Microsoft VS Code\bin;D:\Software\MinGW\bin;D:\Software\Git\bin;D:\Software\Git\cmd;
USERNAME=michi
OS=Windows_NT
PROCESSOR_IDENTIFIER=Intel64 Family 6 Model 142 Stepping 9, GenuineIntel



---------------  S Y S T E M  ---------------

OS: Windows 10 , 64 bit Build 19041 (10.0.19041.1503)
OS uptime: 0 days 21:33 hours

CPU:total 4 (initial active 4) (2 cores per cpu, 2 threads per core) family 6 model 142 stepping 9 microcode 0xb4, cmov, cx8, fxsr, mmx, sse, sse2, sse3, ssse3, sse4.1, sse4.2, popcnt, avx, avx2, aes, clmul, erms, 3dnowpref, lzcnt, ht, tsc, tscinvbit, bmi1, bmi2, adx, fma

Memory: 4k page, system-wide physical 3981M (304M free)
TotalPageFile size 8077M (AvailPageFile size 54M)
current process WorkingSet (physical memory assigned to process): 482M, peak: 486M
current process commit charge ("private bytes"): 578M, peak: 660M

vm_info: OpenJDK 64-Bit Server VM (11.0.10+0-b96-7249189) for windows-amd64 JRE (11.0.10+0-b96-7249189), built on Mar 31 2021 21:44:00 by "builder" with MS VC++ 14.0 (VS2015)

END.
