#
# There is insufficient memory for the Java Runtime Environment to continue.
# Native memory allocation (mmap) failed to map 225443840 bytes for Failed to commit area from 0x000000008c800000 to 0x0000000099f00000 of length 225443840.
# Possible reasons:
#   The system is out of physical RAM or swap space
#   The process is running with CompressedOops enabled, and the Java Heap may be blocking the growth of the native heap
# Possible solutions:
#   Reduce memory load on the system
#   Increase physical memory or swap space
#   Check if swap backing store is full
#   Decrease Java heap size (-Xmx/-Xms)
#   Decrease number of Java threads
#   Decrease Java thread stack sizes (-Xss)
#   Set larger code cache with -XX:ReservedCodeCacheSize=
#   JVM is running with Unscaled Compressed Oops mode in which the Java heap is
#     placed in the first 4GB address space. The Java Heap base address is the
#     maximum limit for the native heap growth. Please use -XX:HeapBaseMinAddress
#     to set the Java Heap base and to place the Java Heap above 4GB virtual address.
# This output file may be truncated or incomplete.
#
#  Out of Memory Error (./src/hotspot/os/windows/os_windows.cpp:3301), pid=9696, tid=6568
#
# JRE version: OpenJDK Runtime Environment (11.0.10) (build 11.0.10+0-b96-7249189)
# Java VM: OpenJDK 64-Bit Server VM (11.0.10+0-b96-7249189, mixed mode, tiered, compressed oops, g1 gc, windows-amd64)
# No core dump will be written. Minidumps are not enabled by default on client versions of Windows
#

---------------  S U M M A R Y ------------

Command Line: --add-opens=java.base/java.util=ALL-UNNAMED --add-opens=java.base/java.lang=ALL-UNNAMED --add-opens=java.base/java.lang.invoke=ALL-UNNAMED --add-opens=java.base/java.util=ALL-UNNAMED --add-opens=java.prefs/java.util.prefs=ALL-UNNAMED --add-opens=java.prefs/java.util.prefs=ALL-UNNAMED --add-opens=java.base/java.nio.charset=ALL-UNNAMED --add-opens=java.base/java.net=ALL-UNNAMED --add-opens=java.base/java.util.concurrent.atomic=ALL-UNNAMED -Xmx2048m -Dfile.encoding=UTF-8 -Duser.country=ID -Duser.language=en -Duser.variant org.gradle.launcher.daemon.bootstrap.GradleDaemon 7.0.2

Host: Intel(R) Core(TM) i5-7200U CPU @ 2.50GHz, 4 cores, 3G,  Windows 10 , 64 bit Build 19041 (10.0.19041.1503)
Time: Thu Mar  3 15:06:57 2022 SE Asia Standard Time elapsed time: 109.810715 seconds (0d 0h 1m 49s)

---------------  T H R E A D  ---------------

Current thread (0x0000015e7fab0800):  VMThread "VM Thread" [stack: 0x0000001c9e200000,0x0000001c9e300000] [id=6568]

Stack: [0x0000001c9e200000,0x0000001c9e300000]
[error occurred during error reporting (printing stack bounds), id 0xc0000005, EXCEPTION_ACCESS_VIOLATION (0xc0000005) at pc=0x0000015e6d290f2d]

Native frames: (J=compiled Java code, j=interpreted, Vv=VM code, C=native code)
V  [jvm.dll+0x5ecfaa]
V  [jvm.dll+0x722bd5]
V  [jvm.dll+0x72412d]
V  [jvm.dll+0x724745]
V  [jvm.dll+0x7246fb]
V  [jvm.dll+0x5ec348]
V  [jvm.dll+0x5ecad8]
C  [ntdll.dll+0xa20cf]
C  [ntdll.dll+0x51454]
C  [ntdll.dll+0xa0bfe]
C  0x0000015e6d290f2d

VM_Operation (0x0000001ca1afe410): G1CollectForAllocation, mode: safepoint, requested by thread 0x0000015e091fc000


---------------  P R O C E S S  ---------------

Threads class SMR info:
_java_thread_list=0x0000015e0d09def0, length=55, elements={
0x0000015e6979a000, 0x0000015e7fab7000, 0x0000015e7faba800, 0x0000015e7fb12800,
0x0000015e7fb18800, 0x0000015e7fb1a000, 0x0000015e7fb1d000, 0x0000015e7fb23000,
0x0000015e7fb28800, 0x0000015e0494a000, 0x0000015e05fb9800, 0x0000015e065c7800,
0x0000015e065ed800, 0x0000015e0623c800, 0x0000015e059f1800, 0x0000015e057c8000,
0x0000015e057c9000, 0x0000015e05e3c000, 0x0000015e05895800, 0x0000015e05893000,
0x0000015e05893800, 0x0000015e05894800, 0x0000015e06c4c800, 0x0000015e06c49800,
0x0000015e06c4b000, 0x0000015e06c47000, 0x0000015e06c48000, 0x0000015e06c4d800,
0x0000015e06c4e800, 0x0000015e06c51800, 0x0000015e06c50000, 0x0000015e06c4f000,
0x0000015e06c53000, 0x0000015e06c54000, 0x0000015e06c55000, 0x0000015e06c51000,
0x0000015e06c55800, 0x0000015e091f2000, 0x0000015e091f4800, 0x0000015e091f5800,
0x0000015e091f6000, 0x0000015e091f3000, 0x0000015e091f1000, 0x0000015e091f8800,
0x0000015e091f7800, 0x0000015e091f9800, 0x0000015e091f3800, 0x0000015e091fa000,
0x0000015e091fd800, 0x0000015e091fe800, 0x0000015e091fc800, 0x0000015e091fb000,
0x0000015e09200000, 0x0000015e091fc000, 0x0000015e0ed02000
}

Java Threads: ( => current thread )
  0x0000015e6979a000 JavaThread "main" [_thread_blocked, id=1872, stack(0x0000001c9dc00000,0x0000001c9dd00000)]
  0x0000015e7fab7000 JavaThread "Reference Handler" daemon [_thread_blocked, id=9540, stack(0x0000001c9e300000,0x0000001c9e400000)]
  0x0000015e7faba800 JavaThread "Finalizer" daemon [_thread_blocked, id=10416, stack(0x0000001c9e400000,0x0000001c9e500000)]
  0x0000015e7fb12800 JavaThread "Signal Dispatcher" daemon [_thread_blocked, id=10580, stack(0x0000001c9e500000,0x0000001c9e600000)]
  0x0000015e7fb18800 JavaThread "Attach Listener" daemon [_thread_blocked, id=1880, stack(0x0000001c9e600000,0x0000001c9e700000)]
  0x0000015e7fb1a000 JavaThread "Service Thread" daemon [_thread_blocked, id=2388, stack(0x0000001c9e700000,0x0000001c9e800000)]
  0x0000015e7fb1d000 JavaThread "C2 CompilerThread0" daemon [_thread_blocked, id=10576, stack(0x0000001c9e800000,0x0000001c9e900000)]
  0x0000015e7fb23000 JavaThread "C1 CompilerThread0" daemon [_thread_blocked, id=4004, stack(0x0000001c9e900000,0x0000001c9ea00000)]
  0x0000015e7fb28800 JavaThread "Sweeper thread" daemon [_thread_blocked, id=2164, stack(0x0000001c9ea00000,0x0000001c9eb00000)]
  0x0000015e0494a000 JavaThread "Common-Cleaner" daemon [_thread_blocked, id=10432, stack(0x0000001c9eb00000,0x0000001c9ec00000)]
  0x0000015e05fb9800 JavaThread "Daemon health stats" [_thread_blocked, id=8700, stack(0x0000001c9ef00000,0x0000001c9f000000)]
  0x0000015e065c7800 JavaThread "Incoming local TCP Connector on port 60008" [_thread_in_native, id=10100, stack(0x0000001c9ed00000,0x0000001c9ee00000)]
  0x0000015e065ed800 JavaThread "Daemon periodic checks" [_thread_blocked, id=5872, stack(0x0000001c9f000000,0x0000001c9f100000)]
  0x0000015e0623c800 JavaThread "Daemon" [_thread_blocked, id=8004, stack(0x0000001c9f100000,0x0000001c9f200000)]
  0x0000015e059f1800 JavaThread "Handler for socket connection from /127.0.0.1:60008 to /127.0.0.1:60009" [_thread_in_native, id=7212, stack(0x0000001c9f200000,0x0000001c9f300000)]
  0x0000015e057c8000 JavaThread "Cancel handler" [_thread_blocked, id=5500, stack(0x0000001c9f300000,0x0000001c9f400000)]
  0x0000015e057c9000 JavaThread "Daemon worker" [_thread_blocked, id=3468, stack(0x0000001c9f400000,0x0000001c9f500000)]
  0x0000015e05e3c000 JavaThread "Asynchronous log dispatcher for DefaultDaemonConnection: socket connection from /127.0.0.1:60008 to /127.0.0.1:60009" [_thread_blocked, id=2944, stack(0x0000001c9f500000,0x0000001c9f600000)]
  0x0000015e05895800 JavaThread "Daemon client event forwarder" [_thread_blocked, id=6164, stack(0x0000001c9f700000,0x0000001c9f800000)]
  0x0000015e05893000 JavaThread "Cache worker for file hash cache (C:\Users\michi\.gradle\caches\7.0.2\fileHashes)" [_thread_blocked, id=6136, stack(0x0000001c9fa00000,0x0000001c9fb00000)]
  0x0000015e05893800 JavaThread "File lock request listener" [_thread_in_native, id=9172, stack(0x0000001c9fb00000,0x0000001c9fc00000)]
  0x0000015e05894800 JavaThread "Cache worker for journal cache (C:\Users\michi\.gradle\caches\journal-1)" [_thread_blocked, id=7864, stack(0x0000001c9fc00000,0x0000001c9fd00000)]
  0x0000015e06c4c800 JavaThread "Cache worker for file hash cache (C:\Users\michi\AndroidStudioProjects\TukangTech\.gradle\7.0.2\fileHashes)" [_thread_blocked, id=9200, stack(0x0000001c9fd00000,0x0000001c9fe00000)]
  0x0000015e06c49800 JavaThread "File watcher server" daemon [_thread_blocked, id=9584, stack(0x0000001c9fe00000,0x0000001c9ff00000)]
  0x0000015e06c4b000 JavaThread "File watcher consumer" daemon [_thread_blocked, id=9060, stack(0x0000001c9ff00000,0x0000001ca0000000)]
  0x0000015e06c47000 JavaThread "Cache worker for checksums cache (C:\Users\michi\AndroidStudioProjects\TukangTech\.gradle\checksums)" [_thread_blocked, id=7652, stack(0x0000001ca0000000,0x0000001ca0100000)]
  0x0000015e06c48000 JavaThread "Cache worker for cache directory md-supplier (C:\Users\michi\.gradle\caches\7.0.2\md-supplier)" [_thread_blocked, id=2052, stack(0x0000001ca0100000,0x0000001ca0200000)]
  0x0000015e06c4d800 JavaThread "Cache worker for cache directory md-rule (C:\Users\michi\.gradle\caches\7.0.2\md-rule)" [_thread_blocked, id=2956, stack(0x0000001ca0300000,0x0000001ca0400000)]
  0x0000015e06c4e800 JavaThread "Cache worker for execution history cache (C:\Users\michi\.gradle\caches\7.0.2\executionHistory)" [_thread_blocked, id=7396, stack(0x0000001ca0400000,0x0000001ca0500000)]
  0x0000015e06c51800 JavaThread "jar transforms" [_thread_blocked, id=1768, stack(0x0000001ca0200000,0x0000001ca0300000)]
  0x0000015e06c50000 JavaThread "jar transforms Thread 2" [_thread_blocked, id=7008, stack(0x0000001ca0500000,0x0000001ca0600000)]
  0x0000015e06c4f000 JavaThread "Cache worker for file content cache (C:\Users\michi\.gradle\caches\7.0.2\fileContent)" [_thread_blocked, id=5588, stack(0x0000001ca0600000,0x0000001ca0700000)]
  0x0000015e06c53000 JavaThread "Cache worker for dependencies-accessors (C:\Users\michi\AndroidStudioProjects\TukangTech\.gradle\7.0.2\dependencies-accessors)" [_thread_blocked, id=364, stack(0x0000001ca0700000,0x0000001ca0800000)]
  0x0000015e06c54000 JavaThread "jar transforms Thread 3" [_thread_blocked, id=5736, stack(0x0000001ca0800000,0x0000001ca0900000)]
  0x0000015e06c55000 JavaThread "Cache worker for Build Output Cleanup Cache (C:\Users\michi\AndroidStudioProjects\TukangTech\.gradle\buildOutputCleanup)" [_thread_blocked, id=6972, stack(0x0000001ca0900000,0x0000001ca0a00000)]
  0x0000015e06c51000 JavaThread "Build operations" [_thread_blocked, id=6276, stack(0x0000001ca0a00000,0x0000001ca0b00000)]
  0x0000015e06c55800 JavaThread "Build operations Thread 2" [_thread_blocked, id=3200, stack(0x0000001ca0b00000,0x0000001ca0c00000)]
  0x0000015e091f2000 JavaThread "Build operations Thread 3" [_thread_blocked, id=11008, stack(0x0000001ca0c00000,0x0000001ca0d00000)]
  0x0000015e091f4800 JavaThread "Build operations Thread 4" [_thread_blocked, id=10200, stack(0x0000001ca0d00000,0x0000001ca0e00000)]
  0x0000015e091f5800 JavaThread "jar transforms Thread 4" [_thread_blocked, id=3824, stack(0x0000001ca0e00000,0x0000001ca0f00000)]
  0x0000015e091f6000 JavaThread "Memory manager" [_thread_blocked, id=8704, stack(0x0000001ca0f00000,0x0000001ca1000000)]
  0x0000015e091f3000 JavaThread "build event listener" [_thread_blocked, id=2604, stack(0x0000001ca1000000,0x0000001ca1100000)]
  0x0000015e091f1000 JavaThread "Execution worker for ':'" [_thread_blocked, id=6684, stack(0x0000001ca1100000,0x0000001ca1200000)]
  0x0000015e091f8800 JavaThread "Execution worker for ':' Thread 2" [_thread_blocked, id=10400, stack(0x0000001ca1200000,0x0000001ca1300000)]
  0x0000015e091f7800 JavaThread "Execution worker for ':' Thread 3" [_thread_blocked, id=9248, stack(0x0000001ca1300000,0x0000001ca1400000)]
  0x0000015e091f9800 JavaThread "Cache worker for execution history cache (C:\Users\michi\AndroidStudioProjects\TukangTech\.gradle\7.0.2\executionHistory)" [_thread_blocked, id=9892, stack(0x0000001ca1400000,0x0000001ca1500000)]
  0x0000015e091f3800 JavaThread "WorkerExecutor Queue" [_thread_blocked, id=6576, stack(0x0000001ca1700000,0x0000001ca1800000)]
  0x0000015e091fa000 JavaThread "WorkerExecutor Queue Thread 6" [_thread_blocked, id=7900, stack(0x0000001c9da00000,0x0000001c9db00000)]
  0x0000015e091fd800 JavaThread "WorkerExecutor Queue Thread 7" [_thread_blocked, id=4236, stack(0x0000001c9db00000,0x0000001c9dc00000)]
  0x0000015e091fe800 JavaThread "WorkerExecutor Queue Thread 8" [_thread_blocked, id=248, stack(0x0000001c9f600000,0x0000001c9f700000)]
  0x0000015e091fc800 JavaThread "pool-3-thread-1" [_thread_blocked, id=10064, stack(0x0000001c9d900000,0x0000001c9da00000)]
  0x0000015e091fb000 JavaThread "ForkJoinPool-1-worker-3" daemon [_thread_blocked, id=8568, stack(0x0000001ca1800000,0x0000001ca1900000)]
  0x0000015e09200000 JavaThread "ForkJoinPool-1-worker-5" daemon [_thread_blocked, id=11144, stack(0x0000001ca1900000,0x0000001ca1a00000)]
  0x0000015e091fc000 JavaThread "ForkJoinPool-1-worker-7" daemon [_thread_blocked, id=2556, stack(0x0000001ca1a00000,0x0000001ca1b00000)]
  0x0000015e0ed02000 JavaThread "ForkJoinPool-1-worker-1" daemon [_thread_blocked, id=8416, stack(0x0000001ca1b00000,0x0000001ca1c00000)]

Other Threads:
=>0x0000015e7fab0800 VMThread "VM Thread" [stack: 0x0000001c9e200000,0x0000001c9e300000] [id=6568]
  0x0000015e049c1000 WatcherThread [stack: 0x0000001c9ec00000,0x0000001c9ed00000] [id=1072]
  0x0000015e697b3000 GCTaskThread "GC Thread#0" [stack: 0x0000001c9dd00000,0x0000001c9de00000] [id=2916]
  0x0000015e04c89000 GCTaskThread "GC Thread#1" [stack: 0x0000001c9ee00000,0x0000001c9ef00000] [id=7188]
  0x0000015e05e39000 GCTaskThread "GC Thread#2" [stack: 0x0000001c9f800000,0x0000001c9f900000] [id=5480]
  0x0000015e04b81000 GCTaskThread "GC Thread#3" [stack: 0x0000001c9f900000,0x0000001c9fa00000] [id=7676]
  0x0000015e697e5800 ConcurrentGCThread "G1 Main Marker" [stack: 0x0000001c9de00000,0x0000001c9df00000] [id=9320]
  0x0000015e697e6800 ConcurrentGCThread "G1 Conc#0" [stack: 0x0000001c9df00000,0x0000001c9e000000] [id=5528]
  0x0000015e69840800 ConcurrentGCThread "G1 Refine#0" [stack: 0x0000001c9e000000,0x0000001c9e100000] [id=9348]
  0x0000015e69841800 ConcurrentGCThread "G1 Young RemSet Sampling" [stack: 0x0000001c9e100000,0x0000001c9e200000] [id=9620]

Threads with active compile tasks:
C2 CompilerThread0 113190 15176       4       com.android.tools.r8.code.w1::a (4137 bytes)

VM state:at safepoint (normal execution)

VM Mutex/Monitor currently owned by a thread:  ([mutex/lock_event])
[0x0000015e69797240] Threads_lock - owner thread: 0x0000015e7fab0800
[0x0000015e697965e0] Heap_lock - owner thread: 0x0000015e091fc000

Heap address: 0x0000000080000000, size: 2048 MB, Compressed Oops mode: 32-bit
Narrow klass base: 0x0000000000000000, Narrow klass shift: 3
Compressed class space size: 1073741824 Address: 0x0000000100000000

Heap:
 garbage-first heap   total 424960K, used 173292K [0x0000000080000000, 0x0000000100000000)
  region size 1024K, 2 young (2048K), 2 survivors (2048K)
 Metaspace       used 103908K, capacity 106335K, committed 106624K, reserved 1142784K
  class space    used 13229K, capacity 14129K, committed 14208K, reserved 1048576K
Heap Regions: E=young(eden), S=young(survivor), O=old, HS=humongous(starts), HC=humongous(continues), CS=collection set, F=free, A=archive, TAMS=top-at-mark-start (previous, next)
|   0|0x0000000080000000, 0x0000000080100000, 0x0000000080100000|100%| O|  |TAMS 0x0000000080100000, 0x0000000080100000| Untracked 
|   1|0x0000000080100000, 0x0000000080200000, 0x0000000080200000|100%| O|  |TAMS 0x0000000080200000, 0x0000000080200000| Untracked 
|   2|0x0000000080200000, 0x0000000080300000, 0x0000000080300000|100%| O|  |TAMS 0x0000000080300000, 0x0000000080300000| Untracked 
|   3|0x0000000080300000, 0x0000000080400000, 0x0000000080400000|100%|HS|  |TAMS 0x0000000080400000, 0x0000000080400000| Complete 
|   4|0x0000000080400000, 0x0000000080500000, 0x0000000080500000|100%|HC|  |TAMS 0x0000000080500000, 0x0000000080500000| Complete 
|   5|0x0000000080500000, 0x0000000080600000, 0x0000000080600000|100%|HC|  |TAMS 0x0000000080600000, 0x0000000080600000| Complete 
|   6|0x0000000080600000, 0x0000000080700000, 0x0000000080700000|100%| O|  |TAMS 0x0000000080700000, 0x0000000080700000| Untracked 
|   7|0x0000000080700000, 0x0000000080800000, 0x0000000080800000|100%| O|  |TAMS 0x0000000080800000, 0x0000000080800000| Untracked 
|   8|0x0000000080800000, 0x0000000080900000, 0x0000000080900000|100%| O|  |TAMS 0x0000000080900000, 0x0000000080900000| Untracked 
|   9|0x0000000080900000, 0x0000000080a00000, 0x0000000080a00000|100%| O|  |TAMS 0x0000000080a00000, 0x0000000080a00000| Untracked 
|  10|0x0000000080a00000, 0x0000000080b00000, 0x0000000080b00000|100%| O|  |TAMS 0x0000000080b00000, 0x0000000080b00000| Untracked 
|  11|0x0000000080b00000, 0x0000000080c00000, 0x0000000080c00000|100%| O|  |TAMS 0x0000000080c00000, 0x0000000080c00000| Untracked 
|  12|0x0000000080c00000, 0x0000000080d00000, 0x0000000080d00000|100%| O|  |TAMS 0x0000000080d00000, 0x0000000080d00000| Untracked 
|  13|0x0000000080d00000, 0x0000000080e00000, 0x0000000080e00000|100%| O|  |TAMS 0x0000000080e00000, 0x0000000080e00000| Untracked 
|  14|0x0000000080e00000, 0x0000000080f00000, 0x0000000080f00000|100%| O|  |TAMS 0x0000000080f00000, 0x0000000080f00000| Untracked 
|  15|0x0000000080f00000, 0x0000000081000000, 0x0000000081000000|100%| O|  |TAMS 0x0000000081000000, 0x0000000081000000| Untracked 
|  16|0x0000000081000000, 0x0000000081100000, 0x0000000081100000|100%| O|  |TAMS 0x0000000081100000, 0x0000000081100000| Untracked 
|  17|0x0000000081100000, 0x0000000081200000, 0x0000000081200000|100%| O|  |TAMS 0x0000000081200000, 0x0000000081200000| Untracked 
|  18|0x0000000081200000, 0x0000000081300000, 0x0000000081300000|100%| O|  |TAMS 0x0000000081300000, 0x0000000081300000| Untracked 
|  19|0x0000000081300000, 0x0000000081400000, 0x0000000081400000|100%| O|  |TAMS 0x0000000081400000, 0x0000000081400000| Untracked 
|  20|0x0000000081400000, 0x0000000081500000, 0x0000000081500000|100%| O|  |TAMS 0x0000000081500000, 0x0000000081500000| Untracked 
|  21|0x0000000081500000, 0x0000000081600000, 0x0000000081600000|100%| O|  |TAMS 0x0000000081600000, 0x0000000081600000| Untracked 
|  22|0x0000000081600000, 0x0000000081700000, 0x0000000081700000|100%| O|  |TAMS 0x0000000081700000, 0x0000000081700000| Untracked 
|  23|0x0000000081700000, 0x0000000081800000, 0x0000000081800000|100%|HS|  |TAMS 0x0000000081800000, 0x0000000081800000| Complete 
|  24|0x0000000081800000, 0x0000000081900000, 0x0000000081900000|100%| O|  |TAMS 0x0000000081900000, 0x0000000081900000| Untracked 
|  25|0x0000000081900000, 0x0000000081a00000, 0x0000000081a00000|100%| O|  |TAMS 0x0000000081a00000, 0x0000000081a00000| Untracked 
|  26|0x0000000081a00000, 0x0000000081b00000, 0x0000000081b00000|100%| O|  |TAMS 0x0000000081b00000, 0x0000000081b00000| Untracked 
|  27|0x0000000081b00000, 0x0000000081c00000, 0x0000000081c00000|100%| O|  |TAMS 0x0000000081c00000, 0x0000000081c00000| Untracked 
|  28|0x0000000081c00000, 0x0000000081d00000, 0x0000000081d00000|100%|HS|  |TAMS 0x0000000081d00000, 0x0000000081d00000| Complete 
|  29|0x0000000081d00000, 0x0000000081e00000, 0x0000000081e00000|100%|HS|  |TAMS 0x0000000081e00000, 0x0000000081e00000| Complete 
|  30|0x0000000081e00000, 0x0000000081f00000, 0x0000000081f00000|100%|HC|  |TAMS 0x0000000081f00000, 0x0000000081f00000| Complete 
|  31|0x0000000081f00000, 0x0000000082000000, 0x0000000082000000|100%| O|  |TAMS 0x0000000082000000, 0x0000000082000000| Untracked 
|  32|0x0000000082000000, 0x0000000082100000, 0x0000000082100000|100%| O|  |TAMS 0x0000000082100000, 0x0000000082100000| Untracked 
|  33|0x0000000082100000, 0x0000000082200000, 0x0000000082200000|100%| O|  |TAMS 0x0000000082200000, 0x0000000082200000| Untracked 
|  34|0x0000000082200000, 0x0000000082300000, 0x0000000082300000|100%| O|  |TAMS 0x0000000082300000, 0x0000000082300000| Untracked 
|  35|0x0000000082300000, 0x0000000082400000, 0x0000000082400000|100%| O|  |TAMS 0x0000000082400000, 0x0000000082400000| Untracked 
|  36|0x0000000082400000, 0x0000000082500000, 0x0000000082500000|100%| O|  |TAMS 0x0000000082500000, 0x0000000082500000| Untracked 
|  37|0x0000000082500000, 0x0000000082600000, 0x0000000082600000|100%| O|  |TAMS 0x0000000082600000, 0x0000000082600000| Untracked 
|  38|0x0000000082600000, 0x0000000082700000, 0x0000000082700000|100%| O|  |TAMS 0x0000000082700000, 0x0000000082700000| Untracked 
|  39|0x0000000082700000, 0x0000000082800000, 0x0000000082800000|100%| O|  |TAMS 0x0000000082800000, 0x0000000082800000| Untracked 
|  40|0x0000000082800000, 0x0000000082900000, 0x0000000082900000|100%| O|  |TAMS 0x0000000082900000, 0x0000000082900000| Untracked 
|  41|0x0000000082900000, 0x0000000082a00000, 0x0000000082a00000|100%| O|  |TAMS 0x0000000082a00000, 0x0000000082a00000| Untracked 
|  42|0x0000000082a00000, 0x0000000082b00000, 0x0000000082b00000|100%| O|  |TAMS 0x0000000082b00000, 0x0000000082b00000| Untracked 
|  43|0x0000000082b00000, 0x0000000082c00000, 0x0000000082c00000|100%| O|  |TAMS 0x0000000082c00000, 0x0000000082c00000| Untracked 
|  44|0x0000000082c00000, 0x0000000082d00000, 0x0000000082d00000|100%| O|  |TAMS 0x0000000082d00000, 0x0000000082d00000| Untracked 
|  45|0x0000000082d00000, 0x0000000082e00000, 0x0000000082e00000|100%| O|  |TAMS 0x0000000082e00000, 0x0000000082e00000| Untracked 
|  46|0x0000000082e00000, 0x0000000082f00000, 0x0000000082f00000|100%| O|  |TAMS 0x0000000082f00000, 0x0000000082f00000| Untracked 
|  47|0x0000000082f00000, 0x0000000083000000, 0x0000000083000000|100%| O|  |TAMS 0x0000000083000000, 0x0000000083000000| Untracked 
|  48|0x0000000083000000, 0x0000000083100000, 0x0000000083100000|100%| O|  |TAMS 0x0000000083100000, 0x0000000083100000| Untracked 
|  49|0x0000000083100000, 0x0000000083200000, 0x0000000083200000|100%| O|  |TAMS 0x0000000083200000, 0x0000000083200000| Untracked 
|  50|0x0000000083200000, 0x0000000083300000, 0x0000000083300000|100%| O|  |TAMS 0x0000000083300000, 0x0000000083300000| Untracked 
|  51|0x0000000083300000, 0x0000000083400000, 0x0000000083400000|100%| O|  |TAMS 0x0000000083400000, 0x0000000083400000| Untracked 
|  52|0x0000000083400000, 0x0000000083500000, 0x0000000083500000|100%| O|  |TAMS 0x0000000083500000, 0x0000000083500000| Untracked 
|  53|0x0000000083500000, 0x0000000083600000, 0x0000000083600000|100%| O|  |TAMS 0x0000000083600000, 0x0000000083600000| Untracked 
|  54|0x0000000083600000, 0x0000000083700000, 0x0000000083700000|100%| O|  |TAMS 0x0000000083700000, 0x0000000083700000| Untracked 
|  55|0x0000000083700000, 0x0000000083800000, 0x0000000083800000|100%| O|  |TAMS 0x0000000083800000, 0x0000000083800000| Untracked 
|  56|0x0000000083800000, 0x0000000083900000, 0x0000000083900000|100%| O|  |TAMS 0x0000000083900000, 0x0000000083900000| Untracked 
|  57|0x0000000083900000, 0x0000000083a00000, 0x0000000083a00000|100%| O|  |TAMS 0x0000000083a00000, 0x0000000083a00000| Untracked 
|  58|0x0000000083a00000, 0x0000000083b00000, 0x0000000083b00000|100%| O|  |TAMS 0x0000000083b00000, 0x0000000083b00000| Untracked 
|  59|0x0000000083b00000, 0x0000000083c00000, 0x0000000083c00000|100%| O|  |TAMS 0x0000000083c00000, 0x0000000083c00000| Untracked 
|  60|0x0000000083c00000, 0x0000000083d00000, 0x0000000083d00000|100%| O|  |TAMS 0x0000000083d00000, 0x0000000083d00000| Untracked 
|  61|0x0000000083d00000, 0x0000000083e00000, 0x0000000083e00000|100%| O|  |TAMS 0x0000000083e00000, 0x0000000083e00000| Untracked 
|  62|0x0000000083e00000, 0x0000000083f00000, 0x0000000083f00000|100%| O|  |TAMS 0x0000000083f00000, 0x0000000083f00000| Untracked 
|  63|0x0000000083f00000, 0x0000000084000000, 0x0000000084000000|100%| O|  |TAMS 0x0000000084000000, 0x0000000084000000| Untracked 
|  64|0x0000000084000000, 0x0000000084100000, 0x0000000084100000|100%| O|  |TAMS 0x0000000084100000, 0x0000000084100000| Untracked 
|  65|0x0000000084100000, 0x0000000084200000, 0x0000000084200000|100%| O|  |TAMS 0x0000000084200000, 0x0000000084200000| Untracked 
|  66|0x0000000084200000, 0x0000000084300000, 0x0000000084300000|100%| O|  |TAMS 0x0000000084300000, 0x0000000084300000| Untracked 
|  67|0x0000000084300000, 0x0000000084400000, 0x0000000084400000|100%| O|  |TAMS 0x0000000084400000, 0x0000000084400000| Untracked 
|  68|0x0000000084400000, 0x0000000084500000, 0x0000000084500000|100%| O|  |TAMS 0x0000000084500000, 0x0000000084500000| Untracked 
|  69|0x0000000084500000, 0x0000000084600000, 0x0000000084600000|100%| O|  |TAMS 0x0000000084600000, 0x0000000084600000| Untracked 
|  70|0x0000000084600000, 0x0000000084700000, 0x0000000084700000|100%| O|  |TAMS 0x0000000084700000, 0x0000000084700000| Untracked 
|  71|0x0000000084700000, 0x0000000084800000, 0x0000000084800000|100%| O|  |TAMS 0x0000000084800000, 0x0000000084800000| Untracked 
|  72|0x0000000084800000, 0x0000000084900000, 0x0000000084900000|100%| O|  |TAMS 0x0000000084900000, 0x0000000084900000| Untracked 
|  73|0x0000000084900000, 0x0000000084a00000, 0x0000000084a00000|100%| O|  |TAMS 0x0000000084a00000, 0x0000000084a00000| Untracked 
|  74|0x0000000084a00000, 0x0000000084b00000, 0x0000000084b00000|100%| O|  |TAMS 0x0000000084b00000, 0x0000000084b00000| Untracked 
|  75|0x0000000084b00000, 0x0000000084c00000, 0x0000000084c00000|100%| O|  |TAMS 0x0000000084c00000, 0x0000000084c00000| Untracked 
|  76|0x0000000084c00000, 0x0000000084d00000, 0x0000000084d00000|100%| O|  |TAMS 0x0000000084d00000, 0x0000000084d00000| Untracked 
|  77|0x0000000084d00000, 0x0000000084e00000, 0x0000000084e00000|100%| O|  |TAMS 0x0000000084e00000, 0x0000000084e00000| Untracked 
|  78|0x0000000084e00000, 0x0000000084f00000, 0x0000000084f00000|100%|HS|  |TAMS 0x0000000084f00000, 0x0000000084f00000| Complete 
|  79|0x0000000084f00000, 0x0000000085000000, 0x0000000085000000|100%|HC|  |TAMS 0x0000000085000000, 0x0000000085000000| Complete 
|  80|0x0000000085000000, 0x0000000085100000, 0x0000000085100000|100%|HS|  |TAMS 0x0000000085100000, 0x0000000085100000| Complete 
|  81|0x0000000085100000, 0x0000000085200000, 0x0000000085200000|100%| O|  |TAMS 0x0000000085200000, 0x0000000085200000| Untracked 
|  82|0x0000000085200000, 0x0000000085300000, 0x0000000085300000|100%| O|  |TAMS 0x0000000085300000, 0x0000000085300000| Untracked 
|  83|0x0000000085300000, 0x0000000085400000, 0x0000000085400000|100%|HS|  |TAMS 0x0000000085400000, 0x0000000085400000| Complete 
|  84|0x0000000085400000, 0x0000000085500000, 0x0000000085500000|100%| O|  |TAMS 0x0000000085500000, 0x0000000085500000| Untracked 
|  85|0x0000000085500000, 0x0000000085600000, 0x0000000085600000|100%| O|  |TAMS 0x0000000085600000, 0x0000000085600000| Untracked 
|  86|0x0000000085600000, 0x0000000085700000, 0x0000000085700000|100%|HS|  |TAMS 0x0000000085700000, 0x0000000085700000| Complete 
|  87|0x0000000085700000, 0x0000000085800000, 0x0000000085800000|100%| O|  |TAMS 0x0000000085800000, 0x0000000085800000| Untracked 
|  88|0x0000000085800000, 0x0000000085900000, 0x0000000085900000|100%| O|  |TAMS 0x0000000085900000, 0x0000000085900000| Untracked 
|  89|0x0000000085900000, 0x0000000085a00000, 0x0000000085a00000|100%| O|  |TAMS 0x0000000085a00000, 0x0000000085a00000| Untracked 
|  90|0x0000000085a00000, 0x0000000085b00000, 0x0000000085b00000|100%| O|  |TAMS 0x0000000085b00000, 0x0000000085b00000| Untracked 
|  91|0x0000000085b00000, 0x0000000085c00000, 0x0000000085c00000|100%|HS|  |TAMS 0x0000000085c00000, 0x0000000085c00000| Complete 
|  92|0x0000000085c00000, 0x0000000085d00000, 0x0000000085d00000|100%| O|  |TAMS 0x0000000085d00000, 0x0000000085d00000| Untracked 
|  93|0x0000000085d00000, 0x0000000085e00000, 0x0000000085e00000|100%| O|  |TAMS 0x0000000085e00000, 0x0000000085e00000| Untracked 
|  94|0x0000000085e00000, 0x0000000085f00000, 0x0000000085f00000|100%| O|  |TAMS 0x0000000085f00000, 0x0000000085f00000| Untracked 
|  95|0x0000000085f00000, 0x0000000086000000, 0x0000000086000000|100%| O|  |TAMS 0x0000000086000000, 0x0000000086000000| Untracked 
|  96|0x0000000086000000, 0x0000000086100000, 0x0000000086100000|100%| O|  |TAMS 0x0000000086100000, 0x0000000086100000| Untracked 
|  97|0x0000000086100000, 0x0000000086200000, 0x0000000086200000|100%|HS|  |TAMS 0x0000000086200000, 0x0000000086200000| Complete 
|  98|0x0000000086200000, 0x0000000086300000, 0x0000000086300000|100%|HC|  |TAMS 0x0000000086300000, 0x0000000086300000| Complete 
|  99|0x0000000086300000, 0x0000000086400000, 0x0000000086400000|100%| O|  |TAMS 0x0000000086400000, 0x0000000086400000| Untracked 
| 100|0x0000000086400000, 0x0000000086500000, 0x0000000086500000|100%| O|  |TAMS 0x0000000086500000, 0x0000000086500000| Untracked 
| 101|0x0000000086500000, 0x0000000086600000, 0x0000000086600000|100%|HS|  |TAMS 0x0000000086600000, 0x0000000086600000| Complete 
| 102|0x0000000086600000, 0x0000000086700000, 0x0000000086700000|100%|HC|  |TAMS 0x0000000086700000, 0x0000000086700000| Complete 
| 103|0x0000000086700000, 0x0000000086800000, 0x0000000086800000|100%| O|  |TAMS 0x0000000086800000, 0x0000000086800000| Untracked 
| 104|0x0000000086800000, 0x0000000086900000, 0x0000000086900000|100%| O|  |TAMS 0x0000000086900000, 0x0000000086900000| Untracked 
| 105|0x0000000086900000, 0x0000000086a00000, 0x0000000086a00000|100%| O|  |TAMS 0x0000000086a00000, 0x0000000086a00000| Untracked 
| 106|0x0000000086a00000, 0x0000000086b00000, 0x0000000086b00000|100%|HS|  |TAMS 0x0000000086b00000, 0x0000000086b00000| Complete 
| 107|0x0000000086b00000, 0x0000000086c00000, 0x0000000086c00000|100%| O|  |TAMS 0x0000000086c00000, 0x0000000086c00000| Untracked 
| 108|0x0000000086c00000, 0x0000000086d00000, 0x0000000086d00000|100%| O|  |TAMS 0x0000000086d00000, 0x0000000086d00000| Untracked 
| 109|0x0000000086d00000, 0x0000000086e00000, 0x0000000086e00000|100%| O|  |TAMS 0x0000000086e00000, 0x0000000086e00000| Untracked 
| 110|0x0000000086e00000, 0x0000000086f00000, 0x0000000086f00000|100%|HS|  |TAMS 0x0000000086f00000, 0x0000000086f00000| Complete 
| 111|0x0000000086f00000, 0x0000000087000000, 0x0000000087000000|100%|HC|  |TAMS 0x0000000087000000, 0x0000000087000000| Complete 
| 112|0x0000000087000000, 0x0000000087100000, 0x0000000087100000|100%| O|  |TAMS 0x0000000087100000, 0x0000000087100000| Untracked 
| 113|0x0000000087100000, 0x0000000087200000, 0x0000000087200000|100%|HS|  |TAMS 0x0000000087200000, 0x0000000087200000| Complete 
| 114|0x0000000087200000, 0x0000000087300000, 0x0000000087300000|100%| O|  |TAMS 0x0000000087300000, 0x0000000087300000| Untracked 
| 115|0x0000000087300000, 0x0000000087400000, 0x0000000087400000|100%|HS|  |TAMS 0x0000000087400000, 0x0000000087400000| Complete 
| 116|0x0000000087400000, 0x0000000087500000, 0x0000000087500000|100%| O|  |TAMS 0x0000000087500000, 0x0000000087500000| Untracked 
| 117|0x0000000087500000, 0x0000000087600000, 0x0000000087600000|100%|HS|  |TAMS 0x0000000087600000, 0x0000000087600000| Complete 
| 118|0x0000000087600000, 0x0000000087700000, 0x0000000087700000|100%| O|  |TAMS 0x00000000876c7a00, 0x0000000087700000| Untracked 
| 119|0x0000000087700000, 0x0000000087800000, 0x0000000087800000|100%| O|  |TAMS 0x0000000087700000, 0x0000000087800000| Untracked 
| 120|0x0000000087800000, 0x0000000087900000, 0x0000000087900000|100%|HS|  |TAMS 0x0000000087900000, 0x0000000087900000| Complete 
| 121|0x0000000087900000, 0x0000000087a00000, 0x0000000087a00000|100%|HC|  |TAMS 0x0000000087a00000, 0x0000000087a00000| Complete 
| 122|0x0000000087a00000, 0x0000000087b00000, 0x0000000087b00000|100%| O|  |TAMS 0x0000000087a00000, 0x0000000087b00000| Untracked 
| 123|0x0000000087b00000, 0x0000000087c00000, 0x0000000087c00000|100%| O|  |TAMS 0x0000000087b00000, 0x0000000087c00000| Untracked 
| 124|0x0000000087c00000, 0x0000000087d00000, 0x0000000087d00000|100%|HS|  |TAMS 0x0000000087d00000, 0x0000000087d00000| Complete 
| 125|0x0000000087d00000, 0x0000000087e00000, 0x0000000087e00000|100%|HC|  |TAMS 0x0000000087e00000, 0x0000000087e00000| Complete 
| 126|0x0000000087e00000, 0x0000000087f00000, 0x0000000087f00000|100%| O|  |TAMS 0x0000000087f00000, 0x0000000087f00000| Untracked 
| 127|0x0000000087f00000, 0x0000000088000000, 0x0000000088000000|100%| O|  |TAMS 0x0000000088000000, 0x0000000088000000| Untracked 
| 128|0x0000000088000000, 0x0000000088100000, 0x0000000088100000|100%| O|  |TAMS 0x0000000088100000, 0x0000000088100000| Untracked 
| 129|0x0000000088100000, 0x0000000088200000, 0x0000000088200000|100%| O|  |TAMS 0x0000000088200000, 0x0000000088200000| Untracked 
| 130|0x0000000088200000, 0x0000000088300000, 0x0000000088300000|100%| O|  |TAMS 0x0000000088300000, 0x0000000088300000| Untracked 
| 131|0x0000000088300000, 0x0000000088400000, 0x0000000088400000|100%| O|  |TAMS 0x0000000088400000, 0x0000000088400000| Untracked 
| 132|0x0000000088400000, 0x0000000088500000, 0x0000000088500000|100%| O|  |TAMS 0x0000000088400000, 0x0000000088500000| Untracked 
| 133|0x0000000088500000, 0x0000000088600000, 0x0000000088600000|100%|HS|  |TAMS 0x0000000088500000, 0x0000000088600000| Complete 
| 134|0x0000000088600000, 0x0000000088700000, 0x0000000088700000|100%| O|  |TAMS 0x0000000088600000, 0x0000000088700000| Untracked 
| 135|0x0000000088700000, 0x0000000088800000, 0x0000000088800000|100%| O|  |TAMS 0x0000000088700000, 0x0000000088800000| Untracked 
| 136|0x0000000088800000, 0x0000000088900000, 0x0000000088900000|100%| O|  |TAMS 0x0000000088800000, 0x0000000088900000| Untracked 
| 137|0x0000000088900000, 0x0000000088a00000, 0x0000000088a00000|100%|HS|  |TAMS 0x0000000088900000, 0x0000000088a00000| Complete 
| 138|0x0000000088a00000, 0x0000000088b00000, 0x0000000088b00000|100%| O|  |TAMS 0x0000000088a00000, 0x0000000088b00000| Untracked 
| 139|0x0000000088b00000, 0x0000000088c00000, 0x0000000088c00000|100%| O|  |TAMS 0x0000000088b00000, 0x0000000088c00000| Untracked 
| 140|0x0000000088c00000, 0x0000000088d00000, 0x0000000088d00000|100%| O|  |TAMS 0x0000000088c00000, 0x0000000088d00000| Untracked 
| 141|0x0000000088d00000, 0x0000000088e00000, 0x0000000088e00000|100%| O|  |TAMS 0x0000000088d00000, 0x0000000088e00000| Untracked 
| 142|0x0000000088e00000, 0x0000000088f00000, 0x0000000088f00000|100%| O|  |TAMS 0x0000000088e00000, 0x0000000088f00000| Untracked 
| 143|0x0000000088f00000, 0x0000000089000000, 0x0000000089000000|100%| O|  |TAMS 0x0000000088f00000, 0x0000000089000000| Untracked 
| 144|0x0000000089000000, 0x0000000089100000, 0x0000000089100000|100%| O|  |TAMS 0x0000000089000000, 0x0000000089100000| Untracked 
| 145|0x0000000089100000, 0x0000000089200000, 0x0000000089200000|100%| O|  |TAMS 0x0000000089100000, 0x0000000089200000| Untracked 
| 146|0x0000000089200000, 0x0000000089300000, 0x0000000089300000|100%| O|  |TAMS 0x0000000089200000, 0x0000000089300000| Untracked 
| 147|0x0000000089300000, 0x0000000089400000, 0x0000000089400000|100%| O|  |TAMS 0x0000000089300000, 0x0000000089400000| Untracked 
| 148|0x0000000089400000, 0x0000000089500000, 0x0000000089500000|100%| O|  |TAMS 0x0000000089400000, 0x0000000089500000| Untracked 
| 149|0x0000000089500000, 0x0000000089600000, 0x0000000089600000|100%| O|  |TAMS 0x0000000089500000, 0x0000000089600000| Untracked 
| 150|0x0000000089600000, 0x0000000089700000, 0x0000000089700000|100%| O|  |TAMS 0x0000000089600000, 0x0000000089700000| Untracked 
| 151|0x0000000089700000, 0x0000000089800000, 0x0000000089800000|100%| O|  |TAMS 0x0000000089700000, 0x000000008978b800| Untracked 
| 152|0x0000000089800000, 0x0000000089900000, 0x0000000089900000|100%| O|  |TAMS 0x0000000089800000, 0x0000000089800000| Untracked 
| 153|0x0000000089900000, 0x0000000089a00000, 0x0000000089a00000|100%| O|  |TAMS 0x0000000089900000, 0x0000000089900000| Untracked 
| 154|0x0000000089a00000, 0x0000000089b00000, 0x0000000089b00000|100%| O|  |TAMS 0x0000000089a00000, 0x0000000089a00000| Untracked 
| 155|0x0000000089b00000, 0x0000000089c00000, 0x0000000089c00000|100%| O|  |TAMS 0x0000000089b00000, 0x0000000089b00000| Untracked 
| 156|0x0000000089c00000, 0x0000000089d00000, 0x0000000089d00000|100%| O|  |TAMS 0x0000000089c00000, 0x0000000089c00000| Untracked 
| 157|0x0000000089d00000, 0x0000000089e00000, 0x0000000089e00000|100%| O|  |TAMS 0x0000000089d00000, 0x0000000089d00000| Untracked 
| 158|0x0000000089e00000, 0x0000000089f00000, 0x0000000089f00000|100%| O|  |TAMS 0x0000000089e00000, 0x0000000089e00000| Untracked 
| 159|0x0000000089f00000, 0x000000008a000000, 0x000000008a000000|100%| O|  |TAMS 0x0000000089f00000, 0x0000000089f00000| Untracked 
| 160|0x000000008a000000, 0x000000008a100000, 0x000000008a100000|100%| O|  |TAMS 0x000000008a000000, 0x000000008a000000| Untracked 
| 161|0x000000008a100000, 0x000000008a200000, 0x000000008a200000|100%| O|  |TAMS 0x000000008a100000, 0x000000008a100000| Untracked 
| 162|0x000000008a200000, 0x000000008a300000, 0x000000008a300000|100%| O|  |TAMS 0x000000008a200000, 0x000000008a200000| Untracked 
| 163|0x000000008a300000, 0x000000008a400000, 0x000000008a400000|100%| O|  |TAMS 0x000000008a300000, 0x000000008a300000| Untracked 
| 164|0x000000008a400000, 0x000000008a500000, 0x000000008a500000|100%| O|  |TAMS 0x000000008a400000, 0x000000008a400000| Untracked 
| 165|0x000000008a500000, 0x000000008a600000, 0x000000008a600000|100%| O|  |TAMS 0x000000008a500000, 0x000000008a500000| Untracked 
| 166|0x000000008a600000, 0x000000008a700000, 0x000000008a700000|100%| O|  |TAMS 0x000000008a600000, 0x000000008a600000| Untracked 
| 167|0x000000008a700000, 0x000000008a73b000, 0x000000008a800000| 23%| O|  |TAMS 0x000000008a700000, 0x000000008a700000| Untracked 
| 168|0x000000008a800000, 0x000000008a800000, 0x000000008a900000|  0%| F|  |TAMS 0x000000008a800000, 0x000000008a800000| Untracked 
| 169|0x000000008a900000, 0x000000008a900000, 0x000000008aa00000|  0%| F|  |TAMS 0x000000008a900000, 0x000000008a900000| Untracked 
| 170|0x000000008aa00000, 0x000000008aa00000, 0x000000008ab00000|  0%| F|  |TAMS 0x000000008aa00000, 0x000000008aa00000| Untracked 
| 171|0x000000008ab00000, 0x000000008ab00000, 0x000000008ac00000|  0%| F|  |TAMS 0x000000008ab00000, 0x000000008ab00000| Untracked 
| 172|0x000000008ac00000, 0x000000008ac00000, 0x000000008ad00000|  0%| F|  |TAMS 0x000000008ac00000, 0x000000008ac00000| Untracked 
| 173|0x000000008ad00000, 0x000000008ad00000, 0x000000008ae00000|  0%| F|  |TAMS 0x000000008ad00000, 0x000000008ad00000| Untracked 
| 174|0x000000008ae00000, 0x000000008ae00000, 0x000000008af00000|  0%| F|  |TAMS 0x000000008ae00000, 0x000000008ae00000| Untracked 
| 175|0x000000008af00000, 0x000000008af00000, 0x000000008b000000|  0%| F|  |TAMS 0x000000008af00000, 0x000000008af00000| Untracked 
| 176|0x000000008b000000, 0x000000008b000000, 0x000000008b100000|  0%| F|  |TAMS 0x000000008b000000, 0x000000008b000000| Untracked 
| 177|0x000000008b100000, 0x000000008b100000, 0x000000008b200000|  0%| F|  |TAMS 0x000000008b100000, 0x000000008b100000| Untracked 
| 178|0x000000008b200000, 0x000000008b200000, 0x000000008b300000|  0%| F|  |TAMS 0x000000008b200000, 0x000000008b200000| Untracked 
| 179|0x000000008b300000, 0x000000008b300000, 0x000000008b400000|  0%| F|  |TAMS 0x000000008b300000, 0x000000008b300000| Untracked 
| 180|0x000000008b400000, 0x000000008b400000, 0x000000008b500000|  0%| F|  |TAMS 0x000000008b400000, 0x000000008b400000| Untracked 
| 181|0x000000008b500000, 0x000000008b500000, 0x000000008b600000|  0%| F|  |TAMS 0x000000008b500000, 0x000000008b500000| Untracked 
| 182|0x000000008b600000, 0x000000008b600000, 0x000000008b700000|  0%| F|  |TAMS 0x000000008b600000, 0x000000008b600000| Untracked 
| 183|0x000000008b700000, 0x000000008b700000, 0x000000008b800000|  0%| F|  |TAMS 0x000000008b700000, 0x000000008b700000| Untracked 
| 184|0x000000008b800000, 0x000000008b800000, 0x000000008b900000|  0%| F|  |TAMS 0x000000008b800000, 0x000000008b800000| Untracked 
| 185|0x000000008b900000, 0x000000008b900000, 0x000000008ba00000|  0%| F|  |TAMS 0x000000008b900000, 0x000000008b900000| Untracked 
| 186|0x000000008ba00000, 0x000000008ba00000, 0x000000008bb00000|  0%| F|  |TAMS 0x000000008ba00000, 0x000000008ba00000| Untracked 
| 187|0x000000008bb00000, 0x000000008bb00000, 0x000000008bc00000|  0%| F|  |TAMS 0x000000008bb00000, 0x000000008bb00000| Untracked 
| 188|0x000000008bc00000, 0x000000008bd00000, 0x000000008bd00000|100%| S|CS|TAMS 0x000000008bc00000, 0x000000008bc00000| Complete 
| 189|0x000000008bd00000, 0x000000008bd00000, 0x000000008be00000|  0%| F|  |TAMS 0x000000008bd00000, 0x000000008bd00000| Untracked 
| 190|0x000000008be00000, 0x000000008be00000, 0x000000008bf00000|  0%| F|  |TAMS 0x000000008be00000, 0x000000008be00000| Untracked 
| 191|0x000000008bf00000, 0x000000008c000000, 0x000000008c000000|100%| S|CS|TAMS 0x000000008bf00000, 0x000000008bf00000| Complete 
| 192|0x000000008c000000, 0x000000008c000000, 0x000000008c100000|  0%| F|  |TAMS 0x000000008c000000, 0x000000008c000000| Untracked 
| 193|0x000000008c100000, 0x000000008c100000, 0x000000008c200000|  0%| F|  |TAMS 0x000000008c100000, 0x000000008c100000| Untracked 
| 194|0x000000008c200000, 0x000000008c200000, 0x000000008c300000|  0%| F|  |TAMS 0x000000008c200000, 0x000000008c200000| Untracked 
| 195|0x000000008c300000, 0x000000008c300000, 0x000000008c400000|  0%| F|  |TAMS 0x000000008c300000, 0x000000008c300000| Untracked 
| 196|0x000000008c400000, 0x000000008c400000, 0x000000008c500000|  0%| F|  |TAMS 0x000000008c400000, 0x000000008c400000| Untracked 
| 197|0x000000008c500000, 0x000000008c500000, 0x000000008c600000|  0%| F|  |TAMS 0x000000008c500000, 0x000000008c500000| Untracked 
| 198|0x000000008c600000, 0x000000008c600000, 0x000000008c700000|  0%| F|  |TAMS 0x000000008c600000, 0x000000008c600000| Untracked 
| 199|0x000000008c700000, 0x000000008c700000, 0x000000008c800000|  0%| F|  |TAMS 0x000000008c700000, 0x000000008c700000| Untracked 

Card table byte_map: [0x0000015e7ccb0000,0x0000015e7d0b0000] _byte_map_base: 0x0000015e7c8b0000

Marking Bits (Prev, Next): (CMBitMap*) 0x0000015e697dc800, (CMBitMap*) 0x0000015e697dc7c8
 Prev Bits: [0x0000015e00000000, 0x0000015e02000000)
 Next Bits: [0x0000015e7d4b0000, 0x0000015e7f4b0000)

Polling page: 0x0000015e67e60000

Metaspace:

Usage:
  Non-class:     90.04 MB capacity,    88.55 MB ( 98%) used,     1.21 MB (  1%) free+waste,   290.94 KB ( <1%) overhead. 
      Class:     13.80 MB capacity,    12.92 MB ( 94%) used,   768.74 KB (  5%) free+waste,   130.56 KB ( <1%) overhead. 
       Both:    103.84 MB capacity,   101.47 MB ( 98%) used,     1.96 MB (  2%) free+waste,   421.50 KB ( <1%) overhead. 

Virtual space:
  Non-class space:       92.00 MB reserved,      90.25 MB ( 98%) committed 
      Class space:        1.00 GB reserved,      13.88 MB (  1%) committed 
             Both:        1.09 GB reserved,     104.13 MB (  9%) committed 

Chunk freelists:
   Non-Class:  18.00 KB
       Class:  15.00 KB
        Both:  33.00 KB

MaxMetaspaceSize: 17179869184.00 GB
CompressedClassSpaceSize: 1.00 GB

CodeHeap 'non-profiled nmethods': size=120064Kb used=10090Kb max_used=10729Kb free=109973Kb
 bounds [0x0000015e74d50000, 0x0000015e757d0000, 0x0000015e7c290000]
CodeHeap 'profiled nmethods': size=120000Kb used=31343Kb max_used=32573Kb free=88656Kb
 bounds [0x0000015e6d820000, 0x0000015e6f820000, 0x0000015e74d50000]
CodeHeap 'non-nmethods': size=5696Kb used=2327Kb max_used=2357Kb free=3368Kb
 bounds [0x0000015e6d290000, 0x0000015e6d500000, 0x0000015e6d820000]
 total_blobs=15302 nmethods=14363 adapters=849
 compilation: enabled
              stopped_count=0, restarted_count=0
 full_count=0

Compilation events (20 events):
Event: 108.494 Thread 0x0000015e7fb23000 15384       2       com.android.tools.r8.dex.j$$Lambda$1113/0x0000000100d53040::get (8 bytes)
Event: 108.495 Thread 0x0000015e7fb23000 nmethod 15384 0x0000015e6d939910 code [0x0000015e6d939ac0, 0x0000015e6d939c88]
Event: 108.495 Thread 0x0000015e7fb23000 15385       2       com.android.tools.r8.dex.j::g (12 bytes)
Event: 108.495 Thread 0x0000015e7fb23000 nmethod 15385 0x0000015e6d94a810 code [0x0000015e6d94a9c0, 0x0000015e6d94ab88]
Event: 108.497 Thread 0x0000015e7fb23000 15386   !   2       com.android.tools.r8.graph.c0::g (24 bytes)
Event: 108.497 Thread 0x0000015e7fb23000 nmethod 15386 0x0000015e6d94a090 code [0x0000015e6d94a280, 0x0000015e6d94a5b8]
Event: 108.498 Thread 0x0000015e7fb23000 15387       2       com.android.tools.r8.internal.pr::b (142 bytes)
Event: 108.500 Thread 0x0000015e7fb23000 nmethod 15387 0x0000015e6d951390 code [0x0000015e6d9515e0, 0x0000015e6d951d88]
Event: 108.501 Thread 0x0000015e7fb23000 15388       2       com.android.tools.r8.dex.j::c (77 bytes)
Event: 108.501 Thread 0x0000015e7fb23000 nmethod 15388 0x0000015e6d949590 code [0x0000015e6d9497a0, 0x0000015e6d949d18]
Event: 108.504 Thread 0x0000015e7fb23000 15390       2       com.android.tools.r8.code.v1::b (25 bytes)
Event: 108.504 Thread 0x0000015e7fb23000 nmethod 15390 0x0000015e6d94c510 code [0x0000015e6d94c6e0, 0x0000015e6d94c8b8]
Event: 108.508 Thread 0x0000015e7fb23000 15391       2       com.android.tools.r8.dex.j::a (71 bytes)
Event: 108.509 Thread 0x0000015e7fb23000 nmethod 15391 0x0000015e6d95ef90 code [0x0000015e6d95f240, 0x0000015e6d95fb58]
Event: 108.509 Thread 0x0000015e7fb23000 15393       2       com.android.tools.r8.code.I2::<init> (6 bytes)
Event: 108.509 Thread 0x0000015e7fb23000 nmethod 15393 0x0000015e6d94c110 code [0x0000015e6d94c2c0, 0x0000015e6d94c3f8]
Event: 108.529 Thread 0x0000015e7fb23000 15396       2       com.android.tools.r8.internal.pr::a (141 bytes)
Event: 108.530 Thread 0x0000015e7fb23000 nmethod 15396 0x0000015e6d95e110 code [0x0000015e6d95e360, 0x0000015e6d95eb08]
Event: 108.531 Thread 0x0000015e7fb23000 15397       2       com.android.tools.r8.code.K1::<init> (8 bytes)
Event: 108.531 Thread 0x0000015e7fb23000 nmethod 15397 0x0000015e6d95da10 code [0x0000015e6d95dbe0, 0x0000015e6d95deb8]

GC Heap History (20 events):
Event: 104.181 GC heap after
{Heap after GC invocations=110 (full 0):
 garbage-first heap   total 169984K, used 134942K [0x0000000080000000, 0x0000000100000000)
  region size 1024K, 3 young (3072K), 3 survivors (3072K)
 Metaspace       used 101293K, capacity 103646K, committed 103680K, reserved 1138688K
  class space    used 12694K, capacity 13542K, committed 13568K, reserved 1048576K
}
Event: 104.244 GC heap before
{Heap before GC invocations=110 (full 0):
 garbage-first heap   total 169984K, used 144158K [0x0000000080000000, 0x0000000100000000)
  region size 1024K, 12 young (12288K), 3 survivors (3072K)
 Metaspace       used 101293K, capacity 103646K, committed 103680K, reserved 1138688K
  class space    used 12694K, capacity 13542K, committed 13568K, reserved 1048576K
}
Event: 104.263 GC heap after
{Heap after GC invocations=111 (full 0):
 garbage-first heap   total 169984K, used 138181K [0x0000000080000000, 0x0000000100000000)
  region size 1024K, 2 young (2048K), 2 survivors (2048K)
 Metaspace       used 101293K, capacity 103646K, committed 103680K, reserved 1138688K
  class space    used 12694K, capacity 13542K, committed 13568K, reserved 1048576K
}
Event: 104.438 GC heap before
{Heap before GC invocations=111 (full 0):
 garbage-first heap   total 169984K, used 146373K [0x0000000080000000, 0x0000000100000000)
  region size 1024K, 9 young (9216K), 2 survivors (2048K)
 Metaspace       used 101293K, capacity 103646K, committed 103680K, reserved 1138688K
  class space    used 12694K, capacity 13542K, committed 13568K, reserved 1048576K
}
Event: 104.456 GC heap after
{Heap after GC invocations=112 (full 0):
 garbage-first heap   total 169984K, used 142089K [0x0000000080000000, 0x0000000100000000)
  region size 1024K, 2 young (2048K), 2 survivors (2048K)
 Metaspace       used 101293K, capacity 103646K, committed 103680K, reserved 1138688K
  class space    used 12694K, capacity 13542K, committed 13568K, reserved 1048576K
}
Event: 104.530 GC heap before
{Heap before GC invocations=112 (full 0):
 garbage-first heap   total 169984K, used 148233K [0x0000000080000000, 0x0000000100000000)
  region size 1024K, 8 young (8192K), 2 survivors (2048K)
 Metaspace       used 101294K, capacity 103646K, committed 103680K, reserved 1138688K
  class space    used 12694K, capacity 13542K, committed 13568K, reserved 1048576K
}
Event: 104.547 GC heap after
{Heap after GC invocations=113 (full 0):
 garbage-first heap   total 169984K, used 145408K [0x0000000080000000, 0x0000000100000000)
  region size 1024K, 1 young (1024K), 1 survivors (1024K)
 Metaspace       used 101294K, capacity 103646K, committed 103680K, reserved 1138688K
  class space    used 12694K, capacity 13542K, committed 13568K, reserved 1048576K
}
Event: 104.621 GC heap before
{Heap before GC invocations=113 (full 0):
 garbage-first heap   total 169984K, used 151552K [0x0000000080000000, 0x0000000100000000)
  region size 1024K, 8 young (8192K), 1 survivors (1024K)
 Metaspace       used 101294K, capacity 103646K, committed 103680K, reserved 1138688K
  class space    used 12694K, capacity 13542K, committed 13568K, reserved 1048576K
}
Event: 104.637 GC heap after
{Heap after GC invocations=114 (full 0):
 garbage-first heap   total 169984K, used 148451K [0x0000000080000000, 0x0000000100000000)
  region size 1024K, 1 young (1024K), 1 survivors (1024K)
 Metaspace       used 101294K, capacity 103646K, committed 103680K, reserved 1138688K
  class space    used 12694K, capacity 13542K, committed 13568K, reserved 1048576K
}
Event: 105.539 GC heap before
{Heap before GC invocations=115 (full 0):
 garbage-first heap   total 169984K, used 154595K [0x0000000080000000, 0x0000000100000000)
  region size 1024K, 8 young (8192K), 1 survivors (1024K)
 Metaspace       used 101478K, capacity 103820K, committed 103936K, reserved 1140736K
  class space    used 12723K, capacity 13559K, committed 13568K, reserved 1048576K
}
Event: 105.964 GC heap after
{Heap after GC invocations=116 (full 0):
 garbage-first heap   total 204800K, used 151090K [0x0000000080000000, 0x0000000100000000)
  region size 1024K, 1 young (1024K), 1 survivors (1024K)
 Metaspace       used 101478K, capacity 103820K, committed 103936K, reserved 1140736K
  class space    used 12723K, capacity 13559K, committed 13568K, reserved 1048576K
}
Event: 107.596 GC heap before
{Heap before GC invocations=116 (full 0):
 garbage-first heap   total 204800K, used 160306K [0x0000000080000000, 0x0000000100000000)
  region size 1024K, 10 young (10240K), 1 survivors (1024K)
 Metaspace       used 102587K, capacity 104988K, committed 105216K, reserved 1140736K
  class space    used 12953K, capacity 13823K, committed 13824K, reserved 1048576K
}
Event: 107.604 GC heap after
{Heap after GC invocations=117 (full 0):
 garbage-first heap   total 204800K, used 151820K [0x0000000080000000, 0x0000000100000000)
  region size 1024K, 2 young (2048K), 2 survivors (2048K)
 Metaspace       used 102587K, capacity 104988K, committed 105216K, reserved 1140736K
  class space    used 12953K, capacity 13823K, committed 13824K, reserved 1048576K
}
Event: 108.223 GC heap before
{Heap before GC invocations=117 (full 0):
 garbage-first heap   total 204800K, used 165132K [0x0000000080000000, 0x0000000100000000)
  region size 1024K, 15 young (15360K), 2 survivors (2048K)
 Metaspace       used 103861K, capacity 106330K, committed 106624K, reserved 1142784K
  class space    used 13229K, capacity 14129K, committed 14208K, reserved 1048576K
}
Event: 108.237 GC heap after
{Heap after GC invocations=118 (full 0):
 garbage-first heap   total 204800K, used 157230K [0x0000000080000000, 0x0000000100000000)
  region size 1024K, 2 young (2048K), 2 survivors (2048K)
 Metaspace       used 103861K, capacity 106330K, committed 106624K, reserved 1142784K
  class space    used 13229K, capacity 14129K, committed 14208K, reserved 1048576K
}
Event: 108.402 GC heap before
{Heap before GC invocations=118 (full 0):
 garbage-first heap   total 204800K, used 168494K [0x0000000080000000, 0x0000000100000000)
  region size 1024K, 14 young (14336K), 2 survivors (2048K)
 Metaspace       used 103893K, capacity 106332K, committed 106624K, reserved 1142784K
  class space    used 13229K, capacity 14129K, committed 14208K, reserved 1048576K
}
Event: 108.422 GC heap after
{Heap after GC invocations=119 (full 0):
 garbage-first heap   total 204800K, used 163787K [0x0000000080000000, 0x0000000100000000)
  region size 1024K, 2 young (2048K), 2 survivors (2048K)
 Metaspace       used 103893K, capacity 106332K, committed 106624K, reserved 1142784K
  class space    used 13229K, capacity 14129K, committed 14208K, reserved 1048576K
}
Event: 108.478 GC heap before
{Heap before GC invocations=119 (full 0):
 garbage-first heap   total 204800K, used 171979K [0x0000000080000000, 0x0000000100000000)
  region size 1024K, 11 young (11264K), 2 survivors (2048K)
 Metaspace       used 103896K, capacity 106332K, committed 106624K, reserved 1142784K
  class space    used 13229K, capacity 14129K, committed 14208K, reserved 1048576K
}
Event: 108.488 GC heap after
{Heap after GC invocations=120 (full 0):
 garbage-first heap   total 204800K, used 168960K [0x0000000080000000, 0x0000000100000000)
  region size 1024K, 2 young (2048K), 2 survivors (2048K)
 Metaspace       used 103896K, capacity 106332K, committed 106624K, reserved 1142784K
  class space    used 13229K, capacity 14129K, committed 14208K, reserved 1048576K
}
Event: 108.534 GC heap before
{Heap before GC invocations=120 (full 0):
 garbage-first heap   total 204800K, used 177152K [0x0000000080000000, 0x0000000100000000)
  region size 1024K, 10 young (10240K), 2 survivors (2048K)
 Metaspace       used 103908K, capacity 106335K, committed 106624K, reserved 1142784K
  class space    used 13229K, capacity 14129K, committed 14208K, reserved 1048576K
}

Deoptimization events (20 events):
Event: 105.506 Thread 0x0000015e091f3800 DEOPT PACKING pc=0x0000015e75742ca8 sp=0x0000001ca17fd230
Event: 105.506 Thread 0x0000015e091f3800 DEOPT UNPACKING pc=0x0000015e6d2b78af sp=0x0000001ca17fd1b8 mode 2
Event: 105.984 Thread 0x0000015e091f3800 Uncommon trap: trap_request=0xffffff4d fr.pc=0x0000015e7554326c relative=0x0000000000000b6c
Event: 105.984 Thread 0x0000015e091f3800 Uncommon trap: reason=unstable_if action=reinterpret pc=0x0000015e7554326c method=sun.nio.fs.WindowsPath.getFileName()Ljava/nio/file/Path; @ 45 c2
Event: 105.984 Thread 0x0000015e091f3800 DEOPT PACKING pc=0x0000015e7554326c sp=0x0000001ca17fd320
Event: 105.984 Thread 0x0000015e091f3800 DEOPT UNPACKING pc=0x0000015e6d2b78af sp=0x0000001ca17fd308 mode 2
Event: 106.005 Thread 0x0000015e091f3800 Uncommon trap: trap_request=0xffffffde fr.pc=0x0000015e75793888 relative=0x0000000000000da8
Event: 106.005 Thread 0x0000015e091f3800 Uncommon trap: reason=class_check action=maybe_recompile pc=0x0000015e75793888 method=com.google.common.collect.ImmutableSet.rebuildHashTable(I[Ljava/lang/Object;I)[Ljava/lang/Object; @ 28 c2
Event: 106.005 Thread 0x0000015e091f3800 DEOPT PACKING pc=0x0000015e75793888 sp=0x0000001ca17fd610
Event: 106.005 Thread 0x0000015e091f3800 DEOPT UNPACKING pc=0x0000015e6d2b78af sp=0x0000001ca17fd4c0 mode 2
Event: 106.014 Thread 0x0000015e091f3800 Uncommon trap: trap_request=0xffffff4d fr.pc=0x0000015e75750838 relative=0x0000000000000558
Event: 106.014 Thread 0x0000015e091f3800 Uncommon trap: reason=unstable_if action=reinterpret pc=0x0000015e75750838 method=com.android.builder.files.RelativeFile.equals(Ljava/lang/Object;)Z @ 39 c2
Event: 106.014 Thread 0x0000015e091f3800 DEOPT PACKING pc=0x0000015e75750838 sp=0x0000001ca17fd6d0
Event: 106.014 Thread 0x0000015e091f3800 DEOPT UNPACKING pc=0x0000015e6d2b78af sp=0x0000001ca17fd688 mode 2
Event: 107.938 Thread 0x0000015e09200000 Uncommon trap: trap_request=0xffffff4d fr.pc=0x0000015e74daae90 relative=0x00000000000002d0
Event: 107.938 Thread 0x0000015e09200000 Uncommon trap: reason=unstable_if action=reinterpret pc=0x0000015e74daae90 method=com.android.tools.r8.graph.c0.a(Lcom/android/tools/r8/graph/c0;)I @ 49 c2
Event: 107.938 Thread 0x0000015e09200000 DEOPT PACKING pc=0x0000015e74daae90 sp=0x0000001ca19fe260
Event: 107.938 Thread 0x0000015e09200000 DEOPT UNPACKING pc=0x0000015e6d2b78af sp=0x0000001ca19fe1e0 mode 2
Event: 108.338 Thread 0x0000015e091fb000 DEOPT PACKING pc=0x0000015e6f7e7953 sp=0x0000001ca18fe390
Event: 108.338 Thread 0x0000015e091fb000 DEOPT UNPACKING pc=0x0000015e6d2b76ce sp=0x0000001ca18fd8e8 mode 0

Classes redefined (0 events):
No events

Internal exceptions (20 events):
Event: 101.361 Thread 0x0000015e091f7800 Exception <a 'sun/nio/fs/WindowsException'{0x0000000089e5ea88}> (0x0000000089e5ea88) thrown at [./src/hotspot/share/prims/jni.cpp, line 615]
Event: 101.361 Thread 0x0000015e091f7800 Exception <a 'sun/nio/fs/WindowsException'{0x0000000089e5edd0}> (0x0000000089e5edd0) thrown at [./src/hotspot/share/prims/jni.cpp, line 615]
Event: 101.361 Thread 0x0000015e091f7800 Exception <a 'sun/nio/fs/WindowsException'{0x0000000089e5fc88}> (0x0000000089e5fc88) thrown at [./src/hotspot/share/prims/jni.cpp, line 615]
Event: 101.361 Thread 0x0000015e091f7800 Exception <a 'sun/nio/fs/WindowsException'{0x0000000089e5ff70}> (0x0000000089e5ff70) thrown at [./src/hotspot/share/prims/jni.cpp, line 615]
Event: 101.362 Thread 0x0000015e091f7800 Exception <a 'sun/nio/fs/WindowsException'{0x0000000089e60df8}> (0x0000000089e60df8) thrown at [./src/hotspot/share/prims/jni.cpp, line 615]
Event: 101.517 Thread 0x0000015e091f7800 Exception <a 'java/lang/NoSuchMethodError'{0x0000000089dab6d8}: <clinit>> (0x0000000089dab6d8) thrown at [./src/hotspot/share/prims/jni.cpp, line 1362]
Event: 101.541 Thread 0x0000015e091f7800 Exception <a 'java/lang/NoSuchMethodError'{0x0000000089de2ca8}: <clinit>> (0x0000000089de2ca8) thrown at [./src/hotspot/share/prims/jni.cpp, line 1362]
Event: 101.544 Thread 0x0000015e091f7800 Exception <a 'java/lang/NoSuchMethodError'{0x0000000089df5ac8}: <clinit>> (0x0000000089df5ac8) thrown at [./src/hotspot/share/prims/jni.cpp, line 1362]
Event: 103.097 Thread 0x0000015e091fe800 Exception <a 'java/lang/NoSuchMethodError'{0x00000000894da038}: 'java.lang.Object java.lang.invoke.DirectMethodHandle$Holder.invokeStatic(java.lang.Object, java.lang.Object, java.lang.Object, java.lang.Object, java.lang.Object, java.lang.Object, java.lang.Object, java.lang.Object, java.lang.Object, java.lang.Object, java.lang.Object, java.lang.Object, java.lang.Object, java.lang.Object, java.lang.Object, java.lang.Object, java.lang.Object, java.lang.Object, int, java.lang.Object)'> (0x00000000894da038) thr
Event: 103.099 Thread 0x0000015e091fe800 Exception <a 'java/lang/NoSuchMethodError'{0x00000000894df8c8}: 'java.lang.Object java.lang.invoke.DirectMethodHandle$Holder.invokeStaticInit(java.lang.Object, java.lang.Object, java.lang.Object, java.lang.Object, java.lang.Object, java.lang.Object, java.lang.Object, java.lang.Object, java.lang.Object, java.lang.Object, java.lang.Object, java.lang.Object, java.lang.Object, java.lang.Object, java.lang.Object, java.lang.Object, java.lang.Object, java.lang.Object, int, java.lang.Object)'> (0x00000000894df8c8)
Event: 104.972 Thread 0x0000015e0ed02000 Exception <a 'java/lang/IncompatibleClassChangeError'{0x0000000089f58a58}: Found class java.lang.Object, but interface was expected> (0x0000000089f58a58) thrown at [./src/hotspot/share/interpreter/linkResolver.cpp, line 839]
Event: 105.154 Thread 0x0000015e091f3800 Exception <a 'java/lang/NoSuchMethodError'{0x0000000089fabe98}: 'java.lang.Object java.lang.invoke.DirectMethodHandle$Holder.invokeVirtual(java.lang.Object, java.lang.Object, int)'> (0x0000000089fabe98) thrown at [./src/hotspot/share/interpreter/linkResolver.cpp, line 773]
Event: 105.486 Thread 0x0000015e091f3800 Exception <a 'java/lang/NoSuchMethodError'{0x0000000089fe18c8}: 'void java.lang.invoke.DirectMethodHandle$Holder.invokeStatic(java.lang.Object, java.lang.Object, java.lang.Object, int)'> (0x0000000089fe18c8) thrown at [./src/hotspot/share/interpreter/linkResolver.cpp, line 773]
Event: 107.047 Thread 0x0000015e091fb000 Exception <a 'java/lang/NoSuchMethodError'{0x000000008c079898}: 'java.lang.Object java.lang.invoke.DirectMethodHandle$Holder.newInvokeSpecial(java.lang.Object, int)'> (0x000000008c079898) thrown at [./src/hotspot/share/interpreter/linkResolver.cpp, line 773]
Event: 107.740 Thread 0x0000015e09200000 Exception <a 'java/lang/IncompatibleClassChangeError'{0x000000008c6c6f58}: Found class java.lang.Object, but interface was expected> (0x000000008c6c6f58) thrown at [./src/hotspot/share/interpreter/linkResolver.cpp, line 839]
Event: 107.740 Thread 0x0000015e091fb000 Exception <a 'java/lang/IncompatibleClassChangeError'{0x000000008c6be6d8}: Found class java.lang.Object, but interface was expected> (0x000000008c6be6d8) thrown at [./src/hotspot/share/interpreter/linkResolver.cpp, line 839]
Event: 107.740 Thread 0x0000015e0ed02000 Exception <a 'java/lang/IncompatibleClassChangeError'{0x000000008c6c4750}: Found class java.lang.Object, but interface was expected> (0x000000008c6c4750) thrown at [./src/hotspot/share/interpreter/linkResolver.cpp, line 839]
Event: 107.779 Thread 0x0000015e091fb000 Exception <a 'java/lang/IncompatibleClassChangeError'{0x000000008c6d06b0}: Found class java.lang.Object, but interface was expected> (0x000000008c6d06b0) thrown at [./src/hotspot/share/interpreter/linkResolver.cpp, line 839]
Event: 107.779 Thread 0x0000015e0ed02000 Exception <a 'java/lang/IncompatibleClassChangeError'{0x000000008c6d2cc8}: Found class java.lang.Object, but interface was expected> (0x000000008c6d2cc8) thrown at [./src/hotspot/share/interpreter/linkResolver.cpp, line 839]
Event: 107.779 Thread 0x0000015e09200000 Exception <a 'java/lang/IncompatibleClassChangeError'{0x000000008c6c9988}: Found class java.lang.Object, but interface was expected> (0x000000008c6c9988) thrown at [./src/hotspot/share/interpreter/linkResolver.cpp, line 839]

Events (20 events):
Event: 108.053 loading class com/android/tools/r8/internal/pr done
Event: 108.053 loading class com/android/tools/r8/internal/pr
Event: 108.053 loading class com/android/tools/r8/internal/pr done
Event: 108.053 loading class com/android/tools/r8/internal/pr
Event: 108.053 loading class com/android/tools/r8/internal/pr done
Event: 108.053 loading class com/android/tools/r8/internal/ku$d
Event: 108.053 loading class com/android/tools/r8/internal/ku$d done
Event: 108.054 loading class com/android/tools/r8/internal/lu
Event: 108.054 loading class com/android/tools/r8/internal/lu done
Event: 108.103 loading class com/android/tools/r8/internal/Yc
Event: 108.103 loading class com/android/tools/r8/internal/Yc done
Event: 108.129 loading class com/android/tools/r8/internal/bq
Event: 108.129 loading class com/android/tools/r8/internal/bq done
Event: 108.223 Executing VM operation: G1CollectForAllocation
Event: 108.237 Executing VM operation: G1CollectForAllocation done
Event: 108.399 Executing VM operation: G1CollectForAllocation
Event: 108.423 Executing VM operation: G1CollectForAllocation done
Event: 108.477 Executing VM operation: G1CollectForAllocation
Event: 108.488 Executing VM operation: G1CollectForAllocation done
Event: 108.533 Executing VM operation: G1CollectForAllocation


Dynamic libraries:
0x00007ff73e280000 - 0x00007ff73e28a000 	D:\Software\Android Studio\jre\bin\java.exe
0x00007ffa285b0000 - 0x00007ffa287a5000 	C:\Windows\SYSTEM32\ntdll.dll
0x00007ffa27570000 - 0x00007ffa2762e000 	C:\Windows\System32\KERNEL32.DLL
0x00007ffa26330000 - 0x00007ffa265f8000 	C:\Windows\System32\KERNELBASE.dll
0x00007ffa260d0000 - 0x00007ffa261d0000 	C:\Windows\System32\ucrtbase.dll
0x00007ffa1f2c0000 - 0x00007ffa1f2d7000 	D:\Software\Android Studio\jre\bin\VCRUNTIME140.dll
0x00007ffa201d0000 - 0x00007ffa201e9000 	D:\Software\Android Studio\jre\bin\jli.dll
0x00007ffa27700000 - 0x00007ffa278a0000 	C:\Windows\System32\USER32.dll
0x00007ffa25ed0000 - 0x00007ffa25ef2000 	C:\Windows\System32\win32u.dll
0x00007ffa0e300000 - 0x00007ffa0e59a000 	C:\Windows\WinSxS\amd64_microsoft.windows.common-controls_6595b64144ccf1df_6.0.19041.1110_none_60b5254171f9507e\COMCTL32.dll
0x00007ffa27d90000 - 0x00007ffa27dbb000 	C:\Windows\System32\GDI32.dll
0x00007ffa27030000 - 0x00007ffa270ce000 	C:\Windows\System32\msvcrt.dll
0x00007ffa25f00000 - 0x00007ffa2600d000 	C:\Windows\System32\gdi32full.dll
0x00007ffa25e00000 - 0x00007ffa25e9d000 	C:\Windows\System32\msvcp_win.dll
0x00007ffa27c50000 - 0x00007ffa27c80000 	C:\Windows\System32\IMM32.DLL
0x00007ffa1c990000 - 0x00007ffa1ca2d000 	D:\Software\Android Studio\jre\bin\msvcp140.dll
0x00007ff9b0980000 - 0x00007ff9b144f000 	D:\Software\Android Studio\jre\bin\server\jvm.dll
0x00007ffa27a00000 - 0x00007ffa27aae000 	C:\Windows\System32\ADVAPI32.dll
0x00007ffa26a40000 - 0x00007ffa26adc000 	C:\Windows\System32\sechost.dll
0x00007ffa26910000 - 0x00007ffa26a35000 	C:\Windows\System32\RPCRT4.dll
0x00007ffa270e0000 - 0x00007ffa270e8000 	C:\Windows\System32\PSAPI.DLL
0x00007ffa1f2e0000 - 0x00007ffa1f2e9000 	C:\Windows\SYSTEM32\WSOCK32.dll
0x00007ffa1d2d0000 - 0x00007ffa1d2da000 	C:\Windows\SYSTEM32\VERSION.dll
0x00007ff9fb9f0000 - 0x00007ff9fba17000 	C:\Windows\SYSTEM32\WINMM.dll
0x00007ffa26c60000 - 0x00007ffa26ccb000 	C:\Windows\System32\WS2_32.dll
0x00007ffa24540000 - 0x00007ffa24552000 	C:\Windows\SYSTEM32\kernel.appcore.dll
0x00007ffa1b710000 - 0x00007ffa1b721000 	D:\Software\Android Studio\jre\bin\verify.dll
0x00007ffa23ac0000 - 0x00007ffa23ca4000 	C:\Windows\SYSTEM32\DBGHELP.DLL
0x00007ffa151f0000 - 0x00007ffa1521c000 	C:\Windows\SYSTEM32\dbgcore.DLL
0x00007ffa25d70000 - 0x00007ffa25df2000 	C:\Windows\System32\bcryptPrimitives.dll
0x00007ffa12610000 - 0x00007ffa12639000 	D:\Software\Android Studio\jre\bin\java.dll
0x00007ffa1ef70000 - 0x00007ffa1ef7b000 	D:\Software\Android Studio\jre\bin\jimage.dll
0x00007ffa1b6d0000 - 0x00007ffa1b6e8000 	D:\Software\Android Studio\jre\bin\zip.dll
0x00007ffa27dc0000 - 0x00007ffa28504000 	C:\Windows\System32\SHELL32.dll
0x00007ffa23d90000 - 0x00007ffa24524000 	C:\Windows\SYSTEM32\windows.storage.dll
0x00007ffa26cd0000 - 0x00007ffa27025000 	C:\Windows\System32\combase.dll
0x00007ffa25710000 - 0x00007ffa2573e000 	C:\Windows\SYSTEM32\Wldp.dll
0x00007ffa26600000 - 0x00007ffa266ad000 	C:\Windows\System32\SHCORE.dll
0x00007ffa26c00000 - 0x00007ffa26c55000 	C:\Windows\System32\shlwapi.dll
0x00007ffa25c00000 - 0x00007ffa25c1f000 	C:\Windows\SYSTEM32\profapi.dll
0x00007ffa143d0000 - 0x00007ffa143ea000 	D:\Software\Android Studio\jre\bin\net.dll
0x00007ffa15b80000 - 0x00007ffa15c8c000 	C:\Windows\SYSTEM32\WINHTTP.dll
0x00007ffa25470000 - 0x00007ffa254da000 	C:\Windows\system32\mswsock.dll
0x00007ffa12970000 - 0x00007ffa12984000 	D:\Software\Android Studio\jre\bin\nio.dll
0x00007ffa052f0000 - 0x00007ffa05317000 	C:\Users\michi\.gradle\native\8bec1ad78214c89d9ad589b4d07fe93259594b29d510b10fafb7a158f7737e5d\windows-amd64\native-platform.dll
0x00007ff9c2890000 - 0x00007ff9c29cd000 	C:\Users\michi\.gradle\native\53dbd7edfb1c66fb8903c78663c9afc45aea4f116125fa6feffd364cf09443e8\windows-amd64\native-platform-file-events.dll
0x00007ffa1b5a0000 - 0x00007ffa1b5aa000 	D:\Software\Android Studio\jre\bin\management.dll
0x00007ffa13370000 - 0x00007ffa1337c000 	D:\Software\Android Studio\jre\bin\management_ext.dll
0x00007ffa25660000 - 0x00007ffa25678000 	C:\Windows\SYSTEM32\CRYPTSP.dll
0x00007ffa24d80000 - 0x00007ffa24db4000 	C:\Windows\system32\rsaenh.dll
0x00007ffa25ea0000 - 0x00007ffa25ec7000 	C:\Windows\System32\bcrypt.dll
0x00007ffa25b80000 - 0x00007ffa25bae000 	C:\Windows\SYSTEM32\USERENV.dll
0x00007ffa25680000 - 0x00007ffa2568c000 	C:\Windows\SYSTEM32\CRYPTBASE.dll
0x00007ffa25110000 - 0x00007ffa2514b000 	C:\Windows\SYSTEM32\IPHLPAPI.DLL
0x00007ffa270d0000 - 0x00007ffa270d8000 	C:\Windows\System32\NSI.dll
0x00007ffa16b00000 - 0x00007ffa16b17000 	C:\Windows\SYSTEM32\dhcpcsvc6.DLL
0x00007ffa19a80000 - 0x00007ffa19a9d000 	C:\Windows\SYSTEM32\dhcpcsvc.DLL
0x00007ffa25160000 - 0x00007ffa2522b000 	C:\Windows\SYSTEM32\DNSAPI.dll

dbghelp: loaded successfully - version: 4.0.5 - missing functions: none
symbol engine: initialized successfully - sym options: 0x614 - pdb path: .;D:\Software\Android Studio\jre\bin;C:\Windows\SYSTEM32;C:\Windows\WinSxS\amd64_microsoft.windows.common-controls_6595b64144ccf1df_6.0.19041.1110_none_60b5254171f9507e;D:\Software\Android Studio\jre\bin\server;C:\Users\michi\.gradle\native\8bec1ad78214c89d9ad589b4d07fe93259594b29d510b10fafb7a158f7737e5d\windows-amd64;C:\Users\michi\.gradle\native\53dbd7edfb1c66fb8903c78663c9afc45aea4f116125fa6feffd364cf09443e8\windows-amd64

VM Arguments:
jvm_args: --add-opens=java.base/java.util=ALL-UNNAMED --add-opens=java.base/java.lang=ALL-UNNAMED --add-opens=java.base/java.lang.invoke=ALL-UNNAMED --add-opens=java.base/java.util=ALL-UNNAMED --add-opens=java.prefs/java.util.prefs=ALL-UNNAMED --add-opens=java.prefs/java.util.prefs=ALL-UNNAMED --add-opens=java.base/java.nio.charset=ALL-UNNAMED --add-opens=java.base/java.net=ALL-UNNAMED --add-opens=java.base/java.util.concurrent.atomic=ALL-UNNAMED -Xmx2048m -Dfile.encoding=UTF-8 -Duser.country=ID -Duser.language=en -Duser.variant 
java_command: org.gradle.launcher.daemon.bootstrap.GradleDaemon 7.0.2
java_class_path (initial): C:\Users\michi\.gradle\wrapper\dists\gradle-7.0.2-bin\857tjihv64xamwrf0h14cai3r\gradle-7.0.2\lib\gradle-launcher-7.0.2.jar
Launcher Type: SUN_STANDARD

[Global flags]
     intx CICompilerCount                          = 3                                         {product} {ergonomic}
     uint ConcGCThreads                            = 1                                         {product} {ergonomic}
     uint G1ConcRefinementThreads                  = 4                                         {product} {ergonomic}
   size_t G1HeapRegionSize                         = 1048576                                   {product} {ergonomic}
    uintx GCDrainStackTargetSize                   = 64                                        {product} {ergonomic}
   size_t InitialHeapSize                          = 67108864                                  {product} {ergonomic}
   size_t MarkStackSize                            = 4194304                                   {product} {ergonomic}
   size_t MaxHeapSize                              = 2147483648                                {product} {command line}
   size_t MaxNewSize                               = 1287651328                                {product} {ergonomic}
   size_t MinHeapDeltaBytes                        = 1048576                                   {product} {ergonomic}
    uintx NonNMethodCodeHeapSize                   = 5830732                                {pd product} {ergonomic}
    uintx NonProfiledCodeHeapSize                  = 122913754                              {pd product} {ergonomic}
    uintx ProfiledCodeHeapSize                     = 122913754                              {pd product} {ergonomic}
    uintx ReservedCodeCacheSize                    = 251658240                              {pd product} {ergonomic}
     bool SegmentedCodeCache                       = true                                      {product} {ergonomic}
     bool UseCompressedClassPointers               = true                                 {lp64_product} {ergonomic}
     bool UseCompressedOops                        = true                                 {lp64_product} {ergonomic}
     bool UseG1GC                                  = true                                      {product} {ergonomic}
     bool UseLargePagesIndividualAllocation        = false                                  {pd product} {ergonomic}

Logging:
Log output configuration:
 #0: stdout all=warning uptime,level,tags
 #1: stderr all=off uptime,level,tags

Environment Variables:
PATH=C:\Program Files (x86)\Common Files\Oracle\Java\javapath;C:\Program Files\Common Files\Oracle\Java\javapath;C:\Windows\system32;C:\Windows;C:\Windows\System32\Wbem;C:\Windows\System32\WindowsPowerShell\v1.0\;C:\Windows\System32\OpenSSH\;D:\Software\MinGW\bin;D:\Software\Git\cmd;D:\Software\Git\bin;C:\Users\michi\AppData\Local\Programs\Python\Python310\Scripts\;C:\Users\michi\AppData\Local\Programs\Python\Python310\;C:\Users\michi\AppData\Local\Programs\Python\Python310\Scripts\;C:\Users\michi\AppData\Local\Programs\Python\Python310\;C:\Users\michi\AppData\Local\Microsoft\WindowsApps;D:\Software\Microsoft VS Code\bin;D:\Software\MinGW\bin;D:\Software\Git\bin;D:\Software\Git\cmd;
USERNAME=michi
OS=Windows_NT
PROCESSOR_IDENTIFIER=Intel64 Family 6 Model 142 Stepping 9, GenuineIntel



---------------  S Y S T E M  ---------------

OS: Windows 10 , 64 bit Build 19041 (10.0.19041.1503)
OS uptime: 1 days 4:22 hours

CPU:total 4 (initial active 4) (2 cores per cpu, 2 threads per core) family 6 model 142 stepping 9 microcode 0xb4, cmov, cx8, fxsr, mmx, sse, sse2, sse3, ssse3, sse4.1, sse4.2, popcnt, avx, avx2, aes, clmul, erms, 3dnowpref, lzcnt, ht, tsc, tscinvbit, bmi1, bmi2, adx, fma

Memory: 4k page, system-wide physical 3981M (263M free)
TotalPageFile size 8077M (AvailPageFile size 85M)
current process WorkingSet (physical memory assigned to process): 333M, peak: 382M
current process commit charge ("private bytes"): 511M, peak: 728M

vm_info: OpenJDK 64-Bit Server VM (11.0.10+0-b96-7249189) for windows-amd64 JRE (11.0.10+0-b96-7249189), built on Mar 31 2021 21:44:00 by "builder" with MS VC++ 14.0 (VS2015)

END.
