#
# There is insufficient memory for the Java Runtime Environment to continue.
# Native memory allocation (malloc) failed to allocate 1711216 bytes for Chunk::new
# Possible reasons:
#   The system is out of physical RAM or swap space
#   The process is running with CompressedOops enabled, and the Java Heap may be blocking the growth of the native heap
# Possible solutions:
#   Reduce memory load on the system
#   Increase physical memory or swap space
#   Check if swap backing store is full
#   Decrease Java heap size (-Xmx/-Xms)
#   Decrease number of Java threads
#   Decrease Java thread stack sizes (-Xss)
#   Set larger code cache with -XX:ReservedCodeCacheSize=
#   JVM is running with Unscaled Compressed Oops mode in which the Java heap is
#     placed in the first 4GB address space. The Java Heap base address is the
#     maximum limit for the native heap growth. Please use -XX:HeapBaseMinAddress
#     to set the Java Heap base and to place the Java Heap above 4GB virtual address.
# This output file may be truncated or incomplete.
#
#  Out of Memory Error (./src/hotspot/share/memory/arena.cpp:197), pid=8820, tid=4432
#
# JRE version: OpenJDK Runtime Environment (11.0.10) (build 11.0.10+0-b96-7249189)
# Java VM: OpenJDK 64-Bit Server VM (11.0.10+0-b96-7249189, mixed mode, tiered, compressed oops, g1 gc, windows-amd64)
# No core dump will be written. Minidumps are not enabled by default on client versions of Windows
#

---------------  S U M M A R Y ------------

Command Line: --add-opens=java.base/java.util=ALL-UNNAMED --add-opens=java.base/java.lang=ALL-UNNAMED --add-opens=java.base/java.lang.invoke=ALL-UNNAMED --add-opens=java.base/java.util=ALL-UNNAMED --add-opens=java.prefs/java.util.prefs=ALL-UNNAMED --add-opens=java.prefs/java.util.prefs=ALL-UNNAMED --add-opens=java.base/java.nio.charset=ALL-UNNAMED --add-opens=java.base/java.net=ALL-UNNAMED --add-opens=java.base/java.util.concurrent.atomic=ALL-UNNAMED -Xmx2048m -Dfile.encoding=UTF-8 -Duser.country=ID -Duser.language=en -Duser.variant org.gradle.launcher.daemon.bootstrap.GradleDaemon 7.0.2

Host: Intel(R) Core(TM) i5-7200U CPU @ 2.50GHz, 4 cores, 3G,  Windows 10 , 64 bit Build 19041 (10.0.19041.1503)
Time: Tue Mar  1 17:01:06 2022 SE Asia Standard Time elapsed time: 339.220683 seconds (0d 0h 5m 39s)

---------------  T H R E A D  ---------------

Current thread (0x0000020e60761800):  JavaThread "C2 CompilerThread0" daemon [_thread_in_native, id=4432, stack(0x00000046a0a00000,0x00000046a0b00000)]


Current CompileTask:
C2: 339259 21329       4       com.android.tools.r8.internal.Lv::a (455 bytes)

Stack: [0x00000046a0a00000,0x00000046a0b00000]
Native frames: (J=compiled Java code, j=interpreted, Vv=VM code, C=native code)
V  [jvm.dll+0x5ecfaa]
V  [jvm.dll+0x722bd5]
V  [jvm.dll+0x72412d]
V  [jvm.dll+0x7247e3]
V  [jvm.dll+0x242928]
V  [jvm.dll+0xbc4fc]
V  [jvm.dll+0xbca0c]
V  [jvm.dll+0x352d3b]
V  [jvm.dll+0x197e0c]
V  [jvm.dll+0x1fb70e]
V  [jvm.dll+0x1fa7f4]
V  [jvm.dll+0x18354c]
V  [jvm.dll+0x208ee7]
V  [jvm.dll+0x207731]
V  [jvm.dll+0x6eb1cf]
V  [jvm.dll+0x6e3d45]
V  [jvm.dll+0x5ebe96]
C  [ucrtbase.dll+0x21bb2]
C  [KERNEL32.DLL+0x17034]
C  [ntdll.dll+0x52651]


---------------  P R O C E S S  ---------------

Threads class SMR info:
_java_thread_list=0x0000020e644e7860, length=53, elements={
0x0000020e44bf9800, 0x0000020e606f8800, 0x0000020e60704000, 0x0000020e60754800,
0x0000020e60758800, 0x0000020e6075c800, 0x0000020e60761800, 0x0000020e60765000,
0x0000020e6076b000, 0x0000020e611d0800, 0x0000020e62474800, 0x0000020e6206a800,
0x0000020e61f54800, 0x0000020e623a2800, 0x0000020e6239d800, 0x0000020e623a3000,
0x0000020e623a1800, 0x0000020e6239e000, 0x0000020e64f92800, 0x0000020e64f93800,
0x0000020e64f90000, 0x0000020e64f8f000, 0x0000020e64f95800, 0x0000020e64f9a800,
0x0000020e64f97800, 0x0000020e64f91000, 0x0000020e64f8e800, 0x0000020e64f95000,
0x0000020e64f99000, 0x0000020e64f9b800, 0x0000020e64f9a000, 0x0000020e64f9c800,
0x0000020e64f9d000, 0x0000020e623a4000, 0x0000020e6239f000, 0x0000020e623a0000,
0x0000020e623a0800, 0x0000020e6522b800, 0x0000020e6522a800, 0x0000020e6522a000,
0x0000020e65226000, 0x0000020e65227800, 0x0000020e6522c800, 0x0000020e65226800,
0x0000020e65228800, 0x0000020e6522d000, 0x0000020e6522f000, 0x0000020e65229000,
0x0000020e65232000, 0x0000020e65233000, 0x0000020e65230800, 0x0000020e65233800,
0x0000020e65234800
}

Java Threads: ( => current thread )
  0x0000020e44bf9800 JavaThread "main" [_thread_blocked, id=2916, stack(0x000000469fe00000,0x000000469ff00000)]
  0x0000020e606f8800 JavaThread "Reference Handler" daemon [_thread_blocked, id=4660, stack(0x00000046a0500000,0x00000046a0600000)]
  0x0000020e60704000 JavaThread "Finalizer" daemon [_thread_blocked, id=9008, stack(0x00000046a0600000,0x00000046a0700000)]
  0x0000020e60754800 JavaThread "Signal Dispatcher" daemon [_thread_blocked, id=10220, stack(0x00000046a0700000,0x00000046a0800000)]
  0x0000020e60758800 JavaThread "Attach Listener" daemon [_thread_blocked, id=532, stack(0x00000046a0800000,0x00000046a0900000)]
  0x0000020e6075c800 JavaThread "Service Thread" daemon [_thread_blocked, id=4672, stack(0x00000046a0900000,0x00000046a0a00000)]
=>0x0000020e60761800 JavaThread "C2 CompilerThread0" daemon [_thread_in_native, id=4432, stack(0x00000046a0a00000,0x00000046a0b00000)]
  0x0000020e60765000 JavaThread "C1 CompilerThread0" daemon [_thread_in_vm, id=10196, stack(0x00000046a0b00000,0x00000046a0c00000)]
  0x0000020e6076b000 JavaThread "Sweeper thread" daemon [_thread_blocked, id=5156, stack(0x00000046a0c00000,0x00000046a0d00000)]
  0x0000020e611d0800 JavaThread "Common-Cleaner" daemon [_thread_blocked, id=7704, stack(0x00000046a0d00000,0x00000046a0e00000)]
  0x0000020e62474800 JavaThread "Daemon health stats" [_thread_blocked, id=10372, stack(0x00000046a1000000,0x00000046a1100000)]
  0x0000020e6206a800 JavaThread "Incoming local TCP Connector on port 54190" [_thread_in_native, id=11920, stack(0x00000046a1100000,0x00000046a1200000)]
  0x0000020e61f54800 JavaThread "Daemon periodic checks" [_thread_blocked, id=11408, stack(0x00000046a1200000,0x00000046a1300000)]
  0x0000020e623a2800 JavaThread "Cache worker for file hash cache (C:\Users\michi\.gradle\caches\7.0.2\fileHashes)" [_thread_blocked, id=2624, stack(0x00000046a1c00000,0x00000046a1d00000)]
  0x0000020e6239d800 JavaThread "File lock request listener" [_thread_in_native, id=1324, stack(0x00000046a1d00000,0x00000046a1e00000)]
  0x0000020e623a3000 JavaThread "Cache worker for journal cache (C:\Users\michi\.gradle\caches\journal-1)" [_thread_blocked, id=2492, stack(0x00000046a1e00000,0x00000046a1f00000)]
  0x0000020e623a1800 JavaThread "File watcher server" daemon [_thread_in_native, id=9936, stack(0x00000046a2000000,0x00000046a2100000)]
  0x0000020e6239e000 JavaThread "File watcher consumer" daemon [_thread_blocked, id=9192, stack(0x00000046a2100000,0x00000046a2200000)]
  0x0000020e64f92800 JavaThread "Cache worker for execution history cache (C:\Users\michi\.gradle\caches\7.0.2\executionHistory)" [_thread_blocked, id=10596, stack(0x00000046a2500000,0x00000046a2600000)]
  0x0000020e64f93800 JavaThread "jar transforms" [_thread_blocked, id=12272, stack(0x00000046a2600000,0x00000046a2700000)]
  0x0000020e64f90000 JavaThread "jar transforms Thread 2" [_thread_blocked, id=7800, stack(0x00000046a2700000,0x00000046a2800000)]
  0x0000020e64f8f000 JavaThread "Cache worker for file content cache (C:\Users\michi\.gradle\caches\7.0.2\fileContent)" [_thread_blocked, id=11536, stack(0x00000046a2800000,0x00000046a2900000)]
  0x0000020e64f95800 JavaThread "jar transforms Thread 3" [_thread_blocked, id=9484, stack(0x00000046a2a00000,0x00000046a2b00000)]
  0x0000020e64f9a800 JavaThread "jar transforms Thread 4" [_thread_blocked, id=8712, stack(0x00000046a3000000,0x00000046a3100000)]
  0x0000020e64f97800 JavaThread "Memory manager" [_thread_blocked, id=11132, stack(0x00000046a3100000,0x00000046a3200000)]
  0x0000020e64f91000 JavaThread "Daemon Thread 2" [_thread_blocked, id=4956, stack(0x000000469fb00000,0x000000469fc00000)]
  0x0000020e64f8e800 JavaThread "Handler for socket connection from /127.0.0.1:54190 to /127.0.0.1:52048" [_thread_in_native, id=6272, stack(0x000000469fc00000,0x000000469fd00000)]
  0x0000020e64f95000 JavaThread "Cancel handler" [_thread_blocked, id=9056, stack(0x000000469fd00000,0x000000469fe00000)]
  0x0000020e64f99000 JavaThread "Daemon worker Thread 2" [_thread_blocked, id=7068, stack(0x00000046a1300000,0x00000046a1400000)]
  0x0000020e64f9b800 JavaThread "Asynchronous log dispatcher for DefaultDaemonConnection: socket connection from /127.0.0.1:54190 to /127.0.0.1:52048" [_thread_blocked, id=10600, stack(0x00000046a1400000,0x00000046a1500000)]
  0x0000020e64f9a000 JavaThread "Daemon client event forwarder" [_thread_blocked, id=7212, stack(0x00000046a1600000,0x00000046a1700000)]
  0x0000020e64f9c800 JavaThread "Cache worker for file hash cache (C:\Users\michi\AndroidStudioProjects\TukangTech\.gradle\7.0.2\fileHashes)" [_thread_blocked, id=9940, stack(0x00000046a1700000,0x00000046a1800000)]
  0x0000020e64f9d000 JavaThread "Cache worker for checksums cache (C:\Users\michi\AndroidStudioProjects\TukangTech\.gradle\checksums)" [_thread_blocked, id=1256, stack(0x00000046a1800000,0x00000046a1900000)]
  0x0000020e623a4000 JavaThread "Cache worker for cache directory md-supplier (C:\Users\michi\.gradle\caches\7.0.2\md-supplier)" [_thread_blocked, id=2680, stack(0x00000046a1900000,0x00000046a1a00000)]
  0x0000020e6239f000 JavaThread "Cache worker for cache directory md-rule (C:\Users\michi\.gradle\caches\7.0.2\md-rule)" [_thread_blocked, id=8500, stack(0x00000046a1f00000,0x00000046a2000000)]
  0x0000020e623a0000 JavaThread "Cache worker for dependencies-accessors (C:\Users\michi\AndroidStudioProjects\TukangTech\.gradle\7.0.2\dependencies-accessors)" [_thread_blocked, id=11668, stack(0x00000046a2200000,0x00000046a2300000)]
  0x0000020e623a0800 JavaThread "Cache worker for Build Output Cleanup Cache (C:\Users\michi\AndroidStudioProjects\TukangTech\.gradle\buildOutputCleanup)" [_thread_blocked, id=6420, stack(0x00000046a2300000,0x00000046a2400000)]
  0x0000020e6522b800 JavaThread "Build operations" [_thread_blocked, id=11908, stack(0x00000046a2400000,0x00000046a2500000)]
  0x0000020e6522a800 JavaThread "Build operations Thread 2" [_thread_blocked, id=5312, stack(0x00000046a2900000,0x00000046a2a00000)]
  0x0000020e6522a000 JavaThread "Build operations Thread 3" [_thread_blocked, id=11304, stack(0x00000046a2b00000,0x00000046a2c00000)]
  0x0000020e65226000 JavaThread "Build operations Thread 4" [_thread_blocked, id=2128, stack(0x00000046a2c00000,0x00000046a2d00000)]
  0x0000020e65227800 JavaThread "build event listener" [_thread_blocked, id=9520, stack(0x00000046a2e00000,0x00000046a2f00000)]
  0x0000020e6522c800 JavaThread "Execution worker for ':'" [_thread_blocked, id=3668, stack(0x00000046a2f00000,0x00000046a3000000)]
  0x0000020e65226800 JavaThread "Execution worker for ':' Thread 2" [_thread_blocked, id=7460, stack(0x00000046a3200000,0x00000046a3300000)]
  0x0000020e65228800 JavaThread "Execution worker for ':' Thread 3" [_thread_blocked, id=6728, stack(0x00000046a3300000,0x00000046a3400000)]
  0x0000020e6522d000 JavaThread "Cache worker for execution history cache (C:\Users\michi\AndroidStudioProjects\TukangTech\.gradle\7.0.2\executionHistory)" [_thread_blocked, id=5768, stack(0x00000046a3400000,0x00000046a3500000)]
  0x0000020e6522f000 JavaThread "WorkerExecutor Queue" [_thread_blocked, id=9328, stack(0x00000046a3600000,0x00000046a3700000)]
  0x0000020e65229000 JavaThread "WorkerExecutor Queue Thread 2" [_thread_blocked, id=6768, stack(0x00000046a3900000,0x00000046a3a00000)]
  0x0000020e65232000 JavaThread "WorkerExecutor Queue Thread 3" [_thread_in_native, id=6616, stack(0x00000046a3a00000,0x00000046a3b00000)]
  0x0000020e65233000 JavaThread "WorkerExecutor Queue Thread 4" [_thread_blocked, id=8876, stack(0x00000046a3b00000,0x00000046a3c00000)]
  0x0000020e65230800 JavaThread "pool-4-thread-1" [_thread_blocked, id=9256, stack(0x00000046a1500000,0x00000046a1600000)]
  0x0000020e65233800 JavaThread "stderr" [_thread_in_native, id=5192, stack(0x00000046a3500000,0x00000046a3600000)]
  0x0000020e65234800 JavaThread "stdout" [_thread_in_native, id=5388, stack(0x00000046a3c00000,0x00000046a3d00000)]

Other Threads:
  0x0000020e606f2000 VMThread "VM Thread" [stack: 0x00000046a0400000,0x00000046a0500000] [id=12112]
  0x0000020e61279800 WatcherThread [stack: 0x00000046a0e00000,0x00000046a0f00000] [id=536]
  0x0000020e44c11800 GCTaskThread "GC Thread#0" [stack: 0x000000469ff00000,0x00000046a0000000] [id=9668]
  0x0000020e61578800 GCTaskThread "GC Thread#1" [stack: 0x00000046a0f00000,0x00000046a1000000] [id=4724]
  0x0000020e62417800 GCTaskThread "GC Thread#2" [stack: 0x00000046a1a00000,0x00000046a1b00000] [id=11136]
  0x0000020e62418000 GCTaskThread "GC Thread#3" [stack: 0x00000046a1b00000,0x00000046a1c00000] [id=344]
  0x0000020e44c47800 ConcurrentGCThread "G1 Main Marker" [stack: 0x00000046a0000000,0x00000046a0100000] [id=1480]
  0x0000020e44c48800 ConcurrentGCThread "G1 Conc#0" [stack: 0x00000046a0100000,0x00000046a0200000] [id=5928]
  0x0000020e44ca1000 ConcurrentGCThread "G1 Refine#0" [stack: 0x00000046a0200000,0x00000046a0300000] [id=11084]
  0x0000020e44ca2800 ConcurrentGCThread "G1 Young RemSet Sampling" [stack: 0x00000046a0300000,0x00000046a0400000] [id=12064]

Threads with active compile tasks:
C2 CompilerThread0 341609 21329       4       com.android.tools.r8.internal.Lv::a (455 bytes)
C1 CompilerThread0 341609 21449       2       com.android.tools.r8.ir.regalloc.a$$Lambda$1940/0x0000000100ea8840::compare (16 bytes)

VM state:synchronizing (normal execution)

VM Mutex/Monitor currently owned by a thread: None

Heap address: 0x0000000080000000, size: 2048 MB, Compressed Oops mode: 32-bit
Narrow klass base: 0x0000000000000000, Narrow klass shift: 3
Compressed class space size: 1073741824 Address: 0x0000000100000000

Heap:
 garbage-first heap   total 356352K, used 167306K [0x0000000080000000, 0x0000000100000000)
  region size 1024K, 26 young (26624K), 2 survivors (2048K)
 Metaspace       used 120970K, capacity 124016K, committed 124800K, reserved 1157120K
  class space    used 15037K, capacity 16168K, committed 16512K, reserved 1048576K
Heap Regions: E=young(eden), S=young(survivor), O=old, HS=humongous(starts), HC=humongous(continues), CS=collection set, F=free, A=archive, TAMS=top-at-mark-start (previous, next)
|   0|0x0000000080000000, 0x0000000080100000, 0x0000000080100000|100%| O|  |TAMS 0x0000000080100000, 0x0000000080000000| Updating 
|   1|0x0000000080100000, 0x0000000080200000, 0x0000000080200000|100%| O|  |TAMS 0x0000000080200000, 0x0000000080100000| Updating 
|   2|0x0000000080200000, 0x0000000080300000, 0x0000000080300000|100%| O|  |TAMS 0x0000000080300000, 0x0000000080200000| Updating 
|   3|0x0000000080300000, 0x0000000080400000, 0x0000000080400000|100%|HS|  |TAMS 0x0000000080400000, 0x0000000080300000| Complete 
|   4|0x0000000080400000, 0x0000000080500000, 0x0000000080500000|100%|HC|  |TAMS 0x0000000080500000, 0x0000000080400000| Complete 
|   5|0x0000000080500000, 0x0000000080600000, 0x0000000080600000|100%|HC|  |TAMS 0x0000000080600000, 0x0000000080500000| Complete 
|   6|0x0000000080600000, 0x0000000080700000, 0x0000000080700000|100%| O|  |TAMS 0x0000000080700000, 0x0000000080600000| Updating 
|   7|0x0000000080700000, 0x0000000080800000, 0x0000000080800000|100%| O|  |TAMS 0x0000000080800000, 0x0000000080700000| Updating 
|   8|0x0000000080800000, 0x0000000080900000, 0x0000000080900000|100%| O|  |TAMS 0x0000000080900000, 0x0000000080800000| Updating 
|   9|0x0000000080900000, 0x0000000080a00000, 0x0000000080a00000|100%| O|  |TAMS 0x0000000080a00000, 0x0000000080900000| Updating 
|  10|0x0000000080a00000, 0x0000000080b00000, 0x0000000080b00000|100%| O|  |TAMS 0x0000000080b00000, 0x0000000080a00000| Updating 
|  11|0x0000000080b00000, 0x0000000080c00000, 0x0000000080c00000|100%| O|  |TAMS 0x0000000080c00000, 0x0000000080b00000| Updating 
|  12|0x0000000080c00000, 0x0000000080d00000, 0x0000000080d00000|100%| O|  |TAMS 0x0000000080d00000, 0x0000000080c00000| Updating 
|  13|0x0000000080d00000, 0x0000000080e00000, 0x0000000080e00000|100%| O|  |TAMS 0x0000000080e00000, 0x0000000080d00000| Updating 
|  14|0x0000000080e00000, 0x0000000080f00000, 0x0000000080f00000|100%| O|  |TAMS 0x0000000080f00000, 0x0000000080e00000| Updating 
|  15|0x0000000080f00000, 0x0000000081000000, 0x0000000081000000|100%| O|  |TAMS 0x0000000081000000, 0x0000000080f00000| Updating 
|  16|0x0000000081000000, 0x0000000081100000, 0x0000000081100000|100%| O|  |TAMS 0x0000000081100000, 0x0000000081000000| Updating 
|  17|0x0000000081100000, 0x0000000081200000, 0x0000000081200000|100%| O|  |TAMS 0x0000000081200000, 0x0000000081100000| Updating 
|  18|0x0000000081200000, 0x0000000081300000, 0x0000000081300000|100%| O|  |TAMS 0x0000000081300000, 0x0000000081200000| Updating 
|  19|0x0000000081300000, 0x0000000081400000, 0x0000000081400000|100%| O|  |TAMS 0x0000000081400000, 0x0000000081300000| Updating 
|  20|0x0000000081400000, 0x0000000081500000, 0x0000000081500000|100%| O|  |TAMS 0x0000000081500000, 0x0000000081400000| Updating 
|  21|0x0000000081500000, 0x0000000081600000, 0x0000000081600000|100%| O|  |TAMS 0x0000000081600000, 0x0000000081500000| Updating 
|  22|0x0000000081600000, 0x0000000081700000, 0x0000000081700000|100%| O|  |TAMS 0x0000000081700000, 0x0000000081600000| Updating 
|  23|0x0000000081700000, 0x0000000081800000, 0x0000000081800000|100%| O|  |TAMS 0x0000000081800000, 0x0000000081700000| Updating 
|  24|0x0000000081800000, 0x0000000081900000, 0x0000000081900000|100%| O|  |TAMS 0x0000000081900000, 0x0000000081800000| Updating 
|  25|0x0000000081900000, 0x0000000081a00000, 0x0000000081a00000|100%| O|  |TAMS 0x0000000081a00000, 0x0000000081900000| Updating 
|  26|0x0000000081a00000, 0x0000000081b00000, 0x0000000081b00000|100%| O|  |TAMS 0x0000000081b00000, 0x0000000081a00000| Updating 
|  27|0x0000000081b00000, 0x0000000081c00000, 0x0000000081c00000|100%|HS|  |TAMS 0x0000000081c00000, 0x0000000081b00000| Complete 
|  28|0x0000000081c00000, 0x0000000081d00000, 0x0000000081d00000|100%|HS|  |TAMS 0x0000000081d00000, 0x0000000081c00000| Complete 
|  29|0x0000000081d00000, 0x0000000081e00000, 0x0000000081e00000|100%| O|  |TAMS 0x0000000081e00000, 0x0000000081d00000| Updating 
|  30|0x0000000081e00000, 0x0000000081f00000, 0x0000000081f00000|100%| O|  |TAMS 0x0000000081f00000, 0x0000000081e00000| Updating 
|  31|0x0000000081f00000, 0x0000000082000000, 0x0000000082000000|100%| O|  |TAMS 0x0000000082000000, 0x0000000081f00000| Updating 
|  32|0x0000000082000000, 0x0000000082100000, 0x0000000082100000|100%| O|  |TAMS 0x0000000082100000, 0x0000000082000000| Updating 
|  33|0x0000000082100000, 0x0000000082200000, 0x0000000082200000|100%| O|  |TAMS 0x0000000082200000, 0x0000000082100000| Updating 
|  34|0x0000000082200000, 0x0000000082300000, 0x0000000082300000|100%|HS|  |TAMS 0x0000000082300000, 0x0000000082200000| Complete 
|  35|0x0000000082300000, 0x0000000082400000, 0x0000000082400000|100%|HC|  |TAMS 0x0000000082400000, 0x0000000082300000| Complete 
|  36|0x0000000082400000, 0x0000000082500000, 0x0000000082500000|100%| O|  |TAMS 0x0000000082500000, 0x0000000082400000| Updating 
|  37|0x0000000082500000, 0x0000000082600000, 0x0000000082600000|100%| O|  |TAMS 0x0000000082600000, 0x0000000082500000| Updating 
|  38|0x0000000082600000, 0x0000000082700000, 0x0000000082700000|100%| O|  |TAMS 0x0000000082700000, 0x0000000082600000| Updating 
|  39|0x0000000082700000, 0x0000000082800000, 0x0000000082800000|100%| O|  |TAMS 0x0000000082800000, 0x0000000082700000| Updating 
|  40|0x0000000082800000, 0x0000000082900000, 0x0000000082900000|100%| O|  |TAMS 0x0000000082900000, 0x0000000082800000| Updating 
|  41|0x0000000082900000, 0x0000000082a00000, 0x0000000082a00000|100%| O|  |TAMS 0x0000000082a00000, 0x0000000082900000| Updating 
|  42|0x0000000082a00000, 0x0000000082b00000, 0x0000000082b00000|100%| O|  |TAMS 0x0000000082b00000, 0x0000000082a00000| Updating 
|  43|0x0000000082b00000, 0x0000000082c00000, 0x0000000082c00000|100%| O|  |TAMS 0x0000000082c00000, 0x0000000082b00000| Updating 
|  44|0x0000000082c00000, 0x0000000082d00000, 0x0000000082d00000|100%| O|  |TAMS 0x0000000082d00000, 0x0000000082c00000| Updating 
|  45|0x0000000082d00000, 0x0000000082e00000, 0x0000000082e00000|100%| O|  |TAMS 0x0000000082e00000, 0x0000000082d00000| Updating 
|  46|0x0000000082e00000, 0x0000000082f00000, 0x0000000082f00000|100%| O|  |TAMS 0x0000000082f00000, 0x0000000082e00000| Updating 
|  47|0x0000000082f00000, 0x0000000083000000, 0x0000000083000000|100%| O|  |TAMS 0x0000000083000000, 0x0000000082f00000| Updating 
|  48|0x0000000083000000, 0x0000000083100000, 0x0000000083100000|100%| O|  |TAMS 0x0000000083100000, 0x0000000083000000| Updating 
|  49|0x0000000083100000, 0x0000000083200000, 0x0000000083200000|100%| O|  |TAMS 0x0000000083200000, 0x0000000083100000| Updating 
|  50|0x0000000083200000, 0x0000000083300000, 0x0000000083300000|100%| O|  |TAMS 0x0000000083300000, 0x0000000083200000| Updating 
|  51|0x0000000083300000, 0x0000000083400000, 0x0000000083400000|100%| O|  |TAMS 0x0000000083400000, 0x0000000083300000| Updating 
|  52|0x0000000083400000, 0x0000000083500000, 0x0000000083500000|100%| O|  |TAMS 0x0000000083500000, 0x0000000083400000| Updating 
|  53|0x0000000083500000, 0x0000000083600000, 0x0000000083600000|100%| O|  |TAMS 0x0000000083600000, 0x0000000083500000| Updating 
|  54|0x0000000083600000, 0x0000000083700000, 0x0000000083700000|100%| O|  |TAMS 0x0000000083700000, 0x0000000083600000| Updating 
|  55|0x0000000083700000, 0x0000000083800000, 0x0000000083800000|100%| O|  |TAMS 0x0000000083800000, 0x0000000083700000| Updating 
|  56|0x0000000083800000, 0x0000000083900000, 0x0000000083900000|100%| O|  |TAMS 0x0000000083900000, 0x0000000083800000| Updating 
|  57|0x0000000083900000, 0x0000000083a00000, 0x0000000083a00000|100%| O|  |TAMS 0x0000000083a00000, 0x0000000083900000| Updating 
|  58|0x0000000083a00000, 0x0000000083b00000, 0x0000000083b00000|100%| O|  |TAMS 0x0000000083b00000, 0x0000000083a00000| Updating 
|  59|0x0000000083b00000, 0x0000000083c00000, 0x0000000083c00000|100%| O|  |TAMS 0x0000000083c00000, 0x0000000083b00000| Updating 
|  60|0x0000000083c00000, 0x0000000083d00000, 0x0000000083d00000|100%| O|  |TAMS 0x0000000083d00000, 0x0000000083c00000| Updating 
|  61|0x0000000083d00000, 0x0000000083e00000, 0x0000000083e00000|100%| O|  |TAMS 0x0000000083e00000, 0x0000000083d00000| Updating 
|  62|0x0000000083e00000, 0x0000000083f00000, 0x0000000083f00000|100%|HS|  |TAMS 0x0000000083f00000, 0x0000000083e00000| Complete 
|  63|0x0000000083f00000, 0x0000000084000000, 0x0000000084000000|100%| O|  |TAMS 0x0000000084000000, 0x0000000083f00000| Updating 
|  64|0x0000000084000000, 0x0000000084100000, 0x0000000084100000|100%| O|  |TAMS 0x0000000084100000, 0x0000000084000000| Updating 
|  65|0x0000000084100000, 0x0000000084200000, 0x0000000084200000|100%| O|  |TAMS 0x0000000084200000, 0x0000000084100000| Updating 
|  66|0x0000000084200000, 0x0000000084300000, 0x0000000084300000|100%| O|  |TAMS 0x0000000084300000, 0x0000000084200000| Updating 
|  67|0x0000000084300000, 0x0000000084400000, 0x0000000084400000|100%| O|  |TAMS 0x0000000084400000, 0x0000000084300000| Updating 
|  68|0x0000000084400000, 0x0000000084500000, 0x0000000084500000|100%| O|  |TAMS 0x0000000084500000, 0x0000000084400000| Updating 
|  69|0x0000000084500000, 0x0000000084600000, 0x0000000084600000|100%| O|  |TAMS 0x0000000084600000, 0x0000000084500000| Updating 
|  70|0x0000000084600000, 0x0000000084700000, 0x0000000084700000|100%| O|  |TAMS 0x0000000084700000, 0x0000000084600000| Updating 
|  71|0x0000000084700000, 0x0000000084800000, 0x0000000084800000|100%| O|  |TAMS 0x0000000084800000, 0x0000000084700000| Updating 
|  72|0x0000000084800000, 0x0000000084900000, 0x0000000084900000|100%| O|  |TAMS 0x0000000084800000, 0x0000000084800000| Untracked 
|  73|0x0000000084900000, 0x0000000084a00000, 0x0000000084a00000|100%| O|  |TAMS 0x0000000084a00000, 0x0000000084900000| Updating 
|  74|0x0000000084a00000, 0x0000000084b00000, 0x0000000084b00000|100%| O|  |TAMS 0x0000000084b00000, 0x0000000084a00000| Updating 
|  75|0x0000000084b00000, 0x0000000084c00000, 0x0000000084c00000|100%| O|  |TAMS 0x0000000084c00000, 0x0000000084b00000| Updating 
|  76|0x0000000084c00000, 0x0000000084d00000, 0x0000000084d00000|100%| O|  |TAMS 0x0000000084d00000, 0x0000000084c00000| Updating 
|  77|0x0000000084d00000, 0x0000000084e00000, 0x0000000084e00000|100%| O|  |TAMS 0x0000000084e00000, 0x0000000084d00000| Updating 
|  78|0x0000000084e00000, 0x0000000084f00000, 0x0000000084f00000|100%| O|  |TAMS 0x0000000084f00000, 0x0000000084e00000| Updating 
|  79|0x0000000084f00000, 0x0000000085000000, 0x0000000085000000|100%| O|  |TAMS 0x0000000085000000, 0x0000000084f00000| Updating 
|  80|0x0000000085000000, 0x0000000085100000, 0x0000000085100000|100%| O|  |TAMS 0x0000000085100000, 0x0000000085000000| Updating 
|  81|0x0000000085100000, 0x0000000085200000, 0x0000000085200000|100%| O|  |TAMS 0x0000000085200000, 0x0000000085100000| Updating 
|  82|0x0000000085200000, 0x0000000085300000, 0x0000000085300000|100%| O|  |TAMS 0x0000000085300000, 0x0000000085200000| Updating 
|  83|0x0000000085300000, 0x0000000085400000, 0x0000000085400000|100%| O|  |TAMS 0x0000000085400000, 0x0000000085300000| Updating 
|  84|0x0000000085400000, 0x0000000085500000, 0x0000000085500000|100%| O|  |TAMS 0x0000000085500000, 0x0000000085400000| Updating 
|  85|0x0000000085500000, 0x0000000085600000, 0x0000000085600000|100%| O|  |TAMS 0x0000000085600000, 0x0000000085500000| Updating 
|  86|0x0000000085600000, 0x0000000085700000, 0x0000000085700000|100%| O|  |TAMS 0x0000000085700000, 0x0000000085600000| Updating 
|  87|0x0000000085700000, 0x0000000085800000, 0x0000000085800000|100%| O|  |TAMS 0x0000000085800000, 0x0000000085700000| Updating 
|  88|0x0000000085800000, 0x0000000085900000, 0x0000000085900000|100%| O|  |TAMS 0x0000000085900000, 0x0000000085800000| Updating 
|  89|0x0000000085900000, 0x0000000085a00000, 0x0000000085a00000|100%| O|  |TAMS 0x0000000085a00000, 0x0000000085900000| Updating 
|  90|0x0000000085a00000, 0x0000000085b00000, 0x0000000085b00000|100%| O|  |TAMS 0x0000000085b00000, 0x0000000085a00000| Updating 
|  91|0x0000000085b00000, 0x0000000085c00000, 0x0000000085c00000|100%| O|  |TAMS 0x0000000085c00000, 0x0000000085b00000| Updating 
|  92|0x0000000085c00000, 0x0000000085d00000, 0x0000000085d00000|100%| O|  |TAMS 0x0000000085d00000, 0x0000000085c00000| Updating 
|  93|0x0000000085d00000, 0x0000000085e00000, 0x0000000085e00000|100%| O|  |TAMS 0x0000000085e00000, 0x0000000085d00000| Updating 
|  94|0x0000000085e00000, 0x0000000085f00000, 0x0000000085f00000|100%| O|  |TAMS 0x0000000085f00000, 0x0000000085e00000| Updating 
|  95|0x0000000085f00000, 0x0000000086000000, 0x0000000086000000|100%| O|  |TAMS 0x0000000086000000, 0x0000000085f00000| Updating 
|  96|0x0000000086000000, 0x0000000086100000, 0x0000000086100000|100%| O|  |TAMS 0x0000000086100000, 0x0000000086000000| Updating 
|  97|0x0000000086100000, 0x0000000086200000, 0x0000000086200000|100%| O|  |TAMS 0x0000000086200000, 0x0000000086100000| Updating 
|  98|0x0000000086200000, 0x0000000086300000, 0x0000000086300000|100%| O|  |TAMS 0x0000000086300000, 0x0000000086200000| Updating 
|  99|0x0000000086300000, 0x0000000086400000, 0x0000000086400000|100%| O|  |TAMS 0x0000000086400000, 0x0000000086300000| Updating 
| 100|0x0000000086400000, 0x0000000086500000, 0x0000000086500000|100%| O|  |TAMS 0x0000000086500000, 0x0000000086400000| Updating 
| 101|0x0000000086500000, 0x0000000086600000, 0x0000000086600000|100%| O|  |TAMS 0x0000000086600000, 0x0000000086500000| Updating 
| 102|0x0000000086600000, 0x0000000086700000, 0x0000000086700000|100%| O|  |TAMS 0x0000000086700000, 0x0000000086600000| Updating 
| 103|0x0000000086700000, 0x0000000086800000, 0x0000000086800000|100%| O|  |TAMS 0x0000000086800000, 0x0000000086700000| Updating 
| 104|0x0000000086800000, 0x0000000086900000, 0x0000000086900000|100%| O|  |TAMS 0x0000000086900000, 0x0000000086800000| Updating 
| 105|0x0000000086900000, 0x0000000086a00000, 0x0000000086a00000|100%| O|  |TAMS 0x0000000086a00000, 0x0000000086900000| Updating 
| 106|0x0000000086a00000, 0x0000000086b00000, 0x0000000086b00000|100%| O|  |TAMS 0x0000000086b00000, 0x0000000086a00000| Updating 
| 107|0x0000000086b00000, 0x0000000086c00000, 0x0000000086c00000|100%| O|  |TAMS 0x0000000086c00000, 0x0000000086b00000| Updating 
| 108|0x0000000086c00000, 0x0000000086d00000, 0x0000000086d00000|100%| O|  |TAMS 0x0000000086d00000, 0x0000000086c00000| Updating 
| 109|0x0000000086d00000, 0x0000000086e00000, 0x0000000086e00000|100%| O|  |TAMS 0x0000000086e00000, 0x0000000086d00000| Updating 
| 110|0x0000000086e00000, 0x0000000086f00000, 0x0000000086f00000|100%| O|  |TAMS 0x0000000086f00000, 0x0000000086e00000| Updating 
| 111|0x0000000086f00000, 0x0000000087000000, 0x0000000087000000|100%| O|  |TAMS 0x0000000087000000, 0x0000000086f00000| Updating 
| 112|0x0000000087000000, 0x0000000087100000, 0x0000000087100000|100%| O|  |TAMS 0x0000000087100000, 0x0000000087000000| Updating 
| 113|0x0000000087100000, 0x0000000087200000, 0x0000000087200000|100%| O|  |TAMS 0x0000000087200000, 0x0000000087100000| Updating 
| 114|0x0000000087200000, 0x0000000087300000, 0x0000000087300000|100%| O|  |TAMS 0x0000000087300000, 0x0000000087200000| Updating 
| 115|0x0000000087300000, 0x0000000087400000, 0x0000000087400000|100%| O|  |TAMS 0x0000000087400000, 0x0000000087300000| Updating 
| 116|0x0000000087400000, 0x0000000087500000, 0x0000000087500000|100%| O|  |TAMS 0x0000000087500000, 0x0000000087400000| Updating 
| 117|0x0000000087500000, 0x0000000087600000, 0x0000000087600000|100%| O|  |TAMS 0x0000000087600000, 0x0000000087500000| Updating 
| 118|0x0000000087600000, 0x0000000087700000, 0x0000000087700000|100%| O|  |TAMS 0x0000000087700000, 0x0000000087600000| Updating 
| 119|0x0000000087700000, 0x0000000087800000, 0x0000000087800000|100%| O|  |TAMS 0x0000000087800000, 0x0000000087700000| Updating 
| 120|0x0000000087800000, 0x0000000087900000, 0x0000000087900000|100%| O|  |TAMS 0x0000000087900000, 0x0000000087800000| Updating 
| 121|0x0000000087900000, 0x0000000087a00000, 0x0000000087a00000|100%| O|  |TAMS 0x0000000087a00000, 0x0000000087900000| Updating 
| 122|0x0000000087a00000, 0x0000000087b00000, 0x0000000087b00000|100%| O|  |TAMS 0x0000000087b00000, 0x0000000087a00000| Updating 
| 123|0x0000000087b00000, 0x0000000087c00000, 0x0000000087c00000|100%| O|  |TAMS 0x0000000087c00000, 0x0000000087b00000| Updating 
| 124|0x0000000087c00000, 0x0000000087d00000, 0x0000000087d00000|100%| O|  |TAMS 0x0000000087d00000, 0x0000000087c00000| Updating 
| 125|0x0000000087d00000, 0x0000000087e00000, 0x0000000087e00000|100%| O|  |TAMS 0x0000000087e00000, 0x0000000087d00000| Updating 
| 126|0x0000000087e00000, 0x0000000087f00000, 0x0000000087f00000|100%| O|  |TAMS 0x0000000087f00000, 0x0000000087e00000| Updating 
| 127|0x0000000087f00000, 0x0000000088000000, 0x0000000088000000|100%| O|  |TAMS 0x0000000087f00000, 0x0000000087f00000| Untracked 
| 128|0x0000000088000000, 0x0000000088100000, 0x0000000088100000|100%| O|  |TAMS 0x0000000088100000, 0x0000000088000000| Updating 
| 129|0x0000000088100000, 0x0000000088200000, 0x0000000088200000|100%| O|  |TAMS 0x0000000088200000, 0x0000000088100000| Updating 
| 130|0x0000000088200000, 0x0000000088300000, 0x0000000088300000|100%| O|  |TAMS 0x0000000088300000, 0x0000000088200000| Updating 
| 131|0x0000000088300000, 0x0000000088400000, 0x0000000088400000|100%| O|  |TAMS 0x0000000088400000, 0x0000000088300000| Updating 
| 132|0x0000000088400000, 0x0000000088500000, 0x0000000088500000|100%| O|  |TAMS 0x0000000088500000, 0x0000000088400000| Updating 
| 133|0x0000000088500000, 0x0000000088600000, 0x0000000088600000|100%| O|  |TAMS 0x0000000088600000, 0x0000000088500000| Updating 
| 134|0x0000000088600000, 0x0000000088700000, 0x0000000088700000|100%| O|  |TAMS 0x0000000088700000, 0x0000000088600000| Updating 
| 135|0x0000000088700000, 0x0000000088800000, 0x0000000088800000|100%| O|  |TAMS 0x000000008879fe00, 0x0000000088700000| Updating 
| 136|0x0000000088800000, 0x0000000088900000, 0x0000000088900000|100%| O|  |TAMS 0x0000000088800000, 0x0000000088800000| Untracked 
| 137|0x0000000088900000, 0x0000000088a00000, 0x0000000088a00000|100%| O|  |TAMS 0x0000000088900000, 0x0000000088900000| Untracked 
| 138|0x0000000088a00000, 0x0000000088a9da00, 0x0000000088b00000| 61%| O|  |TAMS 0x0000000088a00000, 0x0000000088a00000| Updating 
| 139|0x0000000088b00000, 0x0000000088b00000, 0x0000000088c00000|  0%| F|  |TAMS 0x0000000088b00000, 0x0000000088b00000| Untracked 
| 140|0x0000000088c00000, 0x0000000088c00000, 0x0000000088d00000|  0%| F|  |TAMS 0x0000000088c00000, 0x0000000088c00000| Untracked 
| 141|0x0000000088d00000, 0x0000000088d00000, 0x0000000088e00000|  0%| F|  |TAMS 0x0000000088d00000, 0x0000000088d00000| Untracked 
| 142|0x0000000088e00000, 0x0000000088e00000, 0x0000000088f00000|  0%| F|  |TAMS 0x0000000088e00000, 0x0000000088e00000| Untracked 
| 143|0x0000000088f00000, 0x0000000088f00000, 0x0000000089000000|  0%| F|  |TAMS 0x0000000088f00000, 0x0000000088f00000| Untracked 
| 144|0x0000000089000000, 0x0000000089000000, 0x0000000089100000|  0%| F|  |TAMS 0x0000000089000000, 0x0000000089000000| Untracked 
| 145|0x0000000089100000, 0x0000000089100000, 0x0000000089200000|  0%| F|  |TAMS 0x0000000089100000, 0x0000000089100000| Untracked 
| 146|0x0000000089200000, 0x0000000089200000, 0x0000000089300000|  0%| F|  |TAMS 0x0000000089200000, 0x0000000089200000| Untracked 
| 147|0x0000000089300000, 0x0000000089300000, 0x0000000089400000|  0%| F|  |TAMS 0x0000000089300000, 0x0000000089300000| Untracked 
| 148|0x0000000089400000, 0x0000000089400000, 0x0000000089500000|  0%| F|  |TAMS 0x0000000089400000, 0x0000000089400000| Untracked 
| 149|0x0000000089500000, 0x0000000089500000, 0x0000000089600000|  0%| F|  |TAMS 0x0000000089500000, 0x0000000089500000| Untracked 
| 150|0x0000000089600000, 0x0000000089600000, 0x0000000089700000|  0%| F|  |TAMS 0x0000000089600000, 0x0000000089600000| Untracked 
| 151|0x0000000089700000, 0x0000000089700000, 0x0000000089800000|  0%| F|  |TAMS 0x0000000089700000, 0x0000000089700000| Untracked 
| 152|0x0000000089800000, 0x0000000089800000, 0x0000000089900000|  0%| F|  |TAMS 0x0000000089800000, 0x0000000089800000| Untracked 
| 153|0x0000000089900000, 0x0000000089900000, 0x0000000089a00000|  0%| F|  |TAMS 0x0000000089900000, 0x0000000089900000| Untracked 
| 154|0x0000000089a00000, 0x0000000089a00000, 0x0000000089b00000|  0%| F|  |TAMS 0x0000000089a00000, 0x0000000089a00000| Untracked 
| 155|0x0000000089b00000, 0x0000000089b00000, 0x0000000089c00000|  0%| F|  |TAMS 0x0000000089b00000, 0x0000000089b00000| Untracked 
| 156|0x0000000089c00000, 0x0000000089c00000, 0x0000000089d00000|  0%| F|  |TAMS 0x0000000089c00000, 0x0000000089c00000| Untracked 
| 157|0x0000000089d00000, 0x0000000089d00000, 0x0000000089e00000|  0%| F|  |TAMS 0x0000000089d00000, 0x0000000089d00000| Untracked 
| 158|0x0000000089e00000, 0x0000000089e00000, 0x0000000089f00000|  0%| F|  |TAMS 0x0000000089e00000, 0x0000000089e00000| Untracked 
| 159|0x0000000089f00000, 0x0000000089f00000, 0x000000008a000000|  0%| F|  |TAMS 0x0000000089f00000, 0x0000000089f00000| Untracked 
| 160|0x000000008a000000, 0x000000008a000000, 0x000000008a100000|  0%| F|  |TAMS 0x000000008a000000, 0x000000008a000000| Untracked 
| 161|0x000000008a100000, 0x000000008a100000, 0x000000008a200000|  0%| F|  |TAMS 0x000000008a100000, 0x000000008a100000| Untracked 
| 162|0x000000008a200000, 0x000000008a200000, 0x000000008a300000|  0%| F|  |TAMS 0x000000008a200000, 0x000000008a200000| Untracked 
| 163|0x000000008a300000, 0x000000008a300000, 0x000000008a400000|  0%| F|  |TAMS 0x000000008a300000, 0x000000008a300000| Untracked 
| 164|0x000000008a400000, 0x000000008a400000, 0x000000008a500000|  0%| F|  |TAMS 0x000000008a400000, 0x000000008a400000| Untracked 
| 165|0x000000008a500000, 0x000000008a500000, 0x000000008a600000|  0%| F|  |TAMS 0x000000008a500000, 0x000000008a500000| Untracked 
| 166|0x000000008a600000, 0x000000008a600000, 0x000000008a700000|  0%| F|  |TAMS 0x000000008a600000, 0x000000008a600000| Untracked 
| 167|0x000000008a700000, 0x000000008a700000, 0x000000008a800000|  0%| F|  |TAMS 0x000000008a700000, 0x000000008a700000| Untracked 
| 168|0x000000008a800000, 0x000000008a800000, 0x000000008a900000|  0%| F|  |TAMS 0x000000008a800000, 0x000000008a800000| Untracked 
| 169|0x000000008a900000, 0x000000008a900000, 0x000000008aa00000|  0%| F|  |TAMS 0x000000008a900000, 0x000000008a900000| Untracked 
| 170|0x000000008aa00000, 0x000000008aa00000, 0x000000008ab00000|  0%| F|  |TAMS 0x000000008aa00000, 0x000000008aa00000| Untracked 
| 171|0x000000008ab00000, 0x000000008ab00000, 0x000000008ac00000|  0%| F|  |TAMS 0x000000008ab00000, 0x000000008ab00000| Untracked 
| 172|0x000000008ac00000, 0x000000008ac00000, 0x000000008ad00000|  0%| F|  |TAMS 0x000000008ac00000, 0x000000008ac00000| Untracked 
| 173|0x000000008ad00000, 0x000000008ad00000, 0x000000008ae00000|  0%| F|  |TAMS 0x000000008ad00000, 0x000000008ad00000| Untracked 
| 174|0x000000008ae00000, 0x000000008ae00000, 0x000000008af00000|  0%| F|  |TAMS 0x000000008ae00000, 0x000000008ae00000| Untracked 
| 175|0x000000008af00000, 0x000000008af00000, 0x000000008b000000|  0%| F|  |TAMS 0x000000008af00000, 0x000000008af00000| Untracked 
| 176|0x000000008b000000, 0x000000008b000000, 0x000000008b100000|  0%| F|  |TAMS 0x000000008b000000, 0x000000008b000000| Untracked 
| 177|0x000000008b100000, 0x000000008b100000, 0x000000008b200000|  0%| F|  |TAMS 0x000000008b100000, 0x000000008b100000| Untracked 
| 178|0x000000008b200000, 0x000000008b200000, 0x000000008b300000|  0%| F|  |TAMS 0x000000008b200000, 0x000000008b200000| Untracked 
| 179|0x000000008b300000, 0x000000008b300000, 0x000000008b400000|  0%| F|  |TAMS 0x000000008b300000, 0x000000008b300000| Untracked 
| 180|0x000000008b400000, 0x000000008b400000, 0x000000008b500000|  0%| F|  |TAMS 0x000000008b400000, 0x000000008b400000| Untracked 
| 181|0x000000008b500000, 0x000000008b500000, 0x000000008b600000|  0%| F|  |TAMS 0x000000008b500000, 0x000000008b500000| Untracked 
| 182|0x000000008b600000, 0x000000008b600000, 0x000000008b700000|  0%| F|  |TAMS 0x000000008b600000, 0x000000008b600000| Untracked 
| 183|0x000000008b700000, 0x000000008b700000, 0x000000008b800000|  0%| F|  |TAMS 0x000000008b700000, 0x000000008b700000| Untracked 
| 184|0x000000008b800000, 0x000000008b800000, 0x000000008b900000|  0%| F|  |TAMS 0x000000008b800000, 0x000000008b800000| Untracked 
| 185|0x000000008b900000, 0x000000008b900000, 0x000000008ba00000|  0%| F|  |TAMS 0x000000008b900000, 0x000000008b900000| Untracked 
| 186|0x000000008ba00000, 0x000000008ba00000, 0x000000008bb00000|  0%| F|  |TAMS 0x000000008ba00000, 0x000000008ba00000| Untracked 
| 187|0x000000008bb00000, 0x000000008bb00000, 0x000000008bc00000|  0%| F|  |TAMS 0x000000008bb00000, 0x000000008bb00000| Untracked 
| 188|0x000000008bc00000, 0x000000008bc00000, 0x000000008bd00000|  0%| F|  |TAMS 0x000000008bc00000, 0x000000008bc00000| Untracked 
| 189|0x000000008bd00000, 0x000000008bd00000, 0x000000008be00000|  0%| F|  |TAMS 0x000000008bd00000, 0x000000008bd00000| Untracked 
| 190|0x000000008be00000, 0x000000008be00000, 0x000000008bf00000|  0%| F|  |TAMS 0x000000008be00000, 0x000000008be00000| Untracked 
| 191|0x000000008bf00000, 0x000000008bf00000, 0x000000008c000000|  0%| F|  |TAMS 0x000000008bf00000, 0x000000008bf00000| Untracked 
| 192|0x000000008c000000, 0x000000008c000000, 0x000000008c100000|  0%| F|  |TAMS 0x000000008c000000, 0x000000008c000000| Untracked 
| 193|0x000000008c100000, 0x000000008c100000, 0x000000008c200000|  0%| F|  |TAMS 0x000000008c100000, 0x000000008c100000| Untracked 
| 194|0x000000008c200000, 0x000000008c2c4f80, 0x000000008c300000| 76%| S|CS|TAMS 0x000000008c200000, 0x000000008c200000| Complete 
| 195|0x000000008c300000, 0x000000008c400000, 0x000000008c400000|100%| S|CS|TAMS 0x000000008c300000, 0x000000008c300000| Complete 
| 196|0x000000008c400000, 0x000000008c400000, 0x000000008c500000|  0%| F|  |TAMS 0x000000008c400000, 0x000000008c400000| Untracked 
| 197|0x000000008c500000, 0x000000008c500000, 0x000000008c600000|  0%| F|  |TAMS 0x000000008c500000, 0x000000008c500000| Untracked 
| 198|0x000000008c600000, 0x000000008c600000, 0x000000008c700000|  0%| F|  |TAMS 0x000000008c600000, 0x000000008c600000| Untracked 
| 199|0x000000008c700000, 0x000000008c700000, 0x000000008c800000|  0%| F|  |TAMS 0x000000008c700000, 0x000000008c700000| Untracked 
| 200|0x000000008c800000, 0x000000008c800000, 0x000000008c900000|  0%| F|  |TAMS 0x000000008c800000, 0x000000008c800000| Untracked 
| 201|0x000000008c900000, 0x000000008c900000, 0x000000008ca00000|  0%| F|  |TAMS 0x000000008c900000, 0x000000008c900000| Untracked 
| 202|0x000000008ca00000, 0x000000008ca00000, 0x000000008cb00000|  0%| F|  |TAMS 0x000000008ca00000, 0x000000008ca00000| Untracked 
| 203|0x000000008cb00000, 0x000000008cb00000, 0x000000008cc00000|  0%| F|  |TAMS 0x000000008cb00000, 0x000000008cb00000| Untracked 
| 204|0x000000008cc00000, 0x000000008cc00000, 0x000000008cd00000|  0%| F|  |TAMS 0x000000008cc00000, 0x000000008cc00000| Untracked 
| 205|0x000000008cd00000, 0x000000008cd00000, 0x000000008ce00000|  0%| F|  |TAMS 0x000000008cd00000, 0x000000008cd00000| Untracked 
| 206|0x000000008ce00000, 0x000000008ce00000, 0x000000008cf00000|  0%| F|  |TAMS 0x000000008ce00000, 0x000000008ce00000| Untracked 
| 207|0x000000008cf00000, 0x000000008cf00000, 0x000000008d000000|  0%| F|  |TAMS 0x000000008cf00000, 0x000000008cf00000| Untracked 
| 208|0x000000008d000000, 0x000000008d000000, 0x000000008d100000|  0%| F|  |TAMS 0x000000008d000000, 0x000000008d000000| Untracked 
| 209|0x000000008d100000, 0x000000008d100000, 0x000000008d200000|  0%| F|  |TAMS 0x000000008d100000, 0x000000008d100000| Untracked 
| 210|0x000000008d200000, 0x000000008d200000, 0x000000008d300000|  0%| F|  |TAMS 0x000000008d200000, 0x000000008d200000| Untracked 
| 211|0x000000008d300000, 0x000000008d300000, 0x000000008d400000|  0%| F|  |TAMS 0x000000008d300000, 0x000000008d300000| Untracked 
| 212|0x000000008d400000, 0x000000008d400000, 0x000000008d500000|  0%| F|  |TAMS 0x000000008d400000, 0x000000008d400000| Untracked 
| 213|0x000000008d500000, 0x000000008d500000, 0x000000008d600000|  0%| F|  |TAMS 0x000000008d500000, 0x000000008d500000| Untracked 
| 214|0x000000008d600000, 0x000000008d600000, 0x000000008d700000|  0%| F|  |TAMS 0x000000008d600000, 0x000000008d600000| Untracked 
| 215|0x000000008d700000, 0x000000008d700000, 0x000000008d800000|  0%| F|  |TAMS 0x000000008d700000, 0x000000008d700000| Untracked 
| 216|0x000000008d800000, 0x000000008d800000, 0x000000008d900000|  0%| F|  |TAMS 0x000000008d800000, 0x000000008d800000| Untracked 
| 217|0x000000008d900000, 0x000000008d900000, 0x000000008da00000|  0%| F|  |TAMS 0x000000008d900000, 0x000000008d900000| Untracked 
| 218|0x000000008da00000, 0x000000008da00000, 0x000000008db00000|  0%| F|  |TAMS 0x000000008da00000, 0x000000008da00000| Untracked 
| 219|0x000000008db00000, 0x000000008db00000, 0x000000008dc00000|  0%| F|  |TAMS 0x000000008db00000, 0x000000008db00000| Untracked 
| 220|0x000000008dc00000, 0x000000008dc00000, 0x000000008dd00000|  0%| F|  |TAMS 0x000000008dc00000, 0x000000008dc00000| Untracked 
| 221|0x000000008dd00000, 0x000000008dd00000, 0x000000008de00000|  0%| F|  |TAMS 0x000000008dd00000, 0x000000008dd00000| Untracked 
| 222|0x000000008de00000, 0x000000008de00000, 0x000000008df00000|  0%| F|  |TAMS 0x000000008de00000, 0x000000008de00000| Untracked 
| 223|0x000000008df00000, 0x000000008df00000, 0x000000008e000000|  0%| F|  |TAMS 0x000000008df00000, 0x000000008df00000| Untracked 
| 224|0x000000008e000000, 0x000000008e000000, 0x000000008e100000|  0%| F|  |TAMS 0x000000008e000000, 0x000000008e000000| Untracked 
| 225|0x000000008e100000, 0x000000008e100000, 0x000000008e200000|  0%| F|  |TAMS 0x000000008e100000, 0x000000008e100000| Untracked 
| 226|0x000000008e200000, 0x000000008e200000, 0x000000008e300000|  0%| F|  |TAMS 0x000000008e200000, 0x000000008e200000| Untracked 
| 227|0x000000008e300000, 0x000000008e300000, 0x000000008e400000|  0%| F|  |TAMS 0x000000008e300000, 0x000000008e300000| Untracked 
| 228|0x000000008e400000, 0x000000008e400000, 0x000000008e500000|  0%| F|  |TAMS 0x000000008e400000, 0x000000008e400000| Untracked 
| 229|0x000000008e500000, 0x000000008e500000, 0x000000008e600000|  0%| F|  |TAMS 0x000000008e500000, 0x000000008e500000| Untracked 
| 230|0x000000008e600000, 0x000000008e600000, 0x000000008e700000|  0%| F|  |TAMS 0x000000008e600000, 0x000000008e600000| Untracked 
| 231|0x000000008e700000, 0x000000008e700000, 0x000000008e800000|  0%| F|  |TAMS 0x000000008e700000, 0x000000008e700000| Untracked 
| 232|0x000000008e800000, 0x000000008e800000, 0x000000008e900000|  0%| F|  |TAMS 0x000000008e800000, 0x000000008e800000| Untracked 
| 233|0x000000008e900000, 0x000000008e900000, 0x000000008ea00000|  0%| F|  |TAMS 0x000000008e900000, 0x000000008e900000| Untracked 
| 234|0x000000008ea00000, 0x000000008ea00000, 0x000000008eb00000|  0%| F|  |TAMS 0x000000008ea00000, 0x000000008ea00000| Untracked 
| 235|0x000000008eb00000, 0x000000008eb00000, 0x000000008ec00000|  0%| F|  |TAMS 0x000000008eb00000, 0x000000008eb00000| Untracked 
| 236|0x000000008ec00000, 0x000000008ec00000, 0x000000008ed00000|  0%| F|  |TAMS 0x000000008ec00000, 0x000000008ec00000| Untracked 
| 237|0x000000008ed00000, 0x000000008ed00000, 0x000000008ee00000|  0%| F|  |TAMS 0x000000008ed00000, 0x000000008ed00000| Untracked 
| 238|0x000000008ee00000, 0x000000008ee00000, 0x000000008ef00000|  0%| F|  |TAMS 0x000000008ee00000, 0x000000008ee00000| Untracked 
| 239|0x000000008ef00000, 0x000000008ef00000, 0x000000008f000000|  0%| F|  |TAMS 0x000000008ef00000, 0x000000008ef00000| Untracked 
| 240|0x000000008f000000, 0x000000008f000000, 0x000000008f100000|  0%| F|  |TAMS 0x000000008f000000, 0x000000008f000000| Untracked 
| 241|0x000000008f100000, 0x000000008f100000, 0x000000008f200000|  0%| F|  |TAMS 0x000000008f100000, 0x000000008f100000| Untracked 
| 242|0x000000008f200000, 0x000000008f200000, 0x000000008f300000|  0%| F|  |TAMS 0x000000008f200000, 0x000000008f200000| Untracked 
| 243|0x000000008f300000, 0x000000008f300000, 0x000000008f400000|  0%| F|  |TAMS 0x000000008f300000, 0x000000008f300000| Untracked 
| 244|0x000000008f400000, 0x000000008f400000, 0x000000008f500000|  0%| F|  |TAMS 0x000000008f400000, 0x000000008f400000| Untracked 
| 245|0x000000008f500000, 0x000000008f500000, 0x000000008f600000|  0%| F|  |TAMS 0x000000008f500000, 0x000000008f500000| Untracked 
| 246|0x000000008f600000, 0x000000008f600000, 0x000000008f700000|  0%| F|  |TAMS 0x000000008f600000, 0x000000008f600000| Untracked 
| 247|0x000000008f700000, 0x000000008f700000, 0x000000008f800000|  0%| F|  |TAMS 0x000000008f700000, 0x000000008f700000| Untracked 
| 248|0x000000008f800000, 0x000000008f800000, 0x000000008f900000|  0%| F|  |TAMS 0x000000008f800000, 0x000000008f800000| Untracked 
| 249|0x000000008f900000, 0x000000008f900000, 0x000000008fa00000|  0%| F|  |TAMS 0x000000008f900000, 0x000000008f900000| Untracked 
| 250|0x000000008fa00000, 0x000000008fa00000, 0x000000008fb00000|  0%| F|  |TAMS 0x000000008fa00000, 0x000000008fa00000| Untracked 
| 251|0x000000008fb00000, 0x000000008fb00000, 0x000000008fc00000|  0%| F|  |TAMS 0x000000008fb00000, 0x000000008fb00000| Untracked 
| 252|0x000000008fc00000, 0x000000008fc00000, 0x000000008fd00000|  0%| F|  |TAMS 0x000000008fc00000, 0x000000008fc00000| Untracked 
| 253|0x000000008fd00000, 0x000000008fd00000, 0x000000008fe00000|  0%| F|  |TAMS 0x000000008fd00000, 0x000000008fd00000| Untracked 
| 254|0x000000008fe00000, 0x000000008fe00000, 0x000000008ff00000|  0%| F|  |TAMS 0x000000008fe00000, 0x000000008fe00000| Untracked 
| 255|0x000000008ff00000, 0x000000008ff00000, 0x0000000090000000|  0%| F|  |TAMS 0x000000008ff00000, 0x000000008ff00000| Untracked 
| 256|0x0000000090000000, 0x0000000090000000, 0x0000000090100000|  0%| F|  |TAMS 0x0000000090000000, 0x0000000090000000| Untracked 
| 257|0x0000000090100000, 0x0000000090100000, 0x0000000090200000|  0%| F|  |TAMS 0x0000000090100000, 0x0000000090100000| Untracked 
| 258|0x0000000090200000, 0x0000000090200000, 0x0000000090300000|  0%| F|  |TAMS 0x0000000090200000, 0x0000000090200000| Untracked 
| 259|0x0000000090300000, 0x0000000090300000, 0x0000000090400000|  0%| F|  |TAMS 0x0000000090300000, 0x0000000090300000| Untracked 
| 260|0x0000000090400000, 0x0000000090400000, 0x0000000090500000|  0%| F|  |TAMS 0x0000000090400000, 0x0000000090400000| Untracked 
| 261|0x0000000090500000, 0x0000000090500000, 0x0000000090600000|  0%| F|  |TAMS 0x0000000090500000, 0x0000000090500000| Untracked 
| 262|0x0000000090600000, 0x0000000090600000, 0x0000000090700000|  0%| F|  |TAMS 0x0000000090600000, 0x0000000090600000| Untracked 
| 263|0x0000000090700000, 0x0000000090700000, 0x0000000090800000|  0%| F|  |TAMS 0x0000000090700000, 0x0000000090700000| Untracked 
| 264|0x0000000090800000, 0x0000000090800000, 0x0000000090900000|  0%| F|  |TAMS 0x0000000090800000, 0x0000000090800000| Untracked 
| 265|0x0000000090900000, 0x0000000090900000, 0x0000000090a00000|  0%| F|  |TAMS 0x0000000090900000, 0x0000000090900000| Untracked 
| 266|0x0000000090a00000, 0x0000000090a00000, 0x0000000090b00000|  0%| F|  |TAMS 0x0000000090a00000, 0x0000000090a00000| Untracked 
| 267|0x0000000090b00000, 0x0000000090b00000, 0x0000000090c00000|  0%| F|  |TAMS 0x0000000090b00000, 0x0000000090b00000| Untracked 
| 268|0x0000000090c00000, 0x0000000090c00000, 0x0000000090d00000|  0%| F|  |TAMS 0x0000000090c00000, 0x0000000090c00000| Untracked 
| 269|0x0000000090d00000, 0x0000000090d00000, 0x0000000090e00000|  0%| F|  |TAMS 0x0000000090d00000, 0x0000000090d00000| Untracked 
| 270|0x0000000090e00000, 0x0000000090e00000, 0x0000000090f00000|  0%| F|  |TAMS 0x0000000090e00000, 0x0000000090e00000| Untracked 
| 271|0x0000000090f00000, 0x0000000090f00000, 0x0000000091000000|  0%| F|  |TAMS 0x0000000090f00000, 0x0000000090f00000| Untracked 
| 272|0x0000000091000000, 0x0000000091000000, 0x0000000091100000|  0%| F|  |TAMS 0x0000000091000000, 0x0000000091000000| Untracked 
| 273|0x0000000091100000, 0x0000000091100000, 0x0000000091200000|  0%| F|  |TAMS 0x0000000091100000, 0x0000000091100000| Untracked 
| 274|0x0000000091200000, 0x0000000091200000, 0x0000000091300000|  0%| F|  |TAMS 0x0000000091200000, 0x0000000091200000| Untracked 
| 275|0x0000000091300000, 0x0000000091300000, 0x0000000091400000|  0%| F|  |TAMS 0x0000000091300000, 0x0000000091300000| Untracked 
| 276|0x0000000091400000, 0x0000000091400000, 0x0000000091500000|  0%| F|  |TAMS 0x0000000091400000, 0x0000000091400000| Untracked 
| 277|0x0000000091500000, 0x0000000091500000, 0x0000000091600000|  0%| F|  |TAMS 0x0000000091500000, 0x0000000091500000| Untracked 
| 278|0x0000000091600000, 0x0000000091600000, 0x0000000091700000|  0%| F|  |TAMS 0x0000000091600000, 0x0000000091600000| Untracked 
| 279|0x0000000091700000, 0x0000000091700000, 0x0000000091800000|  0%| F|  |TAMS 0x0000000091700000, 0x0000000091700000| Untracked 
| 280|0x0000000091800000, 0x0000000091800000, 0x0000000091900000|  0%| F|  |TAMS 0x0000000091800000, 0x0000000091800000| Untracked 
| 281|0x0000000091900000, 0x0000000091900000, 0x0000000091a00000|  0%| F|  |TAMS 0x0000000091900000, 0x0000000091900000| Untracked 
| 282|0x0000000091a00000, 0x0000000091a00000, 0x0000000091b00000|  0%| F|  |TAMS 0x0000000091a00000, 0x0000000091a00000| Untracked 
| 283|0x0000000091b00000, 0x0000000091b00000, 0x0000000091c00000|  0%| F|  |TAMS 0x0000000091b00000, 0x0000000091b00000| Untracked 
| 284|0x0000000091c00000, 0x0000000091c00000, 0x0000000091d00000|  0%| F|  |TAMS 0x0000000091c00000, 0x0000000091c00000| Untracked 
| 285|0x0000000091d00000, 0x0000000091d00000, 0x0000000091e00000|  0%| F|  |TAMS 0x0000000091d00000, 0x0000000091d00000| Untracked 
| 286|0x0000000091e00000, 0x0000000091e00000, 0x0000000091f00000|  0%| F|  |TAMS 0x0000000091e00000, 0x0000000091e00000| Untracked 
| 287|0x0000000091f00000, 0x0000000091f00000, 0x0000000092000000|  0%| F|  |TAMS 0x0000000091f00000, 0x0000000091f00000| Untracked 
| 288|0x0000000092000000, 0x0000000092000000, 0x0000000092100000|  0%| F|  |TAMS 0x0000000092000000, 0x0000000092000000| Untracked 
| 289|0x0000000092100000, 0x0000000092100000, 0x0000000092200000|  0%| F|  |TAMS 0x0000000092100000, 0x0000000092100000| Untracked 
| 290|0x0000000092200000, 0x0000000092200000, 0x0000000092300000|  0%| F|  |TAMS 0x0000000092200000, 0x0000000092200000| Untracked 
| 291|0x0000000092300000, 0x0000000092300000, 0x0000000092400000|  0%| F|  |TAMS 0x0000000092300000, 0x0000000092300000| Untracked 
| 292|0x0000000092400000, 0x0000000092400000, 0x0000000092500000|  0%| F|  |TAMS 0x0000000092400000, 0x0000000092400000| Untracked 
| 293|0x0000000092500000, 0x0000000092500000, 0x0000000092600000|  0%| F|  |TAMS 0x0000000092500000, 0x0000000092500000| Untracked 
| 294|0x0000000092600000, 0x0000000092600000, 0x0000000092700000|  0%| F|  |TAMS 0x0000000092600000, 0x0000000092600000| Untracked 
| 295|0x0000000092700000, 0x0000000092700000, 0x0000000092800000|  0%| F|  |TAMS 0x0000000092700000, 0x0000000092700000| Untracked 
| 296|0x0000000092800000, 0x0000000092800000, 0x0000000092900000|  0%| F|  |TAMS 0x0000000092800000, 0x0000000092800000| Untracked 
| 297|0x0000000092900000, 0x0000000092900000, 0x0000000092a00000|  0%| F|  |TAMS 0x0000000092900000, 0x0000000092900000| Untracked 
| 298|0x0000000092a00000, 0x0000000092a00000, 0x0000000092b00000|  0%| F|  |TAMS 0x0000000092a00000, 0x0000000092a00000| Untracked 
| 299|0x0000000092b00000, 0x0000000092b00000, 0x0000000092c00000|  0%| F|  |TAMS 0x0000000092b00000, 0x0000000092b00000| Untracked 
| 300|0x0000000092c00000, 0x0000000092c00000, 0x0000000092d00000|  0%| F|  |TAMS 0x0000000092c00000, 0x0000000092c00000| Untracked 
| 301|0x0000000092d00000, 0x0000000092d00000, 0x0000000092e00000|  0%| F|  |TAMS 0x0000000092d00000, 0x0000000092d00000| Untracked 
| 302|0x0000000092e00000, 0x0000000092e00000, 0x0000000092f00000|  0%| F|  |TAMS 0x0000000092e00000, 0x0000000092e00000| Untracked 
| 303|0x0000000092f00000, 0x0000000092f00000, 0x0000000093000000|  0%| F|  |TAMS 0x0000000092f00000, 0x0000000092f00000| Untracked 
| 304|0x0000000093000000, 0x0000000093000000, 0x0000000093100000|  0%| F|  |TAMS 0x0000000093000000, 0x0000000093000000| Untracked 
| 305|0x0000000093100000, 0x0000000093100000, 0x0000000093200000|  0%| F|  |TAMS 0x0000000093100000, 0x0000000093100000| Untracked 
| 306|0x0000000093200000, 0x0000000093200000, 0x0000000093300000|  0%| F|  |TAMS 0x0000000093200000, 0x0000000093200000| Untracked 
| 307|0x0000000093300000, 0x0000000093300000, 0x0000000093400000|  0%| F|  |TAMS 0x0000000093300000, 0x0000000093300000| Untracked 
| 308|0x0000000093400000, 0x0000000093400000, 0x0000000093500000|  0%| F|  |TAMS 0x0000000093400000, 0x0000000093400000| Untracked 
| 309|0x0000000093500000, 0x0000000093500000, 0x0000000093600000|  0%| F|  |TAMS 0x0000000093500000, 0x0000000093500000| Untracked 
| 310|0x0000000093600000, 0x0000000093600000, 0x0000000093700000|  0%| F|  |TAMS 0x0000000093600000, 0x0000000093600000| Untracked 
| 311|0x0000000093700000, 0x0000000093700000, 0x0000000093800000|  0%| F|  |TAMS 0x0000000093700000, 0x0000000093700000| Untracked 
| 312|0x0000000093800000, 0x0000000093800000, 0x0000000093900000|  0%| F|  |TAMS 0x0000000093800000, 0x0000000093800000| Untracked 
| 313|0x0000000093900000, 0x0000000093900000, 0x0000000093a00000|  0%| F|  |TAMS 0x0000000093900000, 0x0000000093900000| Untracked 
| 314|0x0000000093a00000, 0x0000000093a00000, 0x0000000093b00000|  0%| F|  |TAMS 0x0000000093a00000, 0x0000000093a00000| Untracked 
| 315|0x0000000093b00000, 0x0000000093b00000, 0x0000000093c00000|  0%| F|  |TAMS 0x0000000093b00000, 0x0000000093b00000| Untracked 
| 316|0x0000000093c00000, 0x0000000093c00000, 0x0000000093d00000|  0%| F|  |TAMS 0x0000000093c00000, 0x0000000093c00000| Untracked 
| 317|0x0000000093d00000, 0x0000000093d00000, 0x0000000093e00000|  0%| F|  |TAMS 0x0000000093d00000, 0x0000000093d00000| Untracked 
| 318|0x0000000093e00000, 0x0000000093e00000, 0x0000000093f00000|  0%| F|  |TAMS 0x0000000093e00000, 0x0000000093e00000| Untracked 
| 319|0x0000000093f00000, 0x0000000094000000, 0x0000000094000000|100%| E|  |TAMS 0x0000000093f00000, 0x0000000093f00000| Complete 
| 320|0x0000000094000000, 0x0000000094100000, 0x0000000094100000|100%| E|CS|TAMS 0x0000000094000000, 0x0000000094000000| Complete 
| 321|0x0000000094100000, 0x0000000094200000, 0x0000000094200000|100%| E|CS|TAMS 0x0000000094100000, 0x0000000094100000| Complete 
| 322|0x0000000094200000, 0x0000000094300000, 0x0000000094300000|100%| E|CS|TAMS 0x0000000094200000, 0x0000000094200000| Complete 
| 323|0x0000000094300000, 0x0000000094400000, 0x0000000094400000|100%| E|CS|TAMS 0x0000000094300000, 0x0000000094300000| Complete 
| 324|0x0000000094400000, 0x0000000094500000, 0x0000000094500000|100%| E|CS|TAMS 0x0000000094400000, 0x0000000094400000| Complete 
| 325|0x0000000094500000, 0x0000000094600000, 0x0000000094600000|100%| E|CS|TAMS 0x0000000094500000, 0x0000000094500000| Complete 
| 326|0x0000000094600000, 0x0000000094700000, 0x0000000094700000|100%| E|CS|TAMS 0x0000000094600000, 0x0000000094600000| Complete 
| 327|0x0000000094700000, 0x0000000094800000, 0x0000000094800000|100%| E|CS|TAMS 0x0000000094700000, 0x0000000094700000| Complete 
| 328|0x0000000094800000, 0x0000000094900000, 0x0000000094900000|100%| E|CS|TAMS 0x0000000094800000, 0x0000000094800000| Complete 
| 329|0x0000000094900000, 0x0000000094a00000, 0x0000000094a00000|100%| E|CS|TAMS 0x0000000094900000, 0x0000000094900000| Complete 
| 330|0x0000000094a00000, 0x0000000094b00000, 0x0000000094b00000|100%| E|CS|TAMS 0x0000000094a00000, 0x0000000094a00000| Complete 
| 331|0x0000000094b00000, 0x0000000094c00000, 0x0000000094c00000|100%| E|CS|TAMS 0x0000000094b00000, 0x0000000094b00000| Complete 
| 332|0x0000000094c00000, 0x0000000094d00000, 0x0000000094d00000|100%| E|CS|TAMS 0x0000000094c00000, 0x0000000094c00000| Complete 
| 333|0x0000000094d00000, 0x0000000094e00000, 0x0000000094e00000|100%| E|CS|TAMS 0x0000000094d00000, 0x0000000094d00000| Complete 
| 334|0x0000000094e00000, 0x0000000094f00000, 0x0000000094f00000|100%| E|CS|TAMS 0x0000000094e00000, 0x0000000094e00000| Complete 
| 335|0x0000000094f00000, 0x0000000095000000, 0x0000000095000000|100%| E|CS|TAMS 0x0000000094f00000, 0x0000000094f00000| Complete 
| 336|0x0000000095000000, 0x0000000095100000, 0x0000000095100000|100%| E|CS|TAMS 0x0000000095000000, 0x0000000095000000| Complete 
| 337|0x0000000095100000, 0x0000000095200000, 0x0000000095200000|100%| E|CS|TAMS 0x0000000095100000, 0x0000000095100000| Complete 
| 338|0x0000000095200000, 0x0000000095300000, 0x0000000095300000|100%| E|CS|TAMS 0x0000000095200000, 0x0000000095200000| Complete 
| 339|0x0000000095300000, 0x0000000095400000, 0x0000000095400000|100%| E|CS|TAMS 0x0000000095300000, 0x0000000095300000| Complete 
| 340|0x0000000095400000, 0x0000000095500000, 0x0000000095500000|100%| E|CS|TAMS 0x0000000095400000, 0x0000000095400000| Complete 
| 341|0x0000000095500000, 0x0000000095600000, 0x0000000095600000|100%| E|CS|TAMS 0x0000000095500000, 0x0000000095500000| Complete 
| 342|0x0000000095600000, 0x0000000095700000, 0x0000000095700000|100%| E|CS|TAMS 0x0000000095600000, 0x0000000095600000| Complete 
| 343|0x0000000095700000, 0x0000000095800000, 0x0000000095800000|100%| E|CS|TAMS 0x0000000095700000, 0x0000000095700000| Complete 
| 344|0x0000000095800000, 0x0000000095900000, 0x0000000095900000|100%| E|CS|TAMS 0x0000000095800000, 0x0000000095800000| Complete 
| 345|0x0000000095900000, 0x0000000095a00000, 0x0000000095a00000|100%| E|CS|TAMS 0x0000000095900000, 0x0000000095900000| Complete 
| 346|0x0000000095a00000, 0x0000000095b00000, 0x0000000095b00000|100%| E|CS|TAMS 0x0000000095a00000, 0x0000000095a00000| Complete 
| 347|0x0000000095b00000, 0x0000000095c00000, 0x0000000095c00000|100%| E|CS|TAMS 0x0000000095b00000, 0x0000000095b00000| Complete 

Card table byte_map: [0x0000020e598f0000,0x0000020e59cf0000] _byte_map_base: 0x0000020e594f0000

Marking Bits (Prev, Next): (CMBitMap*) 0x0000020e44c3e738, (CMBitMap*) 0x0000020e44c3e770
 Prev Bits: [0x0000020e5a0f0000, 0x0000020e5c0f0000)
 Next Bits: [0x0000020e5c0f0000, 0x0000020e5e0f0000)

Polling page: 0x0000020e49ea0000

Metaspace:

Usage:
  Non-class:    105.32 MB capacity,   103.45 MB ( 98%) used,     1.50 MB (  1%) free+waste,   373.25 KB ( <1%) overhead. 
      Class:     15.79 MB capacity,    14.68 MB ( 93%) used,   967.63 KB (  6%) free+waste,   163.06 KB (  1%) overhead. 
       Both:    121.11 MB capacity,   118.14 MB ( 98%) used,     2.45 MB (  2%) free+waste,   536.31 KB ( <1%) overhead. 

Virtual space:
  Non-class space:      106.00 MB reserved,     105.75 MB (>99%) committed 
      Class space:        1.00 GB reserved,      16.13 MB (  2%) committed 
             Both:        1.10 GB reserved,     121.88 MB ( 11%) committed 

Chunk freelists:
   Non-Class:  440.00 KB
       Class:  312.00 KB
        Both:  752.00 KB

MaxMetaspaceSize: 17179869184.00 GB
CompressedClassSpaceSize: 1.00 GB

CodeHeap 'non-profiled nmethods': size=120064Kb used=12815Kb max_used=13270Kb free=107248Kb
 bounds [0x0000020e51980000, 0x0000020e52690000, 0x0000020e58ec0000]
CodeHeap 'profiled nmethods': size=120000Kb used=45658Kb max_used=46331Kb free=74342Kb
 bounds [0x0000020e4a450000, 0x0000020e4d200000, 0x0000020e51980000]
CodeHeap 'non-nmethods': size=5696Kb used=2354Kb max_used=2463Kb free=3341Kb
 bounds [0x0000020e49ec0000, 0x0000020e4a140000, 0x0000020e4a450000]
 total_blobs=20468 nmethods=19487 adapters=888
 compilation: enabled
              stopped_count=0, restarted_count=0
 full_count=0

Compilation events (20 events):
Event: 336.411 Thread 0x0000020e60765000 nmethod 21386 0x0000020e4adad290 code [0x0000020e4adad700, 0x0000020e4adaf278]
Event: 336.412 Thread 0x0000020e60765000 21388 %     3       com.android.tools.r8.internal.Lv::d @ 14 (46 bytes)
Event: 336.413 Thread 0x0000020e60765000 nmethod 21388% 0x0000020e4aac5a90 code [0x0000020e4aac5cc0, 0x0000020e4aac64e8]
Event: 336.419 Thread 0x0000020e60765000 21389       2       java.util.TreeSet::first (10 bytes)
Event: 336.419 Thread 0x0000020e60765000 nmethod 21389 0x0000020e4aa70590 code [0x0000020e4aa70740, 0x0000020e4aa70868]
Event: 336.434 Thread 0x0000020e60765000 21391       3       com.android.tools.r8.internal.sA::b (1053 bytes)
Event: 336.454 Thread 0x0000020e60765000 nmethod 21391 0x0000020e4d1f0f10 code [0x0000020e4d1f1a60, 0x0000020e4d1f9f38]
Event: 336.454 Thread 0x0000020e60765000 21390       3       com.android.tools.r8.ir.regalloc.e::a (378 bytes)
Event: 336.456 Thread 0x0000020e60765000 nmethod 21390 0x0000020e4ad5fc90 code [0x0000020e4ad60080, 0x0000020e4ad61d18]
Event: 336.464 Thread 0x0000020e60765000 21393       2       com.android.tools.r8.ir.regalloc.a::a (330 bytes)
Event: 336.467 Thread 0x0000020e60765000 nmethod 21393 0x0000020e4ab1c110 code [0x0000020e4ab1c480, 0x0000020e4ab1d328]
Event: 336.467 Thread 0x0000020e60765000 21394       2       com.android.tools.r8.ir.regalloc.e$$Lambda$1935/0x0000000100eab840::apply (8 bytes)
Event: 336.467 Thread 0x0000020e60765000 nmethod 21394 0x0000020e4aae2710 code [0x0000020e4aae2900, 0x0000020e4aae2b88]
Event: 336.467 Thread 0x0000020e60765000 21395       2       com.android.tools.r8.ir.regalloc.e::b (8 bytes)
Event: 336.468 Thread 0x0000020e60765000 nmethod 21395 0x0000020e4aae2190 code [0x0000020e4aae2380, 0x0000020e4aae25c8]
Event: 336.547 Thread 0x0000020e60765000 21397       3       com.android.tools.r8.internal.l2::a (219 bytes)
Event: 336.548 Thread 0x0000020e60765000 nmethod 21397 0x0000020e4ab94c10 code [0x0000020e4ab94f40, 0x0000020e4ab96148]
Event: 336.584 Thread 0x0000020e60765000 21398 %     3       com.android.tools.r8.internal.Le$e::a @ 15 (54 bytes)
Event: 336.584 Thread 0x0000020e60765000 nmethod 21398% 0x0000020e4aafbf10 code [0x0000020e4aafc180, 0x0000020e4aafce08]
Event: 336.849 Thread 0x0000020e60765000 21400       2       com.android.tools.r8.graph.E$b$$Lambda$1688/0x0000000100f92040::apply (8 bytes)

GC Heap History (20 events):
Event: 333.305 GC heap before
{Heap before GC invocations=164 (full 0):
 garbage-first heap   total 296960K, used 147593K [0x0000000080000000, 0x0000000100000000)
  region size 1024K, 14 young (14336K), 2 survivors (2048K)
 Metaspace       used 120746K, capacity 123752K, committed 124800K, reserved 1157120K
  class space    used 15021K, capacity 16125K, committed 16512K, reserved 1048576K
}
Event: 333.314 GC heap after
{Heap after GC invocations=165 (full 0):
 garbage-first heap   total 296960K, used 133281K [0x0000000080000000, 0x0000000100000000)
  region size 1024K, 2 young (2048K), 2 survivors (2048K)
 Metaspace       used 120746K, capacity 123752K, committed 124800K, reserved 1157120K
  class space    used 15021K, capacity 16125K, committed 16512K, reserved 1048576K
}
Event: 333.701 GC heap before
{Heap before GC invocations=165 (full 0):
 garbage-first heap   total 296960K, used 243873K [0x0000000080000000, 0x0000000100000000)
  region size 1024K, 110 young (112640K), 2 survivors (2048K)
 Metaspace       used 120807K, capacity 123826K, committed 124800K, reserved 1157120K
  class space    used 15023K, capacity 16128K, committed 16512K, reserved 1048576K
}
Event: 333.708 GC heap after
{Heap after GC invocations=166 (full 0):
 garbage-first heap   total 296960K, used 134744K [0x0000000080000000, 0x0000000100000000)
  region size 1024K, 3 young (3072K), 3 survivors (3072K)
 Metaspace       used 120807K, capacity 123826K, committed 124800K, reserved 1157120K
  class space    used 15023K, capacity 16128K, committed 16512K, reserved 1048576K
}
Event: 334.308 GC heap before
{Heap before GC invocations=167 (full 0):
 garbage-first heap   total 296960K, used 247384K [0x0000000080000000, 0x0000000100000000)
  region size 1024K, 113 young (115712K), 3 survivors (3072K)
 Metaspace       used 120838K, capacity 123864K, committed 124800K, reserved 1157120K
  class space    used 15031K, capacity 16162K, committed 16512K, reserved 1048576K
}
Event: 334.318 GC heap after
{Heap after GC invocations=168 (full 0):
 garbage-first heap   total 296960K, used 134967K [0x0000000080000000, 0x0000000100000000)
  region size 1024K, 3 young (3072K), 3 survivors (3072K)
 Metaspace       used 120838K, capacity 123864K, committed 124800K, reserved 1157120K
  class space    used 15031K, capacity 16162K, committed 16512K, reserved 1048576K
}
Event: 334.368 GC heap before
{Heap before GC invocations=168 (full 0):
 garbage-first heap   total 296960K, used 146231K [0x0000000080000000, 0x0000000100000000)
  region size 1024K, 14 young (14336K), 3 survivors (3072K)
 Metaspace       used 120842K, capacity 123870K, committed 124800K, reserved 1157120K
  class space    used 15032K, capacity 16164K, committed 16512K, reserved 1048576K
}
Event: 334.380 GC heap after
{Heap after GC invocations=169 (full 0):
 garbage-first heap   total 296960K, used 134513K [0x0000000080000000, 0x0000000100000000)
  region size 1024K, 1 young (1024K), 1 survivors (1024K)
 Metaspace       used 120842K, capacity 123870K, committed 124800K, reserved 1157120K
  class space    used 15032K, capacity 16164K, committed 16512K, reserved 1048576K
}
Event: 334.783 GC heap before
{Heap before GC invocations=169 (full 0):
 garbage-first heap   total 296960K, used 249201K [0x0000000080000000, 0x0000000100000000)
  region size 1024K, 113 young (115712K), 1 survivors (1024K)
 Metaspace       used 120896K, capacity 123947K, committed 124800K, reserved 1157120K
  class space    used 15037K, capacity 16168K, committed 16512K, reserved 1048576K
}
Event: 334.789 GC heap after
{Heap after GC invocations=170 (full 0):
 garbage-first heap   total 296960K, used 135613K [0x0000000080000000, 0x0000000100000000)
  region size 1024K, 2 young (2048K), 2 survivors (2048K)
 Metaspace       used 120896K, capacity 123947K, committed 124800K, reserved 1157120K
  class space    used 15037K, capacity 16168K, committed 16512K, reserved 1048576K
}
Event: 335.356 GC heap before
{Heap before GC invocations=170 (full 0):
 garbage-first heap   total 296960K, used 251325K [0x0000000080000000, 0x0000000100000000)
  region size 1024K, 115 young (117760K), 2 survivors (2048K)
 Metaspace       used 120909K, capacity 123949K, committed 124800K, reserved 1157120K
  class space    used 15037K, capacity 16168K, committed 16512K, reserved 1048576K
}
Event: 335.363 GC heap after
{Heap after GC invocations=171 (full 0):
 garbage-first heap   total 296960K, used 136359K [0x0000000080000000, 0x0000000100000000)
  region size 1024K, 3 young (3072K), 3 survivors (3072K)
 Metaspace       used 120909K, capacity 123949K, committed 124800K, reserved 1157120K
  class space    used 15037K, capacity 16168K, committed 16512K, reserved 1048576K
}
Event: 335.752 GC heap before
{Heap before GC invocations=172 (full 0):
 garbage-first heap   total 296960K, used 253095K [0x0000000080000000, 0x0000000100000000)
  region size 1024K, 117 young (119808K), 3 survivors (3072K)
 Metaspace       used 120929K, capacity 124013K, committed 124800K, reserved 1157120K
  class space    used 15037K, capacity 16168K, committed 16512K, reserved 1048576K
}
Event: 335.761 GC heap after
{Heap after GC invocations=173 (full 0):
 garbage-first heap   total 296960K, used 138391K [0x0000000080000000, 0x0000000100000000)
  region size 1024K, 5 young (5120K), 5 survivors (5120K)
 Metaspace       used 120929K, capacity 124013K, committed 124800K, reserved 1157120K
  class space    used 15037K, capacity 16168K, committed 16512K, reserved 1048576K
}
Event: 335.785 GC heap before
{Heap before GC invocations=173 (full 0):
 garbage-first heap   total 296960K, used 146583K [0x0000000080000000, 0x0000000100000000)
  region size 1024K, 14 young (14336K), 5 survivors (5120K)
 Metaspace       used 120929K, capacity 124013K, committed 124800K, reserved 1157120K
  class space    used 15037K, capacity 16168K, committed 16512K, reserved 1048576K
}
Event: 335.806 GC heap after
{Heap after GC invocations=174 (full 0):
 garbage-first heap   total 296960K, used 137595K [0x0000000080000000, 0x0000000100000000)
  region size 1024K, 1 young (1024K), 1 survivors (1024K)
 Metaspace       used 120929K, capacity 124013K, committed 124800K, reserved 1157120K
  class space    used 15037K, capacity 16168K, committed 16512K, reserved 1048576K
}
Event: 336.143 GC heap before
{Heap before GC invocations=174 (full 0):
 garbage-first heap   total 296960K, used 254331K [0x0000000080000000, 0x0000000100000000)
  region size 1024K, 115 young (117760K), 1 survivors (1024K)
 Metaspace       used 120934K, capacity 124013K, committed 124800K, reserved 1157120K
  class space    used 15037K, capacity 16168K, committed 16512K, reserved 1048576K
}
Event: 336.155 GC heap after
{Heap after GC invocations=175 (full 0):
 garbage-first heap   total 296960K, used 142118K [0x0000000080000000, 0x0000000100000000)
  region size 1024K, 6 young (6144K), 6 survivors (6144K)
 Metaspace       used 120934K, capacity 124013K, committed 124800K, reserved 1157120K
  class space    used 15037K, capacity 16168K, committed 16512K, reserved 1048576K
}
Event: 336.438 GC heap before
{Heap before GC invocations=175 (full 0):
 garbage-first heap   total 296960K, used 253734K [0x0000000080000000, 0x0000000100000000)
  region size 1024K, 115 young (117760K), 6 survivors (6144K)
 Metaspace       used 120957K, capacity 124015K, committed 124800K, reserved 1157120K
  class space    used 15037K, capacity 16168K, committed 16512K, reserved 1048576K
}
Event: 336.448 GC heap after
{Heap after GC invocations=176 (full 0):
 garbage-first heap   total 356352K, used 142784K [0x0000000080000000, 0x0000000100000000)
  region size 1024K, 6 young (6144K), 6 survivors (6144K)
 Metaspace       used 120957K, capacity 124015K, committed 124800K, reserved 1157120K
  class space    used 15037K, capacity 16168K, committed 16512K, reserved 1048576K
}

Deoptimization events (20 events):
Event: 336.066 Thread 0x0000020e6522b800 DEOPT PACKING pc=0x0000020e4ccba99b sp=0x00000046a24f98e0
Event: 336.066 Thread 0x0000020e6522b800 DEOPT UNPACKING pc=0x0000020e49ee76ce sp=0x00000046a24f8e10 mode 0
Event: 336.142 Thread 0x0000020e6522a800 DEOPT PACKING pc=0x0000020e4a924086 sp=0x00000046a29f9180
Event: 336.142 Thread 0x0000020e6522a800 DEOPT UNPACKING pc=0x0000020e49ee76ce sp=0x00000046a29f86e8 mode 0
Event: 336.234 Thread 0x0000020e6522a800 DEOPT PACKING pc=0x0000020e4a9240fb sp=0x00000046a29f93e0
Event: 336.234 Thread 0x0000020e6522a800 DEOPT UNPACKING pc=0x0000020e49ee76ce sp=0x00000046a29f8940 mode 0
Event: 336.306 Thread 0x0000020e6522b800 DEOPT PACKING pc=0x0000020e4a9240da sp=0x00000046a24f8d60
Event: 336.306 Thread 0x0000020e6522b800 DEOPT UNPACKING pc=0x0000020e49ee76ce sp=0x00000046a24f82b8 mode 0
Event: 336.333 Thread 0x0000020e6522a800 DEOPT PACKING pc=0x0000020e4a924086 sp=0x00000046a29f9520
Event: 336.333 Thread 0x0000020e6522a800 DEOPT UNPACKING pc=0x0000020e49ee76ce sp=0x00000046a29f8a88 mode 0
Event: 336.417 Thread 0x0000020e6522a800 DEOPT PACKING pc=0x0000020e4a9240da sp=0x00000046a29f9180
Event: 336.417 Thread 0x0000020e6522a800 DEOPT UNPACKING pc=0x0000020e49ee76ce sp=0x00000046a29f86d8 mode 0
Event: 336.559 Thread 0x0000020e6522b800 DEOPT PACKING pc=0x0000020e4a9240da sp=0x00000046a24f8fc0
Event: 336.559 Thread 0x0000020e6522b800 DEOPT UNPACKING pc=0x0000020e49ee76ce sp=0x00000046a24f8518 mode 0
Event: 337.549 Thread 0x0000020e6522a800 DEOPT PACKING pc=0x0000020e4a9240da sp=0x00000046a29f9180
Event: 337.549 Thread 0x0000020e6522b800 DEOPT PACKING pc=0x0000020e4a9240da sp=0x00000046a24f8fc0
Event: 337.549 Thread 0x0000020e6522b800 DEOPT UNPACKING pc=0x0000020e49ee76ce sp=0x00000046a24f8518 mode 0
Event: 337.561 Thread 0x0000020e6522a800 DEOPT UNPACKING pc=0x0000020e49ee76ce sp=0x00000046a29f86d8 mode 0
Event: 337.610 Thread 0x0000020e6522b800 DEOPT PACKING pc=0x0000020e4a9240da sp=0x00000046a24f8fc0
Event: 337.610 Thread 0x0000020e6522b800 DEOPT UNPACKING pc=0x0000020e49ee76ce sp=0x00000046a24f8518 mode 0

Classes redefined (0 events):
No events

Internal exceptions (20 events):
Event: 327.771 Thread 0x0000020e6522a000 Exception <a 'java/lang/IncompatibleClassChangeError'{0x00000000906a1610}: Found class java.lang.Object, but interface was expected> (0x00000000906a1610) thrown at [./src/hotspot/share/interpreter/linkResolver.cpp, line 839]
Event: 327.771 Thread 0x0000020e6522a800 Exception <a 'java/lang/IncompatibleClassChangeError'{0x00000000907df060}: Found class java.lang.Object, but interface was expected> (0x00000000907df060) thrown at [./src/hotspot/share/interpreter/linkResolver.cpp, line 839]
Event: 328.412 Thread 0x0000020e6522b800 Exception <a 'java/lang/NoSuchMethodError'{0x0000000090496318}: 'void java.lang.invoke.DirectMethodHandle$Holder.invokeVirtual(java.lang.Object, java.lang.Object, int)'> (0x0000000090496318) thrown at [./src/hotspot/share/interpreter/linkResolver.cpp, line 773]
Event: 328.412 Thread 0x0000020e6522a000 Exception <a 'java/lang/NoSuchMethodError'{0x000000009031f498}: 'void java.lang.invoke.DirectMethodHandle$Holder.invokeVirtual(java.lang.Object, java.lang.Object, int)'> (0x000000009031f498) thrown at [./src/hotspot/share/interpreter/linkResolver.cpp, line 773]
Event: 328.658 Thread 0x0000020e6522a800 Exception <a 'sun/nio/fs/WindowsException'{0x00000000903c6320}> (0x00000000903c6320) thrown at [./src/hotspot/share/prims/jni.cpp, line 615]
Event: 328.658 Thread 0x0000020e6522a000 Exception <a 'sun/nio/fs/WindowsException'{0x00000000903594d8}> (0x00000000903594d8) thrown at [./src/hotspot/share/prims/jni.cpp, line 615]
Event: 328.658 Thread 0x0000020e6522b800 Exception <a 'sun/nio/fs/WindowsException'{0x00000000902596b8}> (0x00000000902596b8) thrown at [./src/hotspot/share/prims/jni.cpp, line 615]
Event: 328.770 Thread 0x0000020e6522a000 Exception <a 'sun/nio/fs/WindowsException'{0x000000009012fb80}> (0x000000009012fb80) thrown at [./src/hotspot/share/prims/jni.cpp, line 615]
Event: 328.771 Thread 0x0000020e6522a800 Exception <a 'sun/nio/fs/WindowsException'{0x00000000901c23d0}> (0x00000000901c23d0) thrown at [./src/hotspot/share/prims/jni.cpp, line 615]
Event: 328.788 Thread 0x0000020e6522a000 Exception <a 'sun/nio/fs/WindowsException'{0x00000000900f8988}> (0x00000000900f8988) thrown at [./src/hotspot/share/prims/jni.cpp, line 615]
Event: 328.790 Thread 0x0000020e6522a000 Implicit null exception at 0x0000020e51b3e31b to 0x0000020e51b3ead0
Event: 328.790 Thread 0x0000020e6522a000 Implicit null exception at 0x0000020e51b3d5a0 to 0x0000020e51b3dd60
Event: 328.872 Thread 0x0000020e6522a800 Exception <a 'sun/nio/fs/WindowsException'{0x000000008fb73ab0}> (0x000000008fb73ab0) thrown at [./src/hotspot/share/prims/jni.cpp, line 615]
Event: 329.139 Thread 0x0000020e6522a000 Exception <a 'sun/nio/fs/WindowsException'{0x000000008f8e1838}> (0x000000008f8e1838) thrown at [./src/hotspot/share/prims/jni.cpp, line 615]
Event: 329.426 Thread 0x0000020e6522a800 Exception <a 'sun/nio/fs/WindowsException'{0x000000009029d4f8}> (0x000000009029d4f8) thrown at [./src/hotspot/share/prims/jni.cpp, line 615]
Event: 329.545 Thread 0x0000020e6522b800 Exception <a 'sun/nio/fs/WindowsException'{0x000000008f4e0b98}> (0x000000008f4e0b98) thrown at [./src/hotspot/share/prims/jni.cpp, line 615]
Event: 329.729 Thread 0x0000020e6522a000 Exception <a 'sun/nio/fs/WindowsException'{0x000000008f096d18}> (0x000000008f096d18) thrown at [./src/hotspot/share/prims/jni.cpp, line 615]
Event: 329.940 Thread 0x0000020e6522a000 Exception <a 'sun/nio/fs/WindowsException'{0x000000008a89a228}> (0x000000008a89a228) thrown at [./src/hotspot/share/prims/jni.cpp, line 615]
Event: 330.074 Thread 0x0000020e6522a000 Exception <a 'sun/nio/fs/WindowsException'{0x0000000092154058}> (0x0000000092154058) thrown at [./src/hotspot/share/prims/jni.cpp, line 615]
Event: 331.031 Thread 0x0000020e6522b800 Exception <a 'java/lang/NoSuchMethodError'{0x000000008e5e6fa0}: 'int java.lang.invoke.DirectMethodHandle$Holder.invokeInterface(java.lang.Object, java.lang.Object, int)'> (0x000000008e5e6fa0) thrown at [./src/hotspot/share/interpreter/linkResolver.cpp, line 773]

Events (20 events):
Event: 334.747 loading class com/android/tools/r8/code/W0
Event: 334.747 loading class com/android/tools/r8/code/W0 done
Event: 334.747 loading class com/android/tools/r8/code/W0
Event: 334.747 loading class com/android/tools/r8/code/W0 done
Event: 334.783 Executing VM operation: G1CollectForAllocation
Event: 334.789 Executing VM operation: G1CollectForAllocation done
Event: 335.172 Executing VM operation: CGC_Operation
Event: 335.193 Executing VM operation: CGC_Operation done
Event: 335.355 Executing VM operation: G1CollectForAllocation
Event: 335.363 Executing VM operation: G1CollectForAllocation done
Event: 335.397 Executing VM operation: CGC_Operation
Event: 335.398 Executing VM operation: CGC_Operation done
Event: 335.752 Executing VM operation: G1CollectForAllocation
Event: 335.761 Executing VM operation: G1CollectForAllocation done
Event: 335.785 Executing VM operation: G1CollectForAllocation
Event: 335.806 Executing VM operation: G1CollectForAllocation done
Event: 336.142 Executing VM operation: G1CollectForAllocation
Event: 336.155 Executing VM operation: G1CollectForAllocation done
Event: 336.438 Executing VM operation: G1CollectForAllocation
Event: 336.448 Executing VM operation: G1CollectForAllocation done


Dynamic libraries:
0x00007ff708e40000 - 0x00007ff708e4a000 	D:\Software\Android Studio\jre\bin\java.exe
0x00007ffdf6d10000 - 0x00007ffdf6f05000 	C:\Windows\SYSTEM32\ntdll.dll
0x00007ffdf6810000 - 0x00007ffdf68ce000 	C:\Windows\System32\KERNEL32.DLL
0x00007ffdf4740000 - 0x00007ffdf4a08000 	C:\Windows\System32\KERNELBASE.dll
0x00007ffdf45b0000 - 0x00007ffdf46b0000 	C:\Windows\System32\ucrtbase.dll
0x00007ffddba00000 - 0x00007ffddba19000 	D:\Software\Android Studio\jre\bin\jli.dll
0x00007ffddb430000 - 0x00007ffddb447000 	D:\Software\Android Studio\jre\bin\VCRUNTIME140.dll
0x00007ffdf69b0000 - 0x00007ffdf6b50000 	C:\Windows\System32\USER32.dll
0x00007ffdf4be0000 - 0x00007ffdf4c02000 	C:\Windows\System32\win32u.dll
0x00007ffdf5410000 - 0x00007ffdf543b000 	C:\Windows\System32\GDI32.dll
0x00007ffdf4420000 - 0x00007ffdf452d000 	C:\Windows\System32\gdi32full.dll
0x00007ffdf4cc0000 - 0x00007ffdf4d5d000 	C:\Windows\System32\msvcp_win.dll
0x00007ffddbfa0000 - 0x00007ffddc23a000 	C:\Windows\WinSxS\amd64_microsoft.windows.common-controls_6595b64144ccf1df_6.0.19041.1110_none_60b5254171f9507e\COMCTL32.dll
0x00007ffdf6b50000 - 0x00007ffdf6bee000 	C:\Windows\System32\msvcrt.dll
0x00007ffdf67e0000 - 0x00007ffdf6810000 	C:\Windows\System32\IMM32.DLL
0x00007ffdd2df0000 - 0x00007ffdd2e8d000 	D:\Software\Android Studio\jre\bin\msvcp140.dll
0x00007ffd86c50000 - 0x00007ffd8771f000 	D:\Software\Android Studio\jre\bin\server\jvm.dll
0x00007ffdf6620000 - 0x00007ffdf66ce000 	C:\Windows\System32\ADVAPI32.dll
0x00007ffdf5440000 - 0x00007ffdf54dc000 	C:\Windows\System32\sechost.dll
0x00007ffdf4f80000 - 0x00007ffdf50a5000 	C:\Windows\System32\RPCRT4.dll
0x00007ffdeb2b0000 - 0x00007ffdeb2ba000 	C:\Windows\SYSTEM32\VERSION.dll
0x00007ffdcfc10000 - 0x00007ffdcfc37000 	C:\Windows\SYSTEM32\WINMM.dll
0x00007ffdf4e90000 - 0x00007ffdf4e98000 	C:\Windows\System32\PSAPI.DLL
0x00007ffdef480000 - 0x00007ffdef489000 	C:\Windows\SYSTEM32\WSOCK32.dll
0x00007ffdf5670000 - 0x00007ffdf56db000 	C:\Windows\System32\WS2_32.dll
0x00007ffdf2ca0000 - 0x00007ffdf2cb2000 	C:\Windows\SYSTEM32\kernel.appcore.dll
0x00007ffddaf50000 - 0x00007ffddaf61000 	D:\Software\Android Studio\jre\bin\verify.dll
0x00007ffdf2220000 - 0x00007ffdf2404000 	C:\Windows\SYSTEM32\DBGHELP.DLL
0x00007ffde34f0000 - 0x00007ffde351c000 	C:\Windows\SYSTEM32\dbgcore.DLL
0x00007ffdf46b0000 - 0x00007ffdf4732000 	C:\Windows\System32\bcryptPrimitives.dll
0x00007ffdd3140000 - 0x00007ffdd3169000 	D:\Software\Android Studio\jre\bin\java.dll
0x00007ffdef470000 - 0x00007ffdef47b000 	D:\Software\Android Studio\jre\bin\jimage.dll
0x00007ffdd30b0000 - 0x00007ffdd30c8000 	D:\Software\Android Studio\jre\bin\zip.dll
0x00007ffdf5790000 - 0x00007ffdf5ed4000 	C:\Windows\System32\SHELL32.dll
0x00007ffdf24f0000 - 0x00007ffdf2c84000 	C:\Windows\SYSTEM32\windows.storage.dll
0x00007ffdf50b0000 - 0x00007ffdf5405000 	C:\Windows\System32\combase.dll
0x00007ffdf3e70000 - 0x00007ffdf3e9e000 	C:\Windows\SYSTEM32\Wldp.dll
0x00007ffdf6570000 - 0x00007ffdf661d000 	C:\Windows\System32\SHCORE.dll
0x00007ffdf54e0000 - 0x00007ffdf5535000 	C:\Windows\System32\shlwapi.dll
0x00007ffdf4360000 - 0x00007ffdf437f000 	C:\Windows\SYSTEM32\profapi.dll
0x00007ffdd2d40000 - 0x00007ffdd2d5a000 	D:\Software\Android Studio\jre\bin\net.dll
0x00007ffde4330000 - 0x00007ffde443c000 	C:\Windows\SYSTEM32\WINHTTP.dll
0x00007ffdf3bd0000 - 0x00007ffdf3c3a000 	C:\Windows\system32\mswsock.dll
0x00007ffdd2d20000 - 0x00007ffdd2d34000 	D:\Software\Android Studio\jre\bin\nio.dll
0x00007ffdd78a0000 - 0x00007ffdd78c7000 	C:\Users\michi\.gradle\native\8bec1ad78214c89d9ad589b4d07fe93259594b29d510b10fafb7a158f7737e5d\windows-amd64\native-platform.dll
0x00007ffdb9db0000 - 0x00007ffdb9eed000 	C:\Users\michi\.gradle\native\53dbd7edfb1c66fb8903c78663c9afc45aea4f116125fa6feffd364cf09443e8\windows-amd64\native-platform-file-events.dll
0x00007ffdef390000 - 0x00007ffdef39a000 	D:\Software\Android Studio\jre\bin\management.dll
0x00007ffde2d20000 - 0x00007ffde2d2c000 	D:\Software\Android Studio\jre\bin\management_ext.dll
0x00007ffdf3dc0000 - 0x00007ffdf3dd8000 	C:\Windows\SYSTEM32\CRYPTSP.dll
0x00007ffdf34e0000 - 0x00007ffdf3514000 	C:\Windows\system32\rsaenh.dll
0x00007ffdf4530000 - 0x00007ffdf4557000 	C:\Windows\System32\bcrypt.dll
0x00007ffdf42e0000 - 0x00007ffdf430e000 	C:\Windows\SYSTEM32\USERENV.dll
0x00007ffdf3de0000 - 0x00007ffdf3dec000 	C:\Windows\SYSTEM32\CRYPTBASE.dll
0x00007ffdf3870000 - 0x00007ffdf38ab000 	C:\Windows\SYSTEM32\IPHLPAPI.DLL
0x00007ffdf6cc0000 - 0x00007ffdf6cc8000 	C:\Windows\System32\NSI.dll
0x00007ffde4b40000 - 0x00007ffde4b57000 	C:\Windows\SYSTEM32\dhcpcsvc6.DLL
0x00007ffde4e70000 - 0x00007ffde4e8d000 	C:\Windows\SYSTEM32\dhcpcsvc.DLL
0x00007ffdf3910000 - 0x00007ffdf39db000 	C:\Windows\SYSTEM32\DNSAPI.dll
0x00007ffdd2520000 - 0x00007ffdd2547000 	D:\Software\Android Studio\jre\bin\sunec.dll
0x00007ffde3e70000 - 0x00007ffde3e7a000 	C:\Windows\System32\rasadhlp.dll
0x00007ffde3f30000 - 0x00007ffde3faf000 	C:\Windows\System32\fwpuclnt.dll
0x00007ffdf3110000 - 0x00007ffdf3143000 	C:\Windows\SYSTEM32\ntmarta.dll
0x00007ffdf11e0000 - 0x00007ffdf1270000 	C:\Windows\system32\apphelp.dll

dbghelp: loaded successfully - version: 4.0.5 - missing functions: none
symbol engine: initialized successfully - sym options: 0x614 - pdb path: .;D:\Software\Android Studio\jre\bin;C:\Windows\SYSTEM32;C:\Windows\WinSxS\amd64_microsoft.windows.common-controls_6595b64144ccf1df_6.0.19041.1110_none_60b5254171f9507e;D:\Software\Android Studio\jre\bin\server;C:\Users\michi\.gradle\native\8bec1ad78214c89d9ad589b4d07fe93259594b29d510b10fafb7a158f7737e5d\windows-amd64;C:\Users\michi\.gradle\native\53dbd7edfb1c66fb8903c78663c9afc45aea4f116125fa6feffd364cf09443e8\windows-amd64

VM Arguments:
jvm_args: --add-opens=java.base/java.util=ALL-UNNAMED --add-opens=java.base/java.lang=ALL-UNNAMED --add-opens=java.base/java.lang.invoke=ALL-UNNAMED --add-opens=java.base/java.util=ALL-UNNAMED --add-opens=java.prefs/java.util.prefs=ALL-UNNAMED --add-opens=java.prefs/java.util.prefs=ALL-UNNAMED --add-opens=java.base/java.nio.charset=ALL-UNNAMED --add-opens=java.base/java.net=ALL-UNNAMED --add-opens=java.base/java.util.concurrent.atomic=ALL-UNNAMED -Xmx2048m -Dfile.encoding=UTF-8 -Duser.country=ID -Duser.language=en -Duser.variant 
java_command: org.gradle.launcher.daemon.bootstrap.GradleDaemon 7.0.2
java_class_path (initial): C:\Users\michi\.gradle\wrapper\dists\gradle-7.0.2-bin\857tjihv64xamwrf0h14cai3r\gradle-7.0.2\lib\gradle-launcher-7.0.2.jar
Launcher Type: SUN_STANDARD

[Global flags]
     intx CICompilerCount                          = 3                                         {product} {ergonomic}
     uint ConcGCThreads                            = 1                                         {product} {ergonomic}
     uint G1ConcRefinementThreads                  = 4                                         {product} {ergonomic}
   size_t G1HeapRegionSize                         = 1048576                                   {product} {ergonomic}
    uintx GCDrainStackTargetSize                   = 64                                        {product} {ergonomic}
   size_t InitialHeapSize                          = 67108864                                  {product} {ergonomic}
   size_t MarkStackSize                            = 4194304                                   {product} {ergonomic}
   size_t MaxHeapSize                              = 2147483648                                {product} {command line}
   size_t MaxNewSize                               = 1287651328                                {product} {ergonomic}
   size_t MinHeapDeltaBytes                        = 1048576                                   {product} {ergonomic}
    uintx NonNMethodCodeHeapSize                   = 5830732                                {pd product} {ergonomic}
    uintx NonProfiledCodeHeapSize                  = 122913754                              {pd product} {ergonomic}
    uintx ProfiledCodeHeapSize                     = 122913754                              {pd product} {ergonomic}
    uintx ReservedCodeCacheSize                    = 251658240                              {pd product} {ergonomic}
     bool SegmentedCodeCache                       = true                                      {product} {ergonomic}
     bool UseCompressedClassPointers               = true                                 {lp64_product} {ergonomic}
     bool UseCompressedOops                        = true                                 {lp64_product} {ergonomic}
     bool UseG1GC                                  = true                                      {product} {ergonomic}
     bool UseLargePagesIndividualAllocation        = false                                  {pd product} {ergonomic}

Logging:
Log output configuration:
 #0: stdout all=warning uptime,level,tags
 #1: stderr all=off uptime,level,tags

Environment Variables:
PATH=C:\Program Files (x86)\Common Files\Oracle\Java\javapath;C:\Program Files\Common Files\Oracle\Java\javapath;C:\Windows\system32;C:\Windows;C:\Windows\System32\Wbem;C:\Windows\System32\WindowsPowerShell\v1.0\;C:\Windows\System32\OpenSSH\;D:\Software\MinGW\bin;D:\Software\Git\cmd;D:\Software\Git\bin;C:\Users\michi\AppData\Local\Programs\Python\Python310\Scripts\;C:\Users\michi\AppData\Local\Programs\Python\Python310\;C:\Users\michi\AppData\Local\Programs\Python\Python310\Scripts\;C:\Users\michi\AppData\Local\Programs\Python\Python310\;C:\Users\michi\AppData\Local\Microsoft\WindowsApps;D:\Software\Microsoft VS Code\bin;D:\Software\MinGW\bin;D:\Software\Git\bin;D:\Software\Git\cmd;
USERNAME=michi
OS=Windows_NT
PROCESSOR_IDENTIFIER=Intel64 Family 6 Model 142 Stepping 9, GenuineIntel



---------------  S Y S T E M  ---------------

OS: Windows 10 , 64 bit Build 19041 (10.0.19041.1503)
OS uptime: 0 days 21:30 hours

CPU:total 4 (initial active 4) (2 cores per cpu, 2 threads per core) family 6 model 142 stepping 9 microcode 0xb4, cmov, cx8, fxsr, mmx, sse, sse2, sse3, ssse3, sse4.1, sse4.2, popcnt, avx, avx2, aes, clmul, erms, 3dnowpref, lzcnt, ht, tsc, tscinvbit, bmi1, bmi2, adx, fma

Memory: 4k page, system-wide physical 3981M (251M free)
TotalPageFile size 8077M (AvailPageFile size 29M)
current process WorkingSet (physical memory assigned to process): 505M, peak: 606M
current process commit charge ("private bytes"): 767M, peak: 769M

vm_info: OpenJDK 64-Bit Server VM (11.0.10+0-b96-7249189) for windows-amd64 JRE (11.0.10+0-b96-7249189), built on Mar 31 2021 21:44:00 by "builder" with MS VC++ 14.0 (VS2015)

END.
