#
# There is insufficient memory for the Java Runtime Environment to continue.
# Native memory allocation (malloc) failed to allocate 32744 bytes for ChunkPool::allocate
# Possible reasons:
#   The system is out of physical RAM or swap space
#   The process is running with CompressedOops enabled, and the Java Heap may be blocking the growth of the native heap
# Possible solutions:
#   Reduce memory load on the system
#   Increase physical memory or swap space
#   Check if swap backing store is full
#   Decrease Java heap size (-Xmx/-Xms)
#   Decrease number of Java threads
#   Decrease Java thread stack sizes (-Xss)
#   Set larger code cache with -XX:ReservedCodeCacheSize=
#   JVM is running with Unscaled Compressed Oops mode in which the Java heap is
#     placed in the first 4GB address space. The Java Heap base address is the
#     maximum limit for the native heap growth. Please use -XX:HeapBaseMinAddress
#     to set the Java Heap base and to place the Java Heap above 4GB virtual address.
# This output file may be truncated or incomplete.
#
#  Out of Memory Error (./src/hotspot/share/memory/arena.cpp:81), pid=10712, tid=8100
#
# JRE version: OpenJDK Runtime Environment (11.0.10) (build 11.0.10+0-b96-7249189)
# Java VM: OpenJDK 64-Bit Server VM (11.0.10+0-b96-7249189, mixed mode, tiered, compressed oops, g1 gc, windows-amd64)
# No core dump will be written. Minidumps are not enabled by default on client versions of Windows
#

---------------  S U M M A R Y ------------

Command Line: --add-opens=java.base/java.util=ALL-UNNAMED --add-opens=java.base/java.lang=ALL-UNNAMED --add-opens=java.base/java.lang.invoke=ALL-UNNAMED --add-opens=java.base/java.util=ALL-UNNAMED --add-opens=java.prefs/java.util.prefs=ALL-UNNAMED --add-opens=java.prefs/java.util.prefs=ALL-UNNAMED --add-opens=java.base/java.nio.charset=ALL-UNNAMED --add-opens=java.base/java.net=ALL-UNNAMED --add-opens=java.base/java.util.concurrent.atomic=ALL-UNNAMED -Xmx2048m -Dfile.encoding=UTF-8 -Duser.country=ID -Duser.language=en -Duser.variant org.gradle.launcher.daemon.bootstrap.GradleDaemon 7.0.2

Host: Intel(R) Core(TM) i5-7200U CPU @ 2.50GHz, 4 cores, 3G,  Windows 10 , 64 bit Build 19041 (10.0.19041.1503)
Time: Thu Mar  3 15:10:31 2022 SE Asia Standard Time elapsed time: 61.757819 seconds (0d 0h 1m 1s)

---------------  T H R E A D  ---------------

Current thread (0x0000014586a1e000):  JavaThread "C2 CompilerThread0" daemon [_thread_in_native, id=8100, stack(0x000000041b100000,0x000000041b200000)]


Current CompileTask:
C2:  61758 11639       4       com.android.tools.r8.code.w1::a (4137 bytes)

Stack: [0x000000041b100000,0x000000041b200000]
Native frames: (J=compiled Java code, j=interpreted, Vv=VM code, C=native code)
V  [jvm.dll+0x5ecfaa]
V  [jvm.dll+0x722bd5]
V  [jvm.dll+0x72412d]
V  [jvm.dll+0x7247e3]
V  [jvm.dll+0x242928]
V  [jvm.dll+0xbc75b]
V  [jvm.dll+0xbca0c]
V  [jvm.dll+0x35814c]
V  [jvm.dll+0x4eaafe]
V  [jvm.dll+0x4e9f13]
V  [jvm.dll+0x4ea6e6]
V  [jvm.dll+0x320b02]
V  [jvm.dll+0x31ffca]
V  [jvm.dll+0x1fb602]
V  [jvm.dll+0x1fa7f4]
V  [jvm.dll+0x18354c]
V  [jvm.dll+0x208ee7]
V  [jvm.dll+0x207731]
V  [jvm.dll+0x6eb1cf]
V  [jvm.dll+0x6e3d45]
V  [jvm.dll+0x5ebe96]
C  [ucrtbase.dll+0x21bb2]
C  [KERNEL32.DLL+0x17034]
C  [ntdll.dll+0x52651]


---------------  P R O C E S S  ---------------

Threads class SMR info:
_java_thread_list=0x0000014589c70770, length=58, elements={
0x00000145eae89800, 0x00000145869ba800, 0x00000145869be000, 0x0000014586a15800,
0x0000014586a19000, 0x0000014586a1d000, 0x0000014586a1e000, 0x0000014586a29800,
0x0000014586a32000, 0x0000014587496000, 0x0000014587499000, 0x0000014587497000,
0x000001458749b000, 0x0000014587498800, 0x0000014587497800, 0x000001458749a000,
0x0000014587495000, 0x000001458749b800, 0x000001458a6c9000, 0x000001458a6c7800,
0x000001458a6c4000, 0x000001458a6ca000, 0x000001458a6c5000, 0x000001458a6c6000,
0x000001458a6c6800, 0x000001458a6cc800, 0x000001458a6ca800, 0x000001458a6cb800,
0x000001458a6cd000, 0x000001458a6ce000, 0x000001458a6d0800, 0x000001458a6d1000,
0x000001458a6cf000, 0x000001458a6d2000, 0x000001458a6d3000, 0x000001458a070800,
0x000001458a072000, 0x000001458a071800, 0x000001458a073000, 0x000001458a073800,
0x000001458a074800, 0x000001458a075800, 0x000001458a07a800, 0x000001458a078000,
0x000001458a076000, 0x000001458a07b000, 0x000001458a078800, 0x000001458a077000,
0x000001458a07e800, 0x000001458a07c000, 0x000001458a079800, 0x000001458a07c800,
0x000001458a07d800, 0x000001458a842000, 0x000001458a840000, 0x000001458a83c000,
0x000001458a83d000, 0x000001458a83d800
}

Java Threads: ( => current thread )
  0x00000145eae89800 JavaThread "main" [_thread_blocked, id=6792, stack(0x000000041a500000,0x000000041a600000)]
  0x00000145869ba800 JavaThread "Reference Handler" daemon [_thread_blocked, id=1288, stack(0x000000041ac00000,0x000000041ad00000)]
  0x00000145869be000 JavaThread "Finalizer" daemon [_thread_blocked, id=9952, stack(0x000000041ad00000,0x000000041ae00000)]
  0x0000014586a15800 JavaThread "Signal Dispatcher" daemon [_thread_blocked, id=10184, stack(0x000000041ae00000,0x000000041af00000)]
  0x0000014586a19000 JavaThread "Attach Listener" daemon [_thread_blocked, id=1912, stack(0x000000041af00000,0x000000041b000000)]
  0x0000014586a1d000 JavaThread "Service Thread" daemon [_thread_blocked, id=9108, stack(0x000000041b000000,0x000000041b100000)]
=>0x0000014586a1e000 JavaThread "C2 CompilerThread0" daemon [_thread_in_native, id=8100, stack(0x000000041b100000,0x000000041b200000)]
  0x0000014586a29800 JavaThread "C1 CompilerThread0" daemon [_thread_blocked, id=9640, stack(0x000000041b200000,0x000000041b300000)]
  0x0000014586a32000 JavaThread "Sweeper thread" daemon [_thread_blocked, id=960, stack(0x000000041b300000,0x000000041b400000)]
  0x0000014587496000 JavaThread "Common-Cleaner" daemon [_thread_blocked, id=220, stack(0x000000041b400000,0x000000041b500000)]
  0x0000014587499000 JavaThread "Daemon health stats" [_thread_blocked, id=1252, stack(0x000000041b800000,0x000000041b900000)]
  0x0000014587497000 JavaThread "Incoming local TCP Connector on port 60024" [_thread_in_native, id=9888, stack(0x000000041b600000,0x000000041b700000)]
  0x000001458749b000 JavaThread "Daemon periodic checks" [_thread_blocked, id=10108, stack(0x000000041b900000,0x000000041ba00000)]
  0x0000014587498800 JavaThread "Daemon" [_thread_blocked, id=1204, stack(0x000000041ba00000,0x000000041bb00000)]
  0x0000014587497800 JavaThread "Handler for socket connection from /127.0.0.1:60024 to /127.0.0.1:60025" [_thread_in_native, id=2372, stack(0x000000041bb00000,0x000000041bc00000)]
  0x000001458749a000 JavaThread "Cancel handler" [_thread_blocked, id=3644, stack(0x000000041bc00000,0x000000041bd00000)]
  0x0000014587495000 JavaThread "Daemon worker" [_thread_blocked, id=9940, stack(0x000000041bd00000,0x000000041be00000)]
  0x000001458749b800 JavaThread "Asynchronous log dispatcher for DefaultDaemonConnection: socket connection from /127.0.0.1:60024 to /127.0.0.1:60025" [_thread_blocked, id=10052, stack(0x000000041be00000,0x000000041bf00000)]
  0x000001458a6c9000 JavaThread "Stdin handler" [_thread_blocked, id=5456, stack(0x000000041bf00000,0x000000041c000000)]
  0x000001458a6c7800 JavaThread "Daemon client event forwarder" [_thread_blocked, id=1028, stack(0x000000041c000000,0x000000041c100000)]
  0x000001458a6c4000 JavaThread "Cache worker for file hash cache (C:\Users\michi\.gradle\caches\7.0.2\fileHashes)" [_thread_blocked, id=7288, stack(0x000000041c300000,0x000000041c400000)]
  0x000001458a6ca000 JavaThread "File lock request listener" [_thread_in_native, id=10292, stack(0x000000041c400000,0x000000041c500000)]
  0x000001458a6c5000 JavaThread "Cache worker for journal cache (C:\Users\michi\.gradle\caches\journal-1)" [_thread_blocked, id=2408, stack(0x000000041c500000,0x000000041c600000)]
  0x000001458a6c6000 JavaThread "Cache worker for file hash cache (C:\Users\michi\AndroidStudioProjects\TukangTech\.gradle\7.0.2\fileHashes)" [_thread_blocked, id=7872, stack(0x000000041c600000,0x000000041c700000)]
  0x000001458a6c6800 JavaThread "File watcher server" daemon [_thread_in_native, id=9688, stack(0x000000041c700000,0x000000041c800000)]
  0x000001458a6cc800 JavaThread "File watcher consumer" daemon [_thread_blocked, id=10604, stack(0x000000041c800000,0x000000041c900000)]
  0x000001458a6ca800 JavaThread "Cache worker for checksums cache (C:\Users\michi\AndroidStudioProjects\TukangTech\.gradle\checksums)" [_thread_blocked, id=4704, stack(0x000000041c900000,0x000000041ca00000)]
  0x000001458a6cb800 JavaThread "Cache worker for cache directory md-supplier (C:\Users\michi\.gradle\caches\7.0.2\md-supplier)" [_thread_blocked, id=9112, stack(0x000000041ca00000,0x000000041cb00000)]
  0x000001458a6cd000 JavaThread "Cache worker for cache directory md-rule (C:\Users\michi\.gradle\caches\7.0.2\md-rule)" [_thread_blocked, id=8432, stack(0x000000041cb00000,0x000000041cc00000)]
  0x000001458a6ce000 JavaThread "Cache worker for execution history cache (C:\Users\michi\.gradle\caches\7.0.2\executionHistory)" [_thread_blocked, id=5600, stack(0x000000041cc00000,0x000000041cd00000)]
  0x000001458a6d0800 JavaThread "jar transforms" [_thread_blocked, id=9800, stack(0x000000041ce00000,0x000000041cf00000)]
  0x000001458a6d1000 JavaThread "jar transforms Thread 2" [_thread_blocked, id=1372, stack(0x000000041cf00000,0x000000041d000000)]
  0x000001458a6cf000 JavaThread "Cache worker for file content cache (C:\Users\michi\.gradle\caches\7.0.2\fileContent)" [_thread_blocked, id=10260, stack(0x000000041d000000,0x000000041d100000)]
  0x000001458a6d2000 JavaThread "Cache worker for dependencies-accessors (C:\Users\michi\AndroidStudioProjects\TukangTech\.gradle\7.0.2\dependencies-accessors)" [_thread_blocked, id=6724, stack(0x000000041d100000,0x000000041d200000)]
  0x000001458a6d3000 JavaThread "jar transforms Thread 3" [_thread_blocked, id=6736, stack(0x000000041cd00000,0x000000041ce00000)]
  0x000001458a070800 JavaThread "Cache worker for Build Output Cleanup Cache (C:\Users\michi\AndroidStudioProjects\TukangTech\.gradle\buildOutputCleanup)" [_thread_blocked, id=7324, stack(0x000000041d200000,0x000000041d300000)]
  0x000001458a072000 JavaThread "Build operations" [_thread_blocked, id=1744, stack(0x000000041d300000,0x000000041d400000)]
  0x000001458a071800 JavaThread "Build operations Thread 2" [_thread_blocked, id=9872, stack(0x000000041d400000,0x000000041d500000)]
  0x000001458a073000 JavaThread "Build operations Thread 3" [_thread_blocked, id=8792, stack(0x000000041d500000,0x000000041d600000)]
  0x000001458a073800 JavaThread "Build operations Thread 4" [_thread_blocked, id=2624, stack(0x000000041d600000,0x000000041d700000)]
  0x000001458a074800 JavaThread "jar transforms Thread 4" [_thread_blocked, id=7932, stack(0x000000041d800000,0x000000041d900000)]
  0x000001458a075800 JavaThread "Memory manager" [_thread_blocked, id=9436, stack(0x000000041d700000,0x000000041d800000)]
  0x000001458a07a800 JavaThread "build event listener" [_thread_blocked, id=8420, stack(0x000000041d900000,0x000000041da00000)]
  0x000001458a078000 JavaThread "Execution worker for ':'" [_thread_blocked, id=1208, stack(0x000000041da00000,0x000000041db00000)]
  0x000001458a076000 JavaThread "Execution worker for ':' Thread 2" [_thread_blocked, id=7216, stack(0x000000041db00000,0x000000041dc00000)]
  0x000001458a07b000 JavaThread "Execution worker for ':' Thread 3" [_thread_blocked, id=5604, stack(0x000000041dc00000,0x000000041dd00000)]
  0x000001458a078800 JavaThread "Cache worker for execution history cache (C:\Users\michi\AndroidStudioProjects\TukangTech\.gradle\7.0.2\executionHistory)" [_thread_blocked, id=8116, stack(0x000000041dd00000,0x000000041de00000)]
  0x000001458a077000 JavaThread "WorkerExecutor Queue" [_thread_blocked, id=10228, stack(0x000000041e000000,0x000000041e100000)]
  0x000001458a07e800 JavaThread "WorkerExecutor Queue Thread 2" [_thread_blocked, id=1256, stack(0x000000041e100000,0x000000041e200000)]
  0x000001458a07c000 JavaThread "pool-3-thread-1" [_thread_blocked, id=6880, stack(0x000000041e200000,0x000000041e300000)]
  0x000001458a079800 JavaThread "WorkerExecutor Queue Thread 3" [_thread_blocked, id=2460, stack(0x000000041e300000,0x000000041e400000)]
  0x000001458a07c800 JavaThread "WorkerExecutor Queue Thread 4" [_thread_blocked, id=2396, stack(0x000000041e400000,0x000000041e500000)]
  0x000001458a07d800 JavaThread "stderr" [_thread_in_native, id=4680, stack(0x000000041e500000,0x000000041e600000)]
  0x000001458a842000 JavaThread "stdout" [_thread_in_native, id=5288, stack(0x000000041e600000,0x000000041e700000)]
  0x000001458a840000 JavaThread "ForkJoinPool-1-worker-3" daemon [_thread_blocked, id=7224, stack(0x000000041e700000,0x000000041e800000)]
  0x000001458a83c000 JavaThread "ForkJoinPool-1-worker-5" daemon [_thread_blocked, id=3416, stack(0x000000041e800000,0x000000041e900000)]
  0x000001458a83d000 JavaThread "ForkJoinPool-1-worker-7" daemon [_thread_blocked, id=10988, stack(0x000000041e900000,0x000000041ea00000)]
  0x000001458a83d800 JavaThread "ForkJoinPool-1-worker-1" daemon [_thread_blocked, id=3716, stack(0x000000041ea00000,0x000000041eb00000)]

Other Threads:
  0x00000145869b4800 VMThread "VM Thread" [stack: 0x000000041ab00000,0x000000041ac00000] [id=2832]
  0x00000145874cb800 WatcherThread [stack: 0x000000041b500000,0x000000041b600000] [id=3456]
  0x00000145eaea2800 GCTaskThread "GC Thread#0" [stack: 0x000000041a600000,0x000000041a700000] [id=7320]
  0x0000014587807000 GCTaskThread "GC Thread#1" [stack: 0x000000041b700000,0x000000041b800000] [id=9104]
  0x000001458960b800 GCTaskThread "GC Thread#2" [stack: 0x000000041c100000,0x000000041c200000] [id=9760]
  0x0000014588ee2000 GCTaskThread "GC Thread#3" [stack: 0x000000041c200000,0x000000041c300000] [id=7544]
  0x00000145eaed9800 ConcurrentGCThread "G1 Main Marker" [stack: 0x000000041a700000,0x000000041a800000] [id=1448]
  0x00000145eaeda800 ConcurrentGCThread "G1 Conc#0" [stack: 0x000000041a800000,0x000000041a900000] [id=880]
  0x00000145eaf35800 ConcurrentGCThread "G1 Refine#0" [stack: 0x000000041a900000,0x000000041aa00000] [id=10544]
  0x00000145eaf36800 ConcurrentGCThread "G1 Young RemSet Sampling" [stack: 0x000000041aa00000,0x000000041ab00000] [id=5156]

Threads with active compile tasks:
C2 CompilerThread0  64247 11639       4       com.android.tools.r8.code.w1::a (4137 bytes)
C1 CompilerThread0  64247 11657       2       com.google.common.collect.ImmutableSet::rebuildHashTable (77 bytes)

VM state:at safepoint (normal execution)

VM Mutex/Monitor currently owned by a thread:  ([mutex/lock_event])
[0x00000145eae88fa0] Threads_lock - owner thread: 0x00000145869b4800
[0x00000145eae88460] Heap_lock - owner thread: 0x000001458a07e800

Heap address: 0x0000000080000000, size: 2048 MB, Compressed Oops mode: 32-bit
Narrow klass base: 0x0000000000000000, Narrow klass shift: 3
Compressed class space size: 1073741824 Address: 0x0000000100000000

Heap:
 garbage-first heap   total 693248K, used 199680K [0x0000000080000000, 0x0000000100000000)
  region size 1024K, 4 young (4096K), 4 survivors (4096K)
 Metaspace       used 91810K, capacity 94160K, committed 94360K, reserved 1130496K
  class space    used 12083K, capacity 12946K, committed 13004K, reserved 1048576K
Heap Regions: E=young(eden), S=young(survivor), O=old, HS=humongous(starts), HC=humongous(continues), CS=collection set, F=free, A=archive, TAMS=top-at-mark-start (previous, next)
|   0|0x0000000080000000, 0x0000000080100000, 0x0000000080100000|100%| O|  |TAMS 0x0000000080100000, 0x0000000080000000| Untracked 
|   1|0x0000000080100000, 0x0000000080200000, 0x0000000080200000|100%| O|  |TAMS 0x0000000080200000, 0x0000000080100000| Untracked 
|   2|0x0000000080200000, 0x0000000080300000, 0x0000000080300000|100%| O|  |TAMS 0x0000000080300000, 0x0000000080200000| Untracked 
|   3|0x0000000080300000, 0x0000000080400000, 0x0000000080400000|100%|HS|  |TAMS 0x0000000080400000, 0x0000000080300000| Complete 
|   4|0x0000000080400000, 0x0000000080500000, 0x0000000080500000|100%|HC|  |TAMS 0x0000000080500000, 0x0000000080400000| Complete 
|   5|0x0000000080500000, 0x0000000080600000, 0x0000000080600000|100%|HC|  |TAMS 0x0000000080600000, 0x0000000080500000| Complete 
|   6|0x0000000080600000, 0x0000000080700000, 0x0000000080700000|100%| O|  |TAMS 0x0000000080700000, 0x0000000080600000| Untracked 
|   7|0x0000000080700000, 0x0000000080800000, 0x0000000080800000|100%| O|  |TAMS 0x0000000080800000, 0x0000000080700000| Untracked 
|   8|0x0000000080800000, 0x0000000080900000, 0x0000000080900000|100%| O|  |TAMS 0x0000000080900000, 0x0000000080800000| Untracked 
|   9|0x0000000080900000, 0x0000000080a00000, 0x0000000080a00000|100%| O|  |TAMS 0x0000000080a00000, 0x0000000080900000| Untracked 
|  10|0x0000000080a00000, 0x0000000080b00000, 0x0000000080b00000|100%| O|  |TAMS 0x0000000080b00000, 0x0000000080a00000| Untracked 
|  11|0x0000000080b00000, 0x0000000080c00000, 0x0000000080c00000|100%| O|  |TAMS 0x0000000080c00000, 0x0000000080b00000| Untracked 
|  12|0x0000000080c00000, 0x0000000080d00000, 0x0000000080d00000|100%| O|  |TAMS 0x0000000080d00000, 0x0000000080c00000| Untracked 
|  13|0x0000000080d00000, 0x0000000080e00000, 0x0000000080e00000|100%| O|  |TAMS 0x0000000080e00000, 0x0000000080d00000| Untracked 
|  14|0x0000000080e00000, 0x0000000080f00000, 0x0000000080f00000|100%| O|  |TAMS 0x0000000080f00000, 0x0000000080e00000| Untracked 
|  15|0x0000000080f00000, 0x0000000081000000, 0x0000000081000000|100%| O|  |TAMS 0x0000000081000000, 0x0000000080f00000| Untracked 
|  16|0x0000000081000000, 0x0000000081100000, 0x0000000081100000|100%| O|  |TAMS 0x0000000081100000, 0x0000000081000000| Untracked 
|  17|0x0000000081100000, 0x0000000081200000, 0x0000000081200000|100%| O|  |TAMS 0x0000000081200000, 0x0000000081100000| Untracked 
|  18|0x0000000081200000, 0x0000000081300000, 0x0000000081300000|100%| O|  |TAMS 0x0000000081300000, 0x0000000081200000| Untracked 
|  19|0x0000000081300000, 0x0000000081400000, 0x0000000081400000|100%| O|  |TAMS 0x0000000081400000, 0x0000000081300000| Untracked 
|  20|0x0000000081400000, 0x0000000081500000, 0x0000000081500000|100%| O|  |TAMS 0x0000000081500000, 0x0000000081400000| Untracked 
|  21|0x0000000081500000, 0x0000000081600000, 0x0000000081600000|100%|HS|  |TAMS 0x0000000081600000, 0x0000000081500000| Complete 
|  22|0x0000000081600000, 0x0000000081700000, 0x0000000081700000|100%|HS|  |TAMS 0x0000000081700000, 0x0000000081600000| Complete 
|  23|0x0000000081700000, 0x0000000081800000, 0x0000000081800000|100%| O|  |TAMS 0x0000000081800000, 0x0000000081700000| Untracked 
|  24|0x0000000081800000, 0x0000000081900000, 0x0000000081900000|100%| O|  |TAMS 0x0000000081900000, 0x0000000081800000| Untracked 
|  25|0x0000000081900000, 0x0000000081a00000, 0x0000000081a00000|100%| O|  |TAMS 0x0000000081a00000, 0x0000000081900000| Untracked 
|  26|0x0000000081a00000, 0x0000000081b00000, 0x0000000081b00000|100%| O|  |TAMS 0x0000000081b00000, 0x0000000081a00000| Untracked 
|  27|0x0000000081b00000, 0x0000000081c00000, 0x0000000081c00000|100%| O|  |TAMS 0x0000000081c00000, 0x0000000081b00000| Untracked 
|  28|0x0000000081c00000, 0x0000000081d00000, 0x0000000081d00000|100%|HS|  |TAMS 0x0000000081d00000, 0x0000000081c00000| Complete 
|  29|0x0000000081d00000, 0x0000000081e00000, 0x0000000081e00000|100%|HC|  |TAMS 0x0000000081e00000, 0x0000000081d00000| Complete 
|  30|0x0000000081e00000, 0x0000000081f00000, 0x0000000081f00000|100%| O|  |TAMS 0x0000000081f00000, 0x0000000081e00000| Untracked 
|  31|0x0000000081f00000, 0x0000000082000000, 0x0000000082000000|100%| O|  |TAMS 0x0000000082000000, 0x0000000081f00000| Untracked 
|  32|0x0000000082000000, 0x0000000082100000, 0x0000000082100000|100%| O|  |TAMS 0x0000000082100000, 0x0000000082000000| Untracked 
|  33|0x0000000082100000, 0x0000000082200000, 0x0000000082200000|100%| O|  |TAMS 0x0000000082200000, 0x0000000082100000| Untracked 
|  34|0x0000000082200000, 0x0000000082300000, 0x0000000082300000|100%| O|  |TAMS 0x0000000082300000, 0x0000000082200000| Untracked 
|  35|0x0000000082300000, 0x0000000082400000, 0x0000000082400000|100%| O|  |TAMS 0x0000000082400000, 0x0000000082300000| Untracked 
|  36|0x0000000082400000, 0x0000000082500000, 0x0000000082500000|100%| O|  |TAMS 0x0000000082500000, 0x0000000082400000| Untracked 
|  37|0x0000000082500000, 0x0000000082600000, 0x0000000082600000|100%| O|  |TAMS 0x0000000082600000, 0x0000000082500000| Untracked 
|  38|0x0000000082600000, 0x0000000082700000, 0x0000000082700000|100%| O|  |TAMS 0x0000000082700000, 0x0000000082600000| Untracked 
|  39|0x0000000082700000, 0x0000000082800000, 0x0000000082800000|100%| O|  |TAMS 0x0000000082800000, 0x0000000082700000| Untracked 
|  40|0x0000000082800000, 0x0000000082900000, 0x0000000082900000|100%| O|  |TAMS 0x0000000082900000, 0x0000000082800000| Untracked 
|  41|0x0000000082900000, 0x0000000082a00000, 0x0000000082a00000|100%| O|  |TAMS 0x0000000082a00000, 0x0000000082900000| Untracked 
|  42|0x0000000082a00000, 0x0000000082b00000, 0x0000000082b00000|100%| O|  |TAMS 0x0000000082b00000, 0x0000000082a00000| Untracked 
|  43|0x0000000082b00000, 0x0000000082c00000, 0x0000000082c00000|100%| O|  |TAMS 0x0000000082c00000, 0x0000000082b00000| Untracked 
|  44|0x0000000082c00000, 0x0000000082d00000, 0x0000000082d00000|100%| O|  |TAMS 0x0000000082d00000, 0x0000000082c00000| Untracked 
|  45|0x0000000082d00000, 0x0000000082e00000, 0x0000000082e00000|100%| O|  |TAMS 0x0000000082e00000, 0x0000000082d00000| Untracked 
|  46|0x0000000082e00000, 0x0000000082f00000, 0x0000000082f00000|100%| O|  |TAMS 0x0000000082f00000, 0x0000000082e00000| Untracked 
|  47|0x0000000082f00000, 0x0000000083000000, 0x0000000083000000|100%| O|  |TAMS 0x0000000083000000, 0x0000000082f00000| Untracked 
|  48|0x0000000083000000, 0x0000000083100000, 0x0000000083100000|100%| O|  |TAMS 0x0000000083100000, 0x0000000083000000| Untracked 
|  49|0x0000000083100000, 0x0000000083200000, 0x0000000083200000|100%| O|  |TAMS 0x0000000083200000, 0x0000000083100000| Untracked 
|  50|0x0000000083200000, 0x0000000083300000, 0x0000000083300000|100%| O|  |TAMS 0x0000000083300000, 0x0000000083200000| Untracked 
|  51|0x0000000083300000, 0x0000000083400000, 0x0000000083400000|100%| O|  |TAMS 0x0000000083400000, 0x0000000083300000| Untracked 
|  52|0x0000000083400000, 0x0000000083500000, 0x0000000083500000|100%| O|  |TAMS 0x0000000083500000, 0x0000000083400000| Untracked 
|  53|0x0000000083500000, 0x0000000083600000, 0x0000000083600000|100%| O|  |TAMS 0x0000000083600000, 0x0000000083500000| Untracked 
|  54|0x0000000083600000, 0x0000000083700000, 0x0000000083700000|100%| O|  |TAMS 0x0000000083700000, 0x0000000083600000| Untracked 
|  55|0x0000000083700000, 0x0000000083800000, 0x0000000083800000|100%| O|  |TAMS 0x0000000083800000, 0x0000000083700000| Untracked 
|  56|0x0000000083800000, 0x0000000083900000, 0x0000000083900000|100%| O|  |TAMS 0x0000000083900000, 0x0000000083800000| Untracked 
|  57|0x0000000083900000, 0x0000000083a00000, 0x0000000083a00000|100%| O|  |TAMS 0x0000000083a00000, 0x0000000083900000| Untracked 
|  58|0x0000000083a00000, 0x0000000083b00000, 0x0000000083b00000|100%| O|  |TAMS 0x0000000083b00000, 0x0000000083a00000| Untracked 
|  59|0x0000000083b00000, 0x0000000083c00000, 0x0000000083c00000|100%| O|  |TAMS 0x0000000083c00000, 0x0000000083b00000| Untracked 
|  60|0x0000000083c00000, 0x0000000083d00000, 0x0000000083d00000|100%| O|  |TAMS 0x0000000083d00000, 0x0000000083c00000| Untracked 
|  61|0x0000000083d00000, 0x0000000083e00000, 0x0000000083e00000|100%| O|  |TAMS 0x0000000083e00000, 0x0000000083d00000| Untracked 
|  62|0x0000000083e00000, 0x0000000083f00000, 0x0000000083f00000|100%| O|  |TAMS 0x0000000083f00000, 0x0000000083e00000| Untracked 
|  63|0x0000000083f00000, 0x0000000084000000, 0x0000000084000000|100%| O|  |TAMS 0x0000000084000000, 0x0000000083f00000| Untracked 
|  64|0x0000000084000000, 0x0000000084100000, 0x0000000084100000|100%| O|  |TAMS 0x0000000084100000, 0x0000000084000000| Untracked 
|  65|0x0000000084100000, 0x0000000084200000, 0x0000000084200000|100%| O|  |TAMS 0x0000000084200000, 0x0000000084100000| Untracked 
|  66|0x0000000084200000, 0x0000000084300000, 0x0000000084300000|100%| O|  |TAMS 0x0000000084300000, 0x0000000084200000| Untracked 
|  67|0x0000000084300000, 0x0000000084400000, 0x0000000084400000|100%| O|  |TAMS 0x0000000084400000, 0x0000000084300000| Untracked 
|  68|0x0000000084400000, 0x0000000084500000, 0x0000000084500000|100%| O|  |TAMS 0x0000000084500000, 0x0000000084400000| Untracked 
|  69|0x0000000084500000, 0x0000000084600000, 0x0000000084600000|100%| O|  |TAMS 0x0000000084600000, 0x0000000084500000| Untracked 
|  70|0x0000000084600000, 0x0000000084700000, 0x0000000084700000|100%| O|  |TAMS 0x0000000084700000, 0x0000000084600000| Untracked 
|  71|0x0000000084700000, 0x0000000084800000, 0x0000000084800000|100%| O|  |TAMS 0x0000000084800000, 0x0000000084700000| Untracked 
|  72|0x0000000084800000, 0x0000000084900000, 0x0000000084900000|100%| O|  |TAMS 0x0000000084900000, 0x0000000084800000| Untracked 
|  73|0x0000000084900000, 0x0000000084a00000, 0x0000000084a00000|100%| O|  |TAMS 0x0000000084a00000, 0x0000000084900000| Untracked 
|  74|0x0000000084a00000, 0x0000000084b00000, 0x0000000084b00000|100%| O|  |TAMS 0x0000000084b00000, 0x0000000084a00000| Untracked 
|  75|0x0000000084b00000, 0x0000000084c00000, 0x0000000084c00000|100%| O|  |TAMS 0x0000000084c00000, 0x0000000084b00000| Untracked 
|  76|0x0000000084c00000, 0x0000000084d00000, 0x0000000084d00000|100%| O|  |TAMS 0x0000000084d00000, 0x0000000084c00000| Untracked 
|  77|0x0000000084d00000, 0x0000000084e00000, 0x0000000084e00000|100%| O|  |TAMS 0x0000000084e00000, 0x0000000084d00000| Untracked 
|  78|0x0000000084e00000, 0x0000000084f00000, 0x0000000084f00000|100%|HS|  |TAMS 0x0000000084f00000, 0x0000000084e00000| Complete 
|  79|0x0000000084f00000, 0x0000000085000000, 0x0000000085000000|100%|HC|  |TAMS 0x0000000085000000, 0x0000000084f00000| Complete 
|  80|0x0000000085000000, 0x0000000085100000, 0x0000000085100000|100%|HS|  |TAMS 0x0000000085100000, 0x0000000085000000| Complete 
|  81|0x0000000085100000, 0x0000000085200000, 0x0000000085200000|100%|HS|  |TAMS 0x0000000085200000, 0x0000000085100000| Complete 
|  82|0x0000000085200000, 0x0000000085300000, 0x0000000085300000|100%|HS|  |TAMS 0x0000000085300000, 0x0000000085200000| Complete 
|  83|0x0000000085300000, 0x0000000085400000, 0x0000000085400000|100%| O|  |TAMS 0x0000000085400000, 0x0000000085300000| Untracked 
|  84|0x0000000085400000, 0x0000000085500000, 0x0000000085500000|100%|HS|  |TAMS 0x0000000085500000, 0x0000000085400000| Complete 
|  85|0x0000000085500000, 0x0000000085600000, 0x0000000085600000|100%| O|  |TAMS 0x0000000085600000, 0x0000000085500000| Untracked 
|  86|0x0000000085600000, 0x0000000085700000, 0x0000000085700000|100%| O|  |TAMS 0x0000000085700000, 0x0000000085600000| Untracked 
|  87|0x0000000085700000, 0x0000000085800000, 0x0000000085800000|100%| O|  |TAMS 0x0000000085800000, 0x0000000085700000| Untracked 
|  88|0x0000000085800000, 0x0000000085900000, 0x0000000085900000|100%| O|  |TAMS 0x0000000085900000, 0x0000000085800000| Untracked 
|  89|0x0000000085900000, 0x0000000085a00000, 0x0000000085a00000|100%|HS|  |TAMS 0x0000000085a00000, 0x0000000085900000| Complete 
|  90|0x0000000085a00000, 0x0000000085b00000, 0x0000000085b00000|100%|HC|  |TAMS 0x0000000085b00000, 0x0000000085a00000| Complete 
|  91|0x0000000085b00000, 0x0000000085c00000, 0x0000000085c00000|100%|HS|  |TAMS 0x0000000085c00000, 0x0000000085b00000| Complete 
|  92|0x0000000085c00000, 0x0000000085d00000, 0x0000000085d00000|100%|HC|  |TAMS 0x0000000085d00000, 0x0000000085c00000| Complete 
|  93|0x0000000085d00000, 0x0000000085e00000, 0x0000000085e00000|100%| O|  |TAMS 0x0000000085e00000, 0x0000000085d00000| Untracked 
|  94|0x0000000085e00000, 0x0000000085f00000, 0x0000000085f00000|100%| O|  |TAMS 0x0000000085f00000, 0x0000000085e00000| Untracked 
|  95|0x0000000085f00000, 0x0000000086000000, 0x0000000086000000|100%| O|  |TAMS 0x0000000086000000, 0x0000000085f00000| Untracked 
|  96|0x0000000086000000, 0x0000000086100000, 0x0000000086100000|100%| O|  |TAMS 0x0000000086100000, 0x0000000086000000| Untracked 
|  97|0x0000000086100000, 0x0000000086200000, 0x0000000086200000|100%| O|  |TAMS 0x0000000086200000, 0x0000000086100000| Untracked 
|  98|0x0000000086200000, 0x0000000086300000, 0x0000000086300000|100%| O|  |TAMS 0x0000000086300000, 0x0000000086200000| Untracked 
|  99|0x0000000086300000, 0x0000000086400000, 0x0000000086400000|100%|HS|  |TAMS 0x0000000086400000, 0x0000000086300000| Complete 
| 100|0x0000000086400000, 0x0000000086500000, 0x0000000086500000|100%|HC|  |TAMS 0x0000000086500000, 0x0000000086400000| Complete 
| 101|0x0000000086500000, 0x0000000086600000, 0x0000000086600000|100%| O|  |TAMS 0x0000000086600000, 0x0000000086500000| Untracked 
| 102|0x0000000086600000, 0x0000000086700000, 0x0000000086700000|100%|HS|  |TAMS 0x0000000086700000, 0x0000000086600000| Complete 
| 103|0x0000000086700000, 0x0000000086800000, 0x0000000086800000|100%| O|  |TAMS 0x0000000086800000, 0x0000000086700000| Untracked 
| 104|0x0000000086800000, 0x0000000086900000, 0x0000000086900000|100%|HS|  |TAMS 0x0000000086900000, 0x0000000086800000| Complete 
| 105|0x0000000086900000, 0x0000000086a00000, 0x0000000086a00000|100%| O|  |TAMS 0x0000000086a00000, 0x0000000086900000| Untracked 
| 106|0x0000000086a00000, 0x0000000086b00000, 0x0000000086b00000|100%|HS|  |TAMS 0x0000000086b00000, 0x0000000086a00000| Complete 
| 107|0x0000000086b00000, 0x0000000086c00000, 0x0000000086c00000|100%| O|  |TAMS 0x0000000086c00000, 0x0000000086b00000| Untracked 
| 108|0x0000000086c00000, 0x0000000086d00000, 0x0000000086d00000|100%|HS|  |TAMS 0x0000000086d00000, 0x0000000086c00000| Complete 
| 109|0x0000000086d00000, 0x0000000086e00000, 0x0000000086e00000|100%| O|  |TAMS 0x0000000086e00000, 0x0000000086d00000| Untracked 
| 110|0x0000000086e00000, 0x0000000086f00000, 0x0000000086f00000|100%| O|  |TAMS 0x0000000086f00000, 0x0000000086e00000| Untracked 
| 111|0x0000000086f00000, 0x0000000087000000, 0x0000000087000000|100%|HS|  |TAMS 0x0000000087000000, 0x0000000086f00000| Complete 
| 112|0x0000000087000000, 0x0000000087100000, 0x0000000087100000|100%|HC|  |TAMS 0x0000000087100000, 0x0000000087000000| Complete 
| 113|0x0000000087100000, 0x0000000087200000, 0x0000000087200000|100%| O|  |TAMS 0x0000000087200000, 0x0000000087100000| Untracked 
| 114|0x0000000087200000, 0x0000000087300000, 0x0000000087300000|100%| O|  |TAMS 0x0000000087300000, 0x0000000087200000| Untracked 
| 115|0x0000000087300000, 0x0000000087400000, 0x0000000087400000|100%|HS|  |TAMS 0x0000000087400000, 0x0000000087300000| Complete 
| 116|0x0000000087400000, 0x0000000087500000, 0x0000000087500000|100%|HC|  |TAMS 0x0000000087500000, 0x0000000087400000| Complete 
| 117|0x0000000087500000, 0x0000000087600000, 0x0000000087600000|100%| O|  |TAMS 0x0000000087600000, 0x0000000087500000| Untracked 
| 118|0x0000000087600000, 0x0000000087700000, 0x0000000087700000|100%| O|  |TAMS 0x0000000087700000, 0x0000000087600000| Untracked 
| 119|0x0000000087700000, 0x0000000087800000, 0x0000000087800000|100%| O|  |TAMS 0x0000000087800000, 0x0000000087700000| Untracked 
| 120|0x0000000087800000, 0x0000000087900000, 0x0000000087900000|100%| O|  |TAMS 0x0000000087900000, 0x0000000087800000| Untracked 
| 121|0x0000000087900000, 0x0000000087a00000, 0x0000000087a00000|100%| O|  |TAMS 0x0000000087a00000, 0x0000000087900000| Untracked 
| 122|0x0000000087a00000, 0x0000000087b00000, 0x0000000087b00000|100%| O|  |TAMS 0x0000000087b00000, 0x0000000087a00000| Untracked 
| 123|0x0000000087b00000, 0x0000000087c00000, 0x0000000087c00000|100%| O|  |TAMS 0x0000000087c00000, 0x0000000087b00000| Untracked 
| 124|0x0000000087c00000, 0x0000000087d00000, 0x0000000087d00000|100%|HS|  |TAMS 0x0000000087d00000, 0x0000000087c00000| Complete 
| 125|0x0000000087d00000, 0x0000000087e00000, 0x0000000087e00000|100%| O|  |TAMS 0x0000000087e00000, 0x0000000087d00000| Untracked 
| 126|0x0000000087e00000, 0x0000000087f00000, 0x0000000087f00000|100%| O|  |TAMS 0x0000000087f00000, 0x0000000087e00000| Untracked 
| 127|0x0000000087f00000, 0x0000000088000000, 0x0000000088000000|100%| O|  |TAMS 0x0000000088000000, 0x0000000087f00000| Untracked 
| 128|0x0000000088000000, 0x0000000088100000, 0x0000000088100000|100%|HS|  |TAMS 0x0000000088100000, 0x0000000088000000| Complete 
| 129|0x0000000088100000, 0x0000000088200000, 0x0000000088200000|100%| O|  |TAMS 0x0000000088200000, 0x0000000088100000| Untracked 
| 130|0x0000000088200000, 0x0000000088300000, 0x0000000088300000|100%| O|  |TAMS 0x0000000088300000, 0x0000000088200000| Untracked 
| 131|0x0000000088300000, 0x0000000088400000, 0x0000000088400000|100%| O|  |TAMS 0x0000000088400000, 0x0000000088300000| Untracked 
| 132|0x0000000088400000, 0x0000000088500000, 0x0000000088500000|100%| O|  |TAMS 0x0000000088500000, 0x0000000088400000| Untracked 
| 133|0x0000000088500000, 0x0000000088600000, 0x0000000088600000|100%| O|  |TAMS 0x0000000088600000, 0x0000000088500000| Untracked 
| 134|0x0000000088600000, 0x0000000088700000, 0x0000000088700000|100%| O|  |TAMS 0x0000000088700000, 0x0000000088600000| Untracked 
| 135|0x0000000088700000, 0x0000000088800000, 0x0000000088800000|100%| O|  |TAMS 0x0000000088800000, 0x0000000088700000| Untracked 
| 136|0x0000000088800000, 0x0000000088900000, 0x0000000088900000|100%| O|  |TAMS 0x0000000088900000, 0x0000000088800000| Untracked 
| 137|0x0000000088900000, 0x0000000088a00000, 0x0000000088a00000|100%| O|  |TAMS 0x0000000088a00000, 0x0000000088900000| Untracked 
| 138|0x0000000088a00000, 0x0000000088b00000, 0x0000000088b00000|100%| O|  |TAMS 0x0000000088b00000, 0x0000000088a00000| Untracked 
| 139|0x0000000088b00000, 0x0000000088c00000, 0x0000000088c00000|100%| O|  |TAMS 0x0000000088c00000, 0x0000000088b00000| Untracked 
| 140|0x0000000088c00000, 0x0000000088d00000, 0x0000000088d00000|100%| O|  |TAMS 0x0000000088d00000, 0x0000000088c00000| Untracked 
| 141|0x0000000088d00000, 0x0000000088e00000, 0x0000000088e00000|100%| O|  |TAMS 0x0000000088e00000, 0x0000000088d00000| Untracked 
| 142|0x0000000088e00000, 0x0000000088f00000, 0x0000000088f00000|100%| O|  |TAMS 0x0000000088f00000, 0x0000000088e00000| Untracked 
| 143|0x0000000088f00000, 0x0000000089000000, 0x0000000089000000|100%| O|  |TAMS 0x0000000089000000, 0x0000000088f00000| Untracked 
| 144|0x0000000089000000, 0x0000000089100000, 0x0000000089100000|100%| O|  |TAMS 0x0000000089100000, 0x0000000089000000| Untracked 
| 145|0x0000000089100000, 0x0000000089200000, 0x0000000089200000|100%| O|  |TAMS 0x0000000089200000, 0x0000000089100000| Untracked 
| 146|0x0000000089200000, 0x0000000089300000, 0x0000000089300000|100%| O|  |TAMS 0x0000000089300000, 0x0000000089200000| Untracked 
| 147|0x0000000089300000, 0x0000000089400000, 0x0000000089400000|100%| O|  |TAMS 0x0000000089400000, 0x0000000089300000| Untracked 
| 148|0x0000000089400000, 0x0000000089500000, 0x0000000089500000|100%| O|  |TAMS 0x0000000089500000, 0x0000000089400000| Untracked 
| 149|0x0000000089500000, 0x0000000089600000, 0x0000000089600000|100%| O|  |TAMS 0x0000000089600000, 0x0000000089500000| Untracked 
| 150|0x0000000089600000, 0x0000000089700000, 0x0000000089700000|100%| O|  |TAMS 0x0000000089700000, 0x0000000089600000| Untracked 
| 151|0x0000000089700000, 0x0000000089800000, 0x0000000089800000|100%| O|  |TAMS 0x0000000089800000, 0x0000000089700000| Untracked 
| 152|0x0000000089800000, 0x0000000089900000, 0x0000000089900000|100%| O|  |TAMS 0x0000000089900000, 0x0000000089800000| Untracked 
| 153|0x0000000089900000, 0x0000000089a00000, 0x0000000089a00000|100%| O|  |TAMS 0x0000000089a00000, 0x0000000089900000| Untracked 
| 154|0x0000000089a00000, 0x0000000089b00000, 0x0000000089b00000|100%| O|  |TAMS 0x0000000089b00000, 0x0000000089a00000| Untracked 
| 155|0x0000000089b00000, 0x0000000089c00000, 0x0000000089c00000|100%| O|  |TAMS 0x0000000089c00000, 0x0000000089b00000| Untracked 
| 156|0x0000000089c00000, 0x0000000089d00000, 0x0000000089d00000|100%| O|  |TAMS 0x0000000089d00000, 0x0000000089c00000| Untracked 
| 157|0x0000000089d00000, 0x0000000089e00000, 0x0000000089e00000|100%| O|  |TAMS 0x0000000089e00000, 0x0000000089d00000| Untracked 
| 158|0x0000000089e00000, 0x0000000089f00000, 0x0000000089f00000|100%| O|  |TAMS 0x0000000089f00000, 0x0000000089e00000| Untracked 
| 159|0x0000000089f00000, 0x000000008a000000, 0x000000008a000000|100%| O|  |TAMS 0x000000008a000000, 0x0000000089f00000| Untracked 
| 160|0x000000008a000000, 0x000000008a100000, 0x000000008a100000|100%| O|  |TAMS 0x000000008a100000, 0x000000008a000000| Untracked 
| 161|0x000000008a100000, 0x000000008a200000, 0x000000008a200000|100%| O|  |TAMS 0x000000008a1d2200, 0x000000008a100000| Untracked 
| 162|0x000000008a200000, 0x000000008a300000, 0x000000008a300000|100%| O|  |TAMS 0x000000008a200000, 0x000000008a200000| Untracked 
| 163|0x000000008a300000, 0x000000008a400000, 0x000000008a400000|100%| O|  |TAMS 0x000000008a300000, 0x000000008a300000| Untracked 
| 164|0x000000008a400000, 0x000000008a500000, 0x000000008a500000|100%| O|  |TAMS 0x000000008a400000, 0x000000008a400000| Untracked 
| 165|0x000000008a500000, 0x000000008a600000, 0x000000008a600000|100%| O|  |TAMS 0x000000008a500000, 0x000000008a500000| Untracked 
| 166|0x000000008a600000, 0x000000008a700000, 0x000000008a700000|100%| O|  |TAMS 0x000000008a600000, 0x000000008a600000| Untracked 
| 167|0x000000008a700000, 0x000000008a800000, 0x000000008a800000|100%| O|  |TAMS 0x000000008a700000, 0x000000008a700000| Untracked 
| 168|0x000000008a800000, 0x000000008a900000, 0x000000008a900000|100%| O|  |TAMS 0x000000008a800000, 0x000000008a800000| Untracked 
| 169|0x000000008a900000, 0x000000008aa00000, 0x000000008aa00000|100%| O|  |TAMS 0x000000008a900000, 0x000000008a900000| Untracked 
| 170|0x000000008aa00000, 0x000000008ab00000, 0x000000008ab00000|100%| O|  |TAMS 0x000000008aa00000, 0x000000008aa00000| Untracked 
| 171|0x000000008ab00000, 0x000000008ac00000, 0x000000008ac00000|100%| O|  |TAMS 0x000000008ab00000, 0x000000008ab00000| Untracked 
| 172|0x000000008ac00000, 0x000000008ad00000, 0x000000008ad00000|100%| O|  |TAMS 0x000000008ac00000, 0x000000008ac00000| Untracked 
| 173|0x000000008ad00000, 0x000000008ae00000, 0x000000008ae00000|100%| O|  |TAMS 0x000000008ad00000, 0x000000008ad00000| Untracked 
| 174|0x000000008ae00000, 0x000000008af00000, 0x000000008af00000|100%| O|  |TAMS 0x000000008ae00000, 0x000000008ae00000| Untracked 
| 175|0x000000008af00000, 0x000000008b000000, 0x000000008b000000|100%| O|  |TAMS 0x000000008af00000, 0x000000008af00000| Untracked 
| 176|0x000000008b000000, 0x000000008b100000, 0x000000008b100000|100%| O|  |TAMS 0x000000008b000000, 0x000000008b000000| Untracked 
| 177|0x000000008b100000, 0x000000008b200000, 0x000000008b200000|100%| O|  |TAMS 0x000000008b100000, 0x000000008b100000| Untracked 
| 178|0x000000008b200000, 0x000000008b300000, 0x000000008b300000|100%| O|  |TAMS 0x000000008b200000, 0x000000008b200000| Untracked 
| 179|0x000000008b300000, 0x000000008b400000, 0x000000008b400000|100%| O|  |TAMS 0x000000008b300000, 0x000000008b300000| Untracked 
| 180|0x000000008b400000, 0x000000008b500000, 0x000000008b500000|100%| O|  |TAMS 0x000000008b400000, 0x000000008b400000| Untracked 
| 181|0x000000008b500000, 0x000000008b600000, 0x000000008b600000|100%| O|  |TAMS 0x000000008b500000, 0x000000008b500000| Untracked 
| 182|0x000000008b600000, 0x000000008b700000, 0x000000008b700000|100%| O|  |TAMS 0x000000008b600000, 0x000000008b600000| Untracked 
| 183|0x000000008b700000, 0x000000008b800000, 0x000000008b800000|100%| O|  |TAMS 0x000000008b700000, 0x000000008b700000| Untracked 
| 184|0x000000008b800000, 0x000000008b900000, 0x000000008b900000|100%| O|  |TAMS 0x000000008b800000, 0x000000008b800000| Untracked 
| 185|0x000000008b900000, 0x000000008ba00000, 0x000000008ba00000|100%| O|  |TAMS 0x000000008b900000, 0x000000008b900000| Untracked 
| 186|0x000000008ba00000, 0x000000008bb00000, 0x000000008bb00000|100%| O|  |TAMS 0x000000008ba00000, 0x000000008ba00000| Untracked 
| 187|0x000000008bb00000, 0x000000008bc00000, 0x000000008bc00000|100%| O|  |TAMS 0x000000008bb00000, 0x000000008bb00000| Untracked 
| 188|0x000000008bc00000, 0x000000008bd00000, 0x000000008bd00000|100%| O|  |TAMS 0x000000008bc00000, 0x000000008bc00000| Untracked 
| 189|0x000000008bd00000, 0x000000008be00000, 0x000000008be00000|100%| O|  |TAMS 0x000000008bd00000, 0x000000008bd00000| Untracked 
| 190|0x000000008be00000, 0x000000008bf00000, 0x000000008bf00000|100%| O|  |TAMS 0x000000008be00000, 0x000000008be00000| Untracked 
| 191|0x000000008bf00000, 0x000000008bf00000, 0x000000008c000000|  0%| F|  |TAMS 0x000000008bf00000, 0x000000008bf00000| Untracked 
| 192|0x000000008c000000, 0x000000008c000000, 0x000000008c100000|  0%| F|  |TAMS 0x000000008c000000, 0x000000008c000000| Untracked 
| 193|0x000000008c100000, 0x000000008c100000, 0x000000008c200000|  0%| F|  |TAMS 0x000000008c100000, 0x000000008c100000| Untracked 
| 194|0x000000008c200000, 0x000000008c200000, 0x000000008c300000|  0%| F|  |TAMS 0x000000008c200000, 0x000000008c200000| Untracked 
| 195|0x000000008c300000, 0x000000008c300000, 0x000000008c400000|  0%| F|  |TAMS 0x000000008c300000, 0x000000008c300000| Untracked 
| 196|0x000000008c400000, 0x000000008c400000, 0x000000008c500000|  0%| F|  |TAMS 0x000000008c400000, 0x000000008c400000| Untracked 
| 197|0x000000008c500000, 0x000000008c500000, 0x000000008c600000|  0%| F|  |TAMS 0x000000008c500000, 0x000000008c500000| Untracked 
| 198|0x000000008c600000, 0x000000008c600000, 0x000000008c700000|  0%| F|  |TAMS 0x000000008c600000, 0x000000008c600000| Untracked 
| 199|0x000000008c700000, 0x000000008c700000, 0x000000008c800000|  0%| F|  |TAMS 0x000000008c700000, 0x000000008c700000| Untracked 
| 200|0x000000008c800000, 0x000000008c800000, 0x000000008c900000|  0%| F|  |TAMS 0x000000008c800000, 0x000000008c800000| Untracked 
| 201|0x000000008c900000, 0x000000008c900000, 0x000000008ca00000|  0%| F|  |TAMS 0x000000008c900000, 0x000000008c900000| Untracked 
| 202|0x000000008ca00000, 0x000000008ca00000, 0x000000008cb00000|  0%| F|  |TAMS 0x000000008ca00000, 0x000000008ca00000| Untracked 
| 203|0x000000008cb00000, 0x000000008cb00000, 0x000000008cc00000|  0%| F|  |TAMS 0x000000008cb00000, 0x000000008cb00000| Untracked 
| 204|0x000000008cc00000, 0x000000008cc00000, 0x000000008cd00000|  0%| F|  |TAMS 0x000000008cc00000, 0x000000008cc00000| Untracked 
| 205|0x000000008cd00000, 0x000000008cd00000, 0x000000008ce00000|  0%| F|  |TAMS 0x000000008cd00000, 0x000000008cd00000| Untracked 
| 206|0x000000008ce00000, 0x000000008ce00000, 0x000000008cf00000|  0%| F|  |TAMS 0x000000008ce00000, 0x000000008ce00000| Untracked 
| 207|0x000000008cf00000, 0x000000008cf00000, 0x000000008d000000|  0%| F|  |TAMS 0x000000008cf00000, 0x000000008cf00000| Untracked 
| 208|0x000000008d000000, 0x000000008d000000, 0x000000008d100000|  0%| F|  |TAMS 0x000000008d000000, 0x000000008d000000| Untracked 
| 209|0x000000008d100000, 0x000000008d100000, 0x000000008d200000|  0%| F|  |TAMS 0x000000008d100000, 0x000000008d100000| Untracked 
| 210|0x000000008d200000, 0x000000008d200000, 0x000000008d300000|  0%| F|  |TAMS 0x000000008d200000, 0x000000008d200000| Untracked 
| 211|0x000000008d300000, 0x000000008d300000, 0x000000008d400000|  0%| F|  |TAMS 0x000000008d300000, 0x000000008d300000| Untracked 
| 212|0x000000008d400000, 0x000000008d400000, 0x000000008d500000|  0%| F|  |TAMS 0x000000008d400000, 0x000000008d400000| Untracked 
| 213|0x000000008d500000, 0x000000008d500000, 0x000000008d600000|  0%| F|  |TAMS 0x000000008d500000, 0x000000008d500000| Untracked 
| 214|0x000000008d600000, 0x000000008d600000, 0x000000008d700000|  0%| F|  |TAMS 0x000000008d600000, 0x000000008d600000| Untracked 
| 215|0x000000008d700000, 0x000000008d700000, 0x000000008d800000|  0%| F|  |TAMS 0x000000008d700000, 0x000000008d700000| Untracked 
| 216|0x000000008d800000, 0x000000008d800000, 0x000000008d900000|  0%| F|  |TAMS 0x000000008d800000, 0x000000008d800000| Untracked 
| 217|0x000000008d900000, 0x000000008d900000, 0x000000008da00000|  0%| F|  |TAMS 0x000000008d900000, 0x000000008d900000| Untracked 
| 218|0x000000008da00000, 0x000000008da00000, 0x000000008db00000|  0%| F|  |TAMS 0x000000008da00000, 0x000000008da00000| Untracked 
| 219|0x000000008db00000, 0x000000008db00000, 0x000000008dc00000|  0%| F|  |TAMS 0x000000008db00000, 0x000000008db00000| Untracked 
| 220|0x000000008dc00000, 0x000000008dc00000, 0x000000008dd00000|  0%| F|  |TAMS 0x000000008dc00000, 0x000000008dc00000| Untracked 
| 221|0x000000008dd00000, 0x000000008dd00000, 0x000000008de00000|  0%| F|  |TAMS 0x000000008dd00000, 0x000000008dd00000| Untracked 
| 222|0x000000008de00000, 0x000000008de00000, 0x000000008df00000|  0%| F|  |TAMS 0x000000008de00000, 0x000000008de00000| Untracked 
| 223|0x000000008df00000, 0x000000008df00000, 0x000000008e000000|  0%| F|  |TAMS 0x000000008df00000, 0x000000008df00000| Untracked 
| 224|0x000000008e000000, 0x000000008e000000, 0x000000008e100000|  0%| F|  |TAMS 0x000000008e000000, 0x000000008e000000| Untracked 
| 225|0x000000008e100000, 0x000000008e100000, 0x000000008e200000|  0%| F|  |TAMS 0x000000008e100000, 0x000000008e100000| Untracked 
| 226|0x000000008e200000, 0x000000008e200000, 0x000000008e300000|  0%| F|  |TAMS 0x000000008e200000, 0x000000008e200000| Untracked 
| 227|0x000000008e300000, 0x000000008e300000, 0x000000008e400000|  0%| F|  |TAMS 0x000000008e300000, 0x000000008e300000| Untracked 
| 228|0x000000008e400000, 0x000000008e400000, 0x000000008e500000|  0%| F|  |TAMS 0x000000008e400000, 0x000000008e400000| Untracked 
| 229|0x000000008e500000, 0x000000008e500000, 0x000000008e600000|  0%| F|  |TAMS 0x000000008e500000, 0x000000008e500000| Untracked 
| 230|0x000000008e600000, 0x000000008e600000, 0x000000008e700000|  0%| F|  |TAMS 0x000000008e600000, 0x000000008e600000| Untracked 
| 231|0x000000008e700000, 0x000000008e700000, 0x000000008e800000|  0%| F|  |TAMS 0x000000008e700000, 0x000000008e700000| Untracked 
| 232|0x000000008e800000, 0x000000008e800000, 0x000000008e900000|  0%| F|  |TAMS 0x000000008e800000, 0x000000008e800000| Untracked 
| 233|0x000000008e900000, 0x000000008e900000, 0x000000008ea00000|  0%| F|  |TAMS 0x000000008e900000, 0x000000008e900000| Untracked 
| 234|0x000000008ea00000, 0x000000008ea00000, 0x000000008eb00000|  0%| F|  |TAMS 0x000000008ea00000, 0x000000008ea00000| Untracked 
| 235|0x000000008eb00000, 0x000000008eb00000, 0x000000008ec00000|  0%| F|  |TAMS 0x000000008eb00000, 0x000000008eb00000| Untracked 
| 236|0x000000008ec00000, 0x000000008ec00000, 0x000000008ed00000|  0%| F|  |TAMS 0x000000008ec00000, 0x000000008ec00000| Untracked 
| 237|0x000000008ed00000, 0x000000008ed00000, 0x000000008ee00000|  0%| F|  |TAMS 0x000000008ed00000, 0x000000008ed00000| Untracked 
| 238|0x000000008ee00000, 0x000000008ee00000, 0x000000008ef00000|  0%| F|  |TAMS 0x000000008ee00000, 0x000000008ee00000| Untracked 
| 239|0x000000008ef00000, 0x000000008ef00000, 0x000000008f000000|  0%| F|  |TAMS 0x000000008ef00000, 0x000000008ef00000| Untracked 
| 240|0x000000008f000000, 0x000000008f000000, 0x000000008f100000|  0%| F|  |TAMS 0x000000008f000000, 0x000000008f000000| Untracked 
| 241|0x000000008f100000, 0x000000008f100000, 0x000000008f200000|  0%| F|  |TAMS 0x000000008f100000, 0x000000008f100000| Untracked 
| 242|0x000000008f200000, 0x000000008f200000, 0x000000008f300000|  0%| F|  |TAMS 0x000000008f200000, 0x000000008f200000| Untracked 
| 243|0x000000008f300000, 0x000000008f300000, 0x000000008f400000|  0%| F|  |TAMS 0x000000008f300000, 0x000000008f300000| Untracked 
| 244|0x000000008f400000, 0x000000008f500000, 0x000000008f500000|100%| S|CS|TAMS 0x000000008f400000, 0x000000008f400000| Complete 
| 245|0x000000008f500000, 0x000000008f600000, 0x000000008f600000|100%| S|CS|TAMS 0x000000008f500000, 0x000000008f500000| Complete 
| 246|0x000000008f600000, 0x000000008f700000, 0x000000008f700000|100%| S|CS|TAMS 0x000000008f600000, 0x000000008f600000| Complete 
| 247|0x000000008f700000, 0x000000008f800000, 0x000000008f800000|100%| S|CS|TAMS 0x000000008f700000, 0x000000008f700000| Complete 
| 248|0x000000008f800000, 0x000000008f800000, 0x000000008f900000|  0%| F|  |TAMS 0x000000008f800000, 0x000000008f800000| Untracked 
| 249|0x000000008f900000, 0x000000008f900000, 0x000000008fa00000|  0%| F|  |TAMS 0x000000008f900000, 0x000000008f900000| Untracked 
| 250|0x000000008fa00000, 0x000000008fa00000, 0x000000008fb00000|  0%| F|  |TAMS 0x000000008fa00000, 0x000000008fa00000| Untracked 
| 251|0x000000008fb00000, 0x000000008fb00000, 0x000000008fc00000|  0%| F|  |TAMS 0x000000008fb00000, 0x000000008fb00000| Untracked 
| 252|0x000000008fc00000, 0x000000008fc00000, 0x000000008fd00000|  0%| F|  |TAMS 0x000000008fc00000, 0x000000008fc00000| Untracked 
| 253|0x000000008fd00000, 0x000000008fd00000, 0x000000008fe00000|  0%| F|  |TAMS 0x000000008fd00000, 0x000000008fd00000| Untracked 
| 254|0x000000008fe00000, 0x000000008fe00000, 0x000000008ff00000|  0%| F|  |TAMS 0x000000008fe00000, 0x000000008fe00000| Untracked 
| 255|0x000000008ff00000, 0x000000008ff00000, 0x0000000090000000|  0%| F|  |TAMS 0x000000008ff00000, 0x000000008ff00000| Untracked 
| 256|0x0000000090000000, 0x0000000090000000, 0x0000000090100000|  0%| F|  |TAMS 0x0000000090000000, 0x0000000090000000| Untracked 
| 257|0x0000000090100000, 0x0000000090100000, 0x0000000090200000|  0%| F|  |TAMS 0x0000000090100000, 0x0000000090100000| Untracked 
| 258|0x0000000090200000, 0x0000000090200000, 0x0000000090300000|  0%| F|  |TAMS 0x0000000090200000, 0x0000000090200000| Untracked 
| 259|0x0000000090300000, 0x0000000090300000, 0x0000000090400000|  0%| F|  |TAMS 0x0000000090300000, 0x0000000090300000| Untracked 
| 260|0x0000000090400000, 0x0000000090400000, 0x0000000090500000|  0%| F|  |TAMS 0x0000000090400000, 0x0000000090400000| Untracked 
| 261|0x0000000090500000, 0x0000000090500000, 0x0000000090600000|  0%| F|  |TAMS 0x0000000090500000, 0x0000000090500000| Untracked 
| 262|0x0000000090600000, 0x0000000090600000, 0x0000000090700000|  0%| F|  |TAMS 0x0000000090600000, 0x0000000090600000| Untracked 
| 263|0x0000000090700000, 0x0000000090700000, 0x0000000090800000|  0%| F|  |TAMS 0x0000000090700000, 0x0000000090700000| Untracked 
| 264|0x0000000090800000, 0x0000000090800000, 0x0000000090900000|  0%| F|  |TAMS 0x0000000090800000, 0x0000000090800000| Untracked 
| 265|0x0000000090900000, 0x0000000090900000, 0x0000000090a00000|  0%| F|  |TAMS 0x0000000090900000, 0x0000000090900000| Untracked 
| 266|0x0000000090a00000, 0x0000000090a00000, 0x0000000090b00000|  0%| F|  |TAMS 0x0000000090a00000, 0x0000000090a00000| Untracked 
| 267|0x0000000090b00000, 0x0000000090b00000, 0x0000000090c00000|  0%| F|  |TAMS 0x0000000090b00000, 0x0000000090b00000| Untracked 
| 268|0x0000000090c00000, 0x0000000090c00000, 0x0000000090d00000|  0%| F|  |TAMS 0x0000000090c00000, 0x0000000090c00000| Untracked 
| 269|0x0000000090d00000, 0x0000000090d00000, 0x0000000090e00000|  0%| F|  |TAMS 0x0000000090d00000, 0x0000000090d00000| Untracked 
| 270|0x0000000090e00000, 0x0000000090e00000, 0x0000000090f00000|  0%| F|  |TAMS 0x0000000090e00000, 0x0000000090e00000| Untracked 
| 271|0x0000000090f00000, 0x0000000090f00000, 0x0000000091000000|  0%| F|  |TAMS 0x0000000090f00000, 0x0000000090f00000| Untracked 

Card table byte_map: [0x00000145ffb80000,0x00000145fff80000] _byte_map_base: 0x00000145ff780000

Marking Bits (Prev, Next): (CMBitMap*) 0x00000145eaed0740, (CMBitMap*) 0x00000145eaed0708
 Prev Bits: [0x0000014582400000, 0x0000014584400000)
 Next Bits: [0x0000014580400000, 0x0000014582400000)

Polling page: 0x00000145ead40000

Metaspace:

Usage:
  Non-class:     79.31 MB capacity,    77.86 MB ( 98%) used,     1.20 MB (  2%) free+waste,   261.25 KB ( <1%) overhead. 
      Class:     12.64 MB capacity,    11.80 MB ( 93%) used,   743.46 KB (  6%) free+waste,   118.63 KB ( <1%) overhead. 
       Both:     91.95 MB capacity,    89.66 MB ( 98%) used,     1.92 MB (  2%) free+waste,   379.88 KB ( <1%) overhead. 

Virtual space:
  Non-class space:       80.00 MB reserved,      79.45 MB (>99%) committed 
      Class space:        1.00 GB reserved,      12.70 MB (  1%) committed 
             Both:        1.08 GB reserved,      92.15 MB (  8%) committed 

Chunk freelists:
   Non-Class:  14.00 KB
       Class:  14.00 KB
        Both:  28.00 KB

MaxMetaspaceSize: 17179869184.00 GB
CompressedClassSpaceSize: 1.00 GB

CodeHeap 'non-profiled nmethods': size=120064Kb used=7378Kb max_used=7378Kb free=112686Kb
 bounds [0x00000145f7c20000, 0x00000145f8360000, 0x00000145ff160000]
CodeHeap 'profiled nmethods': size=120000Kb used=24741Kb max_used=24741Kb free=95258Kb
 bounds [0x00000145f06f0000, 0x00000145f1f20000, 0x00000145f7c20000]
CodeHeap 'non-nmethods': size=5696Kb used=2305Kb max_used=2347Kb free=3390Kb
 bounds [0x00000145f0160000, 0x00000145f03d0000, 0x00000145f06f0000]
 total_blobs=12426 nmethods=11517 adapters=820
 compilation: enabled
              stopped_count=0, restarted_count=0
 full_count=0

Compilation events (20 events):
Event: 59.953 Thread 0x0000014586a1e000 nmethod 11518 0x00000145f8348b10 code [0x00000145f8349060, 0x00000145f83506b8]
Event: 59.953 Thread 0x0000014586a1e000 11639       4       com.android.tools.r8.code.w1::a (4137 bytes)
Event: 60.115 Thread 0x0000014586a29800 11645       2       java.util.concurrent.ConcurrentLinkedQueue$Itr::hasNext (13 bytes)
Event: 60.116 Thread 0x0000014586a29800 nmethod 11645 0x00000145f1f14e90 code [0x00000145f1f15040, 0x00000145f1f15158]
Event: 60.116 Thread 0x0000014586a29800 11648       2       com.android.tools.r8.graph.Z::x (2 bytes)
Event: 60.116 Thread 0x0000014586a29800 nmethod 11648 0x00000145f1f15210 code [0x00000145f1f153c0, 0x00000145f1f154b8]
Event: 60.116 Thread 0x0000014586a29800 11647       2       java.util.concurrent.ConcurrentLinkedQueue::succ (17 bytes)
Event: 60.116 Thread 0x0000014586a29800 nmethod 11647 0x00000145f1f15590 code [0x00000145f1f15740, 0x00000145f1f15858]
Event: 60.117 Thread 0x0000014586a29800 11646       2       java.util.concurrent.ConcurrentLinkedQueue$Itr::next (96 bytes)
Event: 60.118 Thread 0x0000014586a29800 nmethod 11646 0x00000145f1f15910 code [0x00000145f1f15b00, 0x00000145f1f15f38]
Event: 60.118 Thread 0x0000014586a29800 11649  s    2       com.android.tools.r8.graph.v$b::a (16 bytes)
Event: 60.118 Thread 0x0000014586a29800 nmethod 11649 0x00000145f1f16190 code [0x00000145f1f16360, 0x00000145f1f16618]
Event: 60.118 Thread 0x0000014586a29800 11650       2       com.android.tools.r8.graph.I0$c::e (2 bytes)
Event: 60.118 Thread 0x0000014586a29800 nmethod 11650 0x00000145f1f16710 code [0x00000145f1f168c0, 0x00000145f1f169b8]
Event: 60.121 Thread 0x0000014586a29800 11654   !   2       java.util.concurrent.ConcurrentHashMap::merge (545 bytes)
Event: 60.127 Thread 0x0000014586a29800 nmethod 11654 0x00000145f1f16a90 code [0x00000145f1f16da0, 0x00000145f1f18278]
Event: 60.127 Thread 0x0000014586a29800 11655       2       com.android.tools.r8.internal.Cw$$Lambda$1114/0x0000000100c97440::get$Lambda (9 bytes)
Event: 60.127 Thread 0x0000014586a29800 nmethod 11655 0x00000145f1f18f90 code [0x00000145f1f19140, 0x00000145f1f192b8]
Event: 60.127 Thread 0x0000014586a29800 11656       2       com.android.tools.r8.internal.Cw$$Lambda$1114/0x0000000100c97440::<init> (10 bytes)
Event: 60.128 Thread 0x0000014586a29800 nmethod 11656 0x00000145f1f19390 code [0x00000145f1f19540, 0x00000145f1f19678]

GC Heap History (20 events):
Event: 56.856 GC heap before
{Heap before GC invocations=68 (full 0):
 garbage-first heap   total 138240K, used 126552K [0x0000000080000000, 0x0000000100000000)
  region size 1024K, 6 young (6144K), 1 survivors (1024K)
 Metaspace       used 89161K, capacity 91380K, committed 91416K, reserved 1128448K
  class space    used 11554K, capacity 12334K, committed 12364K, reserved 1048576K
}
Event: 56.865 GC heap after
{Heap after GC invocations=69 (full 0):
 garbage-first heap   total 138240K, used 124209K [0x0000000080000000, 0x0000000100000000)
  region size 1024K, 1 young (1024K), 1 survivors (1024K)
 Metaspace       used 89161K, capacity 91380K, committed 91416K, reserved 1128448K
  class space    used 11554K, capacity 12334K, committed 12364K, reserved 1048576K
}
Event: 56.893 GC heap before
{Heap before GC invocations=69 (full 0):
 garbage-first heap   total 138240K, used 128305K [0x0000000080000000, 0x0000000100000000)
  region size 1024K, 6 young (6144K), 1 survivors (1024K)
 Metaspace       used 89162K, capacity 91380K, committed 91416K, reserved 1128448K
  class space    used 11554K, capacity 12334K, committed 12364K, reserved 1048576K
}
Event: 56.900 GC heap after
{Heap after GC invocations=70 (full 0):
 garbage-first heap   total 138240K, used 126230K [0x0000000080000000, 0x0000000100000000)
  region size 1024K, 1 young (1024K), 1 survivors (1024K)
 Metaspace       used 89162K, capacity 91380K, committed 91416K, reserved 1128448K
  class space    used 11554K, capacity 12334K, committed 12364K, reserved 1048576K
}
Event: 56.929 GC heap before
{Heap before GC invocations=70 (full 0):
 garbage-first heap   total 138240K, used 130326K [0x0000000080000000, 0x0000000100000000)
  region size 1024K, 6 young (6144K), 1 survivors (1024K)
 Metaspace       used 89163K, capacity 91380K, committed 91416K, reserved 1128448K
  class space    used 11554K, capacity 12334K, committed 12364K, reserved 1048576K
}
Event: 56.936 GC heap after
{Heap after GC invocations=71 (full 0):
 garbage-first heap   total 138240K, used 128000K [0x0000000080000000, 0x0000000100000000)
  region size 1024K, 1 young (1024K), 1 survivors (1024K)
 Metaspace       used 89163K, capacity 91380K, committed 91416K, reserved 1128448K
  class space    used 11554K, capacity 12334K, committed 12364K, reserved 1048576K
}
Event: 56.969 GC heap before
{Heap before GC invocations=71 (full 0):
 garbage-first heap   total 138240K, used 134144K [0x0000000080000000, 0x0000000100000000)
  region size 1024K, 6 young (6144K), 1 survivors (1024K)
 Metaspace       used 89163K, capacity 91380K, committed 91416K, reserved 1128448K
  class space    used 11554K, capacity 12334K, committed 12364K, reserved 1048576K
}
Event: 56.978 GC heap after
{Heap after GC invocations=72 (full 0):
 garbage-first heap   total 138240K, used 131233K [0x0000000080000000, 0x0000000100000000)
  region size 1024K, 1 young (1024K), 1 survivors (1024K)
 Metaspace       used 89163K, capacity 91380K, committed 91416K, reserved 1128448K
  class space    used 11554K, capacity 12334K, committed 12364K, reserved 1048576K
}
Event: 57.007 GC heap before
{Heap before GC invocations=72 (full 0):
 garbage-first heap   total 138240K, used 137377K [0x0000000080000000, 0x0000000100000000)
  region size 1024K, 6 young (6144K), 1 survivors (1024K)
 Metaspace       used 89163K, capacity 91380K, committed 91416K, reserved 1128448K
  class space    used 11554K, capacity 12334K, committed 12364K, reserved 1048576K
}
Event: 57.017 GC heap after
{Heap after GC invocations=73 (full 0):
 garbage-first heap   total 140288K, used 134144K [0x0000000080000000, 0x0000000100000000)
  region size 1024K, 1 young (1024K), 1 survivors (1024K)
 Metaspace       used 89163K, capacity 91380K, committed 91416K, reserved 1128448K
  class space    used 11554K, capacity 12334K, committed 12364K, reserved 1048576K
}
Event: 57.036 GC heap before
{Heap before GC invocations=73 (full 0):
 garbage-first heap   total 140288K, used 138240K [0x0000000080000000, 0x0000000100000000)
  region size 1024K, 6 young (6144K), 1 survivors (1024K)
 Metaspace       used 89163K, capacity 91380K, committed 91416K, reserved 1128448K
  class space    used 11554K, capacity 12334K, committed 12364K, reserved 1048576K
}
Event: 57.047 GC heap after
{Heap after GC invocations=74 (full 0):
 garbage-first heap   total 142336K, used 135980K [0x0000000080000000, 0x0000000100000000)
  region size 1024K, 1 young (1024K), 1 survivors (1024K)
 Metaspace       used 89163K, capacity 91380K, committed 91416K, reserved 1128448K
  class space    used 11554K, capacity 12334K, committed 12364K, reserved 1048576K
}
Event: 57.077 GC heap before
{Heap before GC invocations=74 (full 0):
 garbage-first heap   total 142336K, used 141100K [0x0000000080000000, 0x0000000100000000)
  region size 1024K, 6 young (6144K), 1 survivors (1024K)
 Metaspace       used 89163K, capacity 91380K, committed 91416K, reserved 1128448K
  class space    used 11554K, capacity 12334K, committed 12364K, reserved 1048576K
}
Event: 57.089 GC heap after
{Heap after GC invocations=75 (full 0):
 garbage-first heap   total 278528K, used 138405K [0x0000000080000000, 0x0000000100000000)
  region size 1024K, 1 young (1024K), 1 survivors (1024K)
 Metaspace       used 89163K, capacity 91380K, committed 91416K, reserved 1128448K
  class space    used 11554K, capacity 12334K, committed 12364K, reserved 1048576K
}
Event: 58.997 GC heap before
{Heap before GC invocations=76 (full 0):
 garbage-first heap   total 278528K, used 176293K [0x0000000080000000, 0x0000000100000000)
  region size 1024K, 39 young (39936K), 1 survivors (1024K)
 Metaspace       used 91470K, capacity 93801K, committed 94104K, reserved 1130496K
  class space    used 12041K, capacity 12913K, committed 13004K, reserved 1048576K
}
Event: 59.027 GC heap after
{Heap after GC invocations=77 (full 0):
 garbage-first heap   total 278528K, used 153378K [0x0000000080000000, 0x0000000100000000)
  region size 1024K, 5 young (5120K), 5 survivors (5120K)
 Metaspace       used 91470K, capacity 93801K, committed 94104K, reserved 1130496K
  class space    used 12041K, capacity 12913K, committed 13004K, reserved 1048576K
}
Event: 59.187 GC heap before
{Heap before GC invocations=77 (full 0):
 garbage-first heap   total 278528K, used 189218K [0x0000000080000000, 0x0000000100000000)
  region size 1024K, 41 young (41984K), 5 survivors (5120K)
 Metaspace       used 91490K, capacity 93804K, committed 94104K, reserved 1130496K
  class space    used 12041K, capacity 12913K, committed 13004K, reserved 1048576K
}
Event: 59.260 GC heap after
{Heap after GC invocations=78 (full 0):
 garbage-first heap   total 278528K, used 171848K [0x0000000080000000, 0x0000000100000000)
  region size 1024K, 6 young (6144K), 6 survivors (6144K)
 Metaspace       used 91490K, capacity 93804K, committed 94104K, reserved 1130496K
  class space    used 12041K, capacity 12913K, committed 13004K, reserved 1048576K
}
Event: 59.629 GC heap before
{Heap before GC invocations=78 (full 0):
 garbage-first heap   total 278528K, used 202568K [0x0000000080000000, 0x0000000100000000)
  region size 1024K, 36 young (36864K), 6 survivors (6144K)
 Metaspace       used 91539K, capacity 93868K, committed 94104K, reserved 1130496K
  class space    used 12041K, capacity 12913K, committed 13004K, reserved 1048576K
}
Event: 59.662 GC heap after
{Heap after GC invocations=79 (full 0):
 garbage-first heap   total 278528K, used 187904K [0x0000000080000000, 0x0000000100000000)
  region size 1024K, 5 young (5120K), 5 survivors (5120K)
 Metaspace       used 91539K, capacity 93868K, committed 94104K, reserved 1130496K
  class space    used 12041K, capacity 12913K, committed 13004K, reserved 1048576K
}

Deoptimization events (20 events):
Event: 55.459 Thread 0x000001458a07e800 DEOPT PACKING pc=0x00000145f8299e04 sp=0x000000041e1fd6b0
Event: 55.459 Thread 0x000001458a07e800 DEOPT UNPACKING pc=0x00000145f01878af sp=0x000000041e1fd678 mode 2
Event: 56.763 Thread 0x000001458a07c800 DEOPT PACKING pc=0x00000145f1da06c3 sp=0x000000041e4fd8d0
Event: 56.763 Thread 0x000001458a07c800 DEOPT UNPACKING pc=0x00000145f01876ce sp=0x000000041e4fce10 mode 0
Event: 56.962 Thread 0x000001458a07c800 DEOPT PACKING pc=0x00000145f1daad1b sp=0x000000041e4fd770
Event: 56.962 Thread 0x000001458a07c800 DEOPT UNPACKING pc=0x00000145f01876ce sp=0x000000041e4fcd30 mode 0
Event: 56.982 Thread 0x000001458a07c800 Uncommon trap: trap_request=0xffffff4d fr.pc=0x00000145f82fc4c4 relative=0x0000000000000a44
Event: 56.982 Thread 0x000001458a07c800 Uncommon trap: reason=unstable_if action=reinterpret pc=0x00000145f82fc4c4 method=com.android.tools.r8.internal.Xe.d(I)Z @ 45 c2
Event: 56.982 Thread 0x000001458a07c800 DEOPT PACKING pc=0x00000145f82fc4c4 sp=0x000000041e4fd940
Event: 56.982 Thread 0x000001458a07c800 DEOPT UNPACKING pc=0x00000145f01878af sp=0x000000041e4fd850 mode 2
Event: 58.556 Thread 0x000001458a83c000 Uncommon trap: trap_request=0xffffff4d fr.pc=0x00000145f832678c relative=0x00000000000002cc
Event: 58.556 Thread 0x000001458a83c000 Uncommon trap: reason=unstable_if action=reinterpret pc=0x00000145f832678c method=com.android.tools.r8.graph.c0.a(Lcom/android/tools/r8/graph/c0;)I @ 49 c2
Event: 58.556 Thread 0x000001458a83c000 DEOPT PACKING pc=0x00000145f832678c sp=0x000000041e8fe800
Event: 58.556 Thread 0x000001458a83c000 DEOPT UNPACKING pc=0x00000145f01878af sp=0x000000041e8fe780 mode 2
Event: 58.942 Thread 0x000001458a83d000 DEOPT PACKING pc=0x00000145f1dc0369 sp=0x000000041e9fe4a0
Event: 58.942 Thread 0x000001458a83d000 DEOPT UNPACKING pc=0x00000145f01876ce sp=0x000000041e9fd9f8 mode 0
Event: 59.321 Thread 0x000001458a83c000 Uncommon trap: trap_request=0xffffff4d fr.pc=0x00000145f8343328 relative=0x0000000000007ce8
Event: 59.321 Thread 0x000001458a83c000 Uncommon trap: reason=unstable_if action=reinterpret pc=0x00000145f8343328 method=com.android.tools.r8.code.w1.a(Ljava/nio/ShortBuffer;IILcom/android/tools/r8/internal/Yu;)[Lcom/android/tools/r8/code/v1; @ 38 c2
Event: 59.321 Thread 0x000001458a83c000 DEOPT PACKING pc=0x00000145f8343328 sp=0x000000041e8fec20
Event: 59.321 Thread 0x000001458a83c000 DEOPT UNPACKING pc=0x00000145f01878af sp=0x000000041e8fec18 mode 2

Classes redefined (0 events):
No events

Internal exceptions (20 events):
Event: 43.555 Thread 0x000001458a07b000 Exception <a 'sun/nio/fs/WindowsException'{0x00000000880cf988}> (0x00000000880cf988) thrown at [./src/hotspot/share/prims/jni.cpp, line 615]
Event: 43.706 Thread 0x000001458a07e800 Exception <a 'sun/nio/fs/WindowsException'{0x0000000087b96d10}> (0x0000000087b96d10) thrown at [./src/hotspot/share/prims/jni.cpp, line 615]
Event: 43.737 Thread 0x000001458a07e800 Exception <a 'sun/nio/fs/WindowsException'{0x0000000087b97018}> (0x0000000087b97018) thrown at [./src/hotspot/share/prims/jni.cpp, line 615]
Event: 51.920 Thread 0x000001458a077000 Exception <a 'java/lang/NoSuchMethodError'{0x00000000886e0b98}: 'void java.lang.invoke.DirectMethodHandle$Holder.invokeStatic(java.lang.Object, long)'> (0x00000000886e0b98) thrown at [./src/hotspot/share/interpreter/linkResolver.cpp, line 773]
Event: 51.921 Thread 0x000001458a077000 Exception <a 'java/lang/NoSuchMethodError'{0x00000000886e5db0}: 'java.lang.Object java.lang.invoke.DirectMethodHandle$Holder.invokeStatic(java.lang.Object, long)'> (0x00000000886e5db0) thrown at [./src/hotspot/share/interpreter/linkResolver.cpp, line 773]
Event: 51.925 Thread 0x000001458a077000 Exception <a 'java/lang/NoSuchMethodError'{0x00000000886f4048}: 'java.lang.Object java.lang.invoke.DirectMethodHandle$Holder.invokeStaticInit(java.lang.Object, java.lang.Object, long, java.lang.Object)'> (0x00000000886f4048) thrown at [./src/hotspot/share/interpreter/linkResolver.cpp, line 773]
Event: 51.926 Thread 0x000001458a077000 Exception <a 'java/lang/NoSuchMethodError'{0x00000000886fa1e0}: 'java.lang.Object java.lang.invoke.DirectMethodHandle$Holder.invokeStatic(java.lang.Object, java.lang.Object, long)'> (0x00000000886fa1e0) thrown at [./src/hotspot/share/interpreter/linkResolver.cpp, line 773]
Event: 51.926 Thread 0x000001458a077000 Exception <a 'java/lang/NoSuchMethodError'{0x0000000088500f08}: 'java.lang.Object java.lang.invoke.Invokers$Holder.linkToTargetMethod(java.lang.Object, long, java.lang.Object)'> (0x0000000088500f08) thrown at [./src/hotspot/share/interpreter/linkResolver.cpp, line 773]
Event: 53.390 Thread 0x000001458a07c800 Exception <a 'sun/nio/fs/WindowsException'{0x00000000883bb410}> (0x00000000883bb410) thrown at [./src/hotspot/share/prims/jni.cpp, line 615]
Event: 56.380 Thread 0x000001458a07c800 Exception <a 'java/lang/NoSuchMethodError'{0x000000008839b330}: 'java.lang.Object java.lang.invoke.DirectMethodHandle$Holder.invokeStatic(java.lang.Object, java.lang.Object, java.lang.Object, java.lang.Object, java.lang.Object, java.lang.Object, java.lang.Object, java.lang.Object, java.lang.Object, java.lang.Object, java.lang.Object, java.lang.Object, java.lang.Object, java.lang.Object, java.lang.Object, java.lang.Object, java.lang.Object, java.lang.Object, int, java.lang.Object)'> (0x000000008839b330) thr
Event: 56.381 Thread 0x000001458a07c800 Exception <a 'java/lang/NoSuchMethodError'{0x00000000883a0bc0}: 'java.lang.Object java.lang.invoke.DirectMethodHandle$Holder.invokeStaticInit(java.lang.Object, java.lang.Object, java.lang.Object, java.lang.Object, java.lang.Object, java.lang.Object, java.lang.Object, java.lang.Object, java.lang.Object, java.lang.Object, java.lang.Object, java.lang.Object, java.lang.Object, java.lang.Object, java.lang.Object, java.lang.Object, java.lang.Object, java.lang.Object, int, java.lang.Object)'> (0x00000000883a0bc0)
Event: 57.249 Thread 0x000001458a83d800 Exception <a 'java/lang/IncompatibleClassChangeError'{0x0000000090a13aa0}: Found class java.lang.Object, but interface was expected> (0x0000000090a13aa0) thrown at [./src/hotspot/share/interpreter/linkResolver.cpp, line 839]
Event: 57.723 Thread 0x000001458a83c000 Exception <a 'java/lang/NoSuchMethodError'{0x0000000090bc2e68}: 'java.lang.Object java.lang.invoke.DirectMethodHandle$Holder.newInvokeSpecial(java.lang.Object, int)'> (0x0000000090bc2e68) thrown at [./src/hotspot/share/interpreter/linkResolver.cpp, line 773]
Event: 58.400 Thread 0x000001458a840000 Exception <a 'java/lang/IncompatibleClassChangeError'{0x000000009032f2b0}: Found class java.lang.Object, but interface was expected> (0x000000009032f2b0) thrown at [./src/hotspot/share/interpreter/linkResolver.cpp, line 839]
Event: 58.400 Thread 0x000001458a83d800 Exception <a 'java/lang/IncompatibleClassChangeError'{0x00000000908f5cf0}: Found class java.lang.Object, but interface was expected> (0x00000000908f5cf0) thrown at [./src/hotspot/share/interpreter/linkResolver.cpp, line 839]
Event: 58.400 Thread 0x000001458a83d000 Exception <a 'java/lang/IncompatibleClassChangeError'{0x0000000090889810}: Found class java.lang.Object, but interface was expected> (0x0000000090889810) thrown at [./src/hotspot/share/interpreter/linkResolver.cpp, line 839]
Event: 58.401 Thread 0x000001458a840000 Exception <a 'java/lang/IncompatibleClassChangeError'{0x00000000903366c8}: Found class java.lang.Object, but interface was expected> (0x00000000903366c8) thrown at [./src/hotspot/share/interpreter/linkResolver.cpp, line 839]
Event: 58.402 Thread 0x000001458a83c000 Exception <a 'java/lang/IncompatibleClassChangeError'{0x0000000090376e30}: Found class java.lang.Object, but interface was expected> (0x0000000090376e30) thrown at [./src/hotspot/share/interpreter/linkResolver.cpp, line 839]
Event: 58.402 Thread 0x000001458a83d000 Exception <a 'java/lang/IncompatibleClassChangeError'{0x0000000090889ff0}: Found class java.lang.Object, but interface was expected> (0x0000000090889ff0) thrown at [./src/hotspot/share/interpreter/linkResolver.cpp, line 839]
Event: 58.402 Thread 0x000001458a83d800 Exception <a 'java/lang/IncompatibleClassChangeError'{0x00000000908f8720}: Found class java.lang.Object, but interface was expected> (0x00000000908f8720) thrown at [./src/hotspot/share/interpreter/linkResolver.cpp, line 839]

Events (20 events):
Event: 60.834 loading class com/android/tools/r8/internal/zc
Event: 60.834 loading class com/android/tools/r8/internal/zc done
Event: 60.860 loading class com/android/tools/r8/graph/e$a
Event: 60.860 loading class com/android/tools/r8/graph/e$a done
Event: 60.888 loading class com/android/tools/r8/internal/T0
Event: 60.888 loading class com/android/tools/r8/internal/T0 done
Event: 60.895 loading class com/android/tools/r8/internal/xC
Event: 60.895 loading class com/android/tools/r8/internal/xC done
Event: 60.911 loading class com/android/tools/r8/internal/BC
Event: 60.911 loading class com/android/tools/r8/internal/BC done
Event: 60.913 loading class com/android/tools/r8/internal/AC
Event: 60.913 loading class com/android/tools/r8/internal/AC done
Event: 60.914 loading class com/android/tools/r8/internal/ug
Event: 60.914 loading class com/android/tools/r8/internal/ug done
Event: 60.930 loading class com/android/tools/r8/internal/rC
Event: 60.930 loading class com/android/tools/r8/internal/rC done
Event: 60.962 loading class com/android/tools/r8/internal/lC
Event: 60.962 loading class com/android/tools/r8/internal/lC done
Event: 60.962 loading class com/android/tools/r8/internal/d3
Event: 60.962 loading class com/android/tools/r8/internal/d3 done


Dynamic libraries:
0x00007ff73e280000 - 0x00007ff73e28a000 	D:\Software\Android Studio\jre\bin\java.exe
0x00007ffa285b0000 - 0x00007ffa287a5000 	C:\Windows\SYSTEM32\ntdll.dll
0x00007ffa27570000 - 0x00007ffa2762e000 	C:\Windows\System32\KERNEL32.DLL
0x00007ffa26330000 - 0x00007ffa265f8000 	C:\Windows\System32\KERNELBASE.dll
0x00007ffa260d0000 - 0x00007ffa261d0000 	C:\Windows\System32\ucrtbase.dll
0x00007ffa201d0000 - 0x00007ffa201e9000 	D:\Software\Android Studio\jre\bin\jli.dll
0x00007ffa1f2c0000 - 0x00007ffa1f2d7000 	D:\Software\Android Studio\jre\bin\VCRUNTIME140.dll
0x00007ffa27700000 - 0x00007ffa278a0000 	C:\Windows\System32\USER32.dll
0x00007ffa0e300000 - 0x00007ffa0e59a000 	C:\Windows\WinSxS\amd64_microsoft.windows.common-controls_6595b64144ccf1df_6.0.19041.1110_none_60b5254171f9507e\COMCTL32.dll
0x00007ffa25ed0000 - 0x00007ffa25ef2000 	C:\Windows\System32\win32u.dll
0x00007ffa27030000 - 0x00007ffa270ce000 	C:\Windows\System32\msvcrt.dll
0x00007ffa27d90000 - 0x00007ffa27dbb000 	C:\Windows\System32\GDI32.dll
0x00007ffa25f00000 - 0x00007ffa2600d000 	C:\Windows\System32\gdi32full.dll
0x00007ffa25e00000 - 0x00007ffa25e9d000 	C:\Windows\System32\msvcp_win.dll
0x00007ffa27c50000 - 0x00007ffa27c80000 	C:\Windows\System32\IMM32.DLL
0x00007ffa16180000 - 0x00007ffa1621d000 	D:\Software\Android Studio\jre\bin\msvcp140.dll
0x00007ff9b0980000 - 0x00007ff9b144f000 	D:\Software\Android Studio\jre\bin\server\jvm.dll
0x00007ffa27a00000 - 0x00007ffa27aae000 	C:\Windows\System32\ADVAPI32.dll
0x00007ffa26a40000 - 0x00007ffa26adc000 	C:\Windows\System32\sechost.dll
0x00007ffa26910000 - 0x00007ffa26a35000 	C:\Windows\System32\RPCRT4.dll
0x00007ffa270e0000 - 0x00007ffa270e8000 	C:\Windows\System32\PSAPI.DLL
0x00007ffa1f2e0000 - 0x00007ffa1f2e9000 	C:\Windows\SYSTEM32\WSOCK32.dll
0x00007ff9fb9f0000 - 0x00007ff9fba17000 	C:\Windows\SYSTEM32\WINMM.dll
0x00007ffa1d2d0000 - 0x00007ffa1d2da000 	C:\Windows\SYSTEM32\VERSION.dll
0x00007ffa26c60000 - 0x00007ffa26ccb000 	C:\Windows\System32\WS2_32.dll
0x00007ffa24540000 - 0x00007ffa24552000 	C:\Windows\SYSTEM32\kernel.appcore.dll
0x00007ffa1b710000 - 0x00007ffa1b721000 	D:\Software\Android Studio\jre\bin\verify.dll
0x00007ffa23ac0000 - 0x00007ffa23ca4000 	C:\Windows\SYSTEM32\DBGHELP.DLL
0x00007ffa151f0000 - 0x00007ffa1521c000 	C:\Windows\SYSTEM32\dbgcore.DLL
0x00007ffa25d70000 - 0x00007ffa25df2000 	C:\Windows\System32\bcryptPrimitives.dll
0x00007ffa12610000 - 0x00007ffa12639000 	D:\Software\Android Studio\jre\bin\java.dll
0x00007ffa1ef70000 - 0x00007ffa1ef7b000 	D:\Software\Android Studio\jre\bin\jimage.dll
0x00007ffa1b6d0000 - 0x00007ffa1b6e8000 	D:\Software\Android Studio\jre\bin\zip.dll
0x00007ffa27dc0000 - 0x00007ffa28504000 	C:\Windows\System32\SHELL32.dll
0x00007ffa23d90000 - 0x00007ffa24524000 	C:\Windows\SYSTEM32\windows.storage.dll
0x00007ffa26cd0000 - 0x00007ffa27025000 	C:\Windows\System32\combase.dll
0x00007ffa25710000 - 0x00007ffa2573e000 	C:\Windows\SYSTEM32\Wldp.dll
0x00007ffa26600000 - 0x00007ffa266ad000 	C:\Windows\System32\SHCORE.dll
0x00007ffa26c00000 - 0x00007ffa26c55000 	C:\Windows\System32\shlwapi.dll
0x00007ffa25c00000 - 0x00007ffa25c1f000 	C:\Windows\SYSTEM32\profapi.dll
0x00007ffa143d0000 - 0x00007ffa143ea000 	D:\Software\Android Studio\jre\bin\net.dll
0x00007ffa15b80000 - 0x00007ffa15c8c000 	C:\Windows\SYSTEM32\WINHTTP.dll
0x00007ffa25470000 - 0x00007ffa254da000 	C:\Windows\system32\mswsock.dll
0x00007ffa12970000 - 0x00007ffa12984000 	D:\Software\Android Studio\jre\bin\nio.dll
0x00007ffa052f0000 - 0x00007ffa05317000 	C:\Users\michi\.gradle\native\8bec1ad78214c89d9ad589b4d07fe93259594b29d510b10fafb7a158f7737e5d\windows-amd64\native-platform.dll
0x00007ff9c2890000 - 0x00007ff9c29cd000 	C:\Users\michi\.gradle\native\53dbd7edfb1c66fb8903c78663c9afc45aea4f116125fa6feffd364cf09443e8\windows-amd64\native-platform-file-events.dll
0x00007ffa1b5a0000 - 0x00007ffa1b5aa000 	D:\Software\Android Studio\jre\bin\management.dll
0x00007ffa13370000 - 0x00007ffa1337c000 	D:\Software\Android Studio\jre\bin\management_ext.dll
0x00007ffa25660000 - 0x00007ffa25678000 	C:\Windows\SYSTEM32\CRYPTSP.dll
0x00007ffa24d80000 - 0x00007ffa24db4000 	C:\Windows\system32\rsaenh.dll
0x00007ffa25ea0000 - 0x00007ffa25ec7000 	C:\Windows\System32\bcrypt.dll
0x00007ffa25b80000 - 0x00007ffa25bae000 	C:\Windows\SYSTEM32\USERENV.dll
0x00007ffa25680000 - 0x00007ffa2568c000 	C:\Windows\SYSTEM32\CRYPTBASE.dll
0x00007ffa25110000 - 0x00007ffa2514b000 	C:\Windows\SYSTEM32\IPHLPAPI.DLL
0x00007ffa270d0000 - 0x00007ffa270d8000 	C:\Windows\System32\NSI.dll
0x00007ffa16b00000 - 0x00007ffa16b17000 	C:\Windows\SYSTEM32\dhcpcsvc6.DLL
0x00007ffa19a80000 - 0x00007ffa19a9d000 	C:\Windows\SYSTEM32\dhcpcsvc.DLL
0x00007ffa25160000 - 0x00007ffa2522b000 	C:\Windows\SYSTEM32\DNSAPI.dll

dbghelp: loaded successfully - version: 4.0.5 - missing functions: none
symbol engine: initialized successfully - sym options: 0x614 - pdb path: .;D:\Software\Android Studio\jre\bin;C:\Windows\SYSTEM32;C:\Windows\WinSxS\amd64_microsoft.windows.common-controls_6595b64144ccf1df_6.0.19041.1110_none_60b5254171f9507e;D:\Software\Android Studio\jre\bin\server;C:\Users\michi\.gradle\native\8bec1ad78214c89d9ad589b4d07fe93259594b29d510b10fafb7a158f7737e5d\windows-amd64;C:\Users\michi\.gradle\native\53dbd7edfb1c66fb8903c78663c9afc45aea4f116125fa6feffd364cf09443e8\windows-amd64

VM Arguments:
jvm_args: --add-opens=java.base/java.util=ALL-UNNAMED --add-opens=java.base/java.lang=ALL-UNNAMED --add-opens=java.base/java.lang.invoke=ALL-UNNAMED --add-opens=java.base/java.util=ALL-UNNAMED --add-opens=java.prefs/java.util.prefs=ALL-UNNAMED --add-opens=java.prefs/java.util.prefs=ALL-UNNAMED --add-opens=java.base/java.nio.charset=ALL-UNNAMED --add-opens=java.base/java.net=ALL-UNNAMED --add-opens=java.base/java.util.concurrent.atomic=ALL-UNNAMED -Xmx2048m -Dfile.encoding=UTF-8 -Duser.country=ID -Duser.language=en -Duser.variant 
java_command: org.gradle.launcher.daemon.bootstrap.GradleDaemon 7.0.2
java_class_path (initial): C:\Users\michi\.gradle\wrapper\dists\gradle-7.0.2-bin\857tjihv64xamwrf0h14cai3r\gradle-7.0.2\lib\gradle-launcher-7.0.2.jar
Launcher Type: SUN_STANDARD

[Global flags]
     intx CICompilerCount                          = 3                                         {product} {ergonomic}
     uint ConcGCThreads                            = 1                                         {product} {ergonomic}
     uint G1ConcRefinementThreads                  = 4                                         {product} {ergonomic}
   size_t G1HeapRegionSize                         = 1048576                                   {product} {ergonomic}
    uintx GCDrainStackTargetSize                   = 64                                        {product} {ergonomic}
   size_t InitialHeapSize                          = 67108864                                  {product} {ergonomic}
   size_t MarkStackSize                            = 4194304                                   {product} {ergonomic}
   size_t MaxHeapSize                              = 2147483648                                {product} {command line}
   size_t MaxNewSize                               = 1287651328                                {product} {ergonomic}
   size_t MinHeapDeltaBytes                        = 1048576                                   {product} {ergonomic}
    uintx NonNMethodCodeHeapSize                   = 5830732                                {pd product} {ergonomic}
    uintx NonProfiledCodeHeapSize                  = 122913754                              {pd product} {ergonomic}
    uintx ProfiledCodeHeapSize                     = 122913754                              {pd product} {ergonomic}
    uintx ReservedCodeCacheSize                    = 251658240                              {pd product} {ergonomic}
     bool SegmentedCodeCache                       = true                                      {product} {ergonomic}
     bool UseCompressedClassPointers               = true                                 {lp64_product} {ergonomic}
     bool UseCompressedOops                        = true                                 {lp64_product} {ergonomic}
     bool UseG1GC                                  = true                                      {product} {ergonomic}
     bool UseLargePagesIndividualAllocation        = false                                  {pd product} {ergonomic}

Logging:
Log output configuration:
 #0: stdout all=warning uptime,level,tags
 #1: stderr all=off uptime,level,tags

Environment Variables:
PATH=C:\Program Files (x86)\Common Files\Oracle\Java\javapath;C:\Program Files\Common Files\Oracle\Java\javapath;C:\Windows\system32;C:\Windows;C:\Windows\System32\Wbem;C:\Windows\System32\WindowsPowerShell\v1.0\;C:\Windows\System32\OpenSSH\;D:\Software\MinGW\bin;D:\Software\Git\cmd;D:\Software\Git\bin;C:\Users\michi\AppData\Local\Programs\Python\Python310\Scripts\;C:\Users\michi\AppData\Local\Programs\Python\Python310\;C:\Users\michi\AppData\Local\Programs\Python\Python310\Scripts\;C:\Users\michi\AppData\Local\Programs\Python\Python310\;C:\Users\michi\AppData\Local\Microsoft\WindowsApps;D:\Software\Microsoft VS Code\bin;D:\Software\MinGW\bin;D:\Software\Git\bin;D:\Software\Git\cmd;
USERNAME=michi
OS=Windows_NT
PROCESSOR_IDENTIFIER=Intel64 Family 6 Model 142 Stepping 9, GenuineIntel



---------------  S Y S T E M  ---------------

OS: Windows 10 , 64 bit Build 19041 (10.0.19041.1503)
OS uptime: 1 days 4:25 hours

CPU:total 4 (initial active 4) (2 cores per cpu, 2 threads per core) family 6 model 142 stepping 9 microcode 0xb4, cmov, cx8, fxsr, mmx, sse, sse2, sse3, ssse3, sse4.1, sse4.2, popcnt, avx, avx2, aes, clmul, erms, 3dnowpref, lzcnt, ht, tsc, tscinvbit, bmi1, bmi2, adx, fma

Memory: 4k page, system-wide physical 3981M (240M free)
TotalPageFile size 8077M (AvailPageFile size 2M)
current process WorkingSet (physical memory assigned to process): 418M, peak: 418M
current process commit charge ("private bytes"): 576M, peak: 981M

vm_info: OpenJDK 64-Bit Server VM (11.0.10+0-b96-7249189) for windows-amd64 JRE (11.0.10+0-b96-7249189), built on Mar 31 2021 21:44:00 by "builder" with MS VC++ 14.0 (VS2015)

END.
