#
# There is insufficient memory for the Java Runtime Environment to continue.
# Native memory allocation (mmap) failed to map 113246208 bytes for Failed to commit area from 0x000000008c600000 to 0x0000000093200000 of length 113246208.
# Possible reasons:
#   The system is out of physical RAM or swap space
#   The process is running with CompressedOops enabled, and the Java Heap may be blocking the growth of the native heap
# Possible solutions:
#   Reduce memory load on the system
#   Increase physical memory or swap space
#   Check if swap backing store is full
#   Decrease Java heap size (-Xmx/-Xms)
#   Decrease number of Java threads
#   Decrease Java thread stack sizes (-Xss)
#   Set larger code cache with -XX:ReservedCodeCacheSize=
#   JVM is running with Unscaled Compressed Oops mode in which the Java heap is
#     placed in the first 4GB address space. The Java Heap base address is the
#     maximum limit for the native heap growth. Please use -XX:HeapBaseMinAddress
#     to set the Java Heap base and to place the Java Heap above 4GB virtual address.
# This output file may be truncated or incomplete.
#
#  Out of Memory Error (./src/hotspot/os/windows/os_windows.cpp:3301), pid=2128, tid=1772
#
# JRE version: OpenJDK Runtime Environment (11.0.10) (build 11.0.10+0-b96-7249189)
# Java VM: OpenJDK 64-Bit Server VM (11.0.10+0-b96-7249189, mixed mode, tiered, compressed oops, g1 gc, windows-amd64)
# No core dump will be written. Minidumps are not enabled by default on client versions of Windows
#

---------------  S U M M A R Y ------------

Command Line: --add-opens=java.base/java.util=ALL-UNNAMED --add-opens=java.base/java.lang=ALL-UNNAMED --add-opens=java.base/java.lang.invoke=ALL-UNNAMED --add-opens=java.base/java.util=ALL-UNNAMED --add-opens=java.prefs/java.util.prefs=ALL-UNNAMED --add-opens=java.prefs/java.util.prefs=ALL-UNNAMED --add-opens=java.base/java.nio.charset=ALL-UNNAMED --add-opens=java.base/java.net=ALL-UNNAMED --add-opens=java.base/java.util.concurrent.atomic=ALL-UNNAMED -Xmx2048m -Dfile.encoding=UTF-8 -Duser.country=ID -Duser.language=en -Duser.variant org.gradle.launcher.daemon.bootstrap.GradleDaemon 7.0.2

Host: Intel(R) Core(TM) i5-7200U CPU @ 2.50GHz, 4 cores, 3G,  Windows 10 , 64 bit Build 19041 (10.0.19041.1503)
Time: Thu Mar  3 15:04:01 2022 SE Asia Standard Time elapsed time: 3110.878290 seconds (0d 0h 51m 50s)

---------------  T H R E A D  ---------------

Current thread (0x00000177ed3d1000):  VMThread "VM Thread" [stack: 0x0000004b4b200000,0x0000004b4b300000] [id=1772]

Stack: [0x0000004b4b200000,0x0000004b4b300000]
[error occurred during error reporting (printing stack bounds), id 0xc0000005, EXCEPTION_ACCESS_VIOLATION (0xc0000005) at pc=0x00000177d6bf0f2d]

Native frames: (J=compiled Java code, j=interpreted, Vv=VM code, C=native code)
V  [jvm.dll+0x5ecfaa]
V  [jvm.dll+0x722bd5]
V  [jvm.dll+0x72412d]
V  [jvm.dll+0x724745]
V  [jvm.dll+0x7246fb]
V  [jvm.dll+0x5ec348]
V  [jvm.dll+0x5ecad8]
C  [ntdll.dll+0xa20cf]
C  [ntdll.dll+0x51454]
C  [ntdll.dll+0xa0bfe]
C  0x00000177d6bf0f2d

VM_Operation (0x0000004b4d2fdf40): G1CollectForAllocation, mode: safepoint, requested by thread 0x00000177f081c000


---------------  P R O C E S S  ---------------

Threads class SMR info:
_java_thread_list=0x00000177f10b0f70, length=52, elements={
0x00000177d18fa000, 0x00000177ed3d8000, 0x00000177ed3e4000, 0x00000177ed433800,
0x00000177ed437800, 0x00000177ed43b000, 0x00000177ed43d000, 0x00000177ed444000,
0x00000177ed449800, 0x00000177edeb1800, 0x00000177f04fe000, 0x00000177ee9f3800,
0x00000177efbc5000, 0x00000177ef8c6000, 0x00000177ef8c2000, 0x00000177ef8c7000,
0x00000177ef8c7800, 0x00000177ef8c3800, 0x00000177f0f61000, 0x00000177f0f5c800,
0x00000177f0f5b800, 0x00000177f0f5d000, 0x00000177f0f63000, 0x00000177f0f66000,
0x00000177f0f67000, 0x00000177ef8c4800, 0x00000177f1c11800, 0x00000177f0813000,
0x00000177f080f000, 0x00000177f0813800, 0x00000177f0814800, 0x00000177f0815800,
0x00000177f080f800, 0x00000177f0816000, 0x00000177f0810800, 0x00000177f0818000,
0x00000177f081b000, 0x00000177f0819800, 0x00000177f081a800, 0x00000177f081c000,
0x00000177f081c800, 0x00000177f0817000, 0x00000177f081d800, 0x00000177f0818800,
0x00000177f1c12000, 0x00000177f1c0f800, 0x00000177f1c13000, 0x00000177f1c0d000,
0x00000177f1c13800, 0x00000177f1c14800, 0x00000177f1c15800, 0x00000177f1c16000
}

Java Threads: ( => current thread )
  0x00000177d18fa000 JavaThread "main" [_thread_blocked, id=7452, stack(0x0000004b4ac00000,0x0000004b4ad00000)]
  0x00000177ed3d8000 JavaThread "Reference Handler" daemon [_thread_blocked, id=6616, stack(0x0000004b4b300000,0x0000004b4b400000)]
  0x00000177ed3e4000 JavaThread "Finalizer" daemon [_thread_blocked, id=11032, stack(0x0000004b4b400000,0x0000004b4b500000)]
  0x00000177ed433800 JavaThread "Signal Dispatcher" daemon [_thread_blocked, id=11216, stack(0x0000004b4b500000,0x0000004b4b600000)]
  0x00000177ed437800 JavaThread "Attach Listener" daemon [_thread_blocked, id=9896, stack(0x0000004b4b600000,0x0000004b4b700000)]
  0x00000177ed43b000 JavaThread "Service Thread" daemon [_thread_blocked, id=6508, stack(0x0000004b4b700000,0x0000004b4b800000)]
  0x00000177ed43d000 JavaThread "C2 CompilerThread0" daemon [_thread_blocked, id=2724, stack(0x0000004b4b800000,0x0000004b4b900000)]
  0x00000177ed444000 JavaThread "C1 CompilerThread0" daemon [_thread_blocked, id=8376, stack(0x0000004b4b900000,0x0000004b4ba00000)]
  0x00000177ed449800 JavaThread "Sweeper thread" daemon [_thread_blocked, id=4012, stack(0x0000004b4ba00000,0x0000004b4bb00000)]
  0x00000177edeb1800 JavaThread "Common-Cleaner" daemon [_thread_blocked, id=6368, stack(0x0000004b4bb00000,0x0000004b4bc00000)]
  0x00000177f04fe000 JavaThread "Daemon health stats" [_thread_blocked, id=11236, stack(0x0000004b4bf00000,0x0000004b4c000000)]
  0x00000177ee9f3800 JavaThread "Incoming local TCP Connector on port 59947" [_thread_in_native, id=8380, stack(0x0000004b4be00000,0x0000004b4bf00000)]
  0x00000177efbc5000 JavaThread "Daemon periodic checks" [_thread_blocked, id=1032, stack(0x0000004b4c000000,0x0000004b4c100000)]
  0x00000177ef8c6000 JavaThread "Cache worker for file hash cache (C:\Users\michi\.gradle\caches\7.0.2\fileHashes)" [_thread_blocked, id=8708, stack(0x0000004b4ca00000,0x0000004b4cb00000)]
  0x00000177ef8c2000 JavaThread "File lock request listener" [_thread_in_native, id=1908, stack(0x0000004b4cb00000,0x0000004b4cc00000)]
  0x00000177ef8c7000 JavaThread "Cache worker for journal cache (C:\Users\michi\.gradle\caches\journal-1)" [_thread_blocked, id=5360, stack(0x0000004b4cc00000,0x0000004b4cd00000)]
  0x00000177ef8c7800 JavaThread "File watcher server" daemon [_thread_blocked, id=3128, stack(0x0000004b4cd00000,0x0000004b4ce00000)]
  0x00000177ef8c3800 JavaThread "File watcher consumer" daemon [_thread_blocked, id=6012, stack(0x0000004b4cf00000,0x0000004b4d000000)]
  0x00000177f0f61000 JavaThread "Cache worker for execution history cache (C:\Users\michi\.gradle\caches\7.0.2\executionHistory)" [_thread_blocked, id=6176, stack(0x0000004b4d400000,0x0000004b4d500000)]
  0x00000177f0f5c800 JavaThread "jar transforms" [_thread_blocked, id=10236, stack(0x0000004b4d300000,0x0000004b4d400000)]
  0x00000177f0f5b800 JavaThread "jar transforms Thread 2" [_thread_blocked, id=2468, stack(0x0000004b4d600000,0x0000004b4d700000)]
  0x00000177f0f5d000 JavaThread "Cache worker for file content cache (C:\Users\michi\.gradle\caches\7.0.2\fileContent)" [_thread_blocked, id=7492, stack(0x0000004b4d700000,0x0000004b4d800000)]
  0x00000177f0f63000 JavaThread "jar transforms Thread 3" [_thread_blocked, id=3692, stack(0x0000004b4d900000,0x0000004b4da00000)]
  0x00000177f0f66000 JavaThread "jar transforms Thread 4" [_thread_blocked, id=8160, stack(0x0000004b4de00000,0x0000004b4df00000)]
  0x00000177f0f67000 JavaThread "Memory manager" [_thread_blocked, id=8428, stack(0x0000004b4df00000,0x0000004b4e000000)]
  0x00000177ef8c4800 JavaThread "Cache worker for Java compile cache (C:\Users\michi\.gradle\caches\7.0.2\javaCompile)" [_thread_blocked, id=1464, stack(0x0000004b4e700000,0x0000004b4e800000)]
  0x00000177f1c11800 JavaThread "ForkJoinPool.commonPool-worker-5" daemon [_thread_blocked, id=1436, stack(0x0000004b4ec00000,0x0000004b4ed00000)]
  0x00000177f0813000 JavaThread "Daemon Thread 2" [_thread_blocked, id=6788, stack(0x0000004b4a900000,0x0000004b4aa00000)]
  0x00000177f080f000 JavaThread "Handler for socket connection from /127.0.0.1:59947 to /127.0.0.1:60002" [_thread_in_native, id=10436, stack(0x0000004b4aa00000,0x0000004b4ab00000)]
  0x00000177f0813800 JavaThread "Cancel handler" [_thread_blocked, id=8908, stack(0x0000004b4ab00000,0x0000004b4ac00000)]
  0x00000177f0814800 JavaThread "Daemon worker Thread 2" [_thread_blocked, id=2356, stack(0x0000004b4c300000,0x0000004b4c400000)]
  0x00000177f0815800 JavaThread "Asynchronous log dispatcher for DefaultDaemonConnection: socket connection from /127.0.0.1:59947 to /127.0.0.1:60002" [_thread_blocked, id=1328, stack(0x0000004b4c400000,0x0000004b4c500000)]
  0x00000177f080f800 JavaThread "Stdin handler" [_thread_blocked, id=260, stack(0x0000004b4c500000,0x0000004b4c600000)]
  0x00000177f0816000 JavaThread "Daemon client event forwarder" [_thread_blocked, id=8960, stack(0x0000004b4c600000,0x0000004b4c700000)]
  0x00000177f0810800 JavaThread "Cache worker for file hash cache (C:\Users\michi\AndroidStudioProjects\TukangTech\.gradle\7.0.2\fileHashes)" [_thread_blocked, id=6188, stack(0x0000004b4c700000,0x0000004b4c800000)]
  0x00000177f0818000 JavaThread "Cache worker for checksums cache (C:\Users\michi\AndroidStudioProjects\TukangTech\.gradle\checksums)" [_thread_blocked, id=9824, stack(0x0000004b4c800000,0x0000004b4c900000)]
  0x00000177f081b000 JavaThread "Cache worker for cache directory md-supplier (C:\Users\michi\.gradle\caches\7.0.2\md-supplier)" [_thread_blocked, id=1964, stack(0x0000004b4c900000,0x0000004b4ca00000)]
  0x00000177f0819800 JavaThread "Cache worker for cache directory md-rule (C:\Users\michi\.gradle\caches\7.0.2\md-rule)" [_thread_blocked, id=7804, stack(0x0000004b4ce00000,0x0000004b4cf00000)]
  0x00000177f081a800 JavaThread "Cache worker for dependencies-accessors (C:\Users\michi\AndroidStudioProjects\TukangTech\.gradle\7.0.2\dependencies-accessors)" [_thread_blocked, id=11204, stack(0x0000004b4d100000,0x0000004b4d200000)]
  0x00000177f081c000 JavaThread "Cache worker for Build Output Cleanup Cache (C:\Users\michi\AndroidStudioProjects\TukangTech\.gradle\buildOutputCleanup)" [_thread_blocked, id=8296, stack(0x0000004b4d200000,0x0000004b4d300000)]
  0x00000177f081c800 JavaThread "Build operations" [_thread_blocked, id=8972, stack(0x0000004b4d000000,0x0000004b4d100000)]
  0x00000177f0817000 JavaThread "Build operations Thread 2" [_thread_blocked, id=8904, stack(0x0000004b4d500000,0x0000004b4d600000)]
  0x00000177f081d800 JavaThread "Build operations Thread 3" [_thread_blocked, id=3492, stack(0x0000004b4d800000,0x0000004b4d900000)]
  0x00000177f0818800 JavaThread "Build operations Thread 4" [_thread_blocked, id=7348, stack(0x0000004b4da00000,0x0000004b4db00000)]
  0x00000177f1c12000 JavaThread "build event listener" [_thread_blocked, id=7440, stack(0x0000004b4dc00000,0x0000004b4dd00000)]
  0x00000177f1c0f800 JavaThread "Execution worker for ':'" [_thread_blocked, id=8388, stack(0x0000004b4dd00000,0x0000004b4de00000)]
  0x00000177f1c13000 JavaThread "Execution worker for ':' Thread 2" [_thread_blocked, id=9632, stack(0x0000004b4e000000,0x0000004b4e100000)]
  0x00000177f1c0d000 JavaThread "Execution worker for ':' Thread 3" [_thread_blocked, id=9728, stack(0x0000004b4e100000,0x0000004b4e200000)]
  0x00000177f1c13800 JavaThread "Cache worker for execution history cache (C:\Users\michi\AndroidStudioProjects\TukangTech\.gradle\7.0.2\executionHistory)" [_thread_blocked, id=10192, stack(0x0000004b4e200000,0x0000004b4e300000)]
  0x00000177f1c14800 JavaThread "WorkerExecutor Queue" [_thread_blocked, id=9008, stack(0x0000004b4e300000,0x0000004b4e400000)]
  0x00000177f1c15800 JavaThread "WorkerExecutor Queue Thread 2" [_thread_blocked, id=6828, stack(0x0000004b4e400000,0x0000004b4e500000)]
  0x00000177f1c16000 JavaThread "WorkerExecutor Queue Thread 3" [_thread_blocked, id=2764, stack(0x0000004b4e500000,0x0000004b4e600000)]

Other Threads:
=>0x00000177ed3d1000 VMThread "VM Thread" [stack: 0x0000004b4b200000,0x0000004b4b300000] [id=1772]
  0x00000177eded9000 WatcherThread [stack: 0x0000004b4bc00000,0x0000004b4bd00000] [id=4224]
  0x00000177d1911800 GCTaskThread "GC Thread#0" [stack: 0x0000004b4ad00000,0x0000004b4ae00000] [id=1224]
  0x00000177ee2dd800 GCTaskThread "GC Thread#1" [stack: 0x0000004b4bd00000,0x0000004b4be00000] [id=9516]
  0x00000177f08c6000 GCTaskThread "GC Thread#2" [stack: 0x0000004b4c100000,0x0000004b4c200000] [id=10448]
  0x00000177f0106000 GCTaskThread "GC Thread#3" [stack: 0x0000004b4c200000,0x0000004b4c300000] [id=9160]
  0x00000177d1947800 ConcurrentGCThread "G1 Main Marker" [stack: 0x0000004b4ae00000,0x0000004b4af00000] [id=11004]
  0x00000177d1948800 ConcurrentGCThread "G1 Conc#0" [stack: 0x0000004b4af00000,0x0000004b4b000000] [id=6632]
  0x00000177d19a1800 ConcurrentGCThread "G1 Refine#0" [stack: 0x0000004b4b000000,0x0000004b4b100000] [id=9452]
  0x00000177d19a2800 ConcurrentGCThread "G1 Young RemSet Sampling" [stack: 0x0000004b4b100000,0x0000004b4b200000] [id=8716]

Threads with active compile tasks:
C2 CompilerThread03111250 20786   !   4       com.google.common.base.Suppliers$NonSerializableMemoizingSupplier::get (62 bytes)

VM state:at safepoint (normal execution)

VM Mutex/Monitor currently owned by a thread:  ([mutex/lock_event])
[0x00000177d18f82b0] Threads_lock - owner thread: 0x00000177ed3d1000
[0x00000177d18f70b0] Heap_lock - owner thread: 0x00000177f081c000

Heap address: 0x0000000080000000, size: 2048 MB, Compressed Oops mode: 32-bit
Narrow klass base: 0x0000000000000000, Narrow klass shift: 3
Compressed class space size: 1073741824 Address: 0x0000000100000000

Heap:
 garbage-first heap   total 313344K, used 110832K [0x0000000080000000, 0x0000000100000000)
  region size 1024K, 2 young (2048K), 2 survivors (2048K)
 Metaspace       used 119484K, capacity 122286K, committed 123264K, reserved 1157120K
  class space    used 15035K, capacity 16150K, committed 16512K, reserved 1048576K
Heap Regions: E=young(eden), S=young(survivor), O=old, HS=humongous(starts), HC=humongous(continues), CS=collection set, F=free, A=archive, TAMS=top-at-mark-start (previous, next)
|   0|0x0000000080000000, 0x0000000080100000, 0x0000000080100000|100%| O|  |TAMS 0x0000000080100000, 0x0000000080000000| Untracked 
|   1|0x0000000080100000, 0x0000000080200000, 0x0000000080200000|100%| O|  |TAMS 0x0000000080200000, 0x0000000080100000| Untracked 
|   2|0x0000000080200000, 0x0000000080300000, 0x0000000080300000|100%| O|  |TAMS 0x0000000080300000, 0x0000000080200000| Untracked 
|   3|0x0000000080300000, 0x0000000080400000, 0x0000000080400000|100%|HS|  |TAMS 0x0000000080400000, 0x0000000080300000| Complete 
|   4|0x0000000080400000, 0x0000000080500000, 0x0000000080500000|100%|HC|  |TAMS 0x0000000080500000, 0x0000000080400000| Complete 
|   5|0x0000000080500000, 0x0000000080600000, 0x0000000080600000|100%|HC|  |TAMS 0x0000000080600000, 0x0000000080500000| Complete 
|   6|0x0000000080600000, 0x0000000080700000, 0x0000000080700000|100%| O|  |TAMS 0x0000000080700000, 0x0000000080600000| Complete 
|   7|0x0000000080700000, 0x0000000080800000, 0x0000000080800000|100%| O|  |TAMS 0x0000000080800000, 0x0000000080700000| Complete 
|   8|0x0000000080800000, 0x0000000080900000, 0x0000000080900000|100%| O|  |TAMS 0x0000000080900000, 0x0000000080800000| Untracked 
|   9|0x0000000080900000, 0x0000000080a00000, 0x0000000080a00000|100%| O|  |TAMS 0x0000000080a00000, 0x0000000080900000| Untracked 
|  10|0x0000000080a00000, 0x0000000080b00000, 0x0000000080b00000|100%| O|  |TAMS 0x0000000080b00000, 0x0000000080a00000| Complete 
|  11|0x0000000080b00000, 0x0000000080c00000, 0x0000000080c00000|100%| O|  |TAMS 0x0000000080c00000, 0x0000000080b00000| Complete 
|  12|0x0000000080c00000, 0x0000000080d00000, 0x0000000080d00000|100%| O|  |TAMS 0x0000000080d00000, 0x0000000080c00000| Untracked 
|  13|0x0000000080d00000, 0x0000000080e00000, 0x0000000080e00000|100%| O|  |TAMS 0x0000000080e00000, 0x0000000080d00000| Untracked 
|  14|0x0000000080e00000, 0x0000000080f00000, 0x0000000080f00000|100%| O|  |TAMS 0x0000000080f00000, 0x0000000080e00000| Complete 
|  15|0x0000000080f00000, 0x0000000081000000, 0x0000000081000000|100%| O|  |TAMS 0x0000000081000000, 0x0000000080f00000| Complete 
|  16|0x0000000081000000, 0x0000000081100000, 0x0000000081100000|100%| O|  |TAMS 0x0000000081100000, 0x0000000081000000| Complete 
|  17|0x0000000081100000, 0x0000000081200000, 0x0000000081200000|100%| O|  |TAMS 0x0000000081200000, 0x0000000081100000| Complete 
|  18|0x0000000081200000, 0x0000000081300000, 0x0000000081300000|100%| O|  |TAMS 0x0000000081300000, 0x0000000081200000| Complete 
|  19|0x0000000081300000, 0x0000000081400000, 0x0000000081400000|100%| O|  |TAMS 0x0000000081400000, 0x0000000081300000| Complete 
|  20|0x0000000081400000, 0x0000000081500000, 0x0000000081500000|100%| O|  |TAMS 0x0000000081500000, 0x0000000081400000| Untracked 
|  21|0x0000000081500000, 0x0000000081600000, 0x0000000081600000|100%| O|  |TAMS 0x0000000081600000, 0x0000000081500000| Complete 
|  22|0x0000000081600000, 0x0000000081600000, 0x0000000081700000|  0%| F|  |TAMS 0x0000000081600000, 0x0000000081600000| Untracked 
|  23|0x0000000081700000, 0x0000000081800000, 0x0000000081800000|100%| O|  |TAMS 0x0000000081800000, 0x0000000081700000| Complete 
|  24|0x0000000081800000, 0x0000000081900000, 0x0000000081900000|100%| O|  |TAMS 0x0000000081900000, 0x0000000081800000| Complete 
|  25|0x0000000081900000, 0x0000000081a00000, 0x0000000081a00000|100%| O|  |TAMS 0x0000000081a00000, 0x0000000081900000| Untracked 
|  26|0x0000000081a00000, 0x0000000081b00000, 0x0000000081b00000|100%| O|  |TAMS 0x0000000081b00000, 0x0000000081a00000| Complete 
|  27|0x0000000081b00000, 0x0000000081c00000, 0x0000000081c00000|100%| O|  |TAMS 0x0000000081c00000, 0x0000000081b00000| Complete 
|  28|0x0000000081c00000, 0x0000000081d00000, 0x0000000081d00000|100%|HS|  |TAMS 0x0000000081d00000, 0x0000000081c00000| Complete 
|  29|0x0000000081d00000, 0x0000000081e00000, 0x0000000081e00000|100%|HS|  |TAMS 0x0000000081e00000, 0x0000000081d00000| Complete 
|  30|0x0000000081e00000, 0x0000000081f00000, 0x0000000081f00000|100%|HS|  |TAMS 0x0000000081f00000, 0x0000000081e00000| Complete 
|  31|0x0000000081f00000, 0x0000000082000000, 0x0000000082000000|100%|HC|  |TAMS 0x0000000082000000, 0x0000000081f00000| Complete 
|  32|0x0000000082000000, 0x0000000082100000, 0x0000000082100000|100%| O|  |TAMS 0x0000000082100000, 0x0000000082000000| Complete 
|  33|0x0000000082100000, 0x0000000082200000, 0x0000000082200000|100%| O|  |TAMS 0x0000000082200000, 0x0000000082100000| Untracked 
|  34|0x0000000082200000, 0x0000000082300000, 0x0000000082300000|100%| O|  |TAMS 0x0000000082300000, 0x0000000082200000| Untracked 
|  35|0x0000000082300000, 0x0000000082400000, 0x0000000082400000|100%| O|  |TAMS 0x0000000082400000, 0x0000000082300000| Untracked 
|  36|0x0000000082400000, 0x0000000082500000, 0x0000000082500000|100%| O|  |TAMS 0x0000000082500000, 0x0000000082400000| Complete 
|  37|0x0000000082500000, 0x0000000082600000, 0x0000000082600000|100%| O|  |TAMS 0x0000000082600000, 0x0000000082500000| Complete 
|  38|0x0000000082600000, 0x0000000082700000, 0x0000000082700000|100%| O|  |TAMS 0x0000000082700000, 0x0000000082600000| Complete 
|  39|0x0000000082700000, 0x0000000082800000, 0x0000000082800000|100%| O|  |TAMS 0x0000000082800000, 0x0000000082700000| Untracked 
|  40|0x0000000082800000, 0x0000000082900000, 0x0000000082900000|100%| O|  |TAMS 0x0000000082900000, 0x0000000082800000| Untracked 
|  41|0x0000000082900000, 0x0000000082a00000, 0x0000000082a00000|100%| O|  |TAMS 0x0000000082a00000, 0x0000000082900000| Untracked 
|  42|0x0000000082a00000, 0x0000000082b00000, 0x0000000082b00000|100%| O|  |TAMS 0x0000000082b00000, 0x0000000082a00000| Untracked 
|  43|0x0000000082b00000, 0x0000000082c00000, 0x0000000082c00000|100%| O|  |TAMS 0x0000000082c00000, 0x0000000082b00000| Complete 
|  44|0x0000000082c00000, 0x0000000082d00000, 0x0000000082d00000|100%| O|  |TAMS 0x0000000082d00000, 0x0000000082c00000| Untracked 
|  45|0x0000000082d00000, 0x0000000082e00000, 0x0000000082e00000|100%| O|  |TAMS 0x0000000082e00000, 0x0000000082d00000| Complete 
|  46|0x0000000082e00000, 0x0000000082f00000, 0x0000000082f00000|100%| O|  |TAMS 0x0000000082f00000, 0x0000000082e00000| Untracked 
|  47|0x0000000082f00000, 0x0000000083000000, 0x0000000083000000|100%| O|  |TAMS 0x0000000083000000, 0x0000000082f00000| Untracked 
|  48|0x0000000083000000, 0x0000000083100000, 0x0000000083100000|100%| O|  |TAMS 0x0000000083100000, 0x0000000083000000| Complete 
|  49|0x0000000083100000, 0x0000000083200000, 0x0000000083200000|100%| O|  |TAMS 0x0000000083200000, 0x0000000083100000| Untracked 
|  50|0x0000000083200000, 0x0000000083300000, 0x0000000083300000|100%| O|  |TAMS 0x0000000083300000, 0x0000000083200000| Complete 
|  51|0x0000000083300000, 0x0000000083400000, 0x0000000083400000|100%| O|  |TAMS 0x0000000083400000, 0x0000000083300000| Untracked 
|  52|0x0000000083400000, 0x0000000083500000, 0x0000000083500000|100%| O|  |TAMS 0x0000000083500000, 0x0000000083400000| Untracked 
|  53|0x0000000083500000, 0x0000000083600000, 0x0000000083600000|100%| O|  |TAMS 0x0000000083600000, 0x0000000083500000| Untracked 
|  54|0x0000000083600000, 0x0000000083700000, 0x0000000083700000|100%| O|  |TAMS 0x0000000083700000, 0x0000000083600000| Untracked 
|  55|0x0000000083700000, 0x0000000083800000, 0x0000000083800000|100%| O|  |TAMS 0x0000000083800000, 0x0000000083700000| Untracked 
|  56|0x0000000083800000, 0x0000000083900000, 0x0000000083900000|100%| O|  |TAMS 0x0000000083900000, 0x0000000083800000| Untracked 
|  57|0x0000000083900000, 0x0000000083a00000, 0x0000000083a00000|100%| O|  |TAMS 0x0000000083a00000, 0x0000000083900000| Untracked 
|  58|0x0000000083a00000, 0x0000000083b00000, 0x0000000083b00000|100%| O|  |TAMS 0x0000000083b00000, 0x0000000083a00000| Untracked 
|  59|0x0000000083b00000, 0x0000000083c00000, 0x0000000083c00000|100%| O|  |TAMS 0x0000000083c00000, 0x0000000083b00000| Untracked 
|  60|0x0000000083c00000, 0x0000000083d00000, 0x0000000083d00000|100%| O|  |TAMS 0x0000000083d00000, 0x0000000083c00000| Complete 
|  61|0x0000000083d00000, 0x0000000083e00000, 0x0000000083e00000|100%| O|  |TAMS 0x0000000083e00000, 0x0000000083d00000| Complete 
|  62|0x0000000083e00000, 0x0000000083f00000, 0x0000000083f00000|100%| O|  |TAMS 0x0000000083f00000, 0x0000000083e00000| Untracked 
|  63|0x0000000083f00000, 0x0000000084000000, 0x0000000084000000|100%| O|  |TAMS 0x0000000084000000, 0x0000000083f00000| Untracked 
|  64|0x0000000084000000, 0x0000000084100000, 0x0000000084100000|100%| O|  |TAMS 0x0000000084100000, 0x0000000084000000| Complete 
|  65|0x0000000084100000, 0x0000000084200000, 0x0000000084200000|100%| O|  |TAMS 0x0000000084200000, 0x0000000084100000| Untracked 
|  66|0x0000000084200000, 0x0000000084300000, 0x0000000084300000|100%| O|  |TAMS 0x0000000084300000, 0x0000000084200000| Complete 
|  67|0x0000000084300000, 0x0000000084400000, 0x0000000084400000|100%| O|  |TAMS 0x0000000084400000, 0x0000000084300000| Untracked 
|  68|0x0000000084400000, 0x0000000084500000, 0x0000000084500000|100%| O|  |TAMS 0x0000000084500000, 0x0000000084400000| Untracked 
|  69|0x0000000084500000, 0x0000000084600000, 0x0000000084600000|100%| O|  |TAMS 0x0000000084600000, 0x0000000084500000| Complete 
|  70|0x0000000084600000, 0x0000000084700000, 0x0000000084700000|100%| O|  |TAMS 0x0000000084700000, 0x0000000084600000| Untracked 
|  71|0x0000000084700000, 0x0000000084800000, 0x0000000084800000|100%| O|  |TAMS 0x0000000084800000, 0x0000000084700000| Complete 
|  72|0x0000000084800000, 0x0000000084900000, 0x0000000084900000|100%| O|  |TAMS 0x0000000084900000, 0x0000000084800000| Complete 
|  73|0x0000000084900000, 0x0000000084a00000, 0x0000000084a00000|100%| O|  |TAMS 0x0000000084a00000, 0x0000000084900000| Complete 
|  74|0x0000000084a00000, 0x0000000084b00000, 0x0000000084b00000|100%| O|  |TAMS 0x0000000084b00000, 0x0000000084a00000| Untracked 
|  75|0x0000000084b00000, 0x0000000084c00000, 0x0000000084c00000|100%| O|  |TAMS 0x0000000084c00000, 0x0000000084b00000| Untracked 
|  76|0x0000000084c00000, 0x0000000084d00000, 0x0000000084d00000|100%| O|  |TAMS 0x0000000084d00000, 0x0000000084c00000| Untracked 
|  77|0x0000000084d00000, 0x0000000084e00000, 0x0000000084e00000|100%| O|  |TAMS 0x0000000084e00000, 0x0000000084d00000| Untracked 
|  78|0x0000000084e00000, 0x0000000084e00000, 0x0000000084f00000|  0%| F|  |TAMS 0x0000000084e00000, 0x0000000084e00000| Untracked 
|  79|0x0000000084f00000, 0x0000000085000000, 0x0000000085000000|100%| O|  |TAMS 0x0000000085000000, 0x0000000084f00000| Untracked 
|  80|0x0000000085000000, 0x0000000085100000, 0x0000000085100000|100%| O|  |TAMS 0x0000000085100000, 0x0000000085000000| Untracked 
|  81|0x0000000085100000, 0x0000000085200000, 0x0000000085200000|100%| O|  |TAMS 0x0000000085200000, 0x0000000085100000| Untracked 
|  82|0x0000000085200000, 0x0000000085300000, 0x0000000085300000|100%| O|  |TAMS 0x0000000085300000, 0x0000000085200000| Untracked 
|  83|0x0000000085300000, 0x0000000085400000, 0x0000000085400000|100%| O|  |TAMS 0x0000000085400000, 0x0000000085300000| Untracked 
|  84|0x0000000085400000, 0x0000000085500000, 0x0000000085500000|100%| O|  |TAMS 0x0000000085500000, 0x0000000085400000| Untracked 
|  85|0x0000000085500000, 0x0000000085600000, 0x0000000085600000|100%| O|  |TAMS 0x0000000085600000, 0x0000000085500000| Untracked 
|  86|0x0000000085600000, 0x0000000085700000, 0x0000000085700000|100%| O|  |TAMS 0x0000000085700000, 0x0000000085600000| Untracked 
|  87|0x0000000085700000, 0x0000000085700000, 0x0000000085800000|  0%| F|  |TAMS 0x0000000085700000, 0x0000000085700000| Untracked 
|  88|0x0000000085800000, 0x0000000085900000, 0x0000000085900000|100%| O|  |TAMS 0x0000000085900000, 0x0000000085800000| Complete 
|  89|0x0000000085900000, 0x0000000085a00000, 0x0000000085a00000|100%| O|  |TAMS 0x0000000085a00000, 0x0000000085900000| Untracked 
|  90|0x0000000085a00000, 0x0000000085b00000, 0x0000000085b00000|100%| O|  |TAMS 0x0000000085b00000, 0x0000000085a00000| Untracked 
|  91|0x0000000085b00000, 0x0000000085b00000, 0x0000000085c00000|  0%| F|  |TAMS 0x0000000085b00000, 0x0000000085b00000| Untracked 
|  92|0x0000000085c00000, 0x0000000085c00000, 0x0000000085d00000|  0%| F|  |TAMS 0x0000000085c00000, 0x0000000085c00000| Untracked 
|  93|0x0000000085d00000, 0x0000000085e00000, 0x0000000085e00000|100%| O|  |TAMS 0x0000000085e00000, 0x0000000085d00000| Complete 
|  94|0x0000000085e00000, 0x0000000085f00000, 0x0000000085f00000|100%| O|  |TAMS 0x0000000085f00000, 0x0000000085e00000| Untracked 
|  95|0x0000000085f00000, 0x0000000086000000, 0x0000000086000000|100%| O|  |TAMS 0x0000000086000000, 0x0000000085f00000| Untracked 
|  96|0x0000000086000000, 0x0000000086100000, 0x0000000086100000|100%| O|  |TAMS 0x0000000086100000, 0x0000000086000000| Untracked 
|  97|0x0000000086100000, 0x0000000086200000, 0x0000000086200000|100%| O|  |TAMS 0x0000000086200000, 0x0000000086100000| Untracked 
|  98|0x0000000086200000, 0x0000000086300000, 0x0000000086300000|100%| O|  |TAMS 0x0000000086300000, 0x0000000086200000| Untracked 
|  99|0x0000000086300000, 0x0000000086300000, 0x0000000086400000|  0%| F|  |TAMS 0x0000000086300000, 0x0000000086300000| Untracked 
| 100|0x0000000086400000, 0x0000000086500000, 0x0000000086500000|100%| O|  |TAMS 0x0000000086500000, 0x0000000086400000| Untracked 
| 101|0x0000000086500000, 0x0000000086600000, 0x0000000086600000|100%| O|  |TAMS 0x0000000086600000, 0x0000000086500000| Complete 
| 102|0x0000000086600000, 0x0000000086700000, 0x0000000086700000|100%| O|  |TAMS 0x00000000866f6e00, 0x0000000086600000| Untracked 
| 103|0x0000000086700000, 0x0000000086800000, 0x0000000086800000|100%| O|  |TAMS 0x0000000086800000, 0x0000000086700000| Complete 
| 104|0x0000000086800000, 0x0000000086900000, 0x0000000086900000|100%| O|  |TAMS 0x0000000086800000, 0x0000000086800000| Untracked 
| 105|0x0000000086900000, 0x0000000086a00000, 0x0000000086a00000|100%| O|  |TAMS 0x0000000086a00000, 0x0000000086900000| Complete 
| 106|0x0000000086a00000, 0x0000000086b00000, 0x0000000086b00000|100%| O|  |TAMS 0x0000000086b00000, 0x0000000086a00000| Complete 
| 107|0x0000000086b00000, 0x0000000086c00000, 0x0000000086c00000|100%| O|  |TAMS 0x0000000086c00000, 0x0000000086b00000| Complete 
| 108|0x0000000086c00000, 0x0000000086d00000, 0x0000000086d00000|100%| O|  |TAMS 0x0000000086c00000, 0x0000000086c00000| Untracked 
| 109|0x0000000086d00000, 0x0000000086e00000, 0x0000000086e00000|100%| O|  |TAMS 0x0000000086e00000, 0x0000000086d00000| Complete 
| 110|0x0000000086e00000, 0x0000000086f00000, 0x0000000086f00000|100%| O|  |TAMS 0x0000000086e00000, 0x0000000086e00000| Untracked 
| 111|0x0000000086f00000, 0x0000000086fecc00, 0x0000000087000000| 92%| O|  |TAMS 0x0000000086f00000, 0x0000000086f00000| Untracked 
| 112|0x0000000087000000, 0x0000000087000000, 0x0000000087100000|  0%| F|  |TAMS 0x0000000087000000, 0x0000000087000000| Untracked 
| 113|0x0000000087100000, 0x0000000087100000, 0x0000000087200000|  0%| F|  |TAMS 0x0000000087100000, 0x0000000087100000| Untracked 
| 114|0x0000000087200000, 0x0000000087200000, 0x0000000087300000|  0%| F|  |TAMS 0x0000000087200000, 0x0000000087200000| Untracked 
| 115|0x0000000087300000, 0x0000000087300000, 0x0000000087400000|  0%| F|  |TAMS 0x0000000087300000, 0x0000000087300000| Untracked 
| 116|0x0000000087400000, 0x0000000087400000, 0x0000000087500000|  0%| F|  |TAMS 0x0000000087400000, 0x0000000087400000| Untracked 
| 117|0x0000000087500000, 0x0000000087500000, 0x0000000087600000|  0%| F|  |TAMS 0x0000000087500000, 0x0000000087500000| Untracked 
| 118|0x0000000087600000, 0x0000000087600000, 0x0000000087700000|  0%| F|  |TAMS 0x0000000087600000, 0x0000000087600000| Untracked 
| 119|0x0000000087700000, 0x0000000087700000, 0x0000000087800000|  0%| F|  |TAMS 0x0000000087700000, 0x0000000087700000| Untracked 
| 120|0x0000000087800000, 0x0000000087800000, 0x0000000087900000|  0%| F|  |TAMS 0x0000000087800000, 0x0000000087800000| Untracked 
| 121|0x0000000087900000, 0x0000000087900000, 0x0000000087a00000|  0%| F|  |TAMS 0x0000000087900000, 0x0000000087900000| Untracked 
| 122|0x0000000087a00000, 0x0000000087a00000, 0x0000000087b00000|  0%| F|  |TAMS 0x0000000087a00000, 0x0000000087a00000| Untracked 
| 123|0x0000000087b00000, 0x0000000087b00000, 0x0000000087c00000|  0%| F|  |TAMS 0x0000000087b00000, 0x0000000087b00000| Untracked 
| 124|0x0000000087c00000, 0x0000000087c00000, 0x0000000087d00000|  0%| F|  |TAMS 0x0000000087c00000, 0x0000000087c00000| Untracked 
| 125|0x0000000087d00000, 0x0000000087d00000, 0x0000000087e00000|  0%| F|  |TAMS 0x0000000087d00000, 0x0000000087d00000| Untracked 
| 126|0x0000000087e00000, 0x0000000087f00000, 0x0000000087f00000|100%| O|  |TAMS 0x0000000087e00000, 0x0000000087e00000| Untracked 
| 127|0x0000000087f00000, 0x0000000087f00000, 0x0000000088000000|  0%| F|  |TAMS 0x0000000087f00000, 0x0000000087f00000| Untracked 
| 128|0x0000000088000000, 0x0000000088000000, 0x0000000088100000|  0%| F|  |TAMS 0x0000000088000000, 0x0000000088000000| Untracked 
| 129|0x0000000088100000, 0x0000000088100000, 0x0000000088200000|  0%| F|  |TAMS 0x0000000088100000, 0x0000000088100000| Untracked 
| 130|0x0000000088200000, 0x0000000088200000, 0x0000000088300000|  0%| F|  |TAMS 0x0000000088200000, 0x0000000088200000| Untracked 
| 131|0x0000000088300000, 0x0000000088300000, 0x0000000088400000|  0%| F|  |TAMS 0x0000000088300000, 0x0000000088300000| Untracked 
| 132|0x0000000088400000, 0x0000000088400000, 0x0000000088500000|  0%| F|  |TAMS 0x0000000088400000, 0x0000000088400000| Untracked 
| 133|0x0000000088500000, 0x0000000088500000, 0x0000000088600000|  0%| F|  |TAMS 0x0000000088500000, 0x0000000088500000| Untracked 
| 134|0x0000000088600000, 0x0000000088600000, 0x0000000088700000|  0%| F|  |TAMS 0x0000000088600000, 0x0000000088600000| Untracked 
| 135|0x0000000088700000, 0x0000000088700000, 0x0000000088800000|  0%| F|  |TAMS 0x0000000088700000, 0x0000000088700000| Untracked 
| 136|0x0000000088800000, 0x0000000088800000, 0x0000000088900000|  0%| F|  |TAMS 0x0000000088800000, 0x0000000088800000| Untracked 
| 137|0x0000000088900000, 0x0000000088900000, 0x0000000088a00000|  0%| F|  |TAMS 0x0000000088900000, 0x0000000088900000| Untracked 
| 138|0x0000000088a00000, 0x0000000088a00000, 0x0000000088b00000|  0%| F|  |TAMS 0x0000000088a00000, 0x0000000088a00000| Untracked 
| 139|0x0000000088b00000, 0x0000000088b00000, 0x0000000088c00000|  0%| F|  |TAMS 0x0000000088b00000, 0x0000000088b00000| Untracked 
| 140|0x0000000088c00000, 0x0000000088c00000, 0x0000000088d00000|  0%| F|  |TAMS 0x0000000088c00000, 0x0000000088c00000| Untracked 
| 141|0x0000000088d00000, 0x0000000088d00000, 0x0000000088e00000|  0%| F|  |TAMS 0x0000000088d00000, 0x0000000088d00000| Untracked 
| 142|0x0000000088e00000, 0x0000000088e00000, 0x0000000088f00000|  0%| F|  |TAMS 0x0000000088e00000, 0x0000000088e00000| Untracked 
| 143|0x0000000088f00000, 0x0000000088f00000, 0x0000000089000000|  0%| F|  |TAMS 0x0000000088f00000, 0x0000000088f00000| Untracked 
| 144|0x0000000089000000, 0x0000000089000000, 0x0000000089100000|  0%| F|  |TAMS 0x0000000089000000, 0x0000000089000000| Untracked 
| 145|0x0000000089100000, 0x0000000089100000, 0x0000000089200000|  0%| F|  |TAMS 0x0000000089100000, 0x0000000089100000| Untracked 
| 146|0x0000000089200000, 0x0000000089200000, 0x0000000089300000|  0%| F|  |TAMS 0x0000000089200000, 0x0000000089200000| Untracked 
| 147|0x0000000089300000, 0x0000000089300000, 0x0000000089400000|  0%| F|  |TAMS 0x0000000089300000, 0x0000000089300000| Untracked 
| 148|0x0000000089400000, 0x0000000089400000, 0x0000000089500000|  0%| F|  |TAMS 0x0000000089400000, 0x0000000089400000| Untracked 
| 149|0x0000000089500000, 0x0000000089500000, 0x0000000089600000|  0%| F|  |TAMS 0x0000000089500000, 0x0000000089500000| Untracked 
| 150|0x0000000089600000, 0x0000000089600000, 0x0000000089700000|  0%| F|  |TAMS 0x0000000089600000, 0x0000000089600000| Untracked 
| 151|0x0000000089700000, 0x0000000089700000, 0x0000000089800000|  0%| F|  |TAMS 0x0000000089700000, 0x0000000089700000| Untracked 
| 152|0x0000000089800000, 0x0000000089800000, 0x0000000089900000|  0%| F|  |TAMS 0x0000000089800000, 0x0000000089800000| Untracked 
| 153|0x0000000089900000, 0x0000000089900000, 0x0000000089a00000|  0%| F|  |TAMS 0x0000000089900000, 0x0000000089900000| Untracked 
| 154|0x0000000089a00000, 0x0000000089a00000, 0x0000000089b00000|  0%| F|  |TAMS 0x0000000089a00000, 0x0000000089a00000| Untracked 
| 155|0x0000000089b00000, 0x0000000089b00000, 0x0000000089c00000|  0%| F|  |TAMS 0x0000000089b00000, 0x0000000089b00000| Untracked 
| 156|0x0000000089c00000, 0x0000000089c00000, 0x0000000089d00000|  0%| F|  |TAMS 0x0000000089c00000, 0x0000000089c00000| Untracked 
| 157|0x0000000089d00000, 0x0000000089d00000, 0x0000000089e00000|  0%| F|  |TAMS 0x0000000089d00000, 0x0000000089d00000| Untracked 
| 158|0x0000000089e00000, 0x0000000089e00000, 0x0000000089f00000|  0%| F|  |TAMS 0x0000000089e00000, 0x0000000089e00000| Untracked 
| 159|0x0000000089f00000, 0x0000000089f00000, 0x000000008a000000|  0%| F|  |TAMS 0x0000000089f00000, 0x0000000089f00000| Untracked 
| 160|0x000000008a000000, 0x000000008a000000, 0x000000008a100000|  0%| F|  |TAMS 0x000000008a000000, 0x000000008a000000| Untracked 
| 161|0x000000008a100000, 0x000000008a100000, 0x000000008a200000|  0%| F|  |TAMS 0x000000008a100000, 0x000000008a100000| Untracked 
| 162|0x000000008a200000, 0x000000008a200000, 0x000000008a300000|  0%| F|  |TAMS 0x000000008a200000, 0x000000008a200000| Untracked 
| 163|0x000000008a300000, 0x000000008a300000, 0x000000008a400000|  0%| F|  |TAMS 0x000000008a300000, 0x000000008a300000| Untracked 
| 164|0x000000008a400000, 0x000000008a400000, 0x000000008a500000|  0%| F|  |TAMS 0x000000008a400000, 0x000000008a400000| Untracked 
| 165|0x000000008a500000, 0x000000008a500000, 0x000000008a600000|  0%| F|  |TAMS 0x000000008a500000, 0x000000008a500000| Untracked 
| 166|0x000000008a600000, 0x000000008a600000, 0x000000008a700000|  0%| F|  |TAMS 0x000000008a600000, 0x000000008a600000| Untracked 
| 167|0x000000008a700000, 0x000000008a700000, 0x000000008a800000|  0%| F|  |TAMS 0x000000008a700000, 0x000000008a700000| Untracked 
| 168|0x000000008a800000, 0x000000008a800000, 0x000000008a900000|  0%| F|  |TAMS 0x000000008a800000, 0x000000008a800000| Untracked 
| 169|0x000000008a900000, 0x000000008a900000, 0x000000008aa00000|  0%| F|  |TAMS 0x000000008a900000, 0x000000008a900000| Untracked 
| 170|0x000000008aa00000, 0x000000008aa00000, 0x000000008ab00000|  0%| F|  |TAMS 0x000000008aa00000, 0x000000008aa00000| Untracked 
| 171|0x000000008ab00000, 0x000000008ab00000, 0x000000008ac00000|  0%| F|  |TAMS 0x000000008ab00000, 0x000000008ab00000| Untracked 
| 172|0x000000008ac00000, 0x000000008ac00000, 0x000000008ad00000|  0%| F|  |TAMS 0x000000008ac00000, 0x000000008ac00000| Untracked 
| 173|0x000000008ad00000, 0x000000008ad00000, 0x000000008ae00000|  0%| F|  |TAMS 0x000000008ad00000, 0x000000008ad00000| Untracked 
| 174|0x000000008ae00000, 0x000000008ae00000, 0x000000008af00000|  0%| F|  |TAMS 0x000000008ae00000, 0x000000008ae00000| Untracked 
| 175|0x000000008af00000, 0x000000008af00000, 0x000000008b000000|  0%| F|  |TAMS 0x000000008af00000, 0x000000008af00000| Untracked 
| 176|0x000000008b000000, 0x000000008b000000, 0x000000008b100000|  0%| F|  |TAMS 0x000000008b000000, 0x000000008b000000| Untracked 
| 177|0x000000008b100000, 0x000000008b100000, 0x000000008b200000|  0%| F|  |TAMS 0x000000008b100000, 0x000000008b100000| Untracked 
| 178|0x000000008b200000, 0x000000008b200000, 0x000000008b300000|  0%| F|  |TAMS 0x000000008b200000, 0x000000008b200000| Untracked 
| 179|0x000000008b300000, 0x000000008b300000, 0x000000008b400000|  0%| F|  |TAMS 0x000000008b300000, 0x000000008b300000| Untracked 
| 180|0x000000008b400000, 0x000000008b400000, 0x000000008b500000|  0%| F|  |TAMS 0x000000008b400000, 0x000000008b400000| Untracked 
| 181|0x000000008b500000, 0x000000008b500000, 0x000000008b600000|  0%| F|  |TAMS 0x000000008b500000, 0x000000008b500000| Untracked 
| 182|0x000000008b600000, 0x000000008b600000, 0x000000008b700000|  0%| F|  |TAMS 0x000000008b600000, 0x000000008b600000| Untracked 
| 183|0x000000008b700000, 0x000000008b700000, 0x000000008b800000|  0%| F|  |TAMS 0x000000008b700000, 0x000000008b700000| Untracked 
| 184|0x000000008b800000, 0x000000008b800000, 0x000000008b900000|  0%| F|  |TAMS 0x000000008b800000, 0x000000008b800000| Untracked 
| 185|0x000000008b900000, 0x000000008b900000, 0x000000008ba00000|  0%| F|  |TAMS 0x000000008b900000, 0x000000008b900000| Untracked 
| 186|0x000000008ba00000, 0x000000008ba00000, 0x000000008bb00000|  0%| F|  |TAMS 0x000000008ba00000, 0x000000008ba00000| Untracked 
| 187|0x000000008bb00000, 0x000000008bb00000, 0x000000008bc00000|  0%| F|  |TAMS 0x000000008bb00000, 0x000000008bb00000| Untracked 
| 188|0x000000008bc00000, 0x000000008bc00000, 0x000000008bd00000|  0%| F|  |TAMS 0x000000008bc00000, 0x000000008bc00000| Untracked 
| 189|0x000000008bd00000, 0x000000008bd4f6b0, 0x000000008be00000| 31%| S|CS|TAMS 0x000000008bd00000, 0x000000008bd00000| Complete 
| 190|0x000000008be00000, 0x000000008bf00000, 0x000000008bf00000|100%| S|CS|TAMS 0x000000008be00000, 0x000000008be00000| Complete 
| 191|0x000000008bf00000, 0x000000008bf00000, 0x000000008c000000|  0%| F|  |TAMS 0x000000008bf00000, 0x000000008bf00000| Untracked 
| 192|0x000000008c000000, 0x000000008c000000, 0x000000008c100000|  0%| F|  |TAMS 0x000000008c000000, 0x000000008c000000| Untracked 
| 193|0x000000008c100000, 0x000000008c100000, 0x000000008c200000|  0%| F|  |TAMS 0x000000008c100000, 0x000000008c100000| Untracked 
| 194|0x000000008c200000, 0x000000008c200000, 0x000000008c300000|  0%| F|  |TAMS 0x000000008c200000, 0x000000008c200000| Untracked 
| 195|0x000000008c300000, 0x000000008c300000, 0x000000008c400000|  0%| F|  |TAMS 0x000000008c300000, 0x000000008c300000| Untracked 
| 196|0x000000008c400000, 0x000000008c400000, 0x000000008c500000|  0%| F|  |TAMS 0x000000008c400000, 0x000000008c400000| Untracked 
| 197|0x000000008c500000, 0x000000008c500000, 0x000000008c600000|  0%| F|  |TAMS 0x000000008c500000, 0x000000008c500000| Untracked 

Card table byte_map: [0x00000177e6610000,0x00000177e6a10000] _byte_map_base: 0x00000177e6210000

Marking Bits (Prev, Next): (CMBitMap*) 0x00000177d193e7e8, (CMBitMap*) 0x00000177d193e820
 Prev Bits: [0x00000177e6e10000, 0x00000177e8e10000)
 Next Bits: [0x00000177e8e10000, 0x00000177eae10000)

Polling page: 0x00000177d17b0000

Metaspace:

Usage:
  Non-class:    103.65 MB capacity,   102.00 MB ( 98%) used,     1.29 MB (  1%) free+waste,   366.31 KB ( <1%) overhead. 
      Class:     15.77 MB capacity,    14.68 MB ( 93%) used,   956.52 KB (  6%) free+waste,   158.00 KB ( <1%) overhead. 
       Both:    119.42 MB capacity,   116.68 MB ( 98%) used,     2.22 MB (  2%) free+waste,   524.31 KB ( <1%) overhead. 

Virtual space:
  Non-class space:      106.00 MB reserved,     104.25 MB ( 98%) committed 
      Class space:        1.00 GB reserved,      16.13 MB (  2%) committed 
             Both:        1.10 GB reserved,     120.38 MB ( 11%) committed 

Chunk freelists:
   Non-Class:  552.00 KB
       Class:  330.00 KB
        Both:  882.00 KB

MaxMetaspaceSize: 17179869184.00 GB
CompressedClassSpaceSize: 1.00 GB

CodeHeap 'non-profiled nmethods': size=120064Kb used=12407Kb max_used=12650Kb free=107656Kb
 bounds [0x00000177de6b0000, 0x00000177df320000, 0x00000177e5bf0000]
CodeHeap 'profiled nmethods': size=120000Kb used=42030Kb max_used=43898Kb free=77969Kb
 bounds [0x00000177d7180000, 0x00000177d9c70000, 0x00000177de6b0000]
CodeHeap 'non-nmethods': size=5696Kb used=2354Kb max_used=2415Kb free=3342Kb
 bounds [0x00000177d6bf0000, 0x00000177d6e60000, 0x00000177d7180000]
 total_blobs=19868 nmethods=18891 adapters=886
 compilation: enabled
              stopped_count=0, restarted_count=0
 full_count=0

Compilation events (20 events):
Event: 3110.589 Thread 0x00000177ed444000 20783       3       java.io.OutputStreamWriter::write (11 bytes)
Event: 3110.589 Thread 0x00000177ed444000 nmethod 20783 0x00000177d74f7410 code [0x00000177d74f75c0, 0x00000177d74f76e8]
Event: 3110.589 Thread 0x00000177ed444000 20784       3       sun.nio.cs.UnicodeEncoder::put (53 bytes)
Event: 3110.589 Thread 0x00000177ed444000 nmethod 20784 0x00000177d7662790 code [0x00000177d7662980, 0x00000177d7662e18]
Event: 3110.602 Thread 0x00000177ed43d000 nmethod 20768 0x00000177de996590 code [0x00000177de9967a0, 0x00000177de9973a0]
Event: 3110.602 Thread 0x00000177ed43d000 20769       4       java.util.ArrayList::subList (20 bytes)
Event: 3110.604 Thread 0x00000177ed43d000 nmethod 20769 0x00000177de927a10 code [0x00000177de927bc0, 0x00000177de927dd8]
Event: 3110.604 Thread 0x00000177ed43d000 20771       4       java.lang.Character::codePointAt (51 bytes)
Event: 3110.606 Thread 0x00000177ed43d000 nmethod 20771 0x00000177de929890 code [0x00000177de929a40, 0x00000177de929b78]
Event: 3110.612 Thread 0x00000177ed444000 20785       3       org.gradle.internal.operations.BuildOperationDescriptor$Builder::name (7 bytes)
Event: 3110.613 Thread 0x00000177ed444000 nmethod 20785 0x00000177d72cb810 code [0x00000177d72cb9c0, 0x00000177d72cbb18]
Event: 3110.613 Thread 0x00000177ed43d000 20786   !   4       com.google.common.base.Suppliers$NonSerializableMemoizingSupplier::get (62 bytes)
Event: 3110.615 Thread 0x00000177ed444000 20787       3       org.gradle.api.internal.file.DefaultFilePropertyFactory$AbstractFileVar::fileProvider (26 bytes)
Event: 3110.615 Thread 0x00000177ed444000 nmethod 20787 0x00000177d7669390 code [0x00000177d7669580, 0x00000177d76699d8]
Event: 3110.615 Thread 0x00000177ed444000 20788       3       org.gradle.api.internal.file.DefaultFilePropertyFactory$AbstractFileVar$1::<init> (10 bytes)
Event: 3110.615 Thread 0x00000177ed444000 nmethod 20788 0x00000177d7645110 code [0x00000177d76452c0, 0x00000177d7645478]
Event: 3110.618 Thread 0x00000177ed444000 20792       3       org.gradle.api.internal.WithEstimatedSize$Estimates::estimateSizeOf (34 bytes)
Event: 3110.618 Thread 0x00000177ed444000 nmethod 20792 0x00000177d7679010 code [0x00000177d7679220, 0x00000177d76798b8]
Event: 3110.618 Thread 0x00000177ed444000 20793       3       org.gradle.api.internal.WithEstimatedSize$Estimates::isKnownToHaveConstantTimeSizeMethod (33 bytes)
Event: 3110.618 Thread 0x00000177ed444000 nmethod 20793 0x00000177d764c090 code [0x00000177d764c240, 0x00000177d764c478]

GC Heap History (20 events):
Event: 3103.772 GC heap after
{Heap after GC invocations=130 (full 0):
 garbage-first heap   total 202752K, used 88270K [0x0000000080000000, 0x0000000100000000)
  region size 1024K, 2 young (2048K), 2 survivors (2048K)
 Metaspace       used 118852K, capacity 121646K, committed 123008K, reserved 1155072K
  class space    used 14990K, capacity 16077K, committed 16512K, reserved 1048576K
}
Event: 3103.974 GC heap before
{Heap before GC invocations=130 (full 0):
 garbage-first heap   total 202752K, used 98510K [0x0000000080000000, 0x0000000100000000)
  region size 1024K, 12 young (12288K), 2 survivors (2048K)
 Metaspace       used 118937K, capacity 121700K, committed 123008K, reserved 1155072K
  class space    used 14999K, capacity 16092K, committed 16512K, reserved 1048576K
}
Event: 3104.046 GC heap after
{Heap after GC invocations=131 (full 0):
 garbage-first heap   total 202752K, used 90592K [0x0000000080000000, 0x0000000100000000)
  region size 1024K, 2 young (2048K), 2 survivors (2048K)
 Metaspace       used 118937K, capacity 121700K, committed 123008K, reserved 1155072K
  class space    used 14999K, capacity 16092K, committed 16512K, reserved 1048576K
}
Event: 3104.691 GC heap before
{Heap before GC invocations=132 (full 0):
 garbage-first heap   total 202752K, used 100832K [0x0000000080000000, 0x0000000100000000)
  region size 1024K, 12 young (12288K), 2 survivors (2048K)
 Metaspace       used 119050K, capacity 121884K, committed 123008K, reserved 1155072K
  class space    used 15010K, capacity 16108K, committed 16512K, reserved 1048576K
}
Event: 3104.775 GC heap after
{Heap after GC invocations=133 (full 0):
 garbage-first heap   total 202752K, used 92408K [0x0000000080000000, 0x0000000100000000)
  region size 1024K, 2 young (2048K), 2 survivors (2048K)
 Metaspace       used 119050K, capacity 121884K, committed 123008K, reserved 1155072K
  class space    used 15010K, capacity 16108K, committed 16512K, reserved 1048576K
}
Event: 3105.251 GC heap before
{Heap before GC invocations=133 (full 0):
 garbage-first heap   total 202752K, used 99576K [0x0000000080000000, 0x0000000100000000)
  region size 1024K, 9 young (9216K), 2 survivors (2048K)
 Metaspace       used 119168K, capacity 121986K, committed 123008K, reserved 1155072K
  class space    used 15023K, capacity 16129K, committed 16512K, reserved 1048576K
}
Event: 3105.288 GC heap after
{Heap after GC invocations=134 (full 0):
 garbage-first heap   total 202752K, used 87709K [0x0000000080000000, 0x0000000100000000)
  region size 1024K, 1 young (1024K), 1 survivors (1024K)
 Metaspace       used 119168K, capacity 121986K, committed 123008K, reserved 1155072K
  class space    used 15023K, capacity 16129K, committed 16512K, reserved 1048576K
}
Event: 3106.039 GC heap before
{Heap before GC invocations=134 (full 0):
 garbage-first heap   total 202752K, used 95901K [0x0000000080000000, 0x0000000100000000)
  region size 1024K, 9 young (9216K), 1 survivors (1024K)
 Metaspace       used 119175K, capacity 121986K, committed 123008K, reserved 1155072K
  class space    used 15023K, capacity 16129K, committed 16512K, reserved 1048576K
}
Event: 3106.066 GC heap after
{Heap after GC invocations=135 (full 0):
 garbage-first heap   total 202752K, used 87441K [0x0000000080000000, 0x0000000100000000)
  region size 1024K, 2 young (2048K), 2 survivors (2048K)
 Metaspace       used 119175K, capacity 121986K, committed 123008K, reserved 1155072K
  class space    used 15023K, capacity 16129K, committed 16512K, reserved 1048576K
}
Event: 3106.404 GC heap before
{Heap before GC invocations=135 (full 0):
 garbage-first heap   total 202752K, used 93585K [0x0000000080000000, 0x0000000100000000)
  region size 1024K, 9 young (9216K), 2 survivors (2048K)
 Metaspace       used 119191K, capacity 122050K, committed 123264K, reserved 1157120K
  class space    used 15023K, capacity 16129K, committed 16512K, reserved 1048576K
}
Event: 3106.411 GC heap after
{Heap after GC invocations=136 (full 0):
 garbage-first heap   total 202752K, used 88182K [0x0000000080000000, 0x0000000100000000)
  region size 1024K, 2 young (2048K), 2 survivors (2048K)
 Metaspace       used 119191K, capacity 122050K, committed 123264K, reserved 1157120K
  class space    used 15023K, capacity 16129K, committed 16512K, reserved 1048576K
}
Event: 3107.544 GC heap before
{Heap before GC invocations=137 (full 0):
 garbage-first heap   total 202752K, used 109686K [0x0000000080000000, 0x0000000100000000)
  region size 1024K, 21 young (21504K), 2 survivors (2048K)
 Metaspace       used 119196K, capacity 122050K, committed 123264K, reserved 1157120K
  class space    used 15023K, capacity 16129K, committed 16512K, reserved 1048576K
}
Event: 3108.067 GC heap after
{Heap after GC invocations=138 (full 0):
 garbage-first heap   total 202752K, used 103814K [0x0000000080000000, 0x0000000100000000)
  region size 1024K, 3 young (3072K), 3 survivors (3072K)
 Metaspace       used 119196K, capacity 122050K, committed 123264K, reserved 1157120K
  class space    used 15023K, capacity 16129K, committed 16512K, reserved 1048576K
}
Event: 3108.159 GC heap before
{Heap before GC invocations=138 (full 0):
 garbage-first heap   total 202752K, used 109958K [0x0000000080000000, 0x0000000100000000)
  region size 1024K, 9 young (9216K), 3 survivors (3072K)
 Metaspace       used 119203K, capacity 122050K, committed 123264K, reserved 1157120K
  class space    used 15024K, capacity 16129K, committed 16512K, reserved 1048576K
}
Event: 3108.231 GC heap after
{Heap after GC invocations=139 (full 0):
 garbage-first heap   total 202752K, used 104563K [0x0000000080000000, 0x0000000100000000)
  region size 1024K, 2 young (2048K), 2 survivors (2048K)
 Metaspace       used 119203K, capacity 122050K, committed 123264K, reserved 1157120K
  class space    used 15024K, capacity 16129K, committed 16512K, reserved 1048576K
}
Event: 3108.932 GC heap before
{Heap before GC invocations=139 (full 0):
 garbage-first heap   total 202752K, used 116851K [0x0000000080000000, 0x0000000100000000)
  region size 1024K, 16 young (16384K), 2 survivors (2048K)
 Metaspace       used 119285K, capacity 122114K, committed 123264K, reserved 1157120K
  class space    used 15024K, capacity 16129K, committed 16512K, reserved 1048576K
}
Event: 3108.992 GC heap after
{Heap after GC invocations=140 (full 0):
 garbage-first heap   total 202752K, used 112603K [0x0000000080000000, 0x0000000100000000)
  region size 1024K, 2 young (2048K), 2 survivors (2048K)
 Metaspace       used 119285K, capacity 122114K, committed 123264K, reserved 1157120K
  class space    used 15024K, capacity 16129K, committed 16512K, reserved 1048576K
}
Event: 3109.916 GC heap before
{Heap before GC invocations=141 (full 0):
 garbage-first heap   total 202752K, used 141275K [0x0000000080000000, 0x0000000100000000)
  region size 1024K, 14 young (14336K), 2 survivors (2048K)
 Metaspace       used 119391K, capacity 122174K, committed 123264K, reserved 1157120K
  class space    used 15030K, capacity 16140K, committed 16512K, reserved 1048576K
}
Event: 3109.935 GC heap after
{Heap after GC invocations=142 (full 0):
 garbage-first heap   total 202752K, used 113736K [0x0000000080000000, 0x0000000100000000)
  region size 1024K, 2 young (2048K), 2 survivors (2048K)
 Metaspace       used 119391K, capacity 122174K, committed 123264K, reserved 1157120K
  class space    used 15030K, capacity 16140K, committed 16512K, reserved 1048576K
}
Event: 3110.634 GC heap before
{Heap before GC invocations=142 (full 0):
 garbage-first heap   total 202752K, used 119880K [0x0000000080000000, 0x0000000100000000)
  region size 1024K, 9 young (9216K), 2 survivors (2048K)
 Metaspace       used 119484K, capacity 122286K, committed 123264K, reserved 1157120K
  class space    used 15035K, capacity 16150K, committed 16512K, reserved 1048576K
}

Deoptimization events (20 events):
Event: 3108.868 Thread 0x00000177f0814800 Uncommon trap: trap_request=0xffffffc6 fr.pc=0x00000177dec770e8 relative=0x0000000000000aa8
Event: 3108.868 Thread 0x00000177f0814800 Uncommon trap: reason=bimorphic_or_optimized_type_check action=maybe_recompile pc=0x00000177dec770e8 method=org.apache.xerces.dom.ParentNode.internalInsertBefore(Lorg/w3c/dom/Node;Lorg/w3c/dom/Node;Z)Lorg/w3c/dom/Node; @ 555 c2
Event: 3108.868 Thread 0x00000177f0814800 DEOPT PACKING pc=0x00000177dec770e8 sp=0x0000004b4c3f7ea0
Event: 3108.868 Thread 0x00000177f0814800 DEOPT UNPACKING pc=0x00000177d6c178af sp=0x0000004b4c3f7e38 mode 2
Event: 3108.872 Thread 0x00000177f0814800 Uncommon trap: trap_request=0xffffff4d fr.pc=0x00000177df2bf220 relative=0x00000000000011a0
Event: 3108.872 Thread 0x00000177f0814800 Uncommon trap: reason=unstable_if action=reinterpret pc=0x00000177df2bf220 method=org.apache.xerces.dom.DeferredElementNSImpl.synchronizeData()V @ 46 c2
Event: 3108.872 Thread 0x00000177f0814800 DEOPT PACKING pc=0x00000177df2bf220 sp=0x0000004b4c3f7cd0
Event: 3108.872 Thread 0x00000177f0814800 DEOPT UNPACKING pc=0x00000177d6c178af sp=0x0000004b4c3f7c90 mode 2
Event: 3109.010 Thread 0x00000177f0814800 DEOPT PACKING pc=0x00000177d868c9df sp=0x0000004b4c3f78c0
Event: 3109.011 Thread 0x00000177f0814800 DEOPT UNPACKING pc=0x00000177d6c176ce sp=0x0000004b4c3f6d58 mode 0
Event: 3109.021 Thread 0x00000177f0814800 DEOPT PACKING pc=0x00000177d86932ac sp=0x0000004b4c3f78c0
Event: 3109.021 Thread 0x00000177f0814800 DEOPT UNPACKING pc=0x00000177d6c176ce sp=0x0000004b4c3f6d58 mode 0
Event: 3109.023 Thread 0x00000177f0814800 DEOPT PACKING pc=0x00000177d86932ac sp=0x0000004b4c3f78c0
Event: 3109.023 Thread 0x00000177f0814800 DEOPT UNPACKING pc=0x00000177d6c176ce sp=0x0000004b4c3f6d58 mode 0
Event: 3109.446 Thread 0x00000177f0814800 Uncommon trap: trap_request=0xfffffff4 fr.pc=0x00000177deeb9b24 relative=0x0000000000005e04
Event: 3109.446 Thread 0x00000177f0814800 Uncommon trap: reason=null_check action=make_not_entrant pc=0x00000177deeb9b24 method=org.apache.xerces.dom.ElementImpl.getDefaultAttributes()Lorg/apache/xerces/dom/NamedNodeMapImpl; @ 7 c2
Event: 3109.446 Thread 0x00000177f0814800 DEOPT PACKING pc=0x00000177deeb9b24 sp=0x0000004b4c3f7c90
Event: 3109.446 Thread 0x00000177f0814800 DEOPT UNPACKING pc=0x00000177d6c178af sp=0x0000004b4c3f7ac0 mode 2
Event: 3109.536 Thread 0x00000177f0814800 DEOPT PACKING pc=0x00000177d8677d93 sp=0x0000004b4c3f7d40
Event: 3109.536 Thread 0x00000177f0814800 DEOPT UNPACKING pc=0x00000177d6c176ce sp=0x0000004b4c3f7200 mode 0

Classes redefined (0 events):
No events

Internal exceptions (20 events):
Event: 3103.806 Thread 0x00000177f0814800 Exception <a 'java/lang/ClassNotFoundException'{0x000000008c5d79e8}: groovy/runtime/metaclass/[Lcom/google/gms/googleservices/GoogleServicesPlugin$PluginType;MetaClass> (0x000000008c5d79e8) thrown at [./src/hotspot/share/prims/jni.cpp, line 636]
Event: 3104.096 Thread 0x00000177f0814800 Exception <a 'java/lang/NoClassDefFoundError'{0x000000008c529628}: org/jetbrains/kotlin/gradle/plugin/KotlinBasePluginWrapper> (0x000000008c529628) thrown at [./src/hotspot/share/oops/constantPool.cpp, line 775]
Event: 3104.156 Thread 0x00000177f0814800 Exception <a 'sun/nio/fs/WindowsException'{0x000000008c488f50}> (0x000000008c488f50) thrown at [./src/hotspot/share/prims/jni.cpp, line 615]
Event: 3104.530 Thread 0x00000177f0814800 Exception <a 'sun/nio/fs/WindowsException'{0x000000008c338d08}> (0x000000008c338d08) thrown at [./src/hotspot/share/prims/jni.cpp, line 615]
Event: 3104.530 Thread 0x00000177f0814800 Exception <a 'sun/nio/fs/WindowsException'{0x000000008c339d48}> (0x000000008c339d48) thrown at [./src/hotspot/share/prims/jni.cpp, line 615]
Event: 3104.531 Thread 0x00000177f0814800 Exception <a 'sun/nio/fs/WindowsException'{0x000000008c33add8}> (0x000000008c33add8) thrown at [./src/hotspot/share/prims/jni.cpp, line 615]
Event: 3104.531 Thread 0x00000177f0814800 Exception <a 'sun/nio/fs/WindowsException'{0x000000008c33be68}> (0x000000008c33be68) thrown at [./src/hotspot/share/prims/jni.cpp, line 615]
Event: 3104.841 Thread 0x00000177f0816000 Exception <a 'java/lang/NoSuchMethodError'{0x000000008c094df8}: <clinit>> (0x000000008c094df8) thrown at [./src/hotspot/share/prims/jni.cpp, line 1362]
Event: 3104.843 Thread 0x00000177f0816000 Exception <a 'java/lang/NoSuchMethodError'{0x000000008c0a0480}: <clinit>> (0x000000008c0a0480) thrown at [./src/hotspot/share/prims/jni.cpp, line 1362]
Event: 3104.850 Thread 0x00000177f0816000 Exception <a 'java/lang/NoSuchMethodError'{0x000000008c0acf58}: <clinit>> (0x000000008c0acf58) thrown at [./src/hotspot/share/prims/jni.cpp, line 1362]
Event: 3104.852 Thread 0x00000177f0816000 Exception <a 'java/lang/NoSuchMethodError'{0x000000008c0c5eb8}: <clinit>> (0x000000008c0c5eb8) thrown at [./src/hotspot/share/prims/jni.cpp, line 1362]
Event: 3104.852 Thread 0x00000177f1c12000 Exception <a 'java/lang/NoSuchMethodError'{0x000000008c0be620}: <clinit>> (0x000000008c0be620) thrown at [./src/hotspot/share/prims/jni.cpp, line 1362]
Event: 3104.852 Thread 0x00000177f0816000 Exception <a 'java/lang/NoSuchMethodError'{0x000000008c0cd0c8}: <clinit>> (0x000000008c0cd0c8) thrown at [./src/hotspot/share/prims/jni.cpp, line 1362]
Event: 3104.854 Thread 0x00000177f1c12000 Exception <a 'java/lang/NoSuchMethodError'{0x000000008c0dbdd0}: <clinit>> (0x000000008c0dbdd0) thrown at [./src/hotspot/share/prims/jni.cpp, line 1362]
Event: 3104.856 Thread 0x00000177f1c12000 Exception <a 'java/lang/NoSuchMethodError'{0x000000008c0f5b28}: <clinit>> (0x000000008c0f5b28) thrown at [./src/hotspot/share/prims/jni.cpp, line 1362]
Event: 3104.867 Thread 0x00000177f0816000 Exception <a 'java/lang/NoSuchMethodError'{0x000000008bf14fc0}: <clinit>> (0x000000008bf14fc0) thrown at [./src/hotspot/share/prims/jni.cpp, line 1362]
Event: 3107.039 Thread 0x00000177f0814800 Implicit null exception at 0x00000177df2ba645 to 0x00000177df2bab80
Event: 3109.446 Thread 0x00000177f0814800 Implicit null exception at 0x00000177deeb7ed0 to 0x00000177deeb9acc
Event: 3109.670 Thread 0x00000177f0814800 Exception <a 'java/lang/NoSuchMethodError'{0x000000008c4d6d50}: <clinit>> (0x000000008c4d6d50) thrown at [./src/hotspot/share/prims/jni.cpp, line 1362]
Event: 3109.674 Thread 0x00000177f0814800 Exception <a 'java/lang/NoSuchMethodError'{0x000000008c3075e8}: <clinit>> (0x000000008c3075e8) thrown at [./src/hotspot/share/prims/jni.cpp, line 1362]

Events (20 events):
Event: 3109.956 Executing VM operation: RevokeBias
Event: 3109.956 Executing VM operation: RevokeBias done
Event: 3109.956 Executing VM operation: RevokeBias
Event: 3109.957 Executing VM operation: RevokeBias done
Event: 3110.411 Executing VM operation: RevokeBias
Event: 3110.421 Executing VM operation: RevokeBias done
Event: 3110.422 Executing VM operation: RevokeBias
Event: 3110.422 Executing VM operation: RevokeBias done
Event: 3110.422 Executing VM operation: RevokeBias
Event: 3110.423 Executing VM operation: RevokeBias done
Event: 3110.423 Executing VM operation: RevokeBias
Event: 3110.423 Executing VM operation: RevokeBias done
Event: 3110.424 Executing VM operation: RevokeBias
Event: 3110.424 Executing VM operation: RevokeBias done
Event: 3110.424 Executing VM operation: RevokeBias
Event: 3110.425 Executing VM operation: RevokeBias done
Event: 3110.425 Executing VM operation: RevokeBias
Event: 3110.425 Executing VM operation: RevokeBias done
Event: 3110.526 Thread 0x00000177f1c0e000 Thread exited: 0x00000177f1c0e000
Event: 3110.634 Executing VM operation: G1CollectForAllocation


Dynamic libraries:
0x00007ff73e280000 - 0x00007ff73e28a000 	D:\Software\Android Studio\jre\bin\java.exe
0x00007ffa285b0000 - 0x00007ffa287a5000 	C:\Windows\SYSTEM32\ntdll.dll
0x00007ffa27570000 - 0x00007ffa2762e000 	C:\Windows\System32\KERNEL32.DLL
0x00007ffa26330000 - 0x00007ffa265f8000 	C:\Windows\System32\KERNELBASE.dll
0x00007ffa260d0000 - 0x00007ffa261d0000 	C:\Windows\System32\ucrtbase.dll
0x00007ffa1b650000 - 0x00007ffa1b667000 	D:\Software\Android Studio\jre\bin\VCRUNTIME140.dll
0x00007ff9fbfb0000 - 0x00007ff9fbfc9000 	D:\Software\Android Studio\jre\bin\jli.dll
0x00007ffa27700000 - 0x00007ffa278a0000 	C:\Windows\System32\USER32.dll
0x00007ffa0e300000 - 0x00007ffa0e59a000 	C:\Windows\WinSxS\amd64_microsoft.windows.common-controls_6595b64144ccf1df_6.0.19041.1110_none_60b5254171f9507e\COMCTL32.dll
0x00007ffa25ed0000 - 0x00007ffa25ef2000 	C:\Windows\System32\win32u.dll
0x00007ffa27030000 - 0x00007ffa270ce000 	C:\Windows\System32\msvcrt.dll
0x00007ffa27d90000 - 0x00007ffa27dbb000 	C:\Windows\System32\GDI32.dll
0x00007ffa25f00000 - 0x00007ffa2600d000 	C:\Windows\System32\gdi32full.dll
0x00007ffa25e00000 - 0x00007ffa25e9d000 	C:\Windows\System32\msvcp_win.dll
0x00007ffa27c50000 - 0x00007ffa27c80000 	C:\Windows\System32\IMM32.DLL
0x00007ff9c9680000 - 0x00007ff9c971d000 	D:\Software\Android Studio\jre\bin\msvcp140.dll
0x00007ff9b0980000 - 0x00007ff9b144f000 	D:\Software\Android Studio\jre\bin\server\jvm.dll
0x00007ffa27a00000 - 0x00007ffa27aae000 	C:\Windows\System32\ADVAPI32.dll
0x00007ffa26a40000 - 0x00007ffa26adc000 	C:\Windows\System32\sechost.dll
0x00007ffa26910000 - 0x00007ffa26a35000 	C:\Windows\System32\RPCRT4.dll
0x00007ffa270e0000 - 0x00007ffa270e8000 	C:\Windows\System32\PSAPI.DLL
0x00007ff9fb9f0000 - 0x00007ff9fba17000 	C:\Windows\SYSTEM32\WINMM.dll
0x00007ffa1d2d0000 - 0x00007ffa1d2da000 	C:\Windows\SYSTEM32\VERSION.dll
0x00007ffa1f2e0000 - 0x00007ffa1f2e9000 	C:\Windows\SYSTEM32\WSOCK32.dll
0x00007ffa26c60000 - 0x00007ffa26ccb000 	C:\Windows\System32\ws2_32.DLL
0x00007ffa24540000 - 0x00007ffa24552000 	C:\Windows\SYSTEM32\kernel.appcore.dll
0x00007ffa1b710000 - 0x00007ffa1b721000 	D:\Software\Android Studio\jre\bin\verify.dll
0x00007ffa23ac0000 - 0x00007ffa23ca4000 	C:\Windows\SYSTEM32\DBGHELP.DLL
0x00007ffa151f0000 - 0x00007ffa1521c000 	C:\Windows\SYSTEM32\dbgcore.DLL
0x00007ffa25d70000 - 0x00007ffa25df2000 	C:\Windows\System32\bcryptPrimitives.dll
0x00007ffa12610000 - 0x00007ffa12639000 	D:\Software\Android Studio\jre\bin\java.dll
0x00007ffa1ef70000 - 0x00007ffa1ef7b000 	D:\Software\Android Studio\jre\bin\jimage.dll
0x00007ffa1b6d0000 - 0x00007ffa1b6e8000 	D:\Software\Android Studio\jre\bin\zip.dll
0x00007ffa27dc0000 - 0x00007ffa28504000 	C:\Windows\System32\SHELL32.dll
0x00007ffa23d90000 - 0x00007ffa24524000 	C:\Windows\SYSTEM32\windows.storage.dll
0x00007ffa26cd0000 - 0x00007ffa27025000 	C:\Windows\System32\combase.dll
0x00007ffa25710000 - 0x00007ffa2573e000 	C:\Windows\SYSTEM32\Wldp.dll
0x00007ffa26600000 - 0x00007ffa266ad000 	C:\Windows\System32\SHCORE.dll
0x00007ffa26c00000 - 0x00007ffa26c55000 	C:\Windows\System32\shlwapi.dll
0x00007ffa25c00000 - 0x00007ffa25c1f000 	C:\Windows\SYSTEM32\profapi.dll
0x00007ffa143d0000 - 0x00007ffa143ea000 	D:\Software\Android Studio\jre\bin\net.dll
0x00007ffa15b80000 - 0x00007ffa15c8c000 	C:\Windows\SYSTEM32\WINHTTP.dll
0x00007ffa25470000 - 0x00007ffa254da000 	C:\Windows\system32\mswsock.dll
0x00007ffa12970000 - 0x00007ffa12984000 	D:\Software\Android Studio\jre\bin\nio.dll
0x00007ffa052f0000 - 0x00007ffa05317000 	C:\Users\michi\.gradle\native\8bec1ad78214c89d9ad589b4d07fe93259594b29d510b10fafb7a158f7737e5d\windows-amd64\native-platform.dll
0x00007ff9c2890000 - 0x00007ff9c29cd000 	C:\Users\michi\.gradle\native\53dbd7edfb1c66fb8903c78663c9afc45aea4f116125fa6feffd364cf09443e8\windows-amd64\native-platform-file-events.dll
0x00007ffa1b5a0000 - 0x00007ffa1b5aa000 	D:\Software\Android Studio\jre\bin\management.dll
0x00007ffa13370000 - 0x00007ffa1337c000 	D:\Software\Android Studio\jre\bin\management_ext.dll
0x00007ffa25660000 - 0x00007ffa25678000 	C:\Windows\SYSTEM32\CRYPTSP.dll
0x00007ffa24d80000 - 0x00007ffa24db4000 	C:\Windows\system32\rsaenh.dll
0x00007ffa25ea0000 - 0x00007ffa25ec7000 	C:\Windows\System32\bcrypt.dll
0x00007ffa25b80000 - 0x00007ffa25bae000 	C:\Windows\SYSTEM32\USERENV.dll
0x00007ffa25680000 - 0x00007ffa2568c000 	C:\Windows\SYSTEM32\CRYPTBASE.dll
0x00007ffa25110000 - 0x00007ffa2514b000 	C:\Windows\SYSTEM32\IPHLPAPI.DLL
0x00007ffa270d0000 - 0x00007ffa270d8000 	C:\Windows\System32\NSI.dll
0x00007ffa16b00000 - 0x00007ffa16b17000 	C:\Windows\SYSTEM32\dhcpcsvc6.DLL
0x00007ffa19a80000 - 0x00007ffa19a9d000 	C:\Windows\SYSTEM32\dhcpcsvc.DLL
0x00007ffa25160000 - 0x00007ffa2522b000 	C:\Windows\SYSTEM32\DNSAPI.dll
0x00007ff9fc0e0000 - 0x00007ff9fc107000 	D:\Software\Android Studio\jre\bin\sunec.dll

dbghelp: loaded successfully - version: 4.0.5 - missing functions: none
symbol engine: initialized successfully - sym options: 0x614 - pdb path: .;D:\Software\Android Studio\jre\bin;C:\Windows\SYSTEM32;C:\Windows\WinSxS\amd64_microsoft.windows.common-controls_6595b64144ccf1df_6.0.19041.1110_none_60b5254171f9507e;D:\Software\Android Studio\jre\bin\server;C:\Users\michi\.gradle\native\8bec1ad78214c89d9ad589b4d07fe93259594b29d510b10fafb7a158f7737e5d\windows-amd64;C:\Users\michi\.gradle\native\53dbd7edfb1c66fb8903c78663c9afc45aea4f116125fa6feffd364cf09443e8\windows-amd64

VM Arguments:
jvm_args: --add-opens=java.base/java.util=ALL-UNNAMED --add-opens=java.base/java.lang=ALL-UNNAMED --add-opens=java.base/java.lang.invoke=ALL-UNNAMED --add-opens=java.base/java.util=ALL-UNNAMED --add-opens=java.prefs/java.util.prefs=ALL-UNNAMED --add-opens=java.prefs/java.util.prefs=ALL-UNNAMED --add-opens=java.base/java.nio.charset=ALL-UNNAMED --add-opens=java.base/java.net=ALL-UNNAMED --add-opens=java.base/java.util.concurrent.atomic=ALL-UNNAMED -Xmx2048m -Dfile.encoding=UTF-8 -Duser.country=ID -Duser.language=en -Duser.variant 
java_command: org.gradle.launcher.daemon.bootstrap.GradleDaemon 7.0.2
java_class_path (initial): C:\Users\michi\.gradle\wrapper\dists\gradle-7.0.2-bin\857tjihv64xamwrf0h14cai3r\gradle-7.0.2\lib\gradle-launcher-7.0.2.jar
Launcher Type: SUN_STANDARD

[Global flags]
     intx CICompilerCount                          = 3                                         {product} {ergonomic}
     uint ConcGCThreads                            = 1                                         {product} {ergonomic}
     uint G1ConcRefinementThreads                  = 4                                         {product} {ergonomic}
   size_t G1HeapRegionSize                         = 1048576                                   {product} {ergonomic}
    uintx GCDrainStackTargetSize                   = 64                                        {product} {ergonomic}
   size_t InitialHeapSize                          = 67108864                                  {product} {ergonomic}
   size_t MarkStackSize                            = 4194304                                   {product} {ergonomic}
   size_t MaxHeapSize                              = 2147483648                                {product} {command line}
   size_t MaxNewSize                               = 1287651328                                {product} {ergonomic}
   size_t MinHeapDeltaBytes                        = 1048576                                   {product} {ergonomic}
    uintx NonNMethodCodeHeapSize                   = 5830732                                {pd product} {ergonomic}
    uintx NonProfiledCodeHeapSize                  = 122913754                              {pd product} {ergonomic}
    uintx ProfiledCodeHeapSize                     = 122913754                              {pd product} {ergonomic}
    uintx ReservedCodeCacheSize                    = 251658240                              {pd product} {ergonomic}
     bool SegmentedCodeCache                       = true                                      {product} {ergonomic}
     bool UseCompressedClassPointers               = true                                 {lp64_product} {ergonomic}
     bool UseCompressedOops                        = true                                 {lp64_product} {ergonomic}
     bool UseG1GC                                  = true                                      {product} {ergonomic}
     bool UseLargePagesIndividualAllocation        = false                                  {pd product} {ergonomic}

Logging:
Log output configuration:
 #0: stdout all=warning uptime,level,tags
 #1: stderr all=off uptime,level,tags

Environment Variables:
PATH=C:\Program Files (x86)\Common Files\Oracle\Java\javapath;C:\Program Files\Common Files\Oracle\Java\javapath;C:\Windows\system32;C:\Windows;C:\Windows\System32\Wbem;C:\Windows\System32\WindowsPowerShell\v1.0\;C:\Windows\System32\OpenSSH\;D:\Software\MinGW\bin;D:\Software\Git\cmd;D:\Software\Git\bin;C:\Users\michi\AppData\Local\Programs\Python\Python310\Scripts\;C:\Users\michi\AppData\Local\Programs\Python\Python310\;C:\Users\michi\AppData\Local\Programs\Python\Python310\Scripts\;C:\Users\michi\AppData\Local\Programs\Python\Python310\;C:\Users\michi\AppData\Local\Microsoft\WindowsApps;D:\Software\Microsoft VS Code\bin;D:\Software\MinGW\bin;D:\Software\Git\bin;D:\Software\Git\cmd;
USERNAME=michi
OS=Windows_NT
PROCESSOR_IDENTIFIER=Intel64 Family 6 Model 142 Stepping 9, GenuineIntel



---------------  S Y S T E M  ---------------

OS: Windows 10 , 64 bit Build 19041 (10.0.19041.1503)
OS uptime: 1 days 4:19 hours

CPU:total 4 (initial active 4) (2 cores per cpu, 2 threads per core) family 6 model 142 stepping 9 microcode 0xb4, cmov, cx8, fxsr, mmx, sse, sse2, sse3, ssse3, sse4.1, sse4.2, popcnt, avx, avx2, aes, clmul, erms, 3dnowpref, lzcnt, ht, tsc, tscinvbit, bmi1, bmi2, adx, fma

Memory: 4k page, system-wide physical 3981M (656M free)
TotalPageFile size 8077M (AvailPageFile size 46M)
current process WorkingSet (physical memory assigned to process): 366M, peak: 479M
current process commit charge ("private bytes"): 546M, peak: 654M

vm_info: OpenJDK 64-Bit Server VM (11.0.10+0-b96-7249189) for windows-amd64 JRE (11.0.10+0-b96-7249189), built on Mar 31 2021 21:44:00 by "builder" with MS VC++ 14.0 (VS2015)

END.
