#
# There is insufficient memory for the Java Runtime Environment to continue.
# Native memory allocation (malloc) failed to allocate 1691856 bytes for Chunk::new
# Possible reasons:
#   The system is out of physical RAM or swap space
#   The process is running with CompressedOops enabled, and the Java Heap may be blocking the growth of the native heap
# Possible solutions:
#   Reduce memory load on the system
#   Increase physical memory or swap space
#   Check if swap backing store is full
#   Decrease Java heap size (-Xmx/-Xms)
#   Decrease number of Java threads
#   Decrease Java thread stack sizes (-Xss)
#   Set larger code cache with -XX:ReservedCodeCacheSize=
#   JVM is running with Unscaled Compressed Oops mode in which the Java heap is
#     placed in the first 4GB address space. The Java Heap base address is the
#     maximum limit for the native heap growth. Please use -XX:HeapBaseMinAddress
#     to set the Java Heap base and to place the Java Heap above 4GB virtual address.
# This output file may be truncated or incomplete.
#
#  Out of Memory Error (./src/hotspot/share/memory/arena.cpp:197), pid=5788, tid=10488
#
# JRE version: OpenJDK Runtime Environment (11.0.10) (build 11.0.10+0-b96-7249189)
# Java VM: OpenJDK 64-Bit Server VM (11.0.10+0-b96-7249189, mixed mode, tiered, compressed oops, g1 gc, windows-amd64)
# No core dump will be written. Minidumps are not enabled by default on client versions of Windows
#

---------------  S U M M A R Y ------------

Command Line: --add-opens=java.base/java.util=ALL-UNNAMED --add-opens=java.base/java.lang=ALL-UNNAMED --add-opens=java.base/java.lang.invoke=ALL-UNNAMED --add-opens=java.base/java.util=ALL-UNNAMED --add-opens=java.prefs/java.util.prefs=ALL-UNNAMED --add-opens=java.prefs/java.util.prefs=ALL-UNNAMED --add-opens=java.base/java.nio.charset=ALL-UNNAMED --add-opens=java.base/java.net=ALL-UNNAMED --add-opens=java.base/java.util.concurrent.atomic=ALL-UNNAMED -Xmx2048m -Dfile.encoding=UTF-8 -Duser.country=ID -Duser.language=en -Duser.variant org.gradle.launcher.daemon.bootstrap.GradleDaemon 7.0.2

Host: Intel(R) Core(TM) i5-7200U CPU @ 2.50GHz, 4 cores, 3G,  Windows 10 , 64 bit Build 19041 (10.0.19041.1503)
Time: Tue Mar  1 17:08:51 2022 SE Asia Standard Time elapsed time: 106.086849 seconds (0d 0h 1m 46s)

---------------  T H R E A D  ---------------

Current thread (0x0000023ebd54f000):  JavaThread "C2 CompilerThread0" daemon [_thread_in_native, id=10488, stack(0x0000007bce800000,0x0000007bce900000)]


Current CompileTask:
C2: 106086 14133 %     4       com.android.tools.r8.ir.regalloc.a::a @ 2121 (3985 bytes)

Stack: [0x0000007bce800000,0x0000007bce900000]
Native frames: (J=compiled Java code, j=interpreted, Vv=VM code, C=native code)
V  [jvm.dll+0x5ecfaa]
V  [jvm.dll+0x722bd5]
V  [jvm.dll+0x72412d]
V  [jvm.dll+0x7247e3]
V  [jvm.dll+0x242928]
V  [jvm.dll+0xbc4fc]
V  [jvm.dll+0xbca0c]
V  [jvm.dll+0x2b4fd4]
V  [jvm.dll+0x506028]
V  [jvm.dll+0x1fccf6]
V  [jvm.dll+0x1fa77f]
V  [jvm.dll+0x18354c]
V  [jvm.dll+0x208ee7]
V  [jvm.dll+0x207731]
V  [jvm.dll+0x6eb1cf]
V  [jvm.dll+0x6e3d45]
V  [jvm.dll+0x5ebe96]
C  [ucrtbase.dll+0x21bb2]
C  [KERNEL32.DLL+0x17034]
C  [ntdll.dll+0x52651]


---------------  P R O C E S S  ---------------

Threads class SMR info:
_java_thread_list=0x0000023ec8ecc730, length=51, elements={
0x0000023ea19a0000, 0x0000023ebd4ec800, 0x0000023ebd4f0000, 0x0000023ebd549000,
0x0000023ebd54b000, 0x0000023ebd54c000, 0x0000023ebd54f000, 0x0000023ebd55a000,
0x0000023ebd562800, 0x0000023ebdfc4800, 0x0000023ebfa29000, 0x0000023ebf8d0800,
0x0000023ebf9d9000, 0x0000023ebf676000, 0x0000023ebecac800, 0x0000023ebffc1800,
0x0000023ebfe9a800, 0x0000023ebf363000, 0x0000023ec0101000, 0x0000023ec00ff800,
0x0000023ec0102000, 0x0000023ec0102800, 0x0000023ec0100000, 0x0000023ec0103800,
0x0000023ec00fd800, 0x0000023ec0104800, 0x0000023ec00fe800, 0x0000023ec0544800,
0x0000023ec0541000, 0x0000023ec0542000, 0x0000023ec0540800, 0x0000023ec0545000,
0x0000023ec0543800, 0x0000023ec053f800, 0x0000023ec0547800, 0x0000023ec0548800,
0x0000023ec0549800, 0x0000023ec054a000, 0x0000023ec054b000, 0x0000023ec054b800,
0x0000023ec0546000, 0x0000023ec0547000, 0x0000023ec054d800, 0x0000023ec2a55800,
0x0000023ec2a59800, 0x0000023ec2a5b800, 0x0000023ec2a57800, 0x0000023ec2a5a800,
0x0000023ec2a58000, 0x0000023ec2a5c000, 0x0000023ec2412800
}

Java Threads: ( => current thread )
  0x0000023ea19a0000 JavaThread "main" [_thread_blocked, id=11468, stack(0x0000007bcdc00000,0x0000007bcdd00000)]
  0x0000023ebd4ec800 JavaThread "Reference Handler" daemon [_thread_blocked, id=8068, stack(0x0000007bce300000,0x0000007bce400000)]
  0x0000023ebd4f0000 JavaThread "Finalizer" daemon [_thread_blocked, id=10116, stack(0x0000007bce400000,0x0000007bce500000)]
  0x0000023ebd549000 JavaThread "Signal Dispatcher" daemon [_thread_blocked, id=7644, stack(0x0000007bce500000,0x0000007bce600000)]
  0x0000023ebd54b000 JavaThread "Attach Listener" daemon [_thread_blocked, id=6636, stack(0x0000007bce600000,0x0000007bce700000)]
  0x0000023ebd54c000 JavaThread "Service Thread" daemon [_thread_blocked, id=11856, stack(0x0000007bce700000,0x0000007bce800000)]
=>0x0000023ebd54f000 JavaThread "C2 CompilerThread0" daemon [_thread_in_native, id=10488, stack(0x0000007bce800000,0x0000007bce900000)]
  0x0000023ebd55a000 JavaThread "C1 CompilerThread0" daemon [_thread_blocked, id=5240, stack(0x0000007bce900000,0x0000007bcea00000)]
  0x0000023ebd562800 JavaThread "Sweeper thread" daemon [_thread_blocked, id=9960, stack(0x0000007bcea00000,0x0000007bceb00000)]
  0x0000023ebdfc4800 JavaThread "Common-Cleaner" daemon [_thread_blocked, id=5560, stack(0x0000007bceb00000,0x0000007bcec00000)]
  0x0000023ebfa29000 JavaThread "Daemon health stats" [_thread_blocked, id=8248, stack(0x0000007bcee00000,0x0000007bcef00000)]
  0x0000023ebf8d0800 JavaThread "Incoming local TCP Connector on port 52204" [_thread_in_native, id=10416, stack(0x0000007bcf100000,0x0000007bcf200000)]
  0x0000023ebf9d9000 JavaThread "Daemon periodic checks" [_thread_blocked, id=7400, stack(0x0000007bcf200000,0x0000007bcf300000)]
  0x0000023ebf676000 JavaThread "Daemon" [_thread_blocked, id=12280, stack(0x0000007bcf300000,0x0000007bcf400000)]
  0x0000023ebecac800 JavaThread "Handler for socket connection from /127.0.0.1:52204 to /127.0.0.1:52205" [_thread_in_native, id=10680, stack(0x0000007bcf400000,0x0000007bcf500000)]
  0x0000023ebffc1800 JavaThread "Cancel handler" [_thread_blocked, id=7692, stack(0x0000007bcf500000,0x0000007bcf600000)]
  0x0000023ebfe9a800 JavaThread "Daemon worker" [_thread_blocked, id=3456, stack(0x0000007bcf600000,0x0000007bcf700000)]
  0x0000023ebf363000 JavaThread "Asynchronous log dispatcher for DefaultDaemonConnection: socket connection from /127.0.0.1:52204 to /127.0.0.1:52205" [_thread_blocked, id=6772, stack(0x0000007bcf700000,0x0000007bcf800000)]
  0x0000023ec0101000 JavaThread "Daemon client event forwarder" [_thread_blocked, id=5716, stack(0x0000007bcf900000,0x0000007bcfa00000)]
  0x0000023ec00ff800 JavaThread "Cache worker for file hash cache (C:\Users\michi\.gradle\caches\7.0.2\fileHashes)" [_thread_blocked, id=11364, stack(0x0000007bcfa00000,0x0000007bcfb00000)]
  0x0000023ec0102000 JavaThread "File lock request listener" [_thread_in_native, id=8380, stack(0x0000007bcfb00000,0x0000007bcfc00000)]
  0x0000023ec0102800 JavaThread "Cache worker for journal cache (C:\Users\michi\.gradle\caches\journal-1)" [_thread_blocked, id=12020, stack(0x0000007bcfc00000,0x0000007bcfd00000)]
  0x0000023ec0100000 JavaThread "Cache worker for file hash cache (C:\Users\michi\AndroidStudioProjects\TukangTech\.gradle\7.0.2\fileHashes)" [_thread_blocked, id=5764, stack(0x0000007bcfd00000,0x0000007bcfe00000)]
  0x0000023ec0103800 JavaThread "File watcher server" daemon [_thread_blocked, id=8328, stack(0x0000007bcfe00000,0x0000007bcff00000)]
  0x0000023ec00fd800 JavaThread "File watcher consumer" daemon [_thread_blocked, id=5708, stack(0x0000007bcff00000,0x0000007bd0000000)]
  0x0000023ec0104800 JavaThread "Cache worker for checksums cache (C:\Users\michi\AndroidStudioProjects\TukangTech\.gradle\checksums)" [_thread_blocked, id=9412, stack(0x0000007bd0000000,0x0000007bd0100000)]
  0x0000023ec00fe800 JavaThread "Cache worker for cache directory md-supplier (C:\Users\michi\.gradle\caches\7.0.2\md-supplier)" [_thread_blocked, id=9560, stack(0x0000007bd0100000,0x0000007bd0200000)]
  0x0000023ec0544800 JavaThread "Cache worker for cache directory md-rule (C:\Users\michi\.gradle\caches\7.0.2\md-rule)" [_thread_blocked, id=6844, stack(0x0000007bd0200000,0x0000007bd0300000)]
  0x0000023ec0541000 JavaThread "Cache worker for execution history cache (C:\Users\michi\.gradle\caches\7.0.2\executionHistory)" [_thread_blocked, id=10248, stack(0x0000007bd0300000,0x0000007bd0400000)]
  0x0000023ec0542000 JavaThread "jar transforms" [_thread_blocked, id=10880, stack(0x0000007bd0400000,0x0000007bd0500000)]
  0x0000023ec0540800 JavaThread "jar transforms Thread 2" [_thread_blocked, id=1172, stack(0x0000007bd0500000,0x0000007bd0600000)]
  0x0000023ec0545000 JavaThread "Cache worker for file content cache (C:\Users\michi\.gradle\caches\7.0.2\fileContent)" [_thread_blocked, id=11412, stack(0x0000007bd0600000,0x0000007bd0700000)]
  0x0000023ec0543800 JavaThread "Cache worker for dependencies-accessors (C:\Users\michi\AndroidStudioProjects\TukangTech\.gradle\7.0.2\dependencies-accessors)" [_thread_blocked, id=2844, stack(0x0000007bd0700000,0x0000007bd0800000)]
  0x0000023ec053f800 JavaThread "jar transforms Thread 3" [_thread_blocked, id=9532, stack(0x0000007bd0800000,0x0000007bd0900000)]
  0x0000023ec0547800 JavaThread "Cache worker for Build Output Cleanup Cache (C:\Users\michi\AndroidStudioProjects\TukangTech\.gradle\buildOutputCleanup)" [_thread_blocked, id=2260, stack(0x0000007bd0900000,0x0000007bd0a00000)]
  0x0000023ec0548800 JavaThread "Build operations" [_thread_blocked, id=11764, stack(0x0000007bd0a00000,0x0000007bd0b00000)]
  0x0000023ec0549800 JavaThread "Build operations Thread 2" [_thread_blocked, id=6076, stack(0x0000007bd0b00000,0x0000007bd0c00000)]
  0x0000023ec054a000 JavaThread "Build operations Thread 3" [_thread_blocked, id=8312, stack(0x0000007bd0c00000,0x0000007bd0d00000)]
  0x0000023ec054b000 JavaThread "Build operations Thread 4" [_thread_blocked, id=1080, stack(0x0000007bd0d00000,0x0000007bd0e00000)]
  0x0000023ec054b800 JavaThread "jar transforms Thread 4" [_thread_blocked, id=4464, stack(0x0000007bd0e00000,0x0000007bd0f00000)]
  0x0000023ec0546000 JavaThread "Memory manager" [_thread_blocked, id=4584, stack(0x0000007bd0f00000,0x0000007bd1000000)]
  0x0000023ec0547000 JavaThread "build event listener" [_thread_blocked, id=5876, stack(0x0000007bd1200000,0x0000007bd1300000)]
  0x0000023ec054d800 JavaThread "Execution worker for ':'" [_thread_blocked, id=11208, stack(0x0000007bd1300000,0x0000007bd1400000)]
  0x0000023ec2a55800 JavaThread "Execution worker for ':' Thread 2" [_thread_blocked, id=9172, stack(0x0000007bd1400000,0x0000007bd1500000)]
  0x0000023ec2a59800 JavaThread "Execution worker for ':' Thread 3" [_thread_blocked, id=5812, stack(0x0000007bd1500000,0x0000007bd1600000)]
  0x0000023ec2a5b800 JavaThread "Cache worker for execution history cache (C:\Users\michi\AndroidStudioProjects\TukangTech\.gradle\7.0.2\executionHistory)" [_thread_blocked, id=8996, stack(0x0000007bd1600000,0x0000007bd1700000)]
  0x0000023ec2a57800 JavaThread "WorkerExecutor Queue" [_thread_blocked, id=11576, stack(0x0000007bcd900000,0x0000007bcda00000)]
  0x0000023ec2a5a800 JavaThread "pool-3-thread-1" [_thread_blocked, id=1156, stack(0x0000007bcda00000,0x0000007bcdb00000)]
  0x0000023ec2a58000 JavaThread "stderr" [_thread_in_native, id=11876, stack(0x0000007bcdb00000,0x0000007bcdc00000)]
  0x0000023ec2a5c000 JavaThread "stdout" [_thread_in_native, id=9296, stack(0x0000007bcf800000,0x0000007bcf900000)]
  0x0000023ec2412800 JavaThread "C2 CompilerThread1" daemon [_thread_in_native, id=9524, stack(0x0000007bd1700000,0x0000007bd1800000)]

Other Threads:
  0x0000023ebd4e8000 VMThread "VM Thread" [stack: 0x0000007bce200000,0x0000007bce300000] [id=10744]
  0x0000023ebdfec000 WatcherThread [stack: 0x0000007bcec00000,0x0000007bced00000] [id=3852]
  0x0000023ea19b8000 GCTaskThread "GC Thread#0" [stack: 0x0000007bcdd00000,0x0000007bcde00000] [id=10968]
  0x0000023ebe306800 GCTaskThread "GC Thread#1" [stack: 0x0000007bced00000,0x0000007bcee00000] [id=7264]
  0x0000023ebffc8800 GCTaskThread "GC Thread#2" [stack: 0x0000007bcef00000,0x0000007bcf000000] [id=2588]
  0x0000023ebfee7000 GCTaskThread "GC Thread#3" [stack: 0x0000007bcf000000,0x0000007bcf100000] [id=5048]
  0x0000023ea19ed000 ConcurrentGCThread "G1 Main Marker" [stack: 0x0000007bcde00000,0x0000007bcdf00000] [id=11324]
  0x0000023ea19ee800 ConcurrentGCThread "G1 Conc#0" [stack: 0x0000007bcdf00000,0x0000007bce000000] [id=5604]
  0x0000023ea1a48000 ConcurrentGCThread "G1 Refine#0" [stack: 0x0000007bce000000,0x0000007bce100000] [id=8972]
  0x0000023ea1a49000 ConcurrentGCThread "G1 Young RemSet Sampling" [stack: 0x0000007bce100000,0x0000007bce200000] [id=11340]

Threads with active compile tasks:
C2 CompilerThread0 107751 14133 %     4       com.android.tools.r8.ir.regalloc.a::a @ 2121 (3985 bytes)
C2 CompilerThread1 107751 14179       4       com.android.tools.r8.graph.H::a (1035 bytes)

VM state:at safepoint (normal execution)

VM Mutex/Monitor currently owned by a thread:  ([mutex/lock_event])
[0x0000023ea199b6f0] Threads_lock - owner thread: 0x0000023ebd4e8000
[0x0000023ea199c080] Heap_lock - owner thread: 0x0000023ec0549800

Heap address: 0x0000000080000000, size: 2048 MB, Compressed Oops mode: 32-bit
Narrow klass base: 0x0000000000000000, Narrow klass shift: 3
Compressed class space size: 1073741824 Address: 0x0000000100000000

Heap:
 garbage-first heap   total 280576K, used 122975K [0x0000000080000000, 0x0000000100000000)
  region size 1024K, 5 young (5120K), 5 survivors (5120K)
 Metaspace       used 96962K, capacity 99390K, committed 99840K, reserved 1136640K
  class space    used 12560K, capacity 13475K, committed 13568K, reserved 1048576K
Heap Regions: E=young(eden), S=young(survivor), O=old, HS=humongous(starts), HC=humongous(continues), CS=collection set, F=free, A=archive, TAMS=top-at-mark-start (previous, next)
|   0|0x0000000080000000, 0x0000000080100000, 0x0000000080100000|100%| O|  |TAMS 0x0000000080100000, 0x0000000080000000| Untracked 
|   1|0x0000000080100000, 0x0000000080200000, 0x0000000080200000|100%| O|  |TAMS 0x0000000080200000, 0x0000000080100000| Untracked 
|   2|0x0000000080200000, 0x0000000080300000, 0x0000000080300000|100%| O|  |TAMS 0x0000000080300000, 0x0000000080200000| Untracked 
|   3|0x0000000080300000, 0x0000000080400000, 0x0000000080400000|100%|HS|  |TAMS 0x0000000080400000, 0x0000000080300000| Complete 
|   4|0x0000000080400000, 0x0000000080500000, 0x0000000080500000|100%|HC|  |TAMS 0x0000000080500000, 0x0000000080400000| Complete 
|   5|0x0000000080500000, 0x0000000080600000, 0x0000000080600000|100%|HC|  |TAMS 0x0000000080600000, 0x0000000080500000| Complete 
|   6|0x0000000080600000, 0x0000000080700000, 0x0000000080700000|100%| O|  |TAMS 0x0000000080700000, 0x0000000080600000| Untracked 
|   7|0x0000000080700000, 0x0000000080800000, 0x0000000080800000|100%| O|  |TAMS 0x0000000080800000, 0x0000000080700000| Untracked 
|   8|0x0000000080800000, 0x0000000080900000, 0x0000000080900000|100%| O|  |TAMS 0x0000000080900000, 0x0000000080800000| Untracked 
|   9|0x0000000080900000, 0x0000000080a00000, 0x0000000080a00000|100%| O|  |TAMS 0x0000000080a00000, 0x0000000080900000| Untracked 
|  10|0x0000000080a00000, 0x0000000080b00000, 0x0000000080b00000|100%| O|  |TAMS 0x0000000080b00000, 0x0000000080a00000| Untracked 
|  11|0x0000000080b00000, 0x0000000080c00000, 0x0000000080c00000|100%| O|  |TAMS 0x0000000080c00000, 0x0000000080b00000| Untracked 
|  12|0x0000000080c00000, 0x0000000080d00000, 0x0000000080d00000|100%| O|  |TAMS 0x0000000080d00000, 0x0000000080c00000| Untracked 
|  13|0x0000000080d00000, 0x0000000080e00000, 0x0000000080e00000|100%| O|  |TAMS 0x0000000080e00000, 0x0000000080d00000| Untracked 
|  14|0x0000000080e00000, 0x0000000080f00000, 0x0000000080f00000|100%| O|  |TAMS 0x0000000080f00000, 0x0000000080e00000| Untracked 
|  15|0x0000000080f00000, 0x0000000081000000, 0x0000000081000000|100%| O|  |TAMS 0x0000000081000000, 0x0000000080f00000| Untracked 
|  16|0x0000000081000000, 0x0000000081100000, 0x0000000081100000|100%| O|  |TAMS 0x0000000081100000, 0x0000000081000000| Untracked 
|  17|0x0000000081100000, 0x0000000081200000, 0x0000000081200000|100%| O|  |TAMS 0x0000000081200000, 0x0000000081100000| Untracked 
|  18|0x0000000081200000, 0x0000000081300000, 0x0000000081300000|100%| O|  |TAMS 0x0000000081300000, 0x0000000081200000| Untracked 
|  19|0x0000000081300000, 0x0000000081400000, 0x0000000081400000|100%| O|  |TAMS 0x0000000081400000, 0x0000000081300000| Untracked 
|  20|0x0000000081400000, 0x0000000081500000, 0x0000000081500000|100%| O|  |TAMS 0x0000000081500000, 0x0000000081400000| Untracked 
|  21|0x0000000081500000, 0x0000000081600000, 0x0000000081600000|100%| O|  |TAMS 0x0000000081600000, 0x0000000081500000| Untracked 
|  22|0x0000000081600000, 0x0000000081700000, 0x0000000081700000|100%| O|  |TAMS 0x0000000081700000, 0x0000000081600000| Untracked 
|  23|0x0000000081700000, 0x0000000081800000, 0x0000000081800000|100%| O|  |TAMS 0x0000000081800000, 0x0000000081700000| Untracked 
|  24|0x0000000081800000, 0x0000000081900000, 0x0000000081900000|100%| O|  |TAMS 0x0000000081900000, 0x0000000081800000| Untracked 
|  25|0x0000000081900000, 0x0000000081a00000, 0x0000000081a00000|100%| O|  |TAMS 0x0000000081a00000, 0x0000000081900000| Untracked 
|  26|0x0000000081a00000, 0x0000000081b00000, 0x0000000081b00000|100%| O|  |TAMS 0x0000000081b00000, 0x0000000081a00000| Untracked 
|  27|0x0000000081b00000, 0x0000000081c00000, 0x0000000081c00000|100%| O|  |TAMS 0x0000000081c00000, 0x0000000081b00000| Untracked 
|  28|0x0000000081c00000, 0x0000000081d00000, 0x0000000081d00000|100%|HS|  |TAMS 0x0000000081d00000, 0x0000000081c00000| Complete 
|  29|0x0000000081d00000, 0x0000000081e00000, 0x0000000081e00000|100%|HS|  |TAMS 0x0000000081e00000, 0x0000000081d00000| Complete 
|  30|0x0000000081e00000, 0x0000000081f00000, 0x0000000081f00000|100%|HS|  |TAMS 0x0000000081f00000, 0x0000000081e00000| Complete 
|  31|0x0000000081f00000, 0x0000000082000000, 0x0000000082000000|100%|HC|  |TAMS 0x0000000082000000, 0x0000000081f00000| Complete 
|  32|0x0000000082000000, 0x0000000082100000, 0x0000000082100000|100%| O|  |TAMS 0x0000000082100000, 0x0000000082000000| Untracked 
|  33|0x0000000082100000, 0x0000000082200000, 0x0000000082200000|100%| O|  |TAMS 0x0000000082200000, 0x0000000082100000| Untracked 
|  34|0x0000000082200000, 0x0000000082300000, 0x0000000082300000|100%| O|  |TAMS 0x0000000082300000, 0x0000000082200000| Untracked 
|  35|0x0000000082300000, 0x0000000082400000, 0x0000000082400000|100%| O|  |TAMS 0x0000000082400000, 0x0000000082300000| Untracked 
|  36|0x0000000082400000, 0x0000000082500000, 0x0000000082500000|100%| O|  |TAMS 0x0000000082500000, 0x0000000082400000| Untracked 
|  37|0x0000000082500000, 0x0000000082600000, 0x0000000082600000|100%| O|  |TAMS 0x0000000082600000, 0x0000000082500000| Untracked 
|  38|0x0000000082600000, 0x0000000082700000, 0x0000000082700000|100%| O|  |TAMS 0x0000000082700000, 0x0000000082600000| Untracked 
|  39|0x0000000082700000, 0x0000000082800000, 0x0000000082800000|100%| O|  |TAMS 0x0000000082800000, 0x0000000082700000| Untracked 
|  40|0x0000000082800000, 0x0000000082900000, 0x0000000082900000|100%| O|  |TAMS 0x0000000082900000, 0x0000000082800000| Untracked 
|  41|0x0000000082900000, 0x0000000082a00000, 0x0000000082a00000|100%| O|  |TAMS 0x0000000082a00000, 0x0000000082900000| Untracked 
|  42|0x0000000082a00000, 0x0000000082b00000, 0x0000000082b00000|100%| O|  |TAMS 0x0000000082b00000, 0x0000000082a00000| Untracked 
|  43|0x0000000082b00000, 0x0000000082c00000, 0x0000000082c00000|100%| O|  |TAMS 0x0000000082c00000, 0x0000000082b00000| Untracked 
|  44|0x0000000082c00000, 0x0000000082d00000, 0x0000000082d00000|100%| O|  |TAMS 0x0000000082d00000, 0x0000000082c00000| Untracked 
|  45|0x0000000082d00000, 0x0000000082e00000, 0x0000000082e00000|100%| O|  |TAMS 0x0000000082e00000, 0x0000000082d00000| Untracked 
|  46|0x0000000082e00000, 0x0000000082f00000, 0x0000000082f00000|100%| O|  |TAMS 0x0000000082f00000, 0x0000000082e00000| Untracked 
|  47|0x0000000082f00000, 0x0000000083000000, 0x0000000083000000|100%| O|  |TAMS 0x0000000083000000, 0x0000000082f00000| Untracked 
|  48|0x0000000083000000, 0x0000000083100000, 0x0000000083100000|100%| O|  |TAMS 0x0000000083100000, 0x0000000083000000| Untracked 
|  49|0x0000000083100000, 0x0000000083200000, 0x0000000083200000|100%| O|  |TAMS 0x0000000083200000, 0x0000000083100000| Untracked 
|  50|0x0000000083200000, 0x0000000083300000, 0x0000000083300000|100%| O|  |TAMS 0x0000000083300000, 0x0000000083200000| Untracked 
|  51|0x0000000083300000, 0x0000000083400000, 0x0000000083400000|100%| O|  |TAMS 0x0000000083400000, 0x0000000083300000| Untracked 
|  52|0x0000000083400000, 0x0000000083500000, 0x0000000083500000|100%| O|  |TAMS 0x0000000083500000, 0x0000000083400000| Untracked 
|  53|0x0000000083500000, 0x0000000083600000, 0x0000000083600000|100%| O|  |TAMS 0x0000000083600000, 0x0000000083500000| Untracked 
|  54|0x0000000083600000, 0x0000000083700000, 0x0000000083700000|100%| O|  |TAMS 0x0000000083700000, 0x0000000083600000| Untracked 
|  55|0x0000000083700000, 0x0000000083800000, 0x0000000083800000|100%| O|  |TAMS 0x0000000083800000, 0x0000000083700000| Untracked 
|  56|0x0000000083800000, 0x0000000083900000, 0x0000000083900000|100%| O|  |TAMS 0x0000000083900000, 0x0000000083800000| Untracked 
|  57|0x0000000083900000, 0x0000000083a00000, 0x0000000083a00000|100%| O|  |TAMS 0x0000000083a00000, 0x0000000083900000| Untracked 
|  58|0x0000000083a00000, 0x0000000083b00000, 0x0000000083b00000|100%| O|  |TAMS 0x0000000083b00000, 0x0000000083a00000| Untracked 
|  59|0x0000000083b00000, 0x0000000083c00000, 0x0000000083c00000|100%| O|  |TAMS 0x0000000083c00000, 0x0000000083b00000| Untracked 
|  60|0x0000000083c00000, 0x0000000083d00000, 0x0000000083d00000|100%| O|  |TAMS 0x0000000083d00000, 0x0000000083c00000| Untracked 
|  61|0x0000000083d00000, 0x0000000083e00000, 0x0000000083e00000|100%| O|  |TAMS 0x0000000083e00000, 0x0000000083d00000| Untracked 
|  62|0x0000000083e00000, 0x0000000083f00000, 0x0000000083f00000|100%| O|  |TAMS 0x0000000083f00000, 0x0000000083e00000| Untracked 
|  63|0x0000000083f00000, 0x0000000084000000, 0x0000000084000000|100%| O|  |TAMS 0x0000000084000000, 0x0000000083f00000| Untracked 
|  64|0x0000000084000000, 0x0000000084100000, 0x0000000084100000|100%| O|  |TAMS 0x0000000084100000, 0x0000000084000000| Untracked 
|  65|0x0000000084100000, 0x0000000084200000, 0x0000000084200000|100%| O|  |TAMS 0x0000000084200000, 0x0000000084100000| Untracked 
|  66|0x0000000084200000, 0x0000000084300000, 0x0000000084300000|100%| O|  |TAMS 0x0000000084300000, 0x0000000084200000| Untracked 
|  67|0x0000000084300000, 0x0000000084400000, 0x0000000084400000|100%| O|  |TAMS 0x0000000084400000, 0x0000000084300000| Untracked 
|  68|0x0000000084400000, 0x0000000084500000, 0x0000000084500000|100%| O|  |TAMS 0x0000000084500000, 0x0000000084400000| Untracked 
|  69|0x0000000084500000, 0x0000000084600000, 0x0000000084600000|100%| O|  |TAMS 0x0000000084600000, 0x0000000084500000| Untracked 
|  70|0x0000000084600000, 0x0000000084700000, 0x0000000084700000|100%| O|  |TAMS 0x0000000084700000, 0x0000000084600000| Untracked 
|  71|0x0000000084700000, 0x0000000084800000, 0x0000000084800000|100%| O|  |TAMS 0x0000000084800000, 0x0000000084700000| Untracked 
|  72|0x0000000084800000, 0x0000000084900000, 0x0000000084900000|100%| O|  |TAMS 0x0000000084900000, 0x0000000084800000| Untracked 
|  73|0x0000000084900000, 0x0000000084a00000, 0x0000000084a00000|100%| O|  |TAMS 0x0000000084a00000, 0x0000000084900000| Untracked 
|  74|0x0000000084a00000, 0x0000000084b00000, 0x0000000084b00000|100%| O|  |TAMS 0x0000000084b00000, 0x0000000084a00000| Untracked 
|  75|0x0000000084b00000, 0x0000000084c00000, 0x0000000084c00000|100%| O|  |TAMS 0x0000000084c00000, 0x0000000084b00000| Untracked 
|  76|0x0000000084c00000, 0x0000000084d00000, 0x0000000084d00000|100%| O|  |TAMS 0x0000000084d00000, 0x0000000084c00000| Untracked 
|  77|0x0000000084d00000, 0x0000000084e00000, 0x0000000084e00000|100%| O|  |TAMS 0x0000000084e00000, 0x0000000084d00000| Untracked 
|  78|0x0000000084e00000, 0x0000000084f00000, 0x0000000084f00000|100%| O|  |TAMS 0x0000000084f00000, 0x0000000084e00000| Untracked 
|  79|0x0000000084f00000, 0x0000000085000000, 0x0000000085000000|100%| O|  |TAMS 0x0000000085000000, 0x0000000084f00000| Untracked 
|  80|0x0000000085000000, 0x0000000085100000, 0x0000000085100000|100%|HS|  |TAMS 0x0000000085100000, 0x0000000085000000| Complete 
|  81|0x0000000085100000, 0x0000000085200000, 0x0000000085200000|100%| O|  |TAMS 0x0000000085200000, 0x0000000085100000| Untracked 
|  82|0x0000000085200000, 0x0000000085300000, 0x0000000085300000|100%| O|  |TAMS 0x0000000085300000, 0x0000000085200000| Untracked 
|  83|0x0000000085300000, 0x0000000085400000, 0x0000000085400000|100%| O|  |TAMS 0x0000000085400000, 0x0000000085300000| Untracked 
|  84|0x0000000085400000, 0x0000000085500000, 0x0000000085500000|100%| O|  |TAMS 0x0000000085500000, 0x0000000085400000| Untracked 
|  85|0x0000000085500000, 0x0000000085600000, 0x0000000085600000|100%| O|  |TAMS 0x0000000085600000, 0x0000000085500000| Untracked 
|  86|0x0000000085600000, 0x0000000085700000, 0x0000000085700000|100%| O|  |TAMS 0x0000000085700000, 0x0000000085600000| Untracked 
|  87|0x0000000085700000, 0x0000000085800000, 0x0000000085800000|100%| O|  |TAMS 0x0000000085800000, 0x0000000085700000| Untracked 
|  88|0x0000000085800000, 0x0000000085900000, 0x0000000085900000|100%| O|  |TAMS 0x0000000085900000, 0x0000000085800000| Untracked 
|  89|0x0000000085900000, 0x0000000085a00000, 0x0000000085a00000|100%| O|  |TAMS 0x0000000085a00000, 0x0000000085900000| Untracked 
|  90|0x0000000085a00000, 0x0000000085b00000, 0x0000000085b00000|100%| O|  |TAMS 0x0000000085b00000, 0x0000000085a00000| Untracked 
|  91|0x0000000085b00000, 0x0000000085c00000, 0x0000000085c00000|100%| O|  |TAMS 0x0000000085c00000, 0x0000000085b00000| Untracked 
|  92|0x0000000085c00000, 0x0000000085d00000, 0x0000000085d00000|100%| O|  |TAMS 0x0000000085d00000, 0x0000000085c00000| Untracked 
|  93|0x0000000085d00000, 0x0000000085e00000, 0x0000000085e00000|100%| O|  |TAMS 0x0000000085e00000, 0x0000000085d00000| Untracked 
|  94|0x0000000085e00000, 0x0000000085f00000, 0x0000000085f00000|100%| O|  |TAMS 0x0000000085f00000, 0x0000000085e00000| Untracked 
|  95|0x0000000085f00000, 0x0000000086000000, 0x0000000086000000|100%| O|  |TAMS 0x0000000086000000, 0x0000000085f00000| Untracked 
|  96|0x0000000086000000, 0x0000000086100000, 0x0000000086100000|100%| O|  |TAMS 0x0000000086100000, 0x0000000086000000| Untracked 
|  97|0x0000000086100000, 0x0000000086200000, 0x0000000086200000|100%| O|  |TAMS 0x0000000086200000, 0x0000000086100000| Untracked 
|  98|0x0000000086200000, 0x0000000086300000, 0x0000000086300000|100%| O|  |TAMS 0x0000000086300000, 0x0000000086200000| Untracked 
|  99|0x0000000086300000, 0x0000000086400000, 0x0000000086400000|100%| O|  |TAMS 0x0000000086400000, 0x0000000086300000| Untracked 
| 100|0x0000000086400000, 0x0000000086500000, 0x0000000086500000|100%| O|  |TAMS 0x0000000086500000, 0x0000000086400000| Untracked 
| 101|0x0000000086500000, 0x0000000086600000, 0x0000000086600000|100%| O|  |TAMS 0x0000000086600000, 0x0000000086500000| Untracked 
| 102|0x0000000086600000, 0x0000000086700000, 0x0000000086700000|100%| O|  |TAMS 0x0000000086700000, 0x0000000086600000| Untracked 
| 103|0x0000000086700000, 0x0000000086800000, 0x0000000086800000|100%| O|  |TAMS 0x0000000086800000, 0x0000000086700000| Untracked 
| 104|0x0000000086800000, 0x0000000086900000, 0x0000000086900000|100%| O|  |TAMS 0x0000000086900000, 0x0000000086800000| Untracked 
| 105|0x0000000086900000, 0x0000000086a00000, 0x0000000086a00000|100%| O|  |TAMS 0x0000000086a00000, 0x0000000086900000| Untracked 
| 106|0x0000000086a00000, 0x0000000086b00000, 0x0000000086b00000|100%| O|  |TAMS 0x0000000086b00000, 0x0000000086a00000| Untracked 
| 107|0x0000000086b00000, 0x0000000086c00000, 0x0000000086c00000|100%| O|  |TAMS 0x0000000086c00000, 0x0000000086b00000| Untracked 
| 108|0x0000000086c00000, 0x0000000086d00000, 0x0000000086d00000|100%| O|  |TAMS 0x0000000086d00000, 0x0000000086c00000| Untracked 
| 109|0x0000000086d00000, 0x0000000086e00000, 0x0000000086e00000|100%| O|  |TAMS 0x0000000086e00000, 0x0000000086d00000| Untracked 
| 110|0x0000000086e00000, 0x0000000086f00000, 0x0000000086f00000|100%| O|  |TAMS 0x0000000086f00000, 0x0000000086e00000| Untracked 
| 111|0x0000000086f00000, 0x0000000087000000, 0x0000000087000000|100%| O|  |TAMS 0x0000000087000000, 0x0000000086f00000| Untracked 
| 112|0x0000000087000000, 0x0000000087100000, 0x0000000087100000|100%| O|  |TAMS 0x0000000087100000, 0x0000000087000000| Untracked 
| 113|0x0000000087100000, 0x0000000087200000, 0x0000000087200000|100%| O|  |TAMS 0x0000000087200000, 0x0000000087100000| Untracked 
| 114|0x0000000087200000, 0x0000000087300000, 0x0000000087300000|100%| O|  |TAMS 0x0000000087235c00, 0x0000000087200000| Untracked 
| 115|0x0000000087300000, 0x0000000087317c00, 0x0000000087400000|  9%| O|  |TAMS 0x0000000087300000, 0x0000000087300000| Untracked 
| 116|0x0000000087400000, 0x0000000087400000, 0x0000000087500000|  0%| F|  |TAMS 0x0000000087400000, 0x0000000087400000| Untracked 
| 117|0x0000000087500000, 0x0000000087500000, 0x0000000087600000|  0%| F|  |TAMS 0x0000000087500000, 0x0000000087500000| Untracked 
| 118|0x0000000087600000, 0x0000000087600000, 0x0000000087700000|  0%| F|  |TAMS 0x0000000087600000, 0x0000000087600000| Untracked 
| 119|0x0000000087700000, 0x0000000087700000, 0x0000000087800000|  0%| F|  |TAMS 0x0000000087700000, 0x0000000087700000| Untracked 
| 120|0x0000000087800000, 0x0000000087800000, 0x0000000087900000|  0%| F|  |TAMS 0x0000000087800000, 0x0000000087800000| Untracked 
| 121|0x0000000087900000, 0x0000000087900000, 0x0000000087a00000|  0%| F|  |TAMS 0x0000000087900000, 0x0000000087900000| Untracked 
| 122|0x0000000087a00000, 0x0000000087a00000, 0x0000000087b00000|  0%| F|  |TAMS 0x0000000087a00000, 0x0000000087a00000| Untracked 
| 123|0x0000000087b00000, 0x0000000087b00000, 0x0000000087c00000|  0%| F|  |TAMS 0x0000000087b00000, 0x0000000087b00000| Untracked 
| 124|0x0000000087c00000, 0x0000000087c00000, 0x0000000087d00000|  0%| F|  |TAMS 0x0000000087c00000, 0x0000000087c00000| Untracked 
| 125|0x0000000087d00000, 0x0000000087d00000, 0x0000000087e00000|  0%| F|  |TAMS 0x0000000087d00000, 0x0000000087d00000| Untracked 
| 126|0x0000000087e00000, 0x0000000087e00000, 0x0000000087f00000|  0%| F|  |TAMS 0x0000000087e00000, 0x0000000087e00000| Untracked 
| 127|0x0000000087f00000, 0x0000000087f00000, 0x0000000088000000|  0%| F|  |TAMS 0x0000000087f00000, 0x0000000087f00000| Untracked 
| 128|0x0000000088000000, 0x0000000088000000, 0x0000000088100000|  0%| F|  |TAMS 0x0000000088000000, 0x0000000088000000| Untracked 
| 129|0x0000000088100000, 0x0000000088100000, 0x0000000088200000|  0%| F|  |TAMS 0x0000000088100000, 0x0000000088100000| Untracked 
| 130|0x0000000088200000, 0x0000000088200000, 0x0000000088300000|  0%| F|  |TAMS 0x0000000088200000, 0x0000000088200000| Untracked 
| 131|0x0000000088300000, 0x0000000088300000, 0x0000000088400000|  0%| F|  |TAMS 0x0000000088300000, 0x0000000088300000| Untracked 
| 132|0x0000000088400000, 0x0000000088400000, 0x0000000088500000|  0%| F|  |TAMS 0x0000000088400000, 0x0000000088400000| Untracked 
| 133|0x0000000088500000, 0x0000000088500000, 0x0000000088600000|  0%| F|  |TAMS 0x0000000088500000, 0x0000000088500000| Untracked 
| 134|0x0000000088600000, 0x0000000088600000, 0x0000000088700000|  0%| F|  |TAMS 0x0000000088600000, 0x0000000088600000| Untracked 
| 135|0x0000000088700000, 0x0000000088700000, 0x0000000088800000|  0%| F|  |TAMS 0x0000000088700000, 0x0000000088700000| Untracked 
| 136|0x0000000088800000, 0x0000000088800000, 0x0000000088900000|  0%| F|  |TAMS 0x0000000088800000, 0x0000000088800000| Untracked 
| 137|0x0000000088900000, 0x0000000088900000, 0x0000000088a00000|  0%| F|  |TAMS 0x0000000088900000, 0x0000000088900000| Untracked 
| 138|0x0000000088a00000, 0x0000000088a00000, 0x0000000088b00000|  0%| F|  |TAMS 0x0000000088a00000, 0x0000000088a00000| Untracked 
| 139|0x0000000088b00000, 0x0000000088b00000, 0x0000000088c00000|  0%| F|  |TAMS 0x0000000088b00000, 0x0000000088b00000| Untracked 
| 140|0x0000000088c00000, 0x0000000088c00000, 0x0000000088d00000|  0%| F|  |TAMS 0x0000000088c00000, 0x0000000088c00000| Untracked 
| 141|0x0000000088d00000, 0x0000000088d00000, 0x0000000088e00000|  0%| F|  |TAMS 0x0000000088d00000, 0x0000000088d00000| Untracked 
| 142|0x0000000088e00000, 0x0000000088e00000, 0x0000000088f00000|  0%| F|  |TAMS 0x0000000088e00000, 0x0000000088e00000| Untracked 
| 143|0x0000000088f00000, 0x0000000089000000, 0x0000000089000000|100%| S|CS|TAMS 0x0000000088f00000, 0x0000000088f00000| Complete 
| 144|0x0000000089000000, 0x0000000089000000, 0x0000000089100000|  0%| F|  |TAMS 0x0000000089000000, 0x0000000089000000| Untracked 
| 145|0x0000000089100000, 0x0000000089100000, 0x0000000089200000|  0%| F|  |TAMS 0x0000000089100000, 0x0000000089100000| Untracked 
| 146|0x0000000089200000, 0x0000000089200000, 0x0000000089300000|  0%| F|  |TAMS 0x0000000089200000, 0x0000000089200000| Untracked 
| 147|0x0000000089300000, 0x0000000089300000, 0x0000000089400000|  0%| F|  |TAMS 0x0000000089300000, 0x0000000089300000| Untracked 
| 148|0x0000000089400000, 0x0000000089500000, 0x0000000089500000|100%| S|CS|TAMS 0x0000000089400000, 0x0000000089400000| Complete 
| 149|0x0000000089500000, 0x0000000089600000, 0x0000000089600000|100%| S|CS|TAMS 0x0000000089500000, 0x0000000089500000| Complete 
| 150|0x0000000089600000, 0x0000000089700000, 0x0000000089700000|100%| S|CS|TAMS 0x0000000089600000, 0x0000000089600000| Complete 
| 151|0x0000000089700000, 0x0000000089800000, 0x0000000089800000|100%| S|CS|TAMS 0x0000000089700000, 0x0000000089700000| Complete 
| 152|0x0000000089800000, 0x0000000089800000, 0x0000000089900000|  0%| F|  |TAMS 0x0000000089800000, 0x0000000089800000| Untracked 
| 153|0x0000000089900000, 0x0000000089900000, 0x0000000089a00000|  0%| F|  |TAMS 0x0000000089900000, 0x0000000089900000| Untracked 
| 154|0x0000000089a00000, 0x0000000089a00000, 0x0000000089b00000|  0%| F|  |TAMS 0x0000000089a00000, 0x0000000089a00000| Untracked 
| 155|0x0000000089b00000, 0x0000000089b00000, 0x0000000089c00000|  0%| F|  |TAMS 0x0000000089b00000, 0x0000000089b00000| Untracked 
| 156|0x0000000089c00000, 0x0000000089c00000, 0x0000000089d00000|  0%| F|  |TAMS 0x0000000089c00000, 0x0000000089c00000| Untracked 
| 157|0x0000000089d00000, 0x0000000089d00000, 0x0000000089e00000|  0%| F|  |TAMS 0x0000000089d00000, 0x0000000089d00000| Untracked 
| 158|0x0000000089e00000, 0x0000000089e00000, 0x0000000089f00000|  0%| F|  |TAMS 0x0000000089e00000, 0x0000000089e00000| Untracked 
| 159|0x0000000089f00000, 0x0000000089f00000, 0x000000008a000000|  0%| F|  |TAMS 0x0000000089f00000, 0x0000000089f00000| Untracked 
| 160|0x000000008a000000, 0x000000008a000000, 0x000000008a100000|  0%| F|  |TAMS 0x000000008a000000, 0x000000008a000000| Untracked 
| 161|0x000000008a100000, 0x000000008a100000, 0x000000008a200000|  0%| F|  |TAMS 0x000000008a100000, 0x000000008a100000| Untracked 
| 162|0x000000008a200000, 0x000000008a200000, 0x000000008a300000|  0%| F|  |TAMS 0x000000008a200000, 0x000000008a200000| Untracked 
| 163|0x000000008a300000, 0x000000008a300000, 0x000000008a400000|  0%| F|  |TAMS 0x000000008a300000, 0x000000008a300000| Untracked 
| 164|0x000000008a400000, 0x000000008a400000, 0x000000008a500000|  0%| F|  |TAMS 0x000000008a400000, 0x000000008a400000| Untracked 
| 165|0x000000008a500000, 0x000000008a500000, 0x000000008a600000|  0%| F|  |TAMS 0x000000008a500000, 0x000000008a500000| Untracked 
| 166|0x000000008a600000, 0x000000008a600000, 0x000000008a700000|  0%| F|  |TAMS 0x000000008a600000, 0x000000008a600000| Untracked 
| 167|0x000000008a700000, 0x000000008a700000, 0x000000008a800000|  0%| F|  |TAMS 0x000000008a700000, 0x000000008a700000| Untracked 
| 168|0x000000008a800000, 0x000000008a800000, 0x000000008a900000|  0%| F|  |TAMS 0x000000008a800000, 0x000000008a800000| Untracked 
| 169|0x000000008a900000, 0x000000008a900000, 0x000000008aa00000|  0%| F|  |TAMS 0x000000008a900000, 0x000000008a900000| Untracked 
| 170|0x000000008aa00000, 0x000000008aa00000, 0x000000008ab00000|  0%| F|  |TAMS 0x000000008aa00000, 0x000000008aa00000| Untracked 
| 171|0x000000008ab00000, 0x000000008ab00000, 0x000000008ac00000|  0%| F|  |TAMS 0x000000008ab00000, 0x000000008ab00000| Untracked 
| 172|0x000000008ac00000, 0x000000008ac00000, 0x000000008ad00000|  0%| F|  |TAMS 0x000000008ac00000, 0x000000008ac00000| Untracked 
| 173|0x000000008ad00000, 0x000000008ad00000, 0x000000008ae00000|  0%| F|  |TAMS 0x000000008ad00000, 0x000000008ad00000| Untracked 
| 174|0x000000008ae00000, 0x000000008ae00000, 0x000000008af00000|  0%| F|  |TAMS 0x000000008ae00000, 0x000000008ae00000| Untracked 
| 175|0x000000008af00000, 0x000000008af00000, 0x000000008b000000|  0%| F|  |TAMS 0x000000008af00000, 0x000000008af00000| Untracked 
| 176|0x000000008b000000, 0x000000008b000000, 0x000000008b100000|  0%| F|  |TAMS 0x000000008b000000, 0x000000008b000000| Untracked 
| 177|0x000000008b100000, 0x000000008b100000, 0x000000008b200000|  0%| F|  |TAMS 0x000000008b100000, 0x000000008b100000| Untracked 
| 178|0x000000008b200000, 0x000000008b200000, 0x000000008b300000|  0%| F|  |TAMS 0x000000008b200000, 0x000000008b200000| Untracked 
| 179|0x000000008b300000, 0x000000008b300000, 0x000000008b400000|  0%| F|  |TAMS 0x000000008b300000, 0x000000008b300000| Untracked 
| 180|0x000000008b400000, 0x000000008b400000, 0x000000008b500000|  0%| F|  |TAMS 0x000000008b400000, 0x000000008b400000| Untracked 
| 181|0x000000008b500000, 0x000000008b500000, 0x000000008b600000|  0%| F|  |TAMS 0x000000008b500000, 0x000000008b500000| Untracked 
| 182|0x000000008b600000, 0x000000008b600000, 0x000000008b700000|  0%| F|  |TAMS 0x000000008b600000, 0x000000008b600000| Untracked 
| 183|0x000000008b700000, 0x000000008b700000, 0x000000008b800000|  0%| F|  |TAMS 0x000000008b700000, 0x000000008b700000| Untracked 
| 184|0x000000008b800000, 0x000000008b800000, 0x000000008b900000|  0%| F|  |TAMS 0x000000008b800000, 0x000000008b800000| Untracked 
| 185|0x000000008b900000, 0x000000008b900000, 0x000000008ba00000|  0%| F|  |TAMS 0x000000008b900000, 0x000000008b900000| Untracked 
| 186|0x000000008ba00000, 0x000000008ba00000, 0x000000008bb00000|  0%| F|  |TAMS 0x000000008ba00000, 0x000000008ba00000| Untracked 
| 187|0x000000008bb00000, 0x000000008bb00000, 0x000000008bc00000|  0%| F|  |TAMS 0x000000008bb00000, 0x000000008bb00000| Untracked 
| 188|0x000000008bc00000, 0x000000008bc00000, 0x000000008bd00000|  0%| F|  |TAMS 0x000000008bc00000, 0x000000008bc00000| Untracked 
| 189|0x000000008bd00000, 0x000000008bd00000, 0x000000008be00000|  0%| F|  |TAMS 0x000000008bd00000, 0x000000008bd00000| Untracked 
| 190|0x000000008be00000, 0x000000008be00000, 0x000000008bf00000|  0%| F|  |TAMS 0x000000008be00000, 0x000000008be00000| Untracked 
| 191|0x000000008bf00000, 0x000000008bf00000, 0x000000008c000000|  0%| F|  |TAMS 0x000000008bf00000, 0x000000008bf00000| Untracked 
| 192|0x000000008c000000, 0x000000008c000000, 0x000000008c100000|  0%| F|  |TAMS 0x000000008c000000, 0x000000008c000000| Untracked 
| 193|0x000000008c100000, 0x000000008c100000, 0x000000008c200000|  0%| F|  |TAMS 0x000000008c100000, 0x000000008c100000| Untracked 
| 194|0x000000008c200000, 0x000000008c200000, 0x000000008c300000|  0%| F|  |TAMS 0x000000008c200000, 0x000000008c200000| Untracked 
| 195|0x000000008c300000, 0x000000008c300000, 0x000000008c400000|  0%| F|  |TAMS 0x000000008c300000, 0x000000008c300000| Untracked 
| 196|0x000000008c400000, 0x000000008c400000, 0x000000008c500000|  0%| F|  |TAMS 0x000000008c400000, 0x000000008c400000| Untracked 
| 197|0x000000008c500000, 0x000000008c500000, 0x000000008c600000|  0%| F|  |TAMS 0x000000008c500000, 0x000000008c500000| Untracked 
| 198|0x000000008c600000, 0x000000008c600000, 0x000000008c700000|  0%| F|  |TAMS 0x000000008c600000, 0x000000008c600000| Untracked 
| 199|0x000000008c700000, 0x000000008c700000, 0x000000008c800000|  0%| F|  |TAMS 0x000000008c700000, 0x000000008c700000| Untracked 
| 200|0x000000008c800000, 0x000000008c800000, 0x000000008c900000|  0%| F|  |TAMS 0x000000008c800000, 0x000000008c800000| Untracked 
| 201|0x000000008c900000, 0x000000008c900000, 0x000000008ca00000|  0%| F|  |TAMS 0x000000008c900000, 0x000000008c900000| Untracked 
| 202|0x000000008ca00000, 0x000000008ca00000, 0x000000008cb00000|  0%| F|  |TAMS 0x000000008ca00000, 0x000000008ca00000| Untracked 
| 203|0x000000008cb00000, 0x000000008cb00000, 0x000000008cc00000|  0%| F|  |TAMS 0x000000008cb00000, 0x000000008cb00000| Untracked 
| 204|0x000000008cc00000, 0x000000008cc00000, 0x000000008cd00000|  0%| F|  |TAMS 0x000000008cc00000, 0x000000008cc00000| Untracked 
| 205|0x000000008cd00000, 0x000000008cd00000, 0x000000008ce00000|  0%| F|  |TAMS 0x000000008cd00000, 0x000000008cd00000| Untracked 
| 206|0x000000008ce00000, 0x000000008ce00000, 0x000000008cf00000|  0%| F|  |TAMS 0x000000008ce00000, 0x000000008ce00000| Untracked 
| 207|0x000000008cf00000, 0x000000008cf00000, 0x000000008d000000|  0%| F|  |TAMS 0x000000008cf00000, 0x000000008cf00000| Untracked 
| 208|0x000000008d000000, 0x000000008d000000, 0x000000008d100000|  0%| F|  |TAMS 0x000000008d000000, 0x000000008d000000| Untracked 
| 209|0x000000008d100000, 0x000000008d100000, 0x000000008d200000|  0%| F|  |TAMS 0x000000008d100000, 0x000000008d100000| Untracked 
| 210|0x000000008d200000, 0x000000008d200000, 0x000000008d300000|  0%| F|  |TAMS 0x000000008d200000, 0x000000008d200000| Untracked 
| 211|0x000000008d300000, 0x000000008d300000, 0x000000008d400000|  0%| F|  |TAMS 0x000000008d300000, 0x000000008d300000| Untracked 
| 212|0x000000008d400000, 0x000000008d400000, 0x000000008d500000|  0%| F|  |TAMS 0x000000008d400000, 0x000000008d400000| Untracked 
| 213|0x000000008d500000, 0x000000008d500000, 0x000000008d600000|  0%| F|  |TAMS 0x000000008d500000, 0x000000008d500000| Untracked 
| 214|0x000000008d600000, 0x000000008d600000, 0x000000008d700000|  0%| F|  |TAMS 0x000000008d600000, 0x000000008d600000| Untracked 
| 215|0x000000008d700000, 0x000000008d700000, 0x000000008d800000|  0%| F|  |TAMS 0x000000008d700000, 0x000000008d700000| Untracked 
| 216|0x000000008d800000, 0x000000008d800000, 0x000000008d900000|  0%| F|  |TAMS 0x000000008d800000, 0x000000008d800000| Untracked 
| 217|0x000000008d900000, 0x000000008d900000, 0x000000008da00000|  0%| F|  |TAMS 0x000000008d900000, 0x000000008d900000| Untracked 
| 218|0x000000008da00000, 0x000000008da00000, 0x000000008db00000|  0%| F|  |TAMS 0x000000008da00000, 0x000000008da00000| Untracked 
| 219|0x000000008db00000, 0x000000008db00000, 0x000000008dc00000|  0%| F|  |TAMS 0x000000008db00000, 0x000000008db00000| Untracked 
| 220|0x000000008dc00000, 0x000000008dc00000, 0x000000008dd00000|  0%| F|  |TAMS 0x000000008dc00000, 0x000000008dc00000| Untracked 
| 221|0x000000008dd00000, 0x000000008dd00000, 0x000000008de00000|  0%| F|  |TAMS 0x000000008dd00000, 0x000000008dd00000| Untracked 
| 222|0x000000008de00000, 0x000000008de00000, 0x000000008df00000|  0%| F|  |TAMS 0x000000008de00000, 0x000000008de00000| Untracked 
| 223|0x000000008df00000, 0x000000008df00000, 0x000000008e000000|  0%| F|  |TAMS 0x000000008df00000, 0x000000008df00000| Untracked 
| 224|0x000000008e000000, 0x000000008e000000, 0x000000008e100000|  0%| F|  |TAMS 0x000000008e000000, 0x000000008e000000| Untracked 
| 225|0x000000008e100000, 0x000000008e100000, 0x000000008e200000|  0%| F|  |TAMS 0x000000008e100000, 0x000000008e100000| Untracked 
| 226|0x000000008e200000, 0x000000008e200000, 0x000000008e300000|  0%| F|  |TAMS 0x000000008e200000, 0x000000008e200000| Untracked 
| 227|0x000000008e300000, 0x000000008e300000, 0x000000008e400000|  0%| F|  |TAMS 0x000000008e300000, 0x000000008e300000| Untracked 

Card table byte_map: [0x0000023eb66d0000,0x0000023eb6ad0000] _byte_map_base: 0x0000023eb62d0000

Marking Bits (Prev, Next): (CMBitMap*) 0x0000023ea19e46c0, (CMBitMap*) 0x0000023ea19e4688
 Prev Bits: [0x0000023eb8ed0000, 0x0000023ebaed0000)
 Next Bits: [0x0000023eb6ed0000, 0x0000023eb8ed0000)

Polling page: 0x0000023ea1a80000

Metaspace:

Usage:
  Non-class:     83.90 MB capacity,    82.42 MB ( 98%) used,     1.20 MB (  1%) free+waste,   288.06 KB ( <1%) overhead. 
      Class:     13.16 MB capacity,    12.27 MB ( 93%) used,   786.22 KB (  6%) free+waste,   128.44 KB ( <1%) overhead. 
       Both:     97.06 MB capacity,    94.69 MB ( 98%) used,     1.96 MB (  2%) free+waste,   416.50 KB ( <1%) overhead. 

Virtual space:
  Non-class space:       86.00 MB reserved,      84.25 MB ( 98%) committed 
      Class space:        1.00 GB reserved,      13.25 MB (  1%) committed 
             Both:        1.08 GB reserved,      97.50 MB (  9%) committed 

Chunk freelists:
   Non-Class:  165.00 KB
       Class:  93.00 KB
        Both:  258.00 KB

MaxMetaspaceSize: 17179869184.00 GB
CompressedClassSpaceSize: 1.00 GB

CodeHeap 'non-profiled nmethods': size=120064Kb used=8890Kb max_used=8890Kb free=111173Kb
 bounds [0x0000023eae760000, 0x0000023eaf010000, 0x0000023eb5ca0000]
CodeHeap 'profiled nmethods': size=120000Kb used=32668Kb max_used=32668Kb free=87331Kb
 bounds [0x0000023ea7230000, 0x0000023ea9220000, 0x0000023eae760000]
CodeHeap 'non-nmethods': size=5696Kb used=2307Kb max_used=2370Kb free=3389Kb
 bounds [0x0000023ea6ca0000, 0x0000023ea6f10000, 0x0000023ea7230000]
 total_blobs=14902 nmethods=13989 adapters=822
 compilation: enabled
              stopped_count=0, restarted_count=0
 full_count=0

Compilation events (20 events):
Event: 105.182 Thread 0x0000023ebd55a000 14205       2       com.android.tools.r8.internal.sp::iterator (5 bytes)
Event: 105.182 Thread 0x0000023ebd55a000 nmethod 14205 0x0000023ea7231790 code [0x0000023ea7231940, 0x0000023ea7231a48]
Event: 105.182 Thread 0x0000023ebd55a000 14206       2       com.android.tools.r8.internal.rp::<init> (15 bytes)
Event: 105.182 Thread 0x0000023ebd55a000 nmethod 14206 0x0000023ea9208a90 code [0x0000023ea9208c40, 0x0000023ea9208dd8]
Event: 105.182 Thread 0x0000023ebd55a000 14207       2       com.android.tools.r8.graph.E$a::hashCode (21 bytes)
Event: 105.182 Thread 0x0000023ebd55a000 nmethod 14207 0x0000023ea7243510 code [0x0000023ea72436c0, 0x0000023ea72437d8]
Event: 105.253 Thread 0x0000023ebd55a000 14209       2       com.android.tools.r8.internal.ja::b (66 bytes)
Event: 105.254 Thread 0x0000023ebd55a000 nmethod 14209 0x0000023ea9208e90 code [0x0000023ea92090c0, 0x0000023ea9209478]
Event: 105.256 Thread 0x0000023ebd55a000 14210       3       com.android.tools.r8.internal.Me::y (44 bytes)
Event: 105.256 Thread 0x0000023ebd55a000 nmethod 14210 0x0000023ea9209710 code [0x0000023ea9209920, 0x0000023ea9209e88]
Event: 105.268 Thread 0x0000023ebd55a000 14211       3       com.android.tools.r8.internal.E7::a (679 bytes)
Event: 105.275 Thread 0x0000023ebd55a000 nmethod 14211 0x0000023ea920a090 code [0x0000023ea920aac0, 0x0000023ea92119a8]
Event: 105.281 Thread 0x0000023ebd55a000 14212       1       com.android.tools.r8.internal.ev::a2 (3 bytes)
Event: 105.281 Thread 0x0000023ebd55a000 nmethod 14212 0x0000023eaf00e890 code [0x0000023eaf00ea40, 0x0000023eaf00eaf8]
Event: 105.311 Thread 0x0000023ebd55a000 14214       2       com.android.tools.r8.internal.Ca::V0 (25 bytes)
Event: 105.311 Thread 0x0000023ebd55a000 nmethod 14214 0x0000023ea9213f90 code [0x0000023ea9214140, 0x0000023ea9214278]
Event: 105.351 Thread 0x0000023ebd55a000 14215       3       com.android.tools.r8.ir.regalloc.e::<init> (124 bytes)
Event: 105.353 Thread 0x0000023ebd55a000 nmethod 14215 0x0000023ea9214310 code [0x0000023ea9214700, 0x0000023ea9216538]
Event: 105.401 Thread 0x0000023ebd55a000 14217       2       com.android.tools.r8.internal.te::a (15 bytes)
Event: 105.401 Thread 0x0000023ebd55a000 nmethod 14217 0x0000023ea9217110 code [0x0000023ea92172c0, 0x0000023ea92173d8]

GC Heap History (20 events):
Event: 100.181 GC heap after
{Heap after GC invocations=112 (full 0):
 garbage-first heap   total 233472K, used 119590K [0x0000000080000000, 0x0000000100000000)
  region size 1024K, 3 young (3072K), 3 survivors (3072K)
 Metaspace       used 96582K, capacity 98978K, committed 99328K, reserved 1134592K
  class space    used 12526K, capacity 13428K, committed 13568K, reserved 1048576K
}
Event: 100.648 GC heap before
{Heap before GC invocations=112 (full 0):
 garbage-first heap   total 233472K, used 184102K [0x0000000080000000, 0x0000000100000000)
  region size 1024K, 66 young (67584K), 3 survivors (3072K)
 Metaspace       used 96690K, capacity 99093K, committed 99584K, reserved 1134592K
  class space    used 12541K, capacity 13464K, committed 13568K, reserved 1048576K
}
Event: 100.655 GC heap after
{Heap after GC invocations=113 (full 0):
 garbage-first heap   total 233472K, used 120573K [0x0000000080000000, 0x0000000100000000)
  region size 1024K, 4 young (4096K), 4 survivors (4096K)
 Metaspace       used 96690K, capacity 99093K, committed 99584K, reserved 1134592K
  class space    used 12541K, capacity 13464K, committed 13568K, reserved 1048576K
}
Event: 101.254 GC heap before
{Heap before GC invocations=114 (full 0):
 garbage-first heap   total 233472K, used 187133K [0x0000000080000000, 0x0000000100000000)
  region size 1024K, 69 young (70656K), 4 survivors (4096K)
 Metaspace       used 96728K, capacity 99158K, committed 99584K, reserved 1134592K
  class space    used 12542K, capacity 13464K, committed 13568K, reserved 1048576K
}
Event: 101.263 GC heap after
{Heap after GC invocations=115 (full 0):
 garbage-first heap   total 233472K, used 119452K [0x0000000080000000, 0x0000000100000000)
  region size 1024K, 3 young (3072K), 3 survivors (3072K)
 Metaspace       used 96728K, capacity 99158K, committed 99584K, reserved 1134592K
  class space    used 12542K, capacity 13464K, committed 13568K, reserved 1048576K
}
Event: 101.612 GC heap before
{Heap before GC invocations=115 (full 0):
 garbage-first heap   total 233472K, used 192156K [0x0000000080000000, 0x0000000100000000)
  region size 1024K, 74 young (75776K), 3 survivors (3072K)
 Metaspace       used 96761K, capacity 99167K, committed 99584K, reserved 1134592K
  class space    used 12543K, capacity 13466K, committed 13568K, reserved 1048576K
}
Event: 101.620 GC heap after
{Heap after GC invocations=116 (full 0):
 garbage-first heap   total 233472K, used 120387K [0x0000000080000000, 0x0000000100000000)
  region size 1024K, 4 young (4096K), 4 survivors (4096K)
 Metaspace       used 96761K, capacity 99167K, committed 99584K, reserved 1134592K
  class space    used 12543K, capacity 13466K, committed 13568K, reserved 1048576K
}
Event: 102.237 GC heap before
{Heap before GC invocations=117 (full 0):
 garbage-first heap   total 233472K, used 194115K [0x0000000080000000, 0x0000000100000000)
  region size 1024K, 76 young (77824K), 4 survivors (4096K)
 Metaspace       used 96840K, capacity 99299K, committed 99584K, reserved 1134592K
  class space    used 12547K, capacity 13467K, committed 13568K, reserved 1048576K
}
Event: 102.249 GC heap after
{Heap after GC invocations=118 (full 0):
 garbage-first heap   total 233472K, used 120606K [0x0000000080000000, 0x0000000100000000)
  region size 1024K, 4 young (4096K), 4 survivors (4096K)
 Metaspace       used 96840K, capacity 99299K, committed 99584K, reserved 1134592K
  class space    used 12547K, capacity 13467K, committed 13568K, reserved 1048576K
}
Event: 102.569 GC heap before
{Heap before GC invocations=118 (full 0):
 garbage-first heap   total 233472K, used 197406K [0x0000000080000000, 0x0000000100000000)
  region size 1024K, 79 young (80896K), 4 survivors (4096K)
 Metaspace       used 96874K, capacity 99310K, committed 99584K, reserved 1134592K
  class space    used 12555K, capacity 13471K, committed 13568K, reserved 1048576K
}
Event: 102.587 GC heap after
{Heap after GC invocations=119 (full 0):
 garbage-first heap   total 233472K, used 121687K [0x0000000080000000, 0x0000000100000000)
  region size 1024K, 5 young (5120K), 5 survivors (5120K)
 Metaspace       used 96874K, capacity 99310K, committed 99584K, reserved 1134592K
  class space    used 12555K, capacity 13471K, committed 13568K, reserved 1048576K
}
Event: 103.274 GC heap before
{Heap before GC invocations=120 (full 0):
 garbage-first heap   total 233472K, used 198487K [0x0000000080000000, 0x0000000100000000)
  region size 1024K, 80 young (81920K), 5 survivors (5120K)
 Metaspace       used 96897K, capacity 99375K, committed 99840K, reserved 1136640K
  class space    used 12558K, capacity 13471K, committed 13568K, reserved 1048576K
}
Event: 103.287 GC heap after
{Heap after GC invocations=121 (full 0):
 garbage-first heap   total 233472K, used 121667K [0x0000000080000000, 0x0000000100000000)
  region size 1024K, 5 young (5120K), 5 survivors (5120K)
 Metaspace       used 96897K, capacity 99375K, committed 99840K, reserved 1136640K
  class space    used 12558K, capacity 13471K, committed 13568K, reserved 1048576K
}
Event: 103.660 GC heap before
{Heap before GC invocations=121 (full 0):
 garbage-first heap   total 233472K, used 198467K [0x0000000080000000, 0x0000000100000000)
  region size 1024K, 80 young (81920K), 5 survivors (5120K)
 Metaspace       used 96914K, capacity 99376K, committed 99840K, reserved 1136640K
  class space    used 12558K, capacity 13471K, committed 13568K, reserved 1048576K
}
Event: 103.670 GC heap after
{Heap after GC invocations=122 (full 0):
 garbage-first heap   total 233472K, used 122686K [0x0000000080000000, 0x0000000100000000)
  region size 1024K, 6 young (6144K), 6 survivors (6144K)
 Metaspace       used 96914K, capacity 99376K, committed 99840K, reserved 1136640K
  class space    used 12558K, capacity 13471K, committed 13568K, reserved 1048576K
}
Event: 104.322 GC heap before
{Heap before GC invocations=123 (full 0):
 garbage-first heap   total 233472K, used 200510K [0x0000000080000000, 0x0000000100000000)
  region size 1024K, 82 young (83968K), 6 survivors (6144K)
 Metaspace       used 96947K, capacity 99388K, committed 99840K, reserved 1136640K
  class space    used 12560K, capacity 13475K, committed 13568K, reserved 1048576K
}
Event: 104.336 GC heap after
{Heap after GC invocations=124 (full 0):
 garbage-first heap   total 233472K, used 122803K [0x0000000080000000, 0x0000000100000000)
  region size 1024K, 6 young (6144K), 6 survivors (6144K)
 Metaspace       used 96947K, capacity 99388K, committed 99840K, reserved 1136640K
  class space    used 12560K, capacity 13475K, committed 13568K, reserved 1048576K
}
Event: 104.789 GC heap before
{Heap before GC invocations=124 (full 0):
 garbage-first heap   total 233472K, used 201651K [0x0000000080000000, 0x0000000100000000)
  region size 1024K, 83 young (84992K), 6 survivors (6144K)
 Metaspace       used 96957K, capacity 99390K, committed 99840K, reserved 1136640K
  class space    used 12560K, capacity 13475K, committed 13568K, reserved 1048576K
}
Event: 104.801 GC heap after
{Heap after GC invocations=125 (full 0):
 garbage-first heap   total 233472K, used 123852K [0x0000000080000000, 0x0000000100000000)
  region size 1024K, 7 young (7168K), 7 survivors (7168K)
 Metaspace       used 96957K, capacity 99390K, committed 99840K, reserved 1136640K
  class space    used 12560K, capacity 13475K, committed 13568K, reserved 1048576K
}
Event: 105.405 GC heap before
{Heap before GC invocations=126 (full 0):
 garbage-first heap   total 233472K, used 201676K [0x0000000080000000, 0x0000000100000000)
  region size 1024K, 83 young (84992K), 7 survivors (7168K)
 Metaspace       used 96962K, capacity 99390K, committed 99840K, reserved 1136640K
  class space    used 12560K, capacity 13475K, committed 13568K, reserved 1048576K
}

Deoptimization events (20 events):
Event: 104.829 Thread 0x0000023ec0549800 Uncommon trap: trap_request=0xffffff76 fr.pc=0x0000023eaeff528c relative=0x000000000000504c
Event: 104.829 Thread 0x0000023ec0549800 Uncommon trap: reason=loop_limit_check action=maybe_recompile pc=0x0000023eaeff528c method=com.android.tools.r8.graph.H.a(IILcom/android/tools/r8/internal/Fg;)V @ 299 c2
Event: 104.852 Thread 0x0000023ec0549800 DEOPT PACKING pc=0x0000023eaeff528c sp=0x0000007bd0bf9830
Event: 104.852 Thread 0x0000023ec0549800 DEOPT UNPACKING pc=0x0000023ea6cc78af sp=0x0000007bd0bf9870 mode 2
Event: 104.868 Thread 0x0000023ec0549800 DEOPT PACKING pc=0x0000023ea8e3073d sp=0x0000007bd0bf9850
Event: 104.868 Thread 0x0000023ec0549800 DEOPT UNPACKING pc=0x0000023ea6cc76ce sp=0x0000007bd0bf8cf8 mode 0
Event: 104.900 Thread 0x0000023ec0548800 DEOPT PACKING pc=0x0000023ea8ee17cd sp=0x0000007bd0af9240
Event: 104.900 Thread 0x0000023ec0548800 DEOPT UNPACKING pc=0x0000023ea6cc76ce sp=0x0000007bd0af8868 mode 0
Event: 105.082 Thread 0x0000023ec0548800 DEOPT PACKING pc=0x0000023ea8db2043 sp=0x0000007bd0af9350
Event: 105.082 Thread 0x0000023ec0548800 DEOPT UNPACKING pc=0x0000023ea6cc76ce sp=0x0000007bd0af87e0 mode 0
Event: 105.162 Thread 0x0000023ec0549800 DEOPT PACKING pc=0x0000023ea8e3c7b1 sp=0x0000007bd0bf91a0
Event: 105.162 Thread 0x0000023ec0549800 DEOPT UNPACKING pc=0x0000023ea6cc76ce sp=0x0000007bd0bf85b0 mode 0
Event: 105.247 Thread 0x0000023ec0549800 Uncommon trap: trap_request=0xffffffd6 fr.pc=0x0000023eaefb1df0 relative=0x0000000000001bf0
Event: 105.247 Thread 0x0000023ec0549800 Uncommon trap: reason=array_check action=maybe_recompile pc=0x0000023eaefb1df0 method=java.util.TimSort.reverseRange([Ljava/lang/Object;II)V @ 20 c2
Event: 105.247 Thread 0x0000023ec0549800 DEOPT PACKING pc=0x0000023eaefb1df0 sp=0x0000007bd0bf9320
Event: 105.247 Thread 0x0000023ec0549800 DEOPT UNPACKING pc=0x0000023ea6cc78af sp=0x0000007bd0bf91d8 mode 2
Event: 105.247 Thread 0x0000023ec0549800 Uncommon trap: trap_request=0xffffffd6 fr.pc=0x0000023eaed134cc relative=0x000000000000078c
Event: 105.247 Thread 0x0000023ec0549800 Uncommon trap: reason=array_check action=maybe_recompile pc=0x0000023eaed134cc method=java.util.TimSort.binarySort([Ljava/lang/Object;IIILjava/util/Comparator;)V @ 193 c2
Event: 105.247 Thread 0x0000023ec0549800 DEOPT PACKING pc=0x0000023eaed134cc sp=0x0000007bd0bf9250
Event: 105.247 Thread 0x0000023ec0549800 DEOPT UNPACKING pc=0x0000023ea6cc78af sp=0x0000007bd0bf9220 mode 2

Classes redefined (0 events):
No events

Internal exceptions (20 events):
Event: 76.959 Thread 0x0000023ec2a57800 Exception <a 'java/lang/NoSuchMethodError'{0x000000008e0dbd70}: 'java.lang.Object java.lang.invoke.Invokers$Holder.linkToTargetMethod(java.lang.Object, long, java.lang.Object)'> (0x000000008e0dbd70) thrown at [./src/hotspot/share/interpreter/linkResolver.cpp, line 773]
Event: 79.465 Thread 0x0000023ec0549800 Exception <a 'java/lang/NoSuchMethodError'{0x000000008cd6a7f8}: 'int java.lang.invoke.DirectMethodHandle$Holder.invokeVirtual(java.lang.Object, java.lang.Object, java.lang.Object, java.lang.Object)'> (0x000000008cd6a7f8) thrown at [./src/hotspot/share/interpreter/linkResolver.cpp, line 773]
Event: 79.465 Thread 0x0000023ec0548800 Exception <a 'java/lang/NoSuchMethodError'{0x000000008cf3dfc0}: 'int java.lang.invoke.DirectMethodHandle$Holder.invokeVirtual(java.lang.Object, java.lang.Object, java.lang.Object, java.lang.Object)'> (0x000000008cf3dfc0) thrown at [./src/hotspot/share/interpreter/linkResolver.cpp, line 773]
Event: 79.944 Thread 0x0000023ec0549800 Exception <a 'java/lang/NoSuchMethodError'{0x000000008cc29228}: 'void java.lang.invoke.DirectMethodHandle$Holder.invokeStatic(java.lang.Object, java.lang.Object, java.lang.Object, int)'> (0x000000008cc29228) thrown at [./src/hotspot/share/interpreter/linkResolver.cpp, line 773]
Event: 79.944 Thread 0x0000023ec0548800 Exception <a 'java/lang/NoSuchMethodError'{0x000000008ccf4cc8}: 'void java.lang.invoke.DirectMethodHandle$Holder.invokeStatic(java.lang.Object, java.lang.Object, java.lang.Object, int)'> (0x000000008ccf4cc8) thrown at [./src/hotspot/share/interpreter/linkResolver.cpp, line 773]
Event: 79.946 Thread 0x0000023ec0548800 Exception <a 'java/lang/IncompatibleClassChangeError'{0x000000008ccfe8c8}: Found class java.lang.Object, but interface was expected> (0x000000008ccfe8c8) thrown at [./src/hotspot/share/interpreter/linkResolver.cpp, line 839]
Event: 79.946 Thread 0x0000023ec0549800 Exception <a 'java/lang/IncompatibleClassChangeError'{0x000000008cc2f530}: Found class java.lang.Object, but interface was expected> (0x000000008cc2f530) thrown at [./src/hotspot/share/interpreter/linkResolver.cpp, line 839]
Event: 80.354 Thread 0x0000023ec0548800 Exception <a 'java/lang/NoSuchMethodError'{0x000000008cb1e708}: 'int java.lang.invoke.DirectMethodHandle$Holder.invokeVirtual(java.lang.Object, java.lang.Object, java.lang.Object)'> (0x000000008cb1e708) thrown at [./src/hotspot/share/interpreter/linkResolver.cpp, line 773]
Event: 83.428 Thread 0x0000023ec0549800 Exception <a 'java/lang/NoSuchMethodError'{0x000000008d113590}: 'java.lang.Object java.lang.invoke.Invokers$Holder.linkToTargetMethod(java.lang.Object, java.lang.Object, java.lang.Object, java.lang.Object, java.lang.Object, java.lang.Object, java.lang.Object)'> (0x000000008d113590) thrown at [./src/hotspot/share/interpreter/linkResolver.cpp, line 773]
Event: 83.428 Thread 0x0000023ec0548800 Exception <a 'java/lang/NoSuchMethodError'{0x000000008d2b8ef0}: 'java.lang.Object java.lang.invoke.Invokers$Holder.linkToTargetMethod(java.lang.Object, java.lang.Object, java.lang.Object, java.lang.Object, java.lang.Object, java.lang.Object, java.lang.Object)'> (0x000000008d2b8ef0) thrown at [./src/hotspot/share/interpreter/linkResolver.cpp, line 773]
Event: 86.131 Thread 0x0000023ec0549800 Exception <a 'java/lang/NoSuchMethodError'{0x000000008cff1c80}: 'java.lang.Object java.lang.invoke.DirectMethodHandle$Holder.invokeVirtual(java.lang.Object, java.lang.Object, int, java.lang.Object)'> (0x000000008cff1c80) thrown at [./src/hotspot/share/interpreter/linkResolver.cpp, line 773]
Event: 86.131 Thread 0x0000023ec0548800 Exception <a 'java/lang/NoSuchMethodError'{0x000000008cfe3898}: 'java.lang.Object java.lang.invoke.DirectMethodHandle$Holder.invokeVirtual(java.lang.Object, java.lang.Object, int, java.lang.Object)'> (0x000000008cfe3898) thrown at [./src/hotspot/share/interpreter/linkResolver.cpp, line 773]
Event: 89.901 Thread 0x0000023ec0548800 Exception <a 'java/lang/IncompatibleClassChangeError'{0x000000008cd6c9f0}: Found class java.lang.Object, but interface was expected> (0x000000008cd6c9f0) thrown at [./src/hotspot/share/interpreter/linkResolver.cpp, line 839]
Event: 89.902 Thread 0x0000023ec0548800 Exception <a 'java/lang/IncompatibleClassChangeError'{0x000000008cdd2b10}: Found class java.lang.Object, but interface was expected> (0x000000008cdd2b10) thrown at [./src/hotspot/share/interpreter/linkResolver.cpp, line 839]
Event: 91.137 Thread 0x0000023ec0549800 Exception <a 'java/lang/NoSuchMethodError'{0x000000008cc1cdb0}: 'void java.lang.invoke.DirectMethodHandle$Holder.invokeVirtual(java.lang.Object, java.lang.Object, int, java.lang.Object)'> (0x000000008cc1cdb0) thrown at [./src/hotspot/share/interpreter/linkResolver.cpp, line 773]
Event: 95.782 Thread 0x0000023ec0548800 Exception <a 'java/lang/NoSuchMethodError'{0x000000008c752f68}: 'java.lang.Object java.lang.invoke.DirectMethodHandle$Holder.newInvokeSpecial(java.lang.Object, int)'> (0x000000008c752f68) thrown at [./src/hotspot/share/interpreter/linkResolver.cpp, line 773]
Event: 95.782 Thread 0x0000023ec0549800 Exception <a 'java/lang/NoSuchMethodError'{0x000000008c7ac1f0}: 'java.lang.Object java.lang.invoke.DirectMethodHandle$Holder.newInvokeSpecial(java.lang.Object, int)'> (0x000000008c7ac1f0) thrown at [./src/hotspot/share/interpreter/linkResolver.cpp, line 773]
Event: 96.271 Thread 0x0000023ec0549800 Exception <a 'java/lang/NoSuchMethodError'{0x000000008c3dea88}: 'java.lang.Object java.lang.invoke.DirectMethodHandle$Holder.invokeInterface(java.lang.Object, java.lang.Object, int)'> (0x000000008c3dea88) thrown at [./src/hotspot/share/interpreter/linkResolver.cpp, line 773]
Event: 97.174 Thread 0x0000023ec0548800 Implicit null exception at 0x0000023eae9cf16b to 0x0000023eae9cf18c
Event: 98.804 Thread 0x0000023ec0549800 Exception <a 'java/lang/NoSuchMethodError'{0x000000008cae6b78}: 'int java.lang.invoke.DirectMethodHandle$Holder.invokeInterface(java.lang.Object, java.lang.Object, int)'> (0x000000008cae6b78) thrown at [./src/hotspot/share/interpreter/linkResolver.cpp, line 773]

Events (20 events):
Event: 104.123 loading class com/android/tools/r8/code/W0 done
Event: 104.123 loading class com/android/tools/r8/code/W0
Event: 104.123 loading class com/android/tools/r8/code/W0 done
Event: 104.123 loading class com/android/tools/r8/code/W0
Event: 104.123 loading class com/android/tools/r8/code/W0 done
Event: 104.201 Executing VM operation: CGC_Operation
Event: 104.202 Executing VM operation: CGC_Operation done
Event: 104.322 Executing VM operation: G1CollectForAllocation
Event: 104.336 Executing VM operation: G1CollectForAllocation done
Event: 104.789 Executing VM operation: G1CollectForAllocation
Event: 104.801 Executing VM operation: G1CollectForAllocation done
Event: 104.834 Thread 0x0000023ebd562800 flushing nmethod 0x0000023ea7230010
Event: 104.834 Thread 0x0000023ebd562800 flushing nmethod 0x0000023ea7231510
Event: 104.834 Thread 0x0000023ebd562800 flushing nmethod 0x0000023ea7231890
Event: 104.834 Thread 0x0000023ebd562800 flushing nmethod 0x0000023ea7243510
Event: 105.137 Executing VM operation: CGC_Operation
Event: 105.157 Executing VM operation: CGC_Operation done
Event: 105.326 Executing VM operation: CGC_Operation
Event: 105.327 Executing VM operation: CGC_Operation done
Event: 105.405 Executing VM operation: G1CollectForAllocation


Dynamic libraries:
0x00007ff6b6fa0000 - 0x00007ff6b6faa000 	D:\Software\Android Studio\jre\bin\java.exe
0x00007ffdf6d10000 - 0x00007ffdf6f05000 	C:\Windows\SYSTEM32\ntdll.dll
0x00007ffdf6810000 - 0x00007ffdf68ce000 	C:\Windows\System32\KERNEL32.DLL
0x00007ffdf4740000 - 0x00007ffdf4a08000 	C:\Windows\System32\KERNELBASE.dll
0x00007ffdf45b0000 - 0x00007ffdf46b0000 	C:\Windows\System32\ucrtbase.dll
0x00007ffddba20000 - 0x00007ffddba37000 	D:\Software\Android Studio\jre\bin\VCRUNTIME140.dll
0x00007ffddb430000 - 0x00007ffddb449000 	D:\Software\Android Studio\jre\bin\jli.dll
0x00007ffdf69b0000 - 0x00007ffdf6b50000 	C:\Windows\System32\USER32.dll
0x00007ffdf4be0000 - 0x00007ffdf4c02000 	C:\Windows\System32\win32u.dll
0x00007ffddbfa0000 - 0x00007ffddc23a000 	C:\Windows\WinSxS\amd64_microsoft.windows.common-controls_6595b64144ccf1df_6.0.19041.1110_none_60b5254171f9507e\COMCTL32.dll
0x00007ffdf6b50000 - 0x00007ffdf6bee000 	C:\Windows\System32\msvcrt.dll
0x00007ffdf5410000 - 0x00007ffdf543b000 	C:\Windows\System32\GDI32.dll
0x00007ffdf4420000 - 0x00007ffdf452d000 	C:\Windows\System32\gdi32full.dll
0x00007ffdf4cc0000 - 0x00007ffdf4d5d000 	C:\Windows\System32\msvcp_win.dll
0x00007ffdf67e0000 - 0x00007ffdf6810000 	C:\Windows\System32\IMM32.DLL
0x00007ffdd2df0000 - 0x00007ffdd2e8d000 	D:\Software\Android Studio\jre\bin\msvcp140.dll
0x00007ffd86c50000 - 0x00007ffd8771f000 	D:\Software\Android Studio\jre\bin\server\jvm.dll
0x00007ffdf6620000 - 0x00007ffdf66ce000 	C:\Windows\System32\ADVAPI32.dll
0x00007ffdf5440000 - 0x00007ffdf54dc000 	C:\Windows\System32\sechost.dll
0x00007ffdf4f80000 - 0x00007ffdf50a5000 	C:\Windows\System32\RPCRT4.dll
0x00007ffdf4e90000 - 0x00007ffdf4e98000 	C:\Windows\System32\PSAPI.DLL
0x00007ffdef480000 - 0x00007ffdef489000 	C:\Windows\SYSTEM32\WSOCK32.dll
0x00007ffdeb2b0000 - 0x00007ffdeb2ba000 	C:\Windows\SYSTEM32\VERSION.dll
0x00007ffdcfc10000 - 0x00007ffdcfc37000 	C:\Windows\SYSTEM32\WINMM.dll
0x00007ffdf5670000 - 0x00007ffdf56db000 	C:\Windows\System32\WS2_32.dll
0x00007ffdf2ca0000 - 0x00007ffdf2cb2000 	C:\Windows\SYSTEM32\kernel.appcore.dll
0x00007ffddaf50000 - 0x00007ffddaf61000 	D:\Software\Android Studio\jre\bin\verify.dll
0x00007ffdf2220000 - 0x00007ffdf2404000 	C:\Windows\SYSTEM32\DBGHELP.DLL
0x00007ffde34f0000 - 0x00007ffde351c000 	C:\Windows\SYSTEM32\dbgcore.DLL
0x00007ffdf46b0000 - 0x00007ffdf4732000 	C:\Windows\System32\bcryptPrimitives.dll
0x00007ffdd3140000 - 0x00007ffdd3169000 	D:\Software\Android Studio\jre\bin\java.dll
0x00007ffdef470000 - 0x00007ffdef47b000 	D:\Software\Android Studio\jre\bin\jimage.dll
0x00007ffdd30b0000 - 0x00007ffdd30c8000 	D:\Software\Android Studio\jre\bin\zip.dll
0x00007ffdf5790000 - 0x00007ffdf5ed4000 	C:\Windows\System32\SHELL32.dll
0x00007ffdf24f0000 - 0x00007ffdf2c84000 	C:\Windows\SYSTEM32\windows.storage.dll
0x00007ffdf50b0000 - 0x00007ffdf5405000 	C:\Windows\System32\combase.dll
0x00007ffdf3e70000 - 0x00007ffdf3e9e000 	C:\Windows\SYSTEM32\Wldp.dll
0x00007ffdf6570000 - 0x00007ffdf661d000 	C:\Windows\System32\SHCORE.dll
0x00007ffdf54e0000 - 0x00007ffdf5535000 	C:\Windows\System32\shlwapi.dll
0x00007ffdf4360000 - 0x00007ffdf437f000 	C:\Windows\SYSTEM32\profapi.dll
0x00007ffdd2d40000 - 0x00007ffdd2d5a000 	D:\Software\Android Studio\jre\bin\net.dll
0x00007ffde4330000 - 0x00007ffde443c000 	C:\Windows\SYSTEM32\WINHTTP.dll
0x00007ffdf3bd0000 - 0x00007ffdf3c3a000 	C:\Windows\system32\mswsock.dll
0x00007ffdd2d20000 - 0x00007ffdd2d34000 	D:\Software\Android Studio\jre\bin\nio.dll
0x00007ffdd78a0000 - 0x00007ffdd78c7000 	C:\Users\michi\.gradle\native\8bec1ad78214c89d9ad589b4d07fe93259594b29d510b10fafb7a158f7737e5d\windows-amd64\native-platform.dll
0x00007ffdb9db0000 - 0x00007ffdb9eed000 	C:\Users\michi\.gradle\native\53dbd7edfb1c66fb8903c78663c9afc45aea4f116125fa6feffd364cf09443e8\windows-amd64\native-platform-file-events.dll
0x00007ffdef390000 - 0x00007ffdef39a000 	D:\Software\Android Studio\jre\bin\management.dll
0x00007ffde2d20000 - 0x00007ffde2d2c000 	D:\Software\Android Studio\jre\bin\management_ext.dll
0x00007ffdf3dc0000 - 0x00007ffdf3dd8000 	C:\Windows\SYSTEM32\CRYPTSP.dll
0x00007ffdf34e0000 - 0x00007ffdf3514000 	C:\Windows\system32\rsaenh.dll
0x00007ffdf4530000 - 0x00007ffdf4557000 	C:\Windows\System32\bcrypt.dll
0x00007ffdf42e0000 - 0x00007ffdf430e000 	C:\Windows\SYSTEM32\USERENV.dll
0x00007ffdf3de0000 - 0x00007ffdf3dec000 	C:\Windows\SYSTEM32\CRYPTBASE.dll
0x00007ffdf3870000 - 0x00007ffdf38ab000 	C:\Windows\SYSTEM32\IPHLPAPI.DLL
0x00007ffdf6cc0000 - 0x00007ffdf6cc8000 	C:\Windows\System32\NSI.dll
0x00007ffde4b40000 - 0x00007ffde4b57000 	C:\Windows\SYSTEM32\dhcpcsvc6.DLL
0x00007ffde4e70000 - 0x00007ffde4e8d000 	C:\Windows\SYSTEM32\dhcpcsvc.DLL
0x00007ffdf3910000 - 0x00007ffdf39db000 	C:\Windows\SYSTEM32\DNSAPI.dll

dbghelp: loaded successfully - version: 4.0.5 - missing functions: none
symbol engine: initialized successfully - sym options: 0x614 - pdb path: .;D:\Software\Android Studio\jre\bin;C:\Windows\SYSTEM32;C:\Windows\WinSxS\amd64_microsoft.windows.common-controls_6595b64144ccf1df_6.0.19041.1110_none_60b5254171f9507e;D:\Software\Android Studio\jre\bin\server;C:\Users\michi\.gradle\native\8bec1ad78214c89d9ad589b4d07fe93259594b29d510b10fafb7a158f7737e5d\windows-amd64;C:\Users\michi\.gradle\native\53dbd7edfb1c66fb8903c78663c9afc45aea4f116125fa6feffd364cf09443e8\windows-amd64

VM Arguments:
jvm_args: --add-opens=java.base/java.util=ALL-UNNAMED --add-opens=java.base/java.lang=ALL-UNNAMED --add-opens=java.base/java.lang.invoke=ALL-UNNAMED --add-opens=java.base/java.util=ALL-UNNAMED --add-opens=java.prefs/java.util.prefs=ALL-UNNAMED --add-opens=java.prefs/java.util.prefs=ALL-UNNAMED --add-opens=java.base/java.nio.charset=ALL-UNNAMED --add-opens=java.base/java.net=ALL-UNNAMED --add-opens=java.base/java.util.concurrent.atomic=ALL-UNNAMED -Xmx2048m -Dfile.encoding=UTF-8 -Duser.country=ID -Duser.language=en -Duser.variant 
java_command: org.gradle.launcher.daemon.bootstrap.GradleDaemon 7.0.2
java_class_path (initial): C:\Users\michi\.gradle\wrapper\dists\gradle-7.0.2-bin\857tjihv64xamwrf0h14cai3r\gradle-7.0.2\lib\gradle-launcher-7.0.2.jar
Launcher Type: SUN_STANDARD

[Global flags]
     intx CICompilerCount                          = 3                                         {product} {ergonomic}
     uint ConcGCThreads                            = 1                                         {product} {ergonomic}
     uint G1ConcRefinementThreads                  = 4                                         {product} {ergonomic}
   size_t G1HeapRegionSize                         = 1048576                                   {product} {ergonomic}
    uintx GCDrainStackTargetSize                   = 64                                        {product} {ergonomic}
   size_t InitialHeapSize                          = 67108864                                  {product} {ergonomic}
   size_t MarkStackSize                            = 4194304                                   {product} {ergonomic}
   size_t MaxHeapSize                              = 2147483648                                {product} {command line}
   size_t MaxNewSize                               = 1287651328                                {product} {ergonomic}
   size_t MinHeapDeltaBytes                        = 1048576                                   {product} {ergonomic}
    uintx NonNMethodCodeHeapSize                   = 5830732                                {pd product} {ergonomic}
    uintx NonProfiledCodeHeapSize                  = 122913754                              {pd product} {ergonomic}
    uintx ProfiledCodeHeapSize                     = 122913754                              {pd product} {ergonomic}
    uintx ReservedCodeCacheSize                    = 251658240                              {pd product} {ergonomic}
     bool SegmentedCodeCache                       = true                                      {product} {ergonomic}
     bool UseCompressedClassPointers               = true                                 {lp64_product} {ergonomic}
     bool UseCompressedOops                        = true                                 {lp64_product} {ergonomic}
     bool UseG1GC                                  = true                                      {product} {ergonomic}
     bool UseLargePagesIndividualAllocation        = false                                  {pd product} {ergonomic}

Logging:
Log output configuration:
 #0: stdout all=warning uptime,level,tags
 #1: stderr all=off uptime,level,tags

Environment Variables:
PATH=C:\Program Files (x86)\Common Files\Oracle\Java\javapath;C:\Program Files\Common Files\Oracle\Java\javapath;C:\Windows\system32;C:\Windows;C:\Windows\System32\Wbem;C:\Windows\System32\WindowsPowerShell\v1.0\;C:\Windows\System32\OpenSSH\;D:\Software\MinGW\bin;D:\Software\Git\cmd;D:\Software\Git\bin;C:\Users\michi\AppData\Local\Programs\Python\Python310\Scripts\;C:\Users\michi\AppData\Local\Programs\Python\Python310\;C:\Users\michi\AppData\Local\Programs\Python\Python310\Scripts\;C:\Users\michi\AppData\Local\Programs\Python\Python310\;C:\Users\michi\AppData\Local\Microsoft\WindowsApps;D:\Software\Microsoft VS Code\bin;D:\Software\MinGW\bin;D:\Software\Git\bin;D:\Software\Git\cmd;
USERNAME=michi
OS=Windows_NT
PROCESSOR_IDENTIFIER=Intel64 Family 6 Model 142 Stepping 9, GenuineIntel



---------------  S Y S T E M  ---------------

OS: Windows 10 , 64 bit Build 19041 (10.0.19041.1503)
OS uptime: 0 days 21:38 hours

CPU:total 4 (initial active 4) (2 cores per cpu, 2 threads per core) family 6 model 142 stepping 9 microcode 0xb4, cmov, cx8, fxsr, mmx, sse, sse2, sse3, ssse3, sse4.1, sse4.2, popcnt, avx, avx2, aes, clmul, erms, 3dnowpref, lzcnt, ht, tsc, tscinvbit, bmi1, bmi2, adx, fma

Memory: 4k page, system-wide physical 3981M (870M free)
TotalPageFile size 8077M (AvailPageFile size 4M)
current process WorkingSet (physical memory assigned to process): 437M, peak: 438M
current process commit charge ("private bytes"): 583M, peak: 630M

vm_info: OpenJDK 64-Bit Server VM (11.0.10+0-b96-7249189) for windows-amd64 JRE (11.0.10+0-b96-7249189), built on Mar 31 2021 21:44:00 by "builder" with MS VC++ 14.0 (VS2015)

END.
